Log file open, 02/22/19 15:01:13
LogWindows: Failed to load 'aqProf.dll' (GetLastError=126)
LogWindows: File 'aqProf.dll' does not exist
LogWindows: Failed to load 'VtuneApi.dll' (GetLastError=126)
LogWindows: File 'VtuneApi.dll' does not exist
LogWindows: Failed to load 'VtuneApi32e.dll' (GetLastError=126)
LogWindows: File 'VtuneApi32e.dll' does not exist
LogConsoleResponse: Display: Failed to find resolution value strings in scalability ini. Falling back to default.
LogInit: Display: Running engine for game: BuildingEscape
LogPakFile: Registered encryption key '00000000000000000000000000000000': 0 pak files mounted, 0 remain pending
LogPlatformFile: Not using cached read wrapper
LogTaskGraph: Started task graph with 5 named threads and 23 total threads with 3 sets of task threads.
LogStats: Stats thread started at 0.590664
LogD3D11RHI: Loaded GFSDK_Aftermath_Lib.x64.dll
LogICUInternationalization: ICU TimeZone Detection - Raw Offset: +0:00, Platform Override: ''
LogPluginManager: Mounting plugin Paper2D
LogPluginManager: Mounting plugin AISupport
LogPluginManager: Mounting plugin LightPropagationVolume
LogPluginManager: Mounting plugin ActorLayerUtilities
LogPluginManager: Mounting plugin CLionSourceCodeAccess
LogPluginManager: Mounting plugin CodeLiteSourceCodeAccess
LogPluginManager: Mounting plugin GitSourceControl
LogPluginManager: Mounting plugin KDevelopSourceCodeAccess
LogPluginManager: Mounting plugin NullSourceCodeAccess
LogPluginManager: Mounting plugin PerforceSourceControl
LogPluginManager: Mounting plugin SubversionSourceControl
LogPluginManager: Mounting plugin UObjectPlugin
LogPluginManager: Mounting plugin VisualStudioCodeSourceCodeAccess
LogPluginManager: Mounting plugin VisualStudioSourceCodeAccess
LogPluginManager: Mounting plugin XCodeSourceCodeAccess
LogPluginManager: Mounting plugin AssetManagerEditor
LogPluginManager: Mounting plugin CryptoKeys
LogPluginManager: Mounting plugin DataValidation
LogPluginManager: Mounting plugin FacialAnimation
LogPluginManager: Mounting plugin GameplayTagsEditor
LogPluginManager: Mounting plugin MacGraphicsSwitching
LogPluginManager: Mounting plugin MeshEditor
LogPluginManager: Mounting plugin MobileLauncherProfileWizard
LogPluginManager: Mounting plugin PluginBrowser
LogPluginManager: Mounting plugin SpeedTreeImporter
LogPluginManager: Mounting plugin DatasmithContent
LogPluginManager: Mounting plugin VariantManagerContent
LogPluginManager: Mounting plugin AlembicImporter
LogPluginManager: Mounting plugin AppleImageUtils
LogPluginManager: Mounting plugin AppleVision
LogPluginManager: Mounting plugin BackChannel
LogPluginManager: Mounting plugin CharacterAI
LogPluginManager: Mounting plugin GeometryCache
LogPluginManager: Mounting plugin HTML5Networking
LogPluginManager: Mounting plugin ProxyLODPlugin
LogPluginManager: Mounting plugin MagicLeap
LogPluginManager: Mounting plugin MagicLeapMedia
LogPluginManager: Mounting plugin AndroidMedia
LogPluginManager: Mounting plugin AvfMedia
LogPluginManager: Mounting plugin ImgMedia
LogPluginManager: Mounting plugin LinearTimecode
LogPluginManager: Mounting plugin MediaCompositing
LogPluginManager: Mounting plugin MediaPlayerEditor
LogPluginManager: Mounting plugin WebMMedia
LogPluginManager: Mounting plugin WmfMedia
LogPluginManager: Mounting plugin TcpMessaging
LogPluginManager: Mounting plugin UdpMessaging
LogPluginManager: Mounting plugin ActorSequence
LogPluginManager: Mounting plugin LevelSequenceEditor
LogPluginManager: Mounting plugin MatineeToLevelSequence
LogPluginManager: Mounting plugin NetcodeUnitTest
LogPluginManager: Mounting plugin NUTUnrealEngine4
LogPluginManager: Mounting plugin OnlineSubsystemGooglePlay
LogPluginManager: Mounting plugin OnlineSubsystemIOS
LogPluginManager: Mounting plugin OnlineSubsystem
LogPluginManager: Mounting plugin OnlineSubsystemNull
LogPluginManager: Mounting plugin OnlineSubsystemUtils
LogPluginManager: Mounting plugin LauncherChunkInstaller
LogPluginManager: Mounting plugin AndroidDeviceProfileSelector
LogPluginManager: Mounting plugin AndroidMoviePlayer
LogPluginManager: Mounting plugin AndroidPermission
LogPluginManager: Mounting plugin AppleMoviePlayer
LogPluginManager: Mounting plugin ArchVisCharacter
LogPluginManager: Mounting plugin AudioCapture
LogPluginManager: Mounting plugin CableComponent
LogPluginManager: Mounting plugin CustomMeshComponent
LogPluginManager: Mounting plugin EditableMesh
LogPluginManager: Mounting plugin ExampleDeviceProfileSelector
LogPluginManager: Mounting plugin Firebase
LogPluginManager: Mounting plugin GoogleCloudMessaging
LogPluginManager: Mounting plugin IOSDeviceProfileSelector
LogPluginManager: Mounting plugin LinuxDeviceProfileSelector
LogPluginManager: Mounting plugin LocationServicesBPLibrary
LogPluginManager: Mounting plugin MobilePatchingUtils
LogPluginManager: Mounting plugin OculusVR
LogPluginManager: Mounting plugin PhysXVehicles
LogPluginManager: Mounting plugin ProceduralMeshComponent
LogPluginManager: Mounting plugin RuntimePhysXCooking
LogPluginManager: Mounting plugin SteamVR
LogPluginManager: Mounting plugin WebMMoviePlayer
LogPluginManager: Mounting plugin WindowsMoviePlayer
LogStreaming: Display: Took  0.418s to configure plugins.
LogInit: Using libcurl 7.55.1-DEV
LogInit:  - built for x86_64-pc-win32
LogInit:  - supports SSL with OpenSSL/1.0.2h
LogInit:  - supports HTTP deflate (compression) using libz 1.2.8
LogInit:  - other features:
LogInit:      CURL_VERSION_SSL
LogInit:      CURL_VERSION_LIBZ
LogInit:      CURL_VERSION_IPV6
LogInit:      CURL_VERSION_ASYNCHDNS
LogInit:      CURL_VERSION_LARGEFILE
LogInit:      CURL_VERSION_IDN
LogInit:  CurlRequestOptions (configurable via config and command line):
LogInit:  - bVerifyPeer = true  - Libcurl will verify peer certificate
LogInit:  - bUseHttpProxy = false  - Libcurl will NOT use HTTP proxy
LogInit:  - bDontReuseConnections = false  - Libcurl will reuse connections
LogInit:  - MaxHostConnections = 16  - Libcurl will limit the number of connections to a host
LogInit:  - LocalHostAddr = Default
LogInit:  - BufferSize = 65536
LogInit: WinSock: version 1.1 (2.2), MaxSocks=32767, MaxUdp=65467
LogInit: Build: ++UE4+Release-4.21-CL-4753647
LogInit: Engine Version: 4.21.2-4753647+++UE4+Release-4.21
LogInit: Compatible Engine Version: 4.21.0-4541578+++UE4+Release-4.21
LogInit: Net CL: 4541578
LogInit: OS: Windows 10 (), CPU: AMD Ryzen 5 2500U with Radeon Vega Mobile Gfx  , GPU: AMD Radeon(TM) Vega 8 Graphics
LogInit: Compiled (64-bit): Jan 19 2019 02:07:31
LogInit: Compiled with Visual C++: 19.13.26129.00
LogInit: Build Configuration: Development
LogInit: Branch Name: ++UE4+Release-4.21
LogInit: Command Line: 
LogInit: Base Directory: D:/applications/unreal engine/UE_4.21/Engine/Binaries/Win64/
LogInit: Installed Engine Build: 1
LogDevObjectVersion: Number of dev versions registered: 22
LogDevObjectVersion:   Dev-Blueprints (B0D832E4-1F89-4F0D-ACCF-7EB736FD4AA2): 10
LogDevObjectVersion:   Dev-Build (E1C64328-A22C-4D53-A36C-8E866417BD8C): 0
LogDevObjectVersion:   Dev-Core (375EC13C-06E4-48FB-B500-84F0262A717E): 2
LogDevObjectVersion:   Dev-Editor (E4B068ED-F494-42E9-A231-DA0B2E46BB41): 26
LogDevObjectVersion:   Dev-Framework (CFFC743F-43B0-4480-9391-14DF171D2073): 34
LogDevObjectVersion:   Dev-Mobile (B02B49B5-BB20-44E9-A304-32B752E40360): 2
LogDevObjectVersion:   Dev-Networking (A4E4105C-59A1-49B5-A7C5-40C4547EDFEE): 0
LogDevObjectVersion:   Dev-Online (39C831C9-5AE6-47DC-9A44-9C173E1C8E7C): 0
LogDevObjectVersion:   Dev-Physics (78F01B33-EBEA-4F98-B9B4-84EACCB95AA2): 0
LogDevObjectVersion:   Dev-Platform (6631380F-2D4D-43E0-8009-CF276956A95A): 0
LogDevObjectVersion:   Dev-Rendering (12F88B9F-8875-4AFC-A67C-D90C383ABD29): 27
LogDevObjectVersion:   Dev-Sequencer (7B5AE74C-D270-4C10-A958-57980B212A5A): 9
LogDevObjectVersion:   Dev-VR (D7296918-1DD6-4BDD-9DE2-64A83CC13884): 2
LogDevObjectVersion:   Dev-LoadTimes (C2A15278-BFE7-4AFE-6C17-90FF531DF755): 1
LogDevObjectVersion:   Private-Geometry (6EACA3D4-40EC-4CC1-B786-8BED09428FC5): 3
LogDevObjectVersion:   Dev-AnimPhys (29E575DD-E0A3-4627-9D10-D276232CDCEA): 17
LogDevObjectVersion:   Dev-Anim (AF43A65D-7FD3-4947-9873-3E8ED9C1BB05): 2
LogDevObjectVersion:   Dev-ReflectionCapture (6B266CEC-1EC7-4B8F-A30B-E4D90942FC07): 1
LogDevObjectVersion:   Dev-Automation (0DF73D61-A23F-47EA-B727-89E90C41499A): 1
LogDevObjectVersion:   FortniteMain (601D1886-AC64-4F84-AA16-D3DE0DEAC7D6): 17
LogDevObjectVersion:   Dev-Enterprise (9DFFBCD6-494F-0158-E221-12823C92A888): 4
LogDevObjectVersion:   Dev-Niagara (F2AED0AC-9AFE-416F-8664-AA7FFA26D6FC): 1
LogStreaming: Display: Took  0.042s to delete old logs.
LogInit: Presizing for max 8388607 objects, including 0 objects not considered by GC, pre-allocating 0 bytes for permanent pool.
LogInit: Object subsystem initialized
LogConfig: Setting CVar [[con.DebugEarlyDefault:1]]
LogConfig: Setting CVar [[r.setres:1280x720]]
[2019.02.22-15.01.17:139][  0]LogConfig: Setting CVar [[r.VSync:0]]
[2019.02.22-15.01.17:139][  0]LogConfig: Setting CVar [[r.RHICmdBypass:0]]
[2019.02.22-15.01.17:139][  0]LogConfig: Applying CVar settings from Section [/Script/Engine.RendererSettings] File [D:/local code repos/unreal/unreal_udemy_course/03_building_escape/BuildingEscape/Saved/Config/Windows/Engine.ini]
[2019.02.22-15.01.17:139][  0]LogConfig: Setting CVar [[r.GPUCrashDebugging:0]]
[2019.02.22-15.01.17:139][  0]LogConfig: Applying CVar settings from Section [/Script/Engine.RendererOverrideSettings] File [D:/local code repos/unreal/unreal_udemy_course/03_building_escape/BuildingEscape/Saved/Config/Windows/Engine.ini]
[2019.02.22-15.01.17:139][  0]LogConfig: Applying CVar settings from Section [/Script/Engine.StreamingSettings] File [D:/local code repos/unreal/unreal_udemy_course/03_building_escape/BuildingEscape/Saved/Config/Windows/Engine.ini]
[2019.02.22-15.01.17:139][  0]LogConfig: Setting CVar [[s.MinBulkDataSizeForAsyncLoading:131072]]
[2019.02.22-15.01.17:139][  0]LogConfig: Setting CVar [[s.AsyncLoadingThreadEnabled:0]]
[2019.02.22-15.01.17:139][  0]LogConfig: Setting CVar [[s.EventDrivenLoaderEnabled:1]]
[2019.02.22-15.01.17:139][  0]LogConfig: Setting CVar [[s.WarnIfTimeLimitExceeded:0]]
[2019.02.22-15.01.17:139][  0]LogConfig: Setting CVar [[s.TimeLimitExceededMultiplier:1.5]]
[2019.02.22-15.01.17:139][  0]LogConfig: Setting CVar [[s.TimeLimitExceededMinTime:0.005]]
[2019.02.22-15.01.17:139][  0]LogConfig: Setting CVar [[s.UseBackgroundLevelStreaming:1]]
[2019.02.22-15.01.17:139][  0]LogConfig: Setting CVar [[s.PriorityAsyncLoadingExtraTime:15.0]]
[2019.02.22-15.01.17:139][  0]LogConfig: Setting CVar [[s.LevelStreamingActorsUpdateTimeLimit:5.0]]
[2019.02.22-15.01.17:139][  0]LogConfig: Setting CVar [[s.PriorityLevelStreamingActorsUpdateExtraTime:5.0]]
[2019.02.22-15.01.17:139][  0]LogConfig: Setting CVar [[s.LevelStreamingComponentsRegistrationGranularity:10]]
[2019.02.22-15.01.17:139][  0]LogConfig: Setting CVar [[s.UnregisterComponentsTimeLimit:1.0]]
[2019.02.22-15.01.17:139][  0]LogConfig: Setting CVar [[s.LevelStreamingComponentsUnregistrationGranularity:5]]
[2019.02.22-15.01.17:139][  0]LogConfig: Applying CVar settings from Section [/Script/Engine.GarbageCollectionSettings] File [D:/local code repos/unreal/unreal_udemy_course/03_building_escape/BuildingEscape/Saved/Config/Windows/Engine.ini]
[2019.02.22-15.01.17:139][  0]LogConfig: Setting CVar [[gc.MaxObjectsNotConsideredByGC:1]]
[2019.02.22-15.01.17:139][  0]LogConfig: Setting CVar [[gc.SizeOfPermanentObjectPool:0]]
[2019.02.22-15.01.17:139][  0]LogConfig: Setting CVar [[gc.FlushStreamingOnGC:0]]
[2019.02.22-15.01.17:139][  0]LogConfig: Setting CVar [[gc.NumRetriesBeforeForcingGC:10]]
[2019.02.22-15.01.17:139][  0]LogConfig: Setting CVar [[gc.AllowParallelGC:1]]
[2019.02.22-15.01.17:139][  0]LogConfig: Setting CVar [[gc.TimeBetweenPurgingPendingKillObjects:61.1]]
[2019.02.22-15.01.17:139][  0]LogConfig: Setting CVar [[gc.MaxObjectsInEditor:8388607]]
[2019.02.22-15.01.17:139][  0]LogConfig: Setting CVar [[gc.IncrementalBeginDestroyEnabled:1]]
[2019.02.22-15.01.17:139][  0]LogConfig: Setting CVar [[gc.CreateGCClusters:1]]
[2019.02.22-15.01.17:139][  0]LogConfig: Setting CVar [[gc.MergeGCClusters:0]]
[2019.02.22-15.01.17:139][  0]LogConfig: Setting CVar [[gc.MinGCClusterSize:5]]
[2019.02.22-15.01.17:139][  0]LogConfig: Setting CVar [[gc.ActorClusteringEnabled:0]]
[2019.02.22-15.01.17:139][  0]LogConfig: Setting CVar [[gc.BlueprintClusteringEnabled:0]]
[2019.02.22-15.01.17:139][  0]LogConfig: Setting CVar [[gc.UseDisregardForGCOnDedicatedServers:0]]
[2019.02.22-15.01.17:139][  0]LogConfig: Applying CVar settings from Section [/Script/Engine.NetworkSettings] File [D:/local code repos/unreal/unreal_udemy_course/03_building_escape/BuildingEscape/Saved/Config/Windows/Engine.ini]
[2019.02.22-15.01.17:139][  0]LogConfig: Applying CVar settings from Section [/Script/UnrealEd.CookerSettings] File [D:/local code repos/unreal/unreal_udemy_course/03_building_escape/BuildingEscape/Saved/Config/Windows/Engine.ini]
[2019.02.22-15.01.17:201][  0]LogConfig: Applying CVar settings from Section [ViewDistanceQuality@3] File [D:/local code repos/unreal/unreal_udemy_course/03_building_escape/BuildingEscape/Saved/Config/Windows/Scalability.ini]
[2019.02.22-15.01.17:201][  0]LogConfig: Setting CVar [[r.SkeletalMeshLODBias:0]]
[2019.02.22-15.01.17:201][  0]LogConfig: Setting CVar [[r.ViewDistanceScale:1.0]]
[2019.02.22-15.01.17:201][  0]LogConfig: Applying CVar settings from Section [AntiAliasingQuality@3] File [D:/local code repos/unreal/unreal_udemy_course/03_building_escape/BuildingEscape/Saved/Config/Windows/Scalability.ini]
[2019.02.22-15.01.17:201][  0]LogConfig: Setting CVar [[r.PostProcessAAQuality:4]]
[2019.02.22-15.01.17:201][  0]LogConfig: Applying CVar settings from Section [ShadowQuality@3] File [D:/local code repos/unreal/unreal_udemy_course/03_building_escape/BuildingEscape/Saved/Config/Windows/Scalability.ini]
[2019.02.22-15.01.17:201][  0]LogConfig: Setting CVar [[r.LightFunctionQuality:1]]
[2019.02.22-15.01.17:201][  0]LogConfig: Setting CVar [[r.ShadowQuality:5]]
[2019.02.22-15.01.17:201][  0]LogConfig: Setting CVar [[r.Shadow.CSM.MaxCascades:10]]
[2019.02.22-15.01.17:201][  0]LogConfig: Setting CVar [[r.Shadow.MaxResolution:2048]]
[2019.02.22-15.01.17:201][  0]LogConfig: Setting CVar [[r.Shadow.MaxCSMResolution:2048]]
[2019.02.22-15.01.17:201][  0]LogConfig: Setting CVar [[r.Shadow.RadiusThreshold:0.01]]
[2019.02.22-15.01.17:201][  0]LogConfig: Setting CVar [[r.Shadow.DistanceScale:1.0]]
[2019.02.22-15.01.17:201][  0]LogConfig: Setting CVar [[r.Shadow.CSM.TransitionScale:1.0]]
[2019.02.22-15.01.17:201][  0]LogConfig: Setting CVar [[r.Shadow.PreShadowResolutionFactor:1.0]]
[2019.02.22-15.01.17:201][  0]LogConfig: Setting CVar [[r.DistanceFieldShadowing:1]]
[2019.02.22-15.01.17:201][  0]LogConfig: Setting CVar [[r.DistanceFieldAO:1]]
[2019.02.22-15.01.17:201][  0]LogConfig: Setting CVar [[r.AOQuality:2]]
[2019.02.22-15.01.17:201][  0]LogConfig: Setting CVar [[r.VolumetricFog:1]]
[2019.02.22-15.01.17:201][  0]LogConfig: Setting CVar [[r.VolumetricFog.GridPixelSize:8]]
[2019.02.22-15.01.17:201][  0]LogConfig: Setting CVar [[r.VolumetricFog.GridSizeZ:128]]
[2019.02.22-15.01.17:201][  0]LogConfig: Setting CVar [[r.VolumetricFog.HistoryMissSupersampleCount:4]]
[2019.02.22-15.01.17:201][  0]LogConfig: Setting CVar [[r.LightMaxDrawDistanceScale:1]]
[2019.02.22-15.01.17:201][  0]LogConfig: Setting CVar [[r.CapsuleShadows:1]]
[2019.02.22-15.01.17:201][  0]LogConfig: Applying CVar settings from Section [PostProcessQuality@3] File [D:/local code repos/unreal/unreal_udemy_course/03_building_escape/BuildingEscape/Saved/Config/Windows/Scalability.ini]
[2019.02.22-15.01.17:201][  0]LogConfig: Setting CVar [[r.MotionBlurQuality:4]]
[2019.02.22-15.01.17:201][  0]LogConfig: Setting CVar [[r.AmbientOcclusionMipLevelFactor:0.4]]
[2019.02.22-15.01.17:201][  0]LogConfig: Setting CVar [[r.AmbientOcclusionMaxQuality:100]]
[2019.02.22-15.01.17:201][  0]LogConfig: Setting CVar [[r.AmbientOcclusionLevels:-1]]
[2019.02.22-15.01.17:201][  0]LogConfig: Setting CVar [[r.AmbientOcclusionRadiusScale:1.0]]
[2019.02.22-15.01.17:201][  0]LogConfig: Setting CVar [[r.DepthOfFieldQuality:2]]
[2019.02.22-15.01.17:201][  0]LogConfig: Setting CVar [[r.RenderTargetPoolMin:400]]
[2019.02.22-15.01.17:201][  0]LogConfig: Setting CVar [[r.LensFlareQuality:2]]
[2019.02.22-15.01.17:201][  0]LogConfig: Setting CVar [[r.SceneColorFringeQuality:1]]
[2019.02.22-15.01.17:201][  0]LogConfig: Setting CVar [[r.EyeAdaptationQuality:2]]
[2019.02.22-15.01.17:201][  0]LogConfig: Setting CVar [[r.BloomQuality:5]]
[2019.02.22-15.01.17:201][  0]LogConfig: Setting CVar [[r.FastBlurThreshold:100]]
[2019.02.22-15.01.17:201][  0]LogConfig: Setting CVar [[r.Upscale.Quality:3]]
[2019.02.22-15.01.17:201][  0]LogConfig: Setting CVar [[r.Tonemapper.GrainQuantization:1]]
[2019.02.22-15.01.17:201][  0]LogConfig: Setting CVar [[r.LightShaftQuality:1]]
[2019.02.22-15.01.17:201][  0]LogConfig: Setting CVar [[r.Filter.SizeScale:1]]
[2019.02.22-15.01.17:201][  0]LogConfig: Setting CVar [[r.Tonemapper.Quality:5]]
[2019.02.22-15.01.17:201][  0]LogConfig: Setting CVar [[r.DOF.Gather.AccumulatorQuality:1        ; higher gathering accumulator quality]]
[2019.02.22-15.01.17:201][  0]LogConfig: Setting CVar [[r.DOF.Gather.PostfilterMethod:1          ; Median3x3 postfilering method]]
[2019.02.22-15.01.17:201][  0]LogConfig: Setting CVar [[r.DOF.Gather.EnableBokehSettings:0       ; no bokeh simulation when gathering]]
[2019.02.22-15.01.17:201][  0]LogConfig: Setting CVar [[r.DOF.Gather.RingCount:4                 ; medium number of samples when gathering]]
[2019.02.22-15.01.17:201][  0]LogConfig: Setting CVar [[r.DOF.Scatter.ForegroundCompositing:1    ; additive foreground scattering]]
[2019.02.22-15.01.17:201][  0]LogConfig: Setting CVar [[r.DOF.Scatter.BackgroundCompositing:2    ; additive background scattering]]
[2019.02.22-15.01.17:201][  0]LogConfig: Setting CVar [[r.DOF.Scatter.EnableBokehSettings:1      ; bokeh simulation when scattering]]
[2019.02.22-15.01.17:201][  0]LogConfig: Setting CVar [[r.DOF.Scatter.MaxSpriteRatio:0.1         ; only a maximum of 10% of scattered bokeh]]
[2019.02.22-15.01.17:201][  0]LogConfig: Setting CVar [[r.DOF.Recombine.Quality:1                ; cheap slight out of focus]]
[2019.02.22-15.01.17:201][  0]LogConfig: Setting CVar [[r.DOF.Recombine.EnableBokehSettings:0    ; no bokeh simulation on slight out of focus]]
[2019.02.22-15.01.17:201][  0]LogConfig: Setting CVar [[r.DOF.TemporalAAQuality:1                ; more stable temporal accumulation]]
[2019.02.22-15.01.17:201][  0]LogConfig: Setting CVar [[r.DOF.Kernel.MaxForegroundRadius:0.025]]
[2019.02.22-15.01.17:201][  0]LogConfig: Setting CVar [[r.DOF.Kernel.MaxBackgroundRadius:0.025]]
[2019.02.22-15.01.17:201][  0]LogConfig: Applying CVar settings from Section [TextureQuality@3] File [D:/local code repos/unreal/unreal_udemy_course/03_building_escape/BuildingEscape/Saved/Config/Windows/Scalability.ini]
[2019.02.22-15.01.17:201][  0]LogConfig: Setting CVar [[r.Streaming.MipBias:0]]
[2019.02.22-15.01.17:201][  0]LogConfig: Setting CVar [[r.Streaming.AmortizeCPUToGPUCopy:0]]
[2019.02.22-15.01.17:201][  0]LogConfig: Setting CVar [[r.Streaming.MaxNumTexturesToStreamPerFrame:0]]
[2019.02.22-15.01.17:201][  0]LogConfig: Setting CVar [[r.Streaming.Boost:1]]
[2019.02.22-15.01.17:201][  0]LogConfig: Setting CVar [[r.MaxAnisotropy:8]]
[2019.02.22-15.01.17:201][  0]LogConfig: Setting CVar [[r.Streaming.LimitPoolSizeToVRAM:0]]
[2019.02.22-15.01.17:201][  0]LogConfig: Setting CVar [[r.Streaming.PoolSize:1000]]
[2019.02.22-15.01.17:201][  0]LogConfig: Setting CVar [[r.Streaming.MaxEffectiveScreenSize:0]]
[2019.02.22-15.01.17:201][  0]LogConfig: Applying CVar settings from Section [EffectsQuality@3] File [D:/local code repos/unreal/unreal_udemy_course/03_building_escape/BuildingEscape/Saved/Config/Windows/Scalability.ini]
[2019.02.22-15.01.17:201][  0]LogConfig: Setting CVar [[r.TranslucencyLightingVolumeDim:64]]
[2019.02.22-15.01.17:201][  0]LogConfig: Setting CVar [[r.RefractionQuality:2]]
[2019.02.22-15.01.17:201][  0]LogConfig: Setting CVar [[r.SSR.Quality:3]]
[2019.02.22-15.01.17:201][  0]LogConfig: Setting CVar [[r.SceneColorFormat:4]]
[2019.02.22-15.01.17:201][  0]LogConfig: Setting CVar [[r.DetailMode:2]]
[2019.02.22-15.01.17:201][  0]LogConfig: Setting CVar [[r.TranslucencyVolumeBlur:1]]
[2019.02.22-15.01.17:201][  0]LogConfig: Setting CVar [[r.MaterialQualityLevel:1 ; High quality]]
[2019.02.22-15.01.17:201][  0]LogConfig: Setting CVar [[r.SSS.Scale:1]]
[2019.02.22-15.01.17:201][  0]LogConfig: Setting CVar [[r.SSS.SampleSet:2]]
[2019.02.22-15.01.17:201][  0]LogConfig: Setting CVar [[r.SSS.Quality:1]]
[2019.02.22-15.01.17:201][  0]LogConfig: Setting CVar [[r.SSS.HalfRes:1]]
[2019.02.22-15.01.17:201][  0]LogConfig: Setting CVar [[r.EmitterSpawnRateScale:1.0]]
[2019.02.22-15.01.17:201][  0]LogConfig: Setting CVar [[r.ParticleLightQuality:2]]
[2019.02.22-15.01.17:201][  0]LogConfig: Applying CVar settings from Section [FoliageQuality@3] File [D:/local code repos/unreal/unreal_udemy_course/03_building_escape/BuildingEscape/Saved/Config/Windows/Scalability.ini]
[2019.02.22-15.01.17:201][  0]LogConfig: Setting CVar [[foliage.DensityScale:1.0]]
[2019.02.22-15.01.17:201][  0]LogConfig: Setting CVar [[grass.DensityScale:1.0]]
[2019.02.22-15.01.17:201][  0]LogInit: Selected Device Profile: [Windows]
[2019.02.22-15.01.17:201][  0]LogInit: Applying CVar settings loaded from the selected device profile: [Windows]
[2019.02.22-15.01.17:311][  0]LogHAL: Display: Platform has ~ 6 GB [6396116992 / 8589934592 / 6], which maps to Smaller [LargestMinGB=32, LargerMinGB=12, DefaultMinGB=8, SmallerMinGB=6, SmallestMinGB=0)
[2019.02.22-15.01.17:326][  0]LogConfig: Setting CVar [[r.Vulkan.UseRealUBs:1]]
[2019.02.22-15.01.17:326][  0]LogInit: Going up to parent DeviceProfile []
[2019.02.22-15.01.17:326][  0]LogConfig: Applying CVar settings from Section [ViewDistanceQuality@3] File [D:/local code repos/unreal/unreal_udemy_course/03_building_escape/BuildingEscape/Saved/Config/Windows/Scalability.ini]
[2019.02.22-15.01.17:326][  0]LogConfig: Setting CVar [[r.SkeletalMeshLODBias:0]]
[2019.02.22-15.01.17:326][  0]LogConfig: Setting CVar [[r.ViewDistanceScale:1.0]]
[2019.02.22-15.01.17:326][  0]LogConfig: Applying CVar settings from Section [AntiAliasingQuality@3] File [D:/local code repos/unreal/unreal_udemy_course/03_building_escape/BuildingEscape/Saved/Config/Windows/Scalability.ini]
[2019.02.22-15.01.17:326][  0]LogConfig: Setting CVar [[r.PostProcessAAQuality:4]]
[2019.02.22-15.01.17:342][  0]LogConfig: Applying CVar settings from Section [ShadowQuality@3] File [D:/local code repos/unreal/unreal_udemy_course/03_building_escape/BuildingEscape/Saved/Config/Windows/Scalability.ini]
[2019.02.22-15.01.17:342][  0]LogConfig: Setting CVar [[r.LightFunctionQuality:1]]
[2019.02.22-15.01.17:342][  0]LogConfig: Setting CVar [[r.ShadowQuality:5]]
[2019.02.22-15.01.17:342][  0]LogConfig: Setting CVar [[r.Shadow.CSM.MaxCascades:10]]
[2019.02.22-15.01.17:342][  0]LogConfig: Setting CVar [[r.Shadow.MaxResolution:2048]]
[2019.02.22-15.01.17:342][  0]LogConfig: Setting CVar [[r.Shadow.MaxCSMResolution:2048]]
[2019.02.22-15.01.17:342][  0]LogConfig: Setting CVar [[r.Shadow.RadiusThreshold:0.01]]
[2019.02.22-15.01.17:342][  0]LogConfig: Setting CVar [[r.Shadow.DistanceScale:1.0]]
[2019.02.22-15.01.17:342][  0]LogConfig: Setting CVar [[r.Shadow.CSM.TransitionScale:1.0]]
[2019.02.22-15.01.17:342][  0]LogConfig: Setting CVar [[r.Shadow.PreShadowResolutionFactor:1.0]]
[2019.02.22-15.01.17:342][  0]LogConfig: Setting CVar [[r.DistanceFieldShadowing:1]]
[2019.02.22-15.01.17:342][  0]LogConfig: Setting CVar [[r.DistanceFieldAO:1]]
[2019.02.22-15.01.17:342][  0]LogConfig: Setting CVar [[r.AOQuality:2]]
[2019.02.22-15.01.17:342][  0]LogConfig: Setting CVar [[r.VolumetricFog:1]]
[2019.02.22-15.01.17:342][  0]LogConfig: Setting CVar [[r.VolumetricFog.GridPixelSize:8]]
[2019.02.22-15.01.17:342][  0]LogConfig: Setting CVar [[r.VolumetricFog.GridSizeZ:128]]
[2019.02.22-15.01.17:342][  0]LogConfig: Setting CVar [[r.VolumetricFog.HistoryMissSupersampleCount:4]]
[2019.02.22-15.01.17:342][  0]LogConfig: Setting CVar [[r.LightMaxDrawDistanceScale:1]]
[2019.02.22-15.01.17:342][  0]LogConfig: Setting CVar [[r.CapsuleShadows:1]]
[2019.02.22-15.01.17:342][  0]LogConfig: Applying CVar settings from Section [PostProcessQuality@3] File [D:/local code repos/unreal/unreal_udemy_course/03_building_escape/BuildingEscape/Saved/Config/Windows/Scalability.ini]
[2019.02.22-15.01.17:342][  0]LogConfig: Setting CVar [[r.MotionBlurQuality:4]]
[2019.02.22-15.01.17:342][  0]LogConfig: Setting CVar [[r.AmbientOcclusionMipLevelFactor:0.4]]
[2019.02.22-15.01.17:342][  0]LogConfig: Setting CVar [[r.AmbientOcclusionMaxQuality:100]]
[2019.02.22-15.01.17:342][  0]LogConfig: Setting CVar [[r.AmbientOcclusionLevels:-1]]
[2019.02.22-15.01.17:342][  0]LogConfig: Setting CVar [[r.AmbientOcclusionRadiusScale:1.0]]
[2019.02.22-15.01.17:342][  0]LogConfig: Setting CVar [[r.DepthOfFieldQuality:2]]
[2019.02.22-15.01.17:342][  0]LogConfig: Setting CVar [[r.RenderTargetPoolMin:400]]
[2019.02.22-15.01.17:342][  0]LogConfig: Setting CVar [[r.LensFlareQuality:2]]
[2019.02.22-15.01.17:342][  0]LogConfig: Setting CVar [[r.SceneColorFringeQuality:1]]
[2019.02.22-15.01.17:342][  0]LogConfig: Setting CVar [[r.EyeAdaptationQuality:2]]
[2019.02.22-15.01.17:342][  0]LogConfig: Setting CVar [[r.BloomQuality:5]]
[2019.02.22-15.01.17:342][  0]LogConfig: Setting CVar [[r.FastBlurThreshold:100]]
[2019.02.22-15.01.17:342][  0]LogConfig: Setting CVar [[r.Upscale.Quality:3]]
[2019.02.22-15.01.17:342][  0]LogConfig: Setting CVar [[r.Tonemapper.GrainQuantization:1]]
[2019.02.22-15.01.17:342][  0]LogConfig: Setting CVar [[r.LightShaftQuality:1]]
[2019.02.22-15.01.17:342][  0]LogConfig: Setting CVar [[r.Filter.SizeScale:1]]
[2019.02.22-15.01.17:342][  0]LogConfig: Setting CVar [[r.Tonemapper.Quality:5]]
[2019.02.22-15.01.17:342][  0]LogConfig: Setting CVar [[r.DOF.Gather.AccumulatorQuality:1        ; higher gathering accumulator quality]]
[2019.02.22-15.01.17:342][  0]LogConfig: Setting CVar [[r.DOF.Gather.PostfilterMethod:1          ; Median3x3 postfilering method]]
[2019.02.22-15.01.17:342][  0]LogConfig: Setting CVar [[r.DOF.Gather.EnableBokehSettings:0       ; no bokeh simulation when gathering]]
[2019.02.22-15.01.17:342][  0]LogConfig: Setting CVar [[r.DOF.Gather.RingCount:4                 ; medium number of samples when gathering]]
[2019.02.22-15.01.17:342][  0]LogConfig: Setting CVar [[r.DOF.Scatter.ForegroundCompositing:1    ; additive foreground scattering]]
[2019.02.22-15.01.17:342][  0]LogConfig: Setting CVar [[r.DOF.Scatter.BackgroundCompositing:2    ; additive background scattering]]
[2019.02.22-15.01.17:342][  0]LogConfig: Setting CVar [[r.DOF.Scatter.EnableBokehSettings:1      ; bokeh simulation when scattering]]
[2019.02.22-15.01.17:342][  0]LogConfig: Setting CVar [[r.DOF.Scatter.MaxSpriteRatio:0.1         ; only a maximum of 10% of scattered bokeh]]
[2019.02.22-15.01.17:342][  0]LogConfig: Setting CVar [[r.DOF.Recombine.Quality:1                ; cheap slight out of focus]]
[2019.02.22-15.01.17:342][  0]LogConfig: Setting CVar [[r.DOF.Recombine.EnableBokehSettings:0    ; no bokeh simulation on slight out of focus]]
[2019.02.22-15.01.17:342][  0]LogConfig: Setting CVar [[r.DOF.TemporalAAQuality:1                ; more stable temporal accumulation]]
[2019.02.22-15.01.17:342][  0]LogConfig: Setting CVar [[r.DOF.Kernel.MaxForegroundRadius:0.025]]
[2019.02.22-15.01.17:342][  0]LogConfig: Setting CVar [[r.DOF.Kernel.MaxBackgroundRadius:0.025]]
[2019.02.22-15.01.17:342][  0]LogConfig: Applying CVar settings from Section [TextureQuality@3] File [D:/local code repos/unreal/unreal_udemy_course/03_building_escape/BuildingEscape/Saved/Config/Windows/Scalability.ini]
[2019.02.22-15.01.17:342][  0]LogConfig: Setting CVar [[r.Streaming.MipBias:0]]
[2019.02.22-15.01.17:342][  0]LogConfig: Setting CVar [[r.Streaming.AmortizeCPUToGPUCopy:0]]
[2019.02.22-15.01.17:342][  0]LogConfig: Setting CVar [[r.Streaming.MaxNumTexturesToStreamPerFrame:0]]
[2019.02.22-15.01.17:342][  0]LogConfig: Setting CVar [[r.Streaming.Boost:1]]
[2019.02.22-15.01.17:342][  0]LogConfig: Setting CVar [[r.MaxAnisotropy:8]]
[2019.02.22-15.01.17:342][  0]LogConfig: Setting CVar [[r.Streaming.LimitPoolSizeToVRAM:0]]
[2019.02.22-15.01.17:342][  0]LogConfig: Setting CVar [[r.Streaming.PoolSize:1000]]
[2019.02.22-15.01.17:342][  0]LogConfig: Setting CVar [[r.Streaming.MaxEffectiveScreenSize:0]]
[2019.02.22-15.01.17:342][  0]LogConfig: Applying CVar settings from Section [EffectsQuality@3] File [D:/local code repos/unreal/unreal_udemy_course/03_building_escape/BuildingEscape/Saved/Config/Windows/Scalability.ini]
[2019.02.22-15.01.17:342][  0]LogConfig: Setting CVar [[r.TranslucencyLightingVolumeDim:64]]
[2019.02.22-15.01.17:342][  0]LogConfig: Setting CVar [[r.RefractionQuality:2]]
[2019.02.22-15.01.17:342][  0]LogConfig: Setting CVar [[r.SSR.Quality:3]]
[2019.02.22-15.01.17:342][  0]LogConfig: Setting CVar [[r.SceneColorFormat:4]]
[2019.02.22-15.01.17:342][  0]LogConfig: Setting CVar [[r.DetailMode:2]]
[2019.02.22-15.01.17:342][  0]LogConfig: Setting CVar [[r.TranslucencyVolumeBlur:1]]
[2019.02.22-15.01.17:342][  0]LogConfig: Setting CVar [[r.MaterialQualityLevel:1 ; High quality]]
[2019.02.22-15.01.17:342][  0]LogConfig: Setting CVar [[r.SSS.Scale:1]]
[2019.02.22-15.01.17:342][  0]LogConfig: Setting CVar [[r.SSS.SampleSet:2]]
[2019.02.22-15.01.17:342][  0]LogConfig: Setting CVar [[r.SSS.Quality:1]]
[2019.02.22-15.01.17:342][  0]LogConfig: Setting CVar [[r.SSS.HalfRes:1]]
[2019.02.22-15.01.17:342][  0]LogConfig: Setting CVar [[r.EmitterSpawnRateScale:1.0]]
[2019.02.22-15.01.17:342][  0]LogConfig: Setting CVar [[r.ParticleLightQuality:2]]
[2019.02.22-15.01.17:342][  0]LogConfig: Applying CVar settings from Section [FoliageQuality@3] File [D:/local code repos/unreal/unreal_udemy_course/03_building_escape/BuildingEscape/Saved/Config/Windows/Scalability.ini]
[2019.02.22-15.01.17:342][  0]LogConfig: Setting CVar [[foliage.DensityScale:1.0]]
[2019.02.22-15.01.17:342][  0]LogConfig: Setting CVar [[grass.DensityScale:1.0]]
[2019.02.22-15.01.17:342][  0]LogConfig: Applying CVar settings from Section [Startup] File [../../../Engine/Config/ConsoleVariables.ini]
[2019.02.22-15.01.17:357][  0]LogConfig: Setting CVar [[net.UseAdaptiveNetUpdateFrequency:0]]
[2019.02.22-15.01.17:357][  0]LogConfig: Applying CVar settings from Section [ConsoleVariables] File [D:/local code repos/unreal/unreal_udemy_course/03_building_escape/BuildingEscape/Saved/Config/Windows/Engine.ini]
[2019.02.22-15.01.17:379][  0]LogInit: Computer: DESKTOP-R8IGI29
[2019.02.22-15.01.17:379][  0]LogInit: User: abruc
[2019.02.22-15.01.17:379][  0]LogInit: CPU Page size=4096, Cores=4
[2019.02.22-15.01.17:379][  0]LogInit: High frequency timer resolution =10.000000 MHz
[2019.02.22-15.01.17:379][  0]LogMemory: Memory total: Physical=6.0GB (6GB approx)
[2019.02.22-15.01.17:379][  0]LogMemory: Platform Memory Stats for Windows
[2019.02.22-15.01.17:379][  0]LogMemory: Process Physical Memory: 102.32 MB used, 102.32 MB peak
[2019.02.22-15.01.17:379][  0]LogMemory: Process Virtual Memory: 91.38 MB used, 91.38 MB peak
[2019.02.22-15.01.17:379][  0]LogMemory: Physical Memory: 3223.00 MB used,  2876.82 MB free, 6099.81 MB total
[2019.02.22-15.01.17:379][  0]LogMemory: Virtual Memory: 4648.34 MB used,  134213080.00 MB free, 134217728.00 MB total
[2019.02.22-15.01.18:205][  0]LogInit: Using OS detected language (en-GB).
[2019.02.22-15.01.18:205][  0]LogInit: Using OS detected locale (en-GB).
[2019.02.22-15.01.18:267][  0]LogTextLocalizationManager: No specific localization for 'en-GB' exists, so the 'en' localization will be used.
[2019.02.22-15.01.19:863][  0]LogStreaming: Display: Took  1.526s to InitEngineTextLocalization.
[2019.02.22-15.01.19:985][  0]LogInit: Setting process to per monitor DPI aware
[2019.02.22-15.01.20:959][  0]LogSlate: New Slate User Created.  User Index 0, Is Virtual User: 0
[2019.02.22-15.01.20:959][  0]LogSlate: Slate User Registered.  User Index 0, Is Virtual User: 0
[2019.02.22-15.01.28:728][  0]LogHMD: Failed to initialize OpenVR with code 110
[2019.02.22-15.01.28:728][  0]LogD3D11RHI: D3D11 adapters:
[2019.02.22-15.01.28:807][  0]LogD3D11RHI:    0. 'AMD Radeon(TM) Vega 8 Graphics' (Feature Level 11_0)
[2019.02.22-15.01.28:807][  0]LogD3D11RHI:       2033/0/3049 MB DedicatedVideo/DedicatedSystem/SharedSystem, Outputs:1, VendorId:0x1002
[2019.02.22-15.01.28:815][  0]LogD3D11RHI:    1. 'Microsoft Basic Render Driver' (Feature Level 11_0)
[2019.02.22-15.01.28:816][  0]LogD3D11RHI:       0/0/3049 MB DedicatedVideo/DedicatedSystem/SharedSystem, Outputs:0, VendorId:0x1414
[2019.02.22-15.01.28:816][  0]LogD3D11RHI: Chosen D3D11 Adapter: 0
[2019.02.22-15.01.28:831][  0]LogD3D11RHI: Creating new Direct3DDevice
[2019.02.22-15.01.28:831][  0]LogD3D11RHI:     GPU DeviceId: 0x15dd (for the marketing name, search the web for "GPU Device Id")
[2019.02.22-15.01.28:831][  0]LogWindows: EnumDisplayDevices:
[2019.02.22-15.01.28:832][  0]LogWindows:    0. 'AMD Radeon(TM) Vega 8 Graphics' (P:1 D:1)
[2019.02.22-15.01.28:832][  0]LogWindows:    1. 'AMD Radeon(TM) Vega 8 Graphics' (P:0 D:0)
[2019.02.22-15.01.28:832][  0]LogWindows:    2. 'AMD Radeon(TM) Vega 8 Graphics' (P:0 D:0)
[2019.02.22-15.01.28:833][  0]LogWindows:    3. 'AMD Radeon(TM) Vega 8 Graphics' (P:0 D:0)
[2019.02.22-15.01.28:833][  0]LogWindows: DebugString: FoundDriverCount:4 
[2019.02.22-15.01.28:833][  0]LogD3D11RHI:     Adapter Name: AMD Radeon(TM) Vega 8 Graphics
[2019.02.22-15.01.28:833][  0]LogD3D11RHI:   Driver Version: Crimson ReLive 17.7 (internal:23.20.821.2560, unified:23.20.821.2560)
[2019.02.22-15.01.28:833][  0]LogD3D11RHI:      Driver Date: 7-26-2018
[2019.02.22-15.01.28:834][  0]LogRHI: Texture pool is 1423 MB (70% of 2033 MB)
[2019.02.22-15.01.28:981][  0]LogD3D11RHI: Async texture creation enabled
[2019.02.22-15.01.29:313][  0]LogD3D11RHI: GPU Timing Frequency: 25.000000 (Debug: 2 1)
[2019.02.22-15.01.33:505][  0]LogTemp: Display: Loaded TP AllDesktopTargetPlatform
[2019.02.22-15.01.33:587][  0]LogTemp: Display: Loaded TP MacClientTargetPlatform
[2019.02.22-15.01.33:639][  0]LogTemp: Display: Loaded TP MacNoEditorTargetPlatform
[2019.02.22-15.01.33:686][  0]LogTemp: Display: Loaded TP MacServerTargetPlatform
[2019.02.22-15.01.33:757][  0]LogTemp: Display: Loaded TP MacTargetPlatform
[2019.02.22-15.01.33:852][  0]LogTemp: Display: Loaded TP WindowsClientTargetPlatform
[2019.02.22-15.01.33:909][  0]LogTemp: Display: Loaded TP WindowsNoEditorTargetPlatform
[2019.02.22-15.01.33:971][  0]LogTemp: Display: Loaded TP WindowsServerTargetPlatform
[2019.02.22-15.01.34:018][  0]LogTemp: Display: Loaded TP WindowsTargetPlatform
[2019.02.22-15.01.34:246][  0]LogTemp: Display: Loaded TP AndroidTargetPlatform
[2019.02.22-15.01.34:246][  0]LogTemp: Display: Loaded TP AndroidTargetPlatform
[2019.02.22-15.01.34:246][  0]LogTemp: Display: Loaded TP AndroidTargetPlatform
[2019.02.22-15.01.34:246][  0]LogTemp: Display: Loaded TP AndroidTargetPlatform
[2019.02.22-15.01.34:247][  0]LogTemp: Display: Loaded TP AndroidTargetPlatform
[2019.02.22-15.01.34:247][  0]LogTemp: Display: Loaded TP AndroidTargetPlatform
[2019.02.22-15.01.34:247][  0]LogTemp: Display: Loaded TP AndroidTargetPlatform
[2019.02.22-15.01.34:247][  0]LogTemp: Display: Loaded TP AndroidTargetPlatform
[2019.02.22-15.01.34:247][  0]LogTemp: Display: Loaded TP AndroidTargetPlatform
[2019.02.22-15.01.34:247][  0]LogTemp: Display: Loaded TP AndroidTargetPlatform
[2019.02.22-15.01.34:247][  0]LogTemp: Display: Loaded TP AndroidTargetPlatform
[2019.02.22-15.01.34:247][  0]LogTemp: Display: Loaded TP AndroidTargetPlatform
[2019.02.22-15.01.34:247][  0]LogTemp: Display: Loaded TP AndroidTargetPlatform
[2019.02.22-15.01.34:247][  0]LogTemp: Display: Loaded TP AndroidTargetPlatform
[2019.02.22-15.01.34:247][  0]LogTemp: Display: Loaded TP AndroidTargetPlatform
[2019.02.22-15.01.34:247][  0]LogTemp: Display: Loaded TP AndroidTargetPlatform
[2019.02.22-15.01.34:247][  0]LogTemp: Display: Loaded TP AndroidTargetPlatform
[2019.02.22-15.01.34:247][  0]LogTemp: Display: Loaded TP AndroidTargetPlatform
[2019.02.22-15.01.34:304][  0]LogTemp: Display: Loaded TP HTML5TargetPlatform
[2019.02.22-15.01.34:546][  0]LogTemp: Display: Loaded TP IOSTargetPlatform
[2019.02.22-15.01.34:546][  0]LogTemp: Display: Loaded TP IOSTargetPlatform
[2019.02.22-15.01.34:623][  0]LogTemp: Display: Loaded TP TVOSTargetPlatform
[2019.02.22-15.01.34:623][  0]LogTemp: Display: Loaded TP TVOSTargetPlatform
[2019.02.22-15.01.34:688][  0]LogTemp: Display: Loaded TP LinuxClientTargetPlatform
[2019.02.22-15.01.34:754][  0]LogTemp: Display: Loaded TP LinuxNoEditorTargetPlatform
[2019.02.22-15.01.34:815][  0]LogTemp: Display: Loaded TP LinuxServerTargetPlatform
[2019.02.22-15.01.34:889][  0]LogTemp: Display: Loaded TP LinuxTargetPlatform
[2019.02.22-15.01.35:049][  0]LogTemp: Display: Loaded TP LuminTargetPlatform
[2019.02.22-15.01.35:049][  0]LogTemp: Display: Loaded TP LuminTargetPlatform
[2019.02.22-15.01.35:049][  0]LogTargetPlatformManager: Display: Building Assets For Windows
[2019.02.22-15.01.36:357][  0]LogShaderCompilers: Guid format shader working directory is -50 characters bigger than the processId version (../../../../../../local code repos/unreal/unreal_udemy_course/03_building_escape/BuildingEscape/Intermediate/Shaders/WorkingDirectory/10424/).
[2019.02.22-15.01.36:357][  0]LogShaderCompilers: Cleaned the shader compiler working directory 'C:/Users/abruc/AppData/Local/Temp/UnrealShaderWorkingDir/F9D0FF2740DA82A3C078FC8813046E9D/'.
[2019.02.22-15.01.36:381][  0]LogXGEController: Cleaning working directory: C:/Users/abruc/AppData/Local/Temp/UnrealXGEWorkingDir/
[2019.02.22-15.01.36:382][  0]LogXGEController: Cannot use XGE Controller as Incredibuild is not installed on this machine.
[2019.02.22-15.01.36:383][  0]LogShaderCompilers: Cannot use XGE Shader Compiler as Incredibuild is not installed on this machine.
[2019.02.22-15.01.36:383][  0]LogShaderCompilers: Display: Using Local Shader Compiler.
[2019.02.22-15.01.41:891][  0]LogDerivedDataCache: Display: Max Cache Size: 512 MB
[2019.02.22-15.01.42:461][  0]LogDerivedDataCache: Loaded boot cache 0.57s 71MB C:/Users/abruc/AppData/Local/UnrealEngine/4.21/DerivedDataCache/Boot.ddc.
[2019.02.22-15.01.42:462][  0]LogDerivedDataCache: Display: Loaded Boot cache: C:/Users/abruc/AppData/Local/UnrealEngine/4.21/DerivedDataCache/Boot.ddc
[2019.02.22-15.01.42:462][  0]LogDerivedDataCache: FDerivedDataBackendGraph:  Pak pak cache file ../../../../../../local code repos/unreal/unreal_udemy_course/03_building_escape/BuildingEscape/DerivedDataCache/DDC.ddp not found, will not use a pak cache.
[2019.02.22-15.01.42:462][  0]LogDerivedDataCache: Unable to find inner node Pak for hierarchical cache Hierarchy.
[2019.02.22-15.01.42:462][  0]LogDerivedDataCache: FDerivedDataBackendGraph:  CompressedPak pak cache file ../../../../../../local code repos/unreal/unreal_udemy_course/03_building_escape/BuildingEscape/DerivedDataCache/Compressed.ddp not found, will not use a pak cache.
[2019.02.22-15.01.42:462][  0]LogDerivedDataCache: Unable to find inner node CompressedPak for hierarchical cache Hierarchy.
[2019.02.22-15.01.42:998][  0]LogDerivedDataCache: Display: Pak cache opened for reading ../../../Engine/DerivedDataCache/Compressed.ddp.
[2019.02.22-15.01.42:998][  0]LogDerivedDataCache: FDerivedDataBackendGraph:  EnterprisePak pak cache file ../../../Enterprise/DerivedDataCache/Compressed.ddp not found, will not use a pak cache.
[2019.02.22-15.01.42:998][  0]LogDerivedDataCache: Unable to find inner node EnterprisePak for hierarchical cache Hierarchy.
[2019.02.22-15.01.43:016][  0]LogDerivedDataCache: Using Local data cache path C:/Users/abruc/AppData/Local/UnrealEngine/Common/DerivedDataCache: Writable
[2019.02.22-15.01.43:016][  0]LogDerivedDataCache: Shared data cache path not found in *engine.ini, will not use an Shared cache.
[2019.02.22-15.01.43:016][  0]LogDerivedDataCache: Unable to find inner node Shared for hierarchical cache Hierarchy.
[2019.02.22-15.01.43:107][  0]LogMaterial: Verifying Global Shaders for PCD3D_SM5
[2019.02.22-15.01.43:191][  0]LogSlate: Using FreeType 2.6.0
[2019.02.22-15.01.43:318][  0]LogSlate: SlateFontServices - WITH_FREETYPE: 1, WITH_HARFBUZZ: 1
[2019.02.22-15.01.45:343][  0]LogAssetRegistry: FAssetRegistry took 0.0732 seconds to start up
[2019.02.22-15.01.49:752][  0]LogInit: Selected Device Profile: [Windows]
[2019.02.22-15.01.51:488][  0]LogSimplygon: Simplygon DLL not present - disabling.
[2019.02.22-15.01.51:731][  0]LogMeshReduction: Using SimplygonSwarm for distributed automatic mesh merging
[2019.02.22-15.01.51:732][  0]LogMeshReduction: Using ProxyLODMeshReduction for automatic mesh merging
[2019.02.22-15.01.51:733][  0]LogMeshReduction: Using QuadricMeshReduction for automatic static mesh reduction
[2019.02.22-15.01.51:733][  0]LogMeshReduction: No automatic skeletal mesh reduction module available
[2019.02.22-15.01.52:159][  0]LogNetVersion: BuildingEscape 1.0.0, NetCL: 4541578, EngineNetVer: 5, GameNetVer: 0 (Checksum: 3852057107)
[2019.02.22-15.01.57:725][  0]LogPackageLocalizationCache: Processed 11 localized package path(s) for 2 prioritized culture(s) in 0.424996 seconds
[2019.02.22-15.01.57:770][  0]LogUObjectArray: 39775 objects as part of root set at end of initial load.
[2019.02.22-15.01.57:770][  0]LogUObjectAllocator: 6914664 out of 0 bytes used by permanent object pool.
[2019.02.22-15.01.57:770][  0]LogUObjectArray: CloseDisregardForGC: 0/0 objects in disregard for GC pool
[2019.02.22-15.02.13:132][  0]LogTcpMessaging: Initializing TcpMessaging bridge
[2019.02.22-15.02.13:207][  0]LogUdpMessaging: Initializing bridge on interface 0.0.0.0:0 to multicast group 230.0.0.1:6666.
[2019.02.22-15.02.16:599][  0]SourceControl: Source control is disabled
[2019.02.22-15.02.16:609][  0]SourceControl: Source control is disabled
[2019.02.22-15.02.16:749][  0]SourceControl: Source control is disabled
[2019.02.22-15.02.16:810][  0]SourceControl: Source control is disabled
[2019.02.22-15.02.19:175][  0]LogAndroidPermission: UAndroidPermissionCallbackProxy::GetInstance
[2019.02.22-15.02.19:732][  0]LogOcInput: OculusInput pre-init called
[2019.02.22-15.02.21:451][  0]LogEngine: Initializing Engine...
[2019.02.22-15.02.21:485][  0]LogHMD: Failed to initialize OpenVR with code 110
[2019.02.22-15.02.21:507][  0]LogStats: UGameplayTagsManager::ConstructGameplayTagTree: ImportINI prefixes -  0.000 s
[2019.02.22-15.02.21:507][  0]LogStats: UGameplayTagsManager::ConstructGameplayTagTree: Construct from data asset -  0.000 s
[2019.02.22-15.02.21:508][  0]LogStats: UGameplayTagsManager::ConstructGameplayTagTree: ImportINI -  0.001 s
[2019.02.22-15.02.21:508][  0]LogStats: UGameplayTagsManager::ConstructGameplayTagTree: GameplayTagTreeChangedEvent.Broadcast -  0.000 s
[2019.02.22-15.02.23:024][  0]LogInit: Initializing FReadOnlyCVARCache
[2019.02.22-15.02.23:652][  0]LogAIModule: Creating AISystem for world Untitled
[2019.02.22-15.02.23:882][  0]LogInit: XAudio2 using 'Speaker/Headphone (Realtek High Definition Audio)' : 2 channels at 48 kHz using 32 bits per sample (channel mask 0x3)
[2019.02.22-15.02.24:867][  0]LogInit: FAudioDevice initialized.
[2019.02.22-15.02.24:887][  0]LogNetVersion: Set ProjectVersion to 1.0.0.0. Version Checksum will be recalculated on next use.
[2019.02.22-15.02.25:143][  0]LogDerivedDataCache: Saved boot cache 0.26s 71MB C:/Users/abruc/AppData/Local/UnrealEngine/4.21/DerivedDataCache/Boot.ddc.
[2019.02.22-15.02.25:153][  0]LogInit: Texture streaming: Enabled
[2019.02.22-15.02.26:456][  0]LogEngineSessionManager: EngineSessionManager initialized
[2019.02.22-15.02.26:797][  0]LogInit: Transaction tracking system initialized
[2019.02.22-15.02.27:407][  0]BlueprintLog: New page: Editor Load
[2019.02.22-15.02.29:157][  0]LocalizationService: Localization service is disabled
[2019.02.22-15.02.33:087][  0]LogFileCache: Scanning file cache for directory 'D:/local code repos/unreal/unreal_udemy_course/03_building_escape/BuildingEscape/Content/' took 0.06s
[2019.02.22-15.02.33:087][  0]LogCook: Display: Max memory allowance for cook 16384mb min free memory 0mb
[2019.02.22-15.02.33:088][  0]LogCook: Display: Mobile HDR setting 1
[2019.02.22-15.02.33:102][  0]LogGameplayTags: Display: UGameplayTagsManager::DoneAddingNativeTags. DelegateIsBound: 0
[2019.02.22-15.02.33:103][  0]LogStats: UGameplayTagsManager::ConstructGameplayTagTree: ImportINI prefixes -  0.000 s
[2019.02.22-15.02.33:103][  0]LogStats: UGameplayTagsManager::ConstructGameplayTagTree: Construct from data asset -  0.000 s
[2019.02.22-15.02.33:103][  0]LogStats: UGameplayTagsManager::ConstructGameplayTagTree: ImportINI -  0.000 s
[2019.02.22-15.02.33:103][  0]LogStats: UGameplayTagsManager::ConstructGameplayTagTree: GameplayTagTreeChangedEvent.Broadcast -  0.000 s
[2019.02.22-15.02.35:940][  0]SourceControl: Source control is disabled
[2019.02.22-15.02.35:949][  0]Cmd: MAP LOAD FILE="../../../../../../local code repos/unreal/unreal_udemy_course/03_building_escape/BuildingEscape/Content/NewMap.umap" TEMPLATE=0 SHOWPROGRESS=1 FEATURELEVEL=3
[2019.02.22-15.02.35:970][  0]LightingResults: New page: Lighting Build
[2019.02.22-15.02.36:219][  0]MapCheck: New page: Map Check
[2019.02.22-15.02.36:219][  0]LightingResults: New page: Lighting Build
[2019.02.22-15.02.42:334][  0]LogAIModule: Creating AISystem for world NewMap
[2019.02.22-15.02.42:961][  0]LogEditorServer: Finished looking for orphan Actors (0.001 secs)
[2019.02.22-15.02.43:132][  0]Cmd: MAP CHECKDEP NOCLEARLOG
[2019.02.22-15.02.43:152][  0]MapCheck: Map check complete: 0 Error(s), 0 Warning(s), took 1.019ms to complete.
[2019.02.22-15.02.43:153][  0]LogFileHelpers: Loading map 'NewMap' took 7.212
[2019.02.22-15.02.45:132][  0]LogCollectionManager: Loaded 0 collections in 0.002841 seconds
[2019.02.22-15.02.45:344][  0]LogFileCache: Scanning file cache for directory 'D:/local code repos/unreal/unreal_udemy_course/03_building_escape/BuildingEscape/Saved/Collections/' took 0.01s
[2019.02.22-15.02.45:344][  0]LogFileCache: Scanning file cache for directory 'D:/local code repos/unreal/unreal_udemy_course/03_building_escape/BuildingEscape/Content/Developers/abruc/Collections/' took 0.01s
[2019.02.22-15.02.45:344][  0]LogFileCache: Scanning file cache for directory 'D:/local code repos/unreal/unreal_udemy_course/03_building_escape/BuildingEscape/Content/Collections/' took 0.01s
[2019.02.22-15.02.45:344][  0]LogCollectionManager: Rebuilt the GUID cache for 0 collections in 0.000001 seconds
[2019.02.22-15.02.45:418][  0]LogContentBrowser: Native class hierarchy populated in 0.0685 seconds. Added 2654 classes and 622 folders.
[2019.02.22-15.02.45:554][  0]LogContentBrowser: Native class hierarchy updated for 'WidgetCarousel' in 0.0014 seconds. Added 0 classes and 0 folders.
[2019.02.22-15.02.45:632][  0]LogPakFile: Registered encryption key '00000000000000000000000000000000': 0 pak files mounted, 0 remain pending
[2019.02.22-15.02.45:689][  0]LogPakFile: Registered encryption key '00000000000000000000000000000000': 0 pak files mounted, 0 remain pending
[2019.02.22-15.02.45:764][  0]LogPakFile: Registered encryption key '00000000000000000000000000000000': 0 pak files mounted, 0 remain pending
[2019.02.22-15.02.45:780][  0]LogPakFile: Registered encryption key '00000000000000000000000000000000': 0 pak files mounted, 0 remain pending
[2019.02.22-15.02.45:796][  0]LogPakFile: Registered encryption key '00000000000000000000000000000000': 0 pak files mounted, 0 remain pending
[2019.02.22-15.02.45:811][  0]LogPakFile: Registered encryption key '00000000000000000000000000000000': 0 pak files mounted, 0 remain pending
[2019.02.22-15.02.45:824][  0]LogPakFile: Registered encryption key '00000000000000000000000000000000': 0 pak files mounted, 0 remain pending
[2019.02.22-15.02.45:840][  0]LogPakFile: Registered encryption key '00000000000000000000000000000000': 0 pak files mounted, 0 remain pending
[2019.02.22-15.02.45:857][  0]LogPakFile: Registered encryption key '00000000000000000000000000000000': 0 pak files mounted, 0 remain pending
[2019.02.22-15.02.45:877][  0]LogPakFile: Registered encryption key '00000000000000000000000000000000': 0 pak files mounted, 0 remain pending
[2019.02.22-15.02.45:893][  0]LogPakFile: Registered encryption key '00000000000000000000000000000000': 0 pak files mounted, 0 remain pending
[2019.02.22-15.02.45:906][  0]LogPakFile: Registered encryption key '00000000000000000000000000000000': 0 pak files mounted, 0 remain pending
[2019.02.22-15.02.45:922][  0]LogPakFile: Registered encryption key '00000000000000000000000000000000': 0 pak files mounted, 0 remain pending
[2019.02.22-15.02.45:936][  0]LogPakFile: Registered encryption key '00000000000000000000000000000000': 0 pak files mounted, 0 remain pending
[2019.02.22-15.02.45:950][  0]LogPakFile: Registered encryption key '00000000000000000000000000000000': 0 pak files mounted, 0 remain pending
[2019.02.22-15.02.45:964][  0]LogPakFile: Registered encryption key '00000000000000000000000000000000': 0 pak files mounted, 0 remain pending
[2019.02.22-15.02.46:036][  0]LogPakFile: Registered encryption key '00000000000000000000000000000000': 0 pak files mounted, 0 remain pending
[2019.02.22-15.02.46:051][  0]LogPakFile: Registered encryption key '00000000000000000000000000000000': 0 pak files mounted, 0 remain pending
[2019.02.22-15.02.46:067][  0]LogPakFile: Registered encryption key '00000000000000000000000000000000': 0 pak files mounted, 0 remain pending
[2019.02.22-15.02.46:082][  0]LogPakFile: Registered encryption key '00000000000000000000000000000000': 0 pak files mounted, 0 remain pending
[2019.02.22-15.02.46:170][  0]LogPakFile: Registered encryption key '00000000000000000000000000000000': 0 pak files mounted, 0 remain pending
[2019.02.22-15.02.46:185][  0]LogPakFile: Registered encryption key '00000000000000000000000000000000': 0 pak files mounted, 0 remain pending
[2019.02.22-15.02.46:199][  0]LogPakFile: Registered encryption key '00000000000000000000000000000000': 0 pak files mounted, 0 remain pending
[2019.02.22-15.02.46:215][  0]LogPakFile: Registered encryption key '00000000000000000000000000000000': 0 pak files mounted, 0 remain pending
[2019.02.22-15.02.46:230][  0]LogPakFile: Registered encryption key '00000000000000000000000000000000': 0 pak files mounted, 0 remain pending
[2019.02.22-15.02.46:244][  0]LogPakFile: Registered encryption key '00000000000000000000000000000000': 0 pak files mounted, 0 remain pending
[2019.02.22-15.02.47:049][  0]LogContentBrowser: Native class hierarchy updated for 'AddContentDialog' in 0.0010 seconds. Added 0 classes and 0 folders.
[2019.02.22-15.02.47:112][  0]LogContentBrowser: Native class hierarchy updated for 'SceneOutliner' in 0.0012 seconds. Added 1 classes and 2 folders.
[2019.02.22-15.02.47:931][  0]LogSlate: Updating window title bar state: overlay mode, drag disabled, window buttons hidden, title bar hidden
[2019.02.22-15.02.47:954][  0]LogSlate: Updating window title bar state: overlay mode, drag disabled, window buttons hidden, title bar hidden
[2019.02.22-15.02.47:969][  0]LogSlate: Updating window title bar state: overlay mode, drag disabled, window buttons hidden, title bar hidden
[2019.02.22-15.02.47:987][  0]LogSlate: Updating window title bar state: overlay mode, drag disabled, window buttons hidden, title bar hidden
[2019.02.22-15.02.48:183][  0]LogSlate: Took 0.021171 seconds to synchronously load lazily loaded font '../../../Engine/Content/Slate/Fonts/Roboto-Regular.ttf' (155K)
[2019.02.22-15.02.48:265][  0]LogSlate: Took 0.030172 seconds to synchronously load lazily loaded font '../../../Engine/Content/Slate/Fonts/Roboto-Bold.ttf' (160K)
[2019.02.22-15.02.48:682][  0]LogRenderer: Reallocating scene render targets to support 1100x712 Format 10 NumSamples 1 (Frame:1).
[2019.02.22-15.02.49:557][  0]LogContentBrowser: Native class hierarchy updated for 'HierarchicalLODOutliner' in 0.0012 seconds. Added 0 classes and 0 folders.
[2019.02.22-15.02.49:557][  0]LogLoad: (Engine Initialization) Total time: 108.52 seconds
[2019.02.22-15.02.49:557][  0]LogLoad: (Engine Initialization) Total Blueprint compile time: 0.00 seconds
[2019.02.22-15.02.50:158][  0]LogContentStreaming: Texture pool size now 1000 MB
[2019.02.22-15.02.50:839][  3]LogAssetRegistry: Asset discovery search completed in 65.5215 seconds
[2019.02.22-15.02.50:852][  3]LogCollectionManager: Rebuilt the object cache for 0 collections in 0.000001 seconds (found 0 objects)
[2019.02.22-15.02.50:853][  3]LogCollectionManager: Fixed up redirectors for 0 collections in 0.008101 seconds (updated 0 objects)
[2019.02.22-15.03.02:919][253]LogEditorViewport: Clicking on Actor (LMB): StaticMeshActor (Wall_Window_400x301)
[2019.02.22-15.03.03:795][253]LogSlate: Took 0.019089 seconds to synchronously load lazily loaded font '../../../Engine/Content/Editor/Slate/Fonts/FontAwesome.ttf' (139K)
[2019.02.22-15.03.24:265][753]LogSlate: FSceneViewport::OnFocusLost() reason 0
[2019.02.22-15.03.24:266][753]LogTemp: Repeating last play command: Selected Viewport
[2019.02.22-15.03.24:522][753]LogBlueprintUserMessages: Early PlayInEditor Detection: Level '/Game/NewMap.NewMap:PersistentLevel' has LevelScriptBlueprint '/Game/NewMap.NewMap:PersistentLevel.NewMap' with GeneratedClass '/Game/NewMap.NewMap_C' with ClassGeneratedBy '/Game/NewMap.NewMap:PersistentLevel.NewMap'
[2019.02.22-15.03.24:550][753]LogPlayLevel: PlayLevel: No blueprints needed recompiling
[2019.02.22-15.03.24:603][753]PIE: New page: PIE session: NewMap (22 Feb 2019 15:03:24)
[2019.02.22-15.03.24:694][753]LogPlayLevel: Creating play world package: /Game/UEDPIE_0_NewMap
[2019.02.22-15.03.24:766][753]LogPlayLevel: PIE: StaticDuplicateObject took: (0.071106s)
[2019.02.22-15.03.24:767][753]LogAIModule: Creating AISystem for world NewMap
[2019.02.22-15.03.24:773][753]LogPlayLevel: PIE: World Init took: (0.007162s)
[2019.02.22-15.03.24:773][753]LogPlayLevel: PIE: Created PIE world by copying editor world from /Game/NewMap.NewMap to /Game/UEDPIE_0_NewMap.NewMap (0.079025s)
[2019.02.22-15.03.24:895][753]LogInit: XAudio2 using 'Speaker/Headphone (Realtek High Definition Audio)' : 2 channels at 48 kHz using 32 bits per sample (channel mask 0x3)
[2019.02.22-15.03.24:933][753]LogInit: FAudioDevice initialized.
[2019.02.22-15.03.25:037][753]LogUObjectGlobals: Warning: Failed to find object 'Class /Script/BuildingEscape.BuildingEscapeGameMode'
[2019.02.22-15.03.25:037][753]LogLoad: Game class is 'GameModeBase'
[2019.02.22-15.03.25:137][753]LogWorld: Bringing World /Game/UEDPIE_0_NewMap.NewMap up for play (max tick rate 0) at 2019.02.22-15.03.25
[2019.02.22-15.03.25:187][753]LogWorld: Bringing up level for play took: 0.057871
[2019.02.22-15.03.25:359][753]LogContentBrowser: Native class hierarchy updated for 'MovieSceneCapture' in 0.0115 seconds. Added 20 classes and 0 folders.
[2019.02.22-15.03.25:390][753]LogTemp: Warning: SM_Chair_2 is at X=7.570 Y=-139.871 Z=20.063
[2019.02.22-15.03.25:390][753]LogTemp: Warning: SM_TableRound_6 is at X=110.000 Y=-140.000 Z=20.000
[2019.02.22-15.03.25:390][753]LogTemp: Warning: SM_Chair2_10 is at X=150.000 Y=-230.000 Z=20.000
[2019.02.22-15.03.25:395][753]PIE: Play in editor start time for /Game/UEDPIE_0_NewMap 1.146
[2019.02.22-15.03.25:395][753]LogBlueprintUserMessages: Late PlayInEditor Detection: Level '/Game/NewMap.NewMap:PersistentLevel' has LevelScriptBlueprint '/Game/NewMap.NewMap:PersistentLevel.NewMap' with GeneratedClass '/Game/NewMap.NewMap_C' with ClassGeneratedBy '/Game/NewMap.NewMap:PersistentLevel.NewMap'
[2019.02.22-15.03.40:599][ 60]LogBlueprintUserMessages: Early EndPlayMap Detection: Level '/Game/NewMap.NewMap:PersistentLevel' has LevelScriptBlueprint '/Game/NewMap.NewMap:PersistentLevel.NewMap' with GeneratedClass '/Game/NewMap.NewMap_C' with ClassGeneratedBy '/Game/NewMap.NewMap:PersistentLevel.NewMap'
[2019.02.22-15.03.40:915][ 60]LogSlate: Updating window title bar state: overlay mode, drag disabled, window buttons hidden, title bar hidden
[2019.02.22-15.03.41:249][ 60]LogPlayLevel: Display: Shutting down PIE online subsystems
[2019.02.22-15.03.41:262][ 60]LogBlueprintUserMessages: Late EndPlayMap Detection: Level '/Game/NewMap.NewMap:PersistentLevel' has LevelScriptBlueprint '/Game/NewMap.NewMap:PersistentLevel.NewMap' with GeneratedClass '/Game/NewMap.NewMap_C' with ClassGeneratedBy '/Game/NewMap.NewMap:PersistentLevel.NewMap'
[2019.02.22-15.03.41:352][ 60]LogSlate: Updating window title bar state: overlay mode, drag disabled, window buttons hidden, title bar hidden
[2019.02.22-15.03.41:462][ 61]LogPlayLevel: Display: Destroying online subsystem :Context_3
[2019.02.22-15.04.09:563][662]LogSlate: FSceneViewport::OnFocusLost() reason 0
[2019.02.22-15.04.09:834][667]LogRenderer: Reallocating scene render targets to support 1112x712 Format 10 NumSamples 1 (Frame:1372).
[2019.02.22-15.04.09:950][668]LogRenderer: Reallocating scene render targets to support 1120x712 Format 10 NumSamples 1 (Frame:1374).
[2019.02.22-15.04.10:092][669]LogRenderer: Reallocating scene render targets to support 1132x712 Format 10 NumSamples 1 (Frame:1376).
[2019.02.22-15.04.10:193][670]LogRenderer: Reallocating scene render targets to support 1144x712 Format 10 NumSamples 1 (Frame:1378).
[2019.02.22-15.04.10:285][671]LogRenderer: Reallocating scene render targets to support 1160x712 Format 10 NumSamples 1 (Frame:1380).
[2019.02.22-15.04.10:422][672]LogRenderer: Reallocating scene render targets to support 1172x712 Format 10 NumSamples 1 (Frame:1382).
[2019.02.22-15.04.10:566][673]LogRenderer: Reallocating scene render targets to support 1184x712 Format 10 NumSamples 1 (Frame:1384).
[2019.02.22-15.04.10:699][674]LogRenderer: Reallocating scene render targets to support 1200x712 Format 10 NumSamples 1 (Frame:1386).
[2019.02.22-15.05.11:673][876]LogEditorViewport: Clicking on Actor (LMB): StaticMeshActor (Floor_400x403)
[2019.02.22-15.05.32:503][317]LogSlate: FSceneViewport::OnFocusLost() reason 0
[2019.02.22-15.15.58:444][194]LogSlate: Took 0.030611 seconds to synchronously load lazily loaded font '../../../Engine/Content/Slate/Fonts/Roboto-Light.ttf' (167K)
[2019.02.22-15.16.11:932][455]LogSlate: FSceneViewport::OnFocusLost() reason 0
[2019.02.22-15.16.12:400][458]LogSlate: Window 'BuildingEscape - Unreal Editor' being destroyed
[2019.02.22-15.16.13:024][459]Cmd: QUIT_EDITOR
[2019.02.22-15.16.13:729][459]LogWindowsTextInputMethodSystem: Display: IME system now deactivated.
[2019.02.22-15.16.13:812][459]LogExit: Preparing to exit.
[2019.02.22-15.16.15:158][459]LogExit: Editor shut down
[2019.02.22-15.16.15:159][459]LogExit: Transaction tracking system shut down
