Log file open, 02/21/19 18:05:06
LogWindows: Failed to load 'aqProf.dll' (GetLastError=126)
LogWindows: File 'aqProf.dll' does not exist
LogWindows: Failed to load 'VtuneApi.dll' (GetLastError=126)
LogWindows: File 'VtuneApi.dll' does not exist
LogWindows: Failed to load 'VtuneApi32e.dll' (GetLastError=126)
LogWindows: File 'VtuneApi32e.dll' does not exist
LogConsoleResponse: Display: Failed to find resolution value strings in scalability ini. Falling back to default.
LogInit: Display: Running engine for game: BuildingEscape
LogPakFile: Registered encryption key '00000000000000000000000000000000': 0 pak files mounted, 0 remain pending
LogPlatformFile: Not using cached read wrapper
LogTaskGraph: Started task graph with 5 named threads and 23 total threads with 3 sets of task threads.
LogStats: Stats thread started at 0.397495
LogD3D11RHI: Loaded GFSDK_Aftermath_Lib.x64.dll
LogICUInternationalization: ICU TimeZone Detection - Raw Offset: +0:00, Platform Override: ''
LogPluginManager: Mounting plugin Paper2D
LogPluginManager: Mounting plugin AISupport
LogPluginManager: Mounting plugin LightPropagationVolume
LogPluginManager: Mounting plugin ActorLayerUtilities
LogPluginManager: Mounting plugin CLionSourceCodeAccess
LogPluginManager: Mounting plugin CodeLiteSourceCodeAccess
LogPluginManager: Mounting plugin GitSourceControl
LogPluginManager: Mounting plugin KDevelopSourceCodeAccess
LogPluginManager: Mounting plugin NullSourceCodeAccess
LogPluginManager: Mounting plugin PerforceSourceControl
LogPluginManager: Mounting plugin SubversionSourceControl
LogPluginManager: Mounting plugin UObjectPlugin
LogPluginManager: Mounting plugin VisualStudioCodeSourceCodeAccess
LogPluginManager: Mounting plugin VisualStudioSourceCodeAccess
LogPluginManager: Mounting plugin XCodeSourceCodeAccess
LogPluginManager: Mounting plugin AssetManagerEditor
LogPluginManager: Mounting plugin CryptoKeys
LogPluginManager: Mounting plugin DataValidation
LogPluginManager: Mounting plugin FacialAnimation
LogPluginManager: Mounting plugin GameplayTagsEditor
LogPluginManager: Mounting plugin MacGraphicsSwitching
LogPluginManager: Mounting plugin MeshEditor
LogPluginManager: Mounting plugin MobileLauncherProfileWizard
LogPluginManager: Mounting plugin PluginBrowser
LogPluginManager: Mounting plugin SpeedTreeImporter
LogPluginManager: Mounting plugin DatasmithContent
LogPluginManager: Mounting plugin VariantManagerContent
LogPluginManager: Mounting plugin AlembicImporter
LogPluginManager: Mounting plugin AppleImageUtils
LogPluginManager: Mounting plugin AppleVision
LogPluginManager: Mounting plugin BackChannel
LogPluginManager: Mounting plugin CharacterAI
LogPluginManager: Mounting plugin GeometryCache
LogPluginManager: Mounting plugin HTML5Networking
LogPluginManager: Mounting plugin ProxyLODPlugin
LogPluginManager: Mounting plugin MagicLeap
LogPluginManager: Mounting plugin MagicLeapMedia
LogPluginManager: Mounting plugin AndroidMedia
LogPluginManager: Mounting plugin AvfMedia
LogPluginManager: Mounting plugin ImgMedia
LogPluginManager: Mounting plugin LinearTimecode
LogPluginManager: Mounting plugin MediaCompositing
LogPluginManager: Mounting plugin MediaPlayerEditor
LogPluginManager: Mounting plugin WebMMedia
LogPluginManager: Mounting plugin WmfMedia
LogPluginManager: Mounting plugin TcpMessaging
LogPluginManager: Mounting plugin UdpMessaging
LogPluginManager: Mounting plugin ActorSequence
LogPluginManager: Mounting plugin LevelSequenceEditor
LogPluginManager: Mounting plugin MatineeToLevelSequence
LogPluginManager: Mounting plugin NetcodeUnitTest
LogPluginManager: Mounting plugin NUTUnrealEngine4
LogPluginManager: Mounting plugin OnlineSubsystemGooglePlay
LogPluginManager: Mounting plugin OnlineSubsystemIOS
LogPluginManager: Mounting plugin OnlineSubsystem
LogPluginManager: Mounting plugin OnlineSubsystemNull
LogPluginManager: Mounting plugin OnlineSubsystemUtils
LogPluginManager: Mounting plugin LauncherChunkInstaller
LogPluginManager: Mounting plugin AndroidDeviceProfileSelector
LogPluginManager: Mounting plugin AndroidMoviePlayer
LogPluginManager: Mounting plugin AndroidPermission
LogPluginManager: Mounting plugin AppleMoviePlayer
LogPluginManager: Mounting plugin ArchVisCharacter
LogPluginManager: Mounting plugin AudioCapture
LogPluginManager: Mounting plugin CableComponent
LogPluginManager: Mounting plugin CustomMeshComponent
LogPluginManager: Mounting plugin EditableMesh
LogPluginManager: Mounting plugin ExampleDeviceProfileSelector
LogPluginManager: Mounting plugin Firebase
LogPluginManager: Mounting plugin GoogleCloudMessaging
LogPluginManager: Mounting plugin IOSDeviceProfileSelector
LogPluginManager: Mounting plugin LinuxDeviceProfileSelector
LogPluginManager: Mounting plugin LocationServicesBPLibrary
LogPluginManager: Mounting plugin MobilePatchingUtils
LogPluginManager: Mounting plugin OculusVR
LogPluginManager: Mounting plugin PhysXVehicles
LogPluginManager: Mounting plugin ProceduralMeshComponent
LogPluginManager: Mounting plugin RuntimePhysXCooking
LogPluginManager: Mounting plugin SteamVR
LogPluginManager: Mounting plugin WebMMoviePlayer
LogPluginManager: Mounting plugin WindowsMoviePlayer
LogStreaming: Display: Took  0.276s to configure plugins.
LogInit: Using libcurl 7.55.1-DEV
LogInit:  - built for x86_64-pc-win32
LogInit:  - supports SSL with OpenSSL/1.0.2h
LogInit:  - supports HTTP deflate (compression) using libz 1.2.8
LogInit:  - other features:
LogInit:      CURL_VERSION_SSL
LogInit:      CURL_VERSION_LIBZ
LogInit:      CURL_VERSION_IPV6
LogInit:      CURL_VERSION_ASYNCHDNS
LogInit:      CURL_VERSION_LARGEFILE
LogInit:      CURL_VERSION_IDN
LogInit:  CurlRequestOptions (configurable via config and command line):
LogInit:  - bVerifyPeer = true  - Libcurl will verify peer certificate
LogInit:  - bUseHttpProxy = false  - Libcurl will NOT use HTTP proxy
LogInit:  - bDontReuseConnections = false  - Libcurl will reuse connections
LogInit:  - MaxHostConnections = 16  - Libcurl will limit the number of connections to a host
LogInit:  - LocalHostAddr = Default
LogInit:  - BufferSize = 65536
LogInit: WinSock: version 1.1 (2.2), MaxSocks=32767, MaxUdp=65467
LogInit: Build: ++UE4+Release-4.21-CL-4753647
LogInit: Engine Version: 4.21.2-4753647+++UE4+Release-4.21
LogInit: Compatible Engine Version: 4.21.0-4541578+++UE4+Release-4.21
LogInit: Net CL: 4541578
LogInit: OS: Windows 10 (), CPU: AMD Ryzen 5 2500U with Radeon Vega Mobile Gfx  , GPU: AMD Radeon(TM) Vega 8 Graphics
LogInit: Compiled (64-bit): Jan 19 2019 02:07:31
LogInit: Compiled with Visual C++: 19.13.26129.00
LogInit: Build Configuration: Development
LogInit: Branch Name: ++UE4+Release-4.21
LogInit: Command Line: 
LogInit: Base Directory: D:/applications/unreal engine/UE_4.21/Engine/Binaries/Win64/
LogInit: Installed Engine Build: 1
LogDevObjectVersion: Number of dev versions registered: 22
LogDevObjectVersion:   Dev-Blueprints (B0D832E4-1F89-4F0D-ACCF-7EB736FD4AA2): 10
LogDevObjectVersion:   Dev-Build (E1C64328-A22C-4D53-A36C-8E866417BD8C): 0
LogDevObjectVersion:   Dev-Core (375EC13C-06E4-48FB-B500-84F0262A717E): 2
LogDevObjectVersion:   Dev-Editor (E4B068ED-F494-42E9-A231-DA0B2E46BB41): 26
LogDevObjectVersion:   Dev-Framework (CFFC743F-43B0-4480-9391-14DF171D2073): 34
LogDevObjectVersion:   Dev-Mobile (B02B49B5-BB20-44E9-A304-32B752E40360): 2
LogDevObjectVersion:   Dev-Networking (A4E4105C-59A1-49B5-A7C5-40C4547EDFEE): 0
LogDevObjectVersion:   Dev-Online (39C831C9-5AE6-47DC-9A44-9C173E1C8E7C): 0
LogDevObjectVersion:   Dev-Physics (78F01B33-EBEA-4F98-B9B4-84EACCB95AA2): 0
LogDevObjectVersion:   Dev-Platform (6631380F-2D4D-43E0-8009-CF276956A95A): 0
LogDevObjectVersion:   Dev-Rendering (12F88B9F-8875-4AFC-A67C-D90C383ABD29): 27
LogDevObjectVersion:   Dev-Sequencer (7B5AE74C-D270-4C10-A958-57980B212A5A): 9
LogDevObjectVersion:   Dev-VR (D7296918-1DD6-4BDD-9DE2-64A83CC13884): 2
LogDevObjectVersion:   Dev-LoadTimes (C2A15278-BFE7-4AFE-6C17-90FF531DF755): 1
LogDevObjectVersion:   Private-Geometry (6EACA3D4-40EC-4CC1-B786-8BED09428FC5): 3
LogDevObjectVersion:   Dev-AnimPhys (29E575DD-E0A3-4627-9D10-D276232CDCEA): 17
LogDevObjectVersion:   Dev-Anim (AF43A65D-7FD3-4947-9873-3E8ED9C1BB05): 2
LogDevObjectVersion:   Dev-ReflectionCapture (6B266CEC-1EC7-4B8F-A30B-E4D90942FC07): 1
LogDevObjectVersion:   Dev-Automation (0DF73D61-A23F-47EA-B727-89E90C41499A): 1
LogDevObjectVersion:   FortniteMain (601D1886-AC64-4F84-AA16-D3DE0DEAC7D6): 17
LogDevObjectVersion:   Dev-Enterprise (9DFFBCD6-494F-0158-E221-12823C92A888): 4
LogDevObjectVersion:   Dev-Niagara (F2AED0AC-9AFE-416F-8664-AA7FFA26D6FC): 1
LogStreaming: Display: Took  0.014s to delete old logs.
LogInit: Presizing for max 8388607 objects, including 0 objects not considered by GC, pre-allocating 0 bytes for permanent pool.
LogInit: Object subsystem initialized
LogConfig: Setting CVar [[con.DebugEarlyDefault:1]]
LogConfig: Setting CVar [[r.setres:1280x720]]
[2019.02.21-18.05.08:259][  0]LogConfig: Setting CVar [[r.VSync:0]]
[2019.02.21-18.05.08:259][  0]LogConfig: Setting CVar [[r.RHICmdBypass:0]]
[2019.02.21-18.05.08:259][  0]LogConfig: Applying CVar settings from Section [/Script/Engine.RendererSettings] File [D:/local code repos/unreal/unreal_udemy_course/03_building_escape/BuildingEscape/Saved/Config/Windows/Engine.ini]
[2019.02.21-18.05.08:259][  0]LogConfig: Setting CVar [[r.GPUCrashDebugging:0]]
[2019.02.21-18.05.08:259][  0]LogConfig: Applying CVar settings from Section [/Script/Engine.RendererOverrideSettings] File [D:/local code repos/unreal/unreal_udemy_course/03_building_escape/BuildingEscape/Saved/Config/Windows/Engine.ini]
[2019.02.21-18.05.08:259][  0]LogConfig: Applying CVar settings from Section [/Script/Engine.StreamingSettings] File [D:/local code repos/unreal/unreal_udemy_course/03_building_escape/BuildingEscape/Saved/Config/Windows/Engine.ini]
[2019.02.21-18.05.08:260][  0]LogConfig: Setting CVar [[s.MinBulkDataSizeForAsyncLoading:131072]]
[2019.02.21-18.05.08:260][  0]LogConfig: Setting CVar [[s.AsyncLoadingThreadEnabled:0]]
[2019.02.21-18.05.08:260][  0]LogConfig: Setting CVar [[s.EventDrivenLoaderEnabled:1]]
[2019.02.21-18.05.08:260][  0]LogConfig: Setting CVar [[s.WarnIfTimeLimitExceeded:0]]
[2019.02.21-18.05.08:260][  0]LogConfig: Setting CVar [[s.TimeLimitExceededMultiplier:1.5]]
[2019.02.21-18.05.08:260][  0]LogConfig: Setting CVar [[s.TimeLimitExceededMinTime:0.005]]
[2019.02.21-18.05.08:260][  0]LogConfig: Setting CVar [[s.UseBackgroundLevelStreaming:1]]
[2019.02.21-18.05.08:260][  0]LogConfig: Setting CVar [[s.PriorityAsyncLoadingExtraTime:15.0]]
[2019.02.21-18.05.08:260][  0]LogConfig: Setting CVar [[s.LevelStreamingActorsUpdateTimeLimit:5.0]]
[2019.02.21-18.05.08:260][  0]LogConfig: Setting CVar [[s.PriorityLevelStreamingActorsUpdateExtraTime:5.0]]
[2019.02.21-18.05.08:260][  0]LogConfig: Setting CVar [[s.LevelStreamingComponentsRegistrationGranularity:10]]
[2019.02.21-18.05.08:260][  0]LogConfig: Setting CVar [[s.UnregisterComponentsTimeLimit:1.0]]
[2019.02.21-18.05.08:260][  0]LogConfig: Setting CVar [[s.LevelStreamingComponentsUnregistrationGranularity:5]]
[2019.02.21-18.05.08:260][  0]LogConfig: Applying CVar settings from Section [/Script/Engine.GarbageCollectionSettings] File [D:/local code repos/unreal/unreal_udemy_course/03_building_escape/BuildingEscape/Saved/Config/Windows/Engine.ini]
[2019.02.21-18.05.08:260][  0]LogConfig: Setting CVar [[gc.MaxObjectsNotConsideredByGC:1]]
[2019.02.21-18.05.08:260][  0]LogConfig: Setting CVar [[gc.SizeOfPermanentObjectPool:0]]
[2019.02.21-18.05.08:260][  0]LogConfig: Setting CVar [[gc.FlushStreamingOnGC:0]]
[2019.02.21-18.05.08:260][  0]LogConfig: Setting CVar [[gc.NumRetriesBeforeForcingGC:10]]
[2019.02.21-18.05.08:260][  0]LogConfig: Setting CVar [[gc.AllowParallelGC:1]]
[2019.02.21-18.05.08:260][  0]LogConfig: Setting CVar [[gc.TimeBetweenPurgingPendingKillObjects:61.1]]
[2019.02.21-18.05.08:260][  0]LogConfig: Setting CVar [[gc.MaxObjectsInEditor:8388607]]
[2019.02.21-18.05.08:260][  0]LogConfig: Setting CVar [[gc.IncrementalBeginDestroyEnabled:1]]
[2019.02.21-18.05.08:260][  0]LogConfig: Setting CVar [[gc.CreateGCClusters:1]]
[2019.02.21-18.05.08:260][  0]LogConfig: Setting CVar [[gc.MergeGCClusters:0]]
[2019.02.21-18.05.08:260][  0]LogConfig: Setting CVar [[gc.MinGCClusterSize:5]]
[2019.02.21-18.05.08:260][  0]LogConfig: Setting CVar [[gc.ActorClusteringEnabled:0]]
[2019.02.21-18.05.08:260][  0]LogConfig: Setting CVar [[gc.BlueprintClusteringEnabled:0]]
[2019.02.21-18.05.08:260][  0]LogConfig: Setting CVar [[gc.UseDisregardForGCOnDedicatedServers:0]]
[2019.02.21-18.05.08:260][  0]LogConfig: Applying CVar settings from Section [/Script/Engine.NetworkSettings] File [D:/local code repos/unreal/unreal_udemy_course/03_building_escape/BuildingEscape/Saved/Config/Windows/Engine.ini]
[2019.02.21-18.05.08:260][  0]LogConfig: Applying CVar settings from Section [/Script/UnrealEd.CookerSettings] File [D:/local code repos/unreal/unreal_udemy_course/03_building_escape/BuildingEscape/Saved/Config/Windows/Engine.ini]
[2019.02.21-18.05.08:269][  0]LogConfig: Applying CVar settings from Section [ViewDistanceQuality@3] File [D:/local code repos/unreal/unreal_udemy_course/03_building_escape/BuildingEscape/Saved/Config/Windows/Scalability.ini]
[2019.02.21-18.05.08:269][  0]LogConfig: Setting CVar [[r.SkeletalMeshLODBias:0]]
[2019.02.21-18.05.08:269][  0]LogConfig: Setting CVar [[r.ViewDistanceScale:1.0]]
[2019.02.21-18.05.08:269][  0]LogConfig: Applying CVar settings from Section [AntiAliasingQuality@3] File [D:/local code repos/unreal/unreal_udemy_course/03_building_escape/BuildingEscape/Saved/Config/Windows/Scalability.ini]
[2019.02.21-18.05.08:269][  0]LogConfig: Setting CVar [[r.PostProcessAAQuality:4]]
[2019.02.21-18.05.08:269][  0]LogConfig: Applying CVar settings from Section [ShadowQuality@3] File [D:/local code repos/unreal/unreal_udemy_course/03_building_escape/BuildingEscape/Saved/Config/Windows/Scalability.ini]
[2019.02.21-18.05.08:269][  0]LogConfig: Setting CVar [[r.LightFunctionQuality:1]]
[2019.02.21-18.05.08:269][  0]LogConfig: Setting CVar [[r.ShadowQuality:5]]
[2019.02.21-18.05.08:269][  0]LogConfig: Setting CVar [[r.Shadow.CSM.MaxCascades:10]]
[2019.02.21-18.05.08:269][  0]LogConfig: Setting CVar [[r.Shadow.MaxResolution:2048]]
[2019.02.21-18.05.08:269][  0]LogConfig: Setting CVar [[r.Shadow.MaxCSMResolution:2048]]
[2019.02.21-18.05.08:269][  0]LogConfig: Setting CVar [[r.Shadow.RadiusThreshold:0.01]]
[2019.02.21-18.05.08:269][  0]LogConfig: Setting CVar [[r.Shadow.DistanceScale:1.0]]
[2019.02.21-18.05.08:269][  0]LogConfig: Setting CVar [[r.Shadow.CSM.TransitionScale:1.0]]
[2019.02.21-18.05.08:269][  0]LogConfig: Setting CVar [[r.Shadow.PreShadowResolutionFactor:1.0]]
[2019.02.21-18.05.08:269][  0]LogConfig: Setting CVar [[r.DistanceFieldShadowing:1]]
[2019.02.21-18.05.08:269][  0]LogConfig: Setting CVar [[r.DistanceFieldAO:1]]
[2019.02.21-18.05.08:269][  0]LogConfig: Setting CVar [[r.AOQuality:2]]
[2019.02.21-18.05.08:269][  0]LogConfig: Setting CVar [[r.VolumetricFog:1]]
[2019.02.21-18.05.08:269][  0]LogConfig: Setting CVar [[r.VolumetricFog.GridPixelSize:8]]
[2019.02.21-18.05.08:269][  0]LogConfig: Setting CVar [[r.VolumetricFog.GridSizeZ:128]]
[2019.02.21-18.05.08:269][  0]LogConfig: Setting CVar [[r.VolumetricFog.HistoryMissSupersampleCount:4]]
[2019.02.21-18.05.08:269][  0]LogConfig: Setting CVar [[r.LightMaxDrawDistanceScale:1]]
[2019.02.21-18.05.08:269][  0]LogConfig: Setting CVar [[r.CapsuleShadows:1]]
[2019.02.21-18.05.08:269][  0]LogConfig: Applying CVar settings from Section [PostProcessQuality@3] File [D:/local code repos/unreal/unreal_udemy_course/03_building_escape/BuildingEscape/Saved/Config/Windows/Scalability.ini]
[2019.02.21-18.05.08:269][  0]LogConfig: Setting CVar [[r.MotionBlurQuality:4]]
[2019.02.21-18.05.08:269][  0]LogConfig: Setting CVar [[r.AmbientOcclusionMipLevelFactor:0.4]]
[2019.02.21-18.05.08:270][  0]LogConfig: Setting CVar [[r.AmbientOcclusionMaxQuality:100]]
[2019.02.21-18.05.08:270][  0]LogConfig: Setting CVar [[r.AmbientOcclusionLevels:-1]]
[2019.02.21-18.05.08:270][  0]LogConfig: Setting CVar [[r.AmbientOcclusionRadiusScale:1.0]]
[2019.02.21-18.05.08:270][  0]LogConfig: Setting CVar [[r.DepthOfFieldQuality:2]]
[2019.02.21-18.05.08:270][  0]LogConfig: Setting CVar [[r.RenderTargetPoolMin:400]]
[2019.02.21-18.05.08:270][  0]LogConfig: Setting CVar [[r.LensFlareQuality:2]]
[2019.02.21-18.05.08:270][  0]LogConfig: Setting CVar [[r.SceneColorFringeQuality:1]]
[2019.02.21-18.05.08:270][  0]LogConfig: Setting CVar [[r.EyeAdaptationQuality:2]]
[2019.02.21-18.05.08:270][  0]LogConfig: Setting CVar [[r.BloomQuality:5]]
[2019.02.21-18.05.08:270][  0]LogConfig: Setting CVar [[r.FastBlurThreshold:100]]
[2019.02.21-18.05.08:270][  0]LogConfig: Setting CVar [[r.Upscale.Quality:3]]
[2019.02.21-18.05.08:270][  0]LogConfig: Setting CVar [[r.Tonemapper.GrainQuantization:1]]
[2019.02.21-18.05.08:270][  0]LogConfig: Setting CVar [[r.LightShaftQuality:1]]
[2019.02.21-18.05.08:270][  0]LogConfig: Setting CVar [[r.Filter.SizeScale:1]]
[2019.02.21-18.05.08:270][  0]LogConfig: Setting CVar [[r.Tonemapper.Quality:5]]
[2019.02.21-18.05.08:270][  0]LogConfig: Setting CVar [[r.DOF.Gather.AccumulatorQuality:1        ; higher gathering accumulator quality]]
[2019.02.21-18.05.08:270][  0]LogConfig: Setting CVar [[r.DOF.Gather.PostfilterMethod:1          ; Median3x3 postfilering method]]
[2019.02.21-18.05.08:270][  0]LogConfig: Setting CVar [[r.DOF.Gather.EnableBokehSettings:0       ; no bokeh simulation when gathering]]
[2019.02.21-18.05.08:270][  0]LogConfig: Setting CVar [[r.DOF.Gather.RingCount:4                 ; medium number of samples when gathering]]
[2019.02.21-18.05.08:270][  0]LogConfig: Setting CVar [[r.DOF.Scatter.ForegroundCompositing:1    ; additive foreground scattering]]
[2019.02.21-18.05.08:270][  0]LogConfig: Setting CVar [[r.DOF.Scatter.BackgroundCompositing:2    ; additive background scattering]]
[2019.02.21-18.05.08:270][  0]LogConfig: Setting CVar [[r.DOF.Scatter.EnableBokehSettings:1      ; bokeh simulation when scattering]]
[2019.02.21-18.05.08:270][  0]LogConfig: Setting CVar [[r.DOF.Scatter.MaxSpriteRatio:0.1         ; only a maximum of 10% of scattered bokeh]]
[2019.02.21-18.05.08:270][  0]LogConfig: Setting CVar [[r.DOF.Recombine.Quality:1                ; cheap slight out of focus]]
[2019.02.21-18.05.08:270][  0]LogConfig: Setting CVar [[r.DOF.Recombine.EnableBokehSettings:0    ; no bokeh simulation on slight out of focus]]
[2019.02.21-18.05.08:270][  0]LogConfig: Setting CVar [[r.DOF.TemporalAAQuality:1                ; more stable temporal accumulation]]
[2019.02.21-18.05.08:270][  0]LogConfig: Setting CVar [[r.DOF.Kernel.MaxForegroundRadius:0.025]]
[2019.02.21-18.05.08:270][  0]LogConfig: Setting CVar [[r.DOF.Kernel.MaxBackgroundRadius:0.025]]
[2019.02.21-18.05.08:270][  0]LogConfig: Applying CVar settings from Section [TextureQuality@3] File [D:/local code repos/unreal/unreal_udemy_course/03_building_escape/BuildingEscape/Saved/Config/Windows/Scalability.ini]
[2019.02.21-18.05.08:270][  0]LogConfig: Setting CVar [[r.Streaming.MipBias:0]]
[2019.02.21-18.05.08:270][  0]LogConfig: Setting CVar [[r.Streaming.AmortizeCPUToGPUCopy:0]]
[2019.02.21-18.05.08:270][  0]LogConfig: Setting CVar [[r.Streaming.MaxNumTexturesToStreamPerFrame:0]]
[2019.02.21-18.05.08:270][  0]LogConfig: Setting CVar [[r.Streaming.Boost:1]]
[2019.02.21-18.05.08:270][  0]LogConfig: Setting CVar [[r.MaxAnisotropy:8]]
[2019.02.21-18.05.08:270][  0]LogConfig: Setting CVar [[r.Streaming.LimitPoolSizeToVRAM:0]]
[2019.02.21-18.05.08:270][  0]LogConfig: Setting CVar [[r.Streaming.PoolSize:1000]]
[2019.02.21-18.05.08:270][  0]LogConfig: Setting CVar [[r.Streaming.MaxEffectiveScreenSize:0]]
[2019.02.21-18.05.08:271][  0]LogConfig: Applying CVar settings from Section [EffectsQuality@3] File [D:/local code repos/unreal/unreal_udemy_course/03_building_escape/BuildingEscape/Saved/Config/Windows/Scalability.ini]
[2019.02.21-18.05.08:271][  0]LogConfig: Setting CVar [[r.TranslucencyLightingVolumeDim:64]]
[2019.02.21-18.05.08:271][  0]LogConfig: Setting CVar [[r.RefractionQuality:2]]
[2019.02.21-18.05.08:271][  0]LogConfig: Setting CVar [[r.SSR.Quality:3]]
[2019.02.21-18.05.08:271][  0]LogConfig: Setting CVar [[r.SceneColorFormat:4]]
[2019.02.21-18.05.08:271][  0]LogConfig: Setting CVar [[r.DetailMode:2]]
[2019.02.21-18.05.08:271][  0]LogConfig: Setting CVar [[r.TranslucencyVolumeBlur:1]]
[2019.02.21-18.05.08:271][  0]LogConfig: Setting CVar [[r.MaterialQualityLevel:1 ; High quality]]
[2019.02.21-18.05.08:271][  0]LogConfig: Setting CVar [[r.SSS.Scale:1]]
[2019.02.21-18.05.08:271][  0]LogConfig: Setting CVar [[r.SSS.SampleSet:2]]
[2019.02.21-18.05.08:271][  0]LogConfig: Setting CVar [[r.SSS.Quality:1]]
[2019.02.21-18.05.08:271][  0]LogConfig: Setting CVar [[r.SSS.HalfRes:1]]
[2019.02.21-18.05.08:271][  0]LogConfig: Setting CVar [[r.EmitterSpawnRateScale:1.0]]
[2019.02.21-18.05.08:271][  0]LogConfig: Setting CVar [[r.ParticleLightQuality:2]]
[2019.02.21-18.05.08:271][  0]LogConfig: Applying CVar settings from Section [FoliageQuality@3] File [D:/local code repos/unreal/unreal_udemy_course/03_building_escape/BuildingEscape/Saved/Config/Windows/Scalability.ini]
[2019.02.21-18.05.08:271][  0]LogConfig: Setting CVar [[foliage.DensityScale:1.0]]
[2019.02.21-18.05.08:271][  0]LogConfig: Setting CVar [[grass.DensityScale:1.0]]
[2019.02.21-18.05.08:271][  0]LogInit: Selected Device Profile: [Windows]
[2019.02.21-18.05.08:271][  0]LogInit: Applying CVar settings loaded from the selected device profile: [Windows]
[2019.02.21-18.05.08:351][  0]LogHAL: Display: Platform has ~ 6 GB [6396116992 / 8589934592 / 6], which maps to Smaller [LargestMinGB=32, LargerMinGB=12, DefaultMinGB=8, SmallerMinGB=6, SmallestMinGB=0)
[2019.02.21-18.05.08:351][  0]LogConfig: Setting CVar [[r.Vulkan.UseRealUBs:1]]
[2019.02.21-18.05.08:351][  0]LogInit: Going up to parent DeviceProfile []
[2019.02.21-18.05.08:351][  0]LogConfig: Applying CVar settings from Section [ViewDistanceQuality@3] File [D:/local code repos/unreal/unreal_udemy_course/03_building_escape/BuildingEscape/Saved/Config/Windows/Scalability.ini]
[2019.02.21-18.05.08:351][  0]LogConfig: Setting CVar [[r.SkeletalMeshLODBias:0]]
[2019.02.21-18.05.08:351][  0]LogConfig: Setting CVar [[r.ViewDistanceScale:1.0]]
[2019.02.21-18.05.08:351][  0]LogConfig: Applying CVar settings from Section [AntiAliasingQuality@3] File [D:/local code repos/unreal/unreal_udemy_course/03_building_escape/BuildingEscape/Saved/Config/Windows/Scalability.ini]
[2019.02.21-18.05.08:351][  0]LogConfig: Setting CVar [[r.PostProcessAAQuality:4]]
[2019.02.21-18.05.08:352][  0]LogConfig: Applying CVar settings from Section [ShadowQuality@3] File [D:/local code repos/unreal/unreal_udemy_course/03_building_escape/BuildingEscape/Saved/Config/Windows/Scalability.ini]
[2019.02.21-18.05.08:352][  0]LogConfig: Setting CVar [[r.LightFunctionQuality:1]]
[2019.02.21-18.05.08:352][  0]LogConfig: Setting CVar [[r.ShadowQuality:5]]
[2019.02.21-18.05.08:352][  0]LogConfig: Setting CVar [[r.Shadow.CSM.MaxCascades:10]]
[2019.02.21-18.05.08:352][  0]LogConfig: Setting CVar [[r.Shadow.MaxResolution:2048]]
[2019.02.21-18.05.08:352][  0]LogConfig: Setting CVar [[r.Shadow.MaxCSMResolution:2048]]
[2019.02.21-18.05.08:352][  0]LogConfig: Setting CVar [[r.Shadow.RadiusThreshold:0.01]]
[2019.02.21-18.05.08:352][  0]LogConfig: Setting CVar [[r.Shadow.DistanceScale:1.0]]
[2019.02.21-18.05.08:352][  0]LogConfig: Setting CVar [[r.Shadow.CSM.TransitionScale:1.0]]
[2019.02.21-18.05.08:352][  0]LogConfig: Setting CVar [[r.Shadow.PreShadowResolutionFactor:1.0]]
[2019.02.21-18.05.08:352][  0]LogConfig: Setting CVar [[r.DistanceFieldShadowing:1]]
[2019.02.21-18.05.08:352][  0]LogConfig: Setting CVar [[r.DistanceFieldAO:1]]
[2019.02.21-18.05.08:352][  0]LogConfig: Setting CVar [[r.AOQuality:2]]
[2019.02.21-18.05.08:352][  0]LogConfig: Setting CVar [[r.VolumetricFog:1]]
[2019.02.21-18.05.08:352][  0]LogConfig: Setting CVar [[r.VolumetricFog.GridPixelSize:8]]
[2019.02.21-18.05.08:352][  0]LogConfig: Setting CVar [[r.VolumetricFog.GridSizeZ:128]]
[2019.02.21-18.05.08:352][  0]LogConfig: Setting CVar [[r.VolumetricFog.HistoryMissSupersampleCount:4]]
[2019.02.21-18.05.08:352][  0]LogConfig: Setting CVar [[r.LightMaxDrawDistanceScale:1]]
[2019.02.21-18.05.08:352][  0]LogConfig: Setting CVar [[r.CapsuleShadows:1]]
[2019.02.21-18.05.08:352][  0]LogConfig: Applying CVar settings from Section [PostProcessQuality@3] File [D:/local code repos/unreal/unreal_udemy_course/03_building_escape/BuildingEscape/Saved/Config/Windows/Scalability.ini]
[2019.02.21-18.05.08:352][  0]LogConfig: Setting CVar [[r.MotionBlurQuality:4]]
[2019.02.21-18.05.08:352][  0]LogConfig: Setting CVar [[r.AmbientOcclusionMipLevelFactor:0.4]]
[2019.02.21-18.05.08:352][  0]LogConfig: Setting CVar [[r.AmbientOcclusionMaxQuality:100]]
[2019.02.21-18.05.08:352][  0]LogConfig: Setting CVar [[r.AmbientOcclusionLevels:-1]]
[2019.02.21-18.05.08:352][  0]LogConfig: Setting CVar [[r.AmbientOcclusionRadiusScale:1.0]]
[2019.02.21-18.05.08:352][  0]LogConfig: Setting CVar [[r.DepthOfFieldQuality:2]]
[2019.02.21-18.05.08:352][  0]LogConfig: Setting CVar [[r.RenderTargetPoolMin:400]]
[2019.02.21-18.05.08:352][  0]LogConfig: Setting CVar [[r.LensFlareQuality:2]]
[2019.02.21-18.05.08:352][  0]LogConfig: Setting CVar [[r.SceneColorFringeQuality:1]]
[2019.02.21-18.05.08:352][  0]LogConfig: Setting CVar [[r.EyeAdaptationQuality:2]]
[2019.02.21-18.05.08:352][  0]LogConfig: Setting CVar [[r.BloomQuality:5]]
[2019.02.21-18.05.08:352][  0]LogConfig: Setting CVar [[r.FastBlurThreshold:100]]
[2019.02.21-18.05.08:352][  0]LogConfig: Setting CVar [[r.Upscale.Quality:3]]
[2019.02.21-18.05.08:353][  0]LogConfig: Setting CVar [[r.Tonemapper.GrainQuantization:1]]
[2019.02.21-18.05.08:353][  0]LogConfig: Setting CVar [[r.LightShaftQuality:1]]
[2019.02.21-18.05.08:353][  0]LogConfig: Setting CVar [[r.Filter.SizeScale:1]]
[2019.02.21-18.05.08:353][  0]LogConfig: Setting CVar [[r.Tonemapper.Quality:5]]
[2019.02.21-18.05.08:353][  0]LogConfig: Setting CVar [[r.DOF.Gather.AccumulatorQuality:1        ; higher gathering accumulator quality]]
[2019.02.21-18.05.08:353][  0]LogConfig: Setting CVar [[r.DOF.Gather.PostfilterMethod:1          ; Median3x3 postfilering method]]
[2019.02.21-18.05.08:353][  0]LogConfig: Setting CVar [[r.DOF.Gather.EnableBokehSettings:0       ; no bokeh simulation when gathering]]
[2019.02.21-18.05.08:353][  0]LogConfig: Setting CVar [[r.DOF.Gather.RingCount:4                 ; medium number of samples when gathering]]
[2019.02.21-18.05.08:353][  0]LogConfig: Setting CVar [[r.DOF.Scatter.ForegroundCompositing:1    ; additive foreground scattering]]
[2019.02.21-18.05.08:353][  0]LogConfig: Setting CVar [[r.DOF.Scatter.BackgroundCompositing:2    ; additive background scattering]]
[2019.02.21-18.05.08:353][  0]LogConfig: Setting CVar [[r.DOF.Scatter.EnableBokehSettings:1      ; bokeh simulation when scattering]]
[2019.02.21-18.05.08:353][  0]LogConfig: Setting CVar [[r.DOF.Scatter.MaxSpriteRatio:0.1         ; only a maximum of 10% of scattered bokeh]]
[2019.02.21-18.05.08:353][  0]LogConfig: Setting CVar [[r.DOF.Recombine.Quality:1                ; cheap slight out of focus]]
[2019.02.21-18.05.08:353][  0]LogConfig: Setting CVar [[r.DOF.Recombine.EnableBokehSettings:0    ; no bokeh simulation on slight out of focus]]
[2019.02.21-18.05.08:353][  0]LogConfig: Setting CVar [[r.DOF.TemporalAAQuality:1                ; more stable temporal accumulation]]
[2019.02.21-18.05.08:353][  0]LogConfig: Setting CVar [[r.DOF.Kernel.MaxForegroundRadius:0.025]]
[2019.02.21-18.05.08:353][  0]LogConfig: Setting CVar [[r.DOF.Kernel.MaxBackgroundRadius:0.025]]
[2019.02.21-18.05.08:353][  0]LogConfig: Applying CVar settings from Section [TextureQuality@3] File [D:/local code repos/unreal/unreal_udemy_course/03_building_escape/BuildingEscape/Saved/Config/Windows/Scalability.ini]
[2019.02.21-18.05.08:353][  0]LogConfig: Setting CVar [[r.Streaming.MipBias:0]]
[2019.02.21-18.05.08:353][  0]LogConfig: Setting CVar [[r.Streaming.AmortizeCPUToGPUCopy:0]]
[2019.02.21-18.05.08:353][  0]LogConfig: Setting CVar [[r.Streaming.MaxNumTexturesToStreamPerFrame:0]]
[2019.02.21-18.05.08:353][  0]LogConfig: Setting CVar [[r.Streaming.Boost:1]]
[2019.02.21-18.05.08:353][  0]LogConfig: Setting CVar [[r.MaxAnisotropy:8]]
[2019.02.21-18.05.08:353][  0]LogConfig: Setting CVar [[r.Streaming.LimitPoolSizeToVRAM:0]]
[2019.02.21-18.05.08:353][  0]LogConfig: Setting CVar [[r.Streaming.PoolSize:1000]]
[2019.02.21-18.05.08:353][  0]LogConfig: Setting CVar [[r.Streaming.MaxEffectiveScreenSize:0]]
[2019.02.21-18.05.08:353][  0]LogConfig: Applying CVar settings from Section [EffectsQuality@3] File [D:/local code repos/unreal/unreal_udemy_course/03_building_escape/BuildingEscape/Saved/Config/Windows/Scalability.ini]
[2019.02.21-18.05.08:353][  0]LogConfig: Setting CVar [[r.TranslucencyLightingVolumeDim:64]]
[2019.02.21-18.05.08:353][  0]LogConfig: Setting CVar [[r.RefractionQuality:2]]
[2019.02.21-18.05.08:353][  0]LogConfig: Setting CVar [[r.SSR.Quality:3]]
[2019.02.21-18.05.08:353][  0]LogConfig: Setting CVar [[r.SceneColorFormat:4]]
[2019.02.21-18.05.08:353][  0]LogConfig: Setting CVar [[r.DetailMode:2]]
[2019.02.21-18.05.08:353][  0]LogConfig: Setting CVar [[r.TranslucencyVolumeBlur:1]]
[2019.02.21-18.05.08:353][  0]LogConfig: Setting CVar [[r.MaterialQualityLevel:1 ; High quality]]
[2019.02.21-18.05.08:353][  0]LogConfig: Setting CVar [[r.SSS.Scale:1]]
[2019.02.21-18.05.08:353][  0]LogConfig: Setting CVar [[r.SSS.SampleSet:2]]
[2019.02.21-18.05.08:354][  0]LogConfig: Setting CVar [[r.SSS.Quality:1]]
[2019.02.21-18.05.08:354][  0]LogConfig: Setting CVar [[r.SSS.HalfRes:1]]
[2019.02.21-18.05.08:354][  0]LogConfig: Setting CVar [[r.EmitterSpawnRateScale:1.0]]
[2019.02.21-18.05.08:354][  0]LogConfig: Setting CVar [[r.ParticleLightQuality:2]]
[2019.02.21-18.05.08:354][  0]LogConfig: Applying CVar settings from Section [FoliageQuality@3] File [D:/local code repos/unreal/unreal_udemy_course/03_building_escape/BuildingEscape/Saved/Config/Windows/Scalability.ini]
[2019.02.21-18.05.08:354][  0]LogConfig: Setting CVar [[foliage.DensityScale:1.0]]
[2019.02.21-18.05.08:354][  0]LogConfig: Setting CVar [[grass.DensityScale:1.0]]
[2019.02.21-18.05.08:354][  0]LogConfig: Applying CVar settings from Section [Startup] File [../../../Engine/Config/ConsoleVariables.ini]
[2019.02.21-18.05.08:362][  0]LogConfig: Setting CVar [[net.UseAdaptiveNetUpdateFrequency:0]]
[2019.02.21-18.05.08:362][  0]LogConfig: Applying CVar settings from Section [ConsoleVariables] File [D:/local code repos/unreal/unreal_udemy_course/03_building_escape/BuildingEscape/Saved/Config/Windows/Engine.ini]
[2019.02.21-18.05.08:365][  0]LogInit: Computer: DESKTOP-R8IGI29
[2019.02.21-18.05.08:365][  0]LogInit: User: abruc
[2019.02.21-18.05.08:365][  0]LogInit: CPU Page size=4096, Cores=4
[2019.02.21-18.05.08:365][  0]LogInit: High frequency timer resolution =10.000000 MHz
[2019.02.21-18.05.08:366][  0]LogMemory: Memory total: Physical=6.0GB (6GB approx)
[2019.02.21-18.05.08:366][  0]LogMemory: Platform Memory Stats for Windows
[2019.02.21-18.05.08:366][  0]LogMemory: Process Physical Memory: 102.13 MB used, 102.13 MB peak
[2019.02.21-18.05.08:366][  0]LogMemory: Process Virtual Memory: 91.56 MB used, 91.56 MB peak
[2019.02.21-18.05.08:366][  0]LogMemory: Physical Memory: 4249.17 MB used,  1850.64 MB free, 6099.81 MB total
[2019.02.21-18.05.08:366][  0]LogMemory: Virtual Memory: 4648.34 MB used,  134213080.00 MB free, 134217728.00 MB total
[2019.02.21-18.05.08:538][  0]LogInit: Using OS detected language (en-GB).
[2019.02.21-18.05.08:538][  0]LogInit: Using OS detected locale (en-GB).
[2019.02.21-18.05.08:561][  0]LogTextLocalizationManager: No specific localization for 'en-GB' exists, so the 'en' localization will be used.
[2019.02.21-18.05.09:898][  0]LogStreaming: Display: Took  1.360s to InitEngineTextLocalization.
[2019.02.21-18.05.09:898][  0]LogInit: Setting process to per monitor DPI aware
[2019.02.21-18.05.10:110][  0]LogSlate: New Slate User Created.  User Index 0, Is Virtual User: 0
[2019.02.21-18.05.10:110][  0]LogSlate: Slate User Registered.  User Index 0, Is Virtual User: 0
[2019.02.21-18.05.16:861][  0]LogHMD: Failed to initialize OpenVR with code 110
[2019.02.21-18.05.16:861][  0]LogD3D11RHI: D3D11 adapters:
[2019.02.21-18.05.16:898][  0]LogD3D11RHI:    0. 'AMD Radeon(TM) Vega 8 Graphics' (Feature Level 11_0)
[2019.02.21-18.05.16:898][  0]LogD3D11RHI:       2033/0/3049 MB DedicatedVideo/DedicatedSystem/SharedSystem, Outputs:2, VendorId:0x1002
[2019.02.21-18.05.16:905][  0]LogD3D11RHI:    1. 'Microsoft Basic Render Driver' (Feature Level 11_0)
[2019.02.21-18.05.16:905][  0]LogD3D11RHI:       0/0/3049 MB DedicatedVideo/DedicatedSystem/SharedSystem, Outputs:0, VendorId:0x1414
[2019.02.21-18.05.16:905][  0]LogD3D11RHI: Chosen D3D11 Adapter: 0
[2019.02.21-18.05.16:913][  0]LogD3D11RHI: Creating new Direct3DDevice
[2019.02.21-18.05.16:913][  0]LogD3D11RHI:     GPU DeviceId: 0x15dd (for the marketing name, search the web for "GPU Device Id")
[2019.02.21-18.05.16:913][  0]LogWindows: EnumDisplayDevices:
[2019.02.21-18.05.16:914][  0]LogWindows:    0. 'AMD Radeon(TM) Vega 8 Graphics' (P:0 D:1)
[2019.02.21-18.05.16:914][  0]LogWindows:    1. 'AMD Radeon(TM) Vega 8 Graphics' (P:1 D:1)
[2019.02.21-18.05.16:915][  0]LogWindows:    2. 'AMD Radeon(TM) Vega 8 Graphics' (P:0 D:0)
[2019.02.21-18.05.16:915][  0]LogWindows:    3. 'AMD Radeon(TM) Vega 8 Graphics' (P:0 D:0)
[2019.02.21-18.05.16:916][  0]LogWindows: DebugString: FoundDriverCount:4 
[2019.02.21-18.05.16:916][  0]LogD3D11RHI:     Adapter Name: AMD Radeon(TM) Vega 8 Graphics
[2019.02.21-18.05.16:916][  0]LogD3D11RHI:   Driver Version: Crimson ReLive 17.7 (internal:23.20.821.2560, unified:23.20.821.2560)
[2019.02.21-18.05.16:916][  0]LogD3D11RHI:      Driver Date: 7-26-2018
[2019.02.21-18.05.16:916][  0]LogRHI: Texture pool is 1423 MB (70% of 2033 MB)
[2019.02.21-18.05.16:961][  0]LogD3D11RHI: Async texture creation enabled
[2019.02.21-18.05.16:999][  0]LogD3D11RHI: GPU Timing Frequency: 25.000000 (Debug: 2 1)
[2019.02.21-18.05.19:868][  0]LogTemp: Display: Loaded TP AllDesktopTargetPlatform
[2019.02.21-18.05.19:885][  0]LogTemp: Display: Loaded TP MacClientTargetPlatform
[2019.02.21-18.05.19:901][  0]LogTemp: Display: Loaded TP MacNoEditorTargetPlatform
[2019.02.21-18.05.19:917][  0]LogTemp: Display: Loaded TP MacServerTargetPlatform
[2019.02.21-18.05.20:621][  0]LogTemp: Display: Loaded TP MacTargetPlatform
[2019.02.21-18.05.20:662][  0]LogTemp: Display: Loaded TP WindowsClientTargetPlatform
[2019.02.21-18.05.20:698][  0]LogTemp: Display: Loaded TP WindowsNoEditorTargetPlatform
[2019.02.21-18.05.20:722][  0]LogTemp: Display: Loaded TP WindowsServerTargetPlatform
[2019.02.21-18.05.21:035][  0]LogTemp: Display: Loaded TP WindowsTargetPlatform
[2019.02.21-18.05.21:250][  0]LogTemp: Display: Loaded TP AndroidTargetPlatform
[2019.02.21-18.05.21:250][  0]LogTemp: Display: Loaded TP AndroidTargetPlatform
[2019.02.21-18.05.21:250][  0]LogTemp: Display: Loaded TP AndroidTargetPlatform
[2019.02.21-18.05.21:250][  0]LogTemp: Display: Loaded TP AndroidTargetPlatform
[2019.02.21-18.05.21:250][  0]LogTemp: Display: Loaded TP AndroidTargetPlatform
[2019.02.21-18.05.21:250][  0]LogTemp: Display: Loaded TP AndroidTargetPlatform
[2019.02.21-18.05.21:250][  0]LogTemp: Display: Loaded TP AndroidTargetPlatform
[2019.02.21-18.05.21:250][  0]LogTemp: Display: Loaded TP AndroidTargetPlatform
[2019.02.21-18.05.21:250][  0]LogTemp: Display: Loaded TP AndroidTargetPlatform
[2019.02.21-18.05.21:250][  0]LogTemp: Display: Loaded TP AndroidTargetPlatform
[2019.02.21-18.05.21:250][  0]LogTemp: Display: Loaded TP AndroidTargetPlatform
[2019.02.21-18.05.21:250][  0]LogTemp: Display: Loaded TP AndroidTargetPlatform
[2019.02.21-18.05.21:250][  0]LogTemp: Display: Loaded TP AndroidTargetPlatform
[2019.02.21-18.05.21:250][  0]LogTemp: Display: Loaded TP AndroidTargetPlatform
[2019.02.21-18.05.21:250][  0]LogTemp: Display: Loaded TP AndroidTargetPlatform
[2019.02.21-18.05.21:250][  0]LogTemp: Display: Loaded TP AndroidTargetPlatform
[2019.02.21-18.05.21:250][  0]LogTemp: Display: Loaded TP AndroidTargetPlatform
[2019.02.21-18.05.21:250][  0]LogTemp: Display: Loaded TP AndroidTargetPlatform
[2019.02.21-18.05.21:267][  0]LogTemp: Display: Loaded TP HTML5TargetPlatform
[2019.02.21-18.05.21:450][  0]LogTemp: Display: Loaded TP IOSTargetPlatform
[2019.02.21-18.05.21:450][  0]LogTemp: Display: Loaded TP IOSTargetPlatform
[2019.02.21-18.05.21:493][  0]LogTemp: Display: Loaded TP TVOSTargetPlatform
[2019.02.21-18.05.21:493][  0]LogTemp: Display: Loaded TP TVOSTargetPlatform
[2019.02.21-18.05.21:513][  0]LogTemp: Display: Loaded TP LinuxClientTargetPlatform
[2019.02.21-18.05.21:543][  0]LogTemp: Display: Loaded TP LinuxNoEditorTargetPlatform
[2019.02.21-18.05.21:583][  0]LogTemp: Display: Loaded TP LinuxServerTargetPlatform
[2019.02.21-18.05.21:646][  0]LogTemp: Display: Loaded TP LinuxTargetPlatform
[2019.02.21-18.05.21:745][  0]LogTemp: Display: Loaded TP LuminTargetPlatform
[2019.02.21-18.05.21:745][  0]LogTemp: Display: Loaded TP LuminTargetPlatform
[2019.02.21-18.05.21:745][  0]LogTargetPlatformManager: Display: Building Assets For Windows
[2019.02.21-18.05.21:931][  0]LogShaderCompilers: Guid format shader working directory is -49 characters bigger than the processId version (../../../../../../local code repos/unreal/unreal_udemy_course/03_building_escape/BuildingEscape/Intermediate/Shaders/WorkingDirectory/3120/).
[2019.02.21-18.05.21:931][  0]LogShaderCompilers: Cleaned the shader compiler working directory 'C:/Users/abruc/AppData/Local/Temp/UnrealShaderWorkingDir/ECA7348A4F0F92973775A9A088A3C1C1/'.
[2019.02.21-18.05.21:947][  0]LogXGEController: Cleaning working directory: C:/Users/abruc/AppData/Local/Temp/UnrealXGEWorkingDir/
[2019.02.21-18.05.21:947][  0]LogXGEController: Cannot use XGE Controller as Incredibuild is not installed on this machine.
[2019.02.21-18.05.21:948][  0]LogShaderCompilers: Cannot use XGE Shader Compiler as Incredibuild is not installed on this machine.
[2019.02.21-18.05.21:948][  0]LogShaderCompilers: Display: Using Local Shader Compiler.
[2019.02.21-18.05.25:770][  0]LogDerivedDataCache: Display: Max Cache Size: 512 MB
[2019.02.21-18.05.26:198][  0]LogDerivedDataCache: Loaded boot cache 0.42s 71MB C:/Users/abruc/AppData/Local/UnrealEngine/4.21/DerivedDataCache/Boot.ddc.
[2019.02.21-18.05.26:198][  0]LogDerivedDataCache: Display: Loaded Boot cache: C:/Users/abruc/AppData/Local/UnrealEngine/4.21/DerivedDataCache/Boot.ddc
[2019.02.21-18.05.26:198][  0]LogDerivedDataCache: FDerivedDataBackendGraph:  Pak pak cache file ../../../../../../local code repos/unreal/unreal_udemy_course/03_building_escape/BuildingEscape/DerivedDataCache/DDC.ddp not found, will not use a pak cache.
[2019.02.21-18.05.26:198][  0]LogDerivedDataCache: Unable to find inner node Pak for hierarchical cache Hierarchy.
[2019.02.21-18.05.26:198][  0]LogDerivedDataCache: FDerivedDataBackendGraph:  CompressedPak pak cache file ../../../../../../local code repos/unreal/unreal_udemy_course/03_building_escape/BuildingEscape/DerivedDataCache/Compressed.ddp not found, will not use a pak cache.
[2019.02.21-18.05.26:198][  0]LogDerivedDataCache: Unable to find inner node CompressedPak for hierarchical cache Hierarchy.
[2019.02.21-18.05.26:233][  0]LogDerivedDataCache: Display: Pak cache opened for reading ../../../Engine/DerivedDataCache/Compressed.ddp.
[2019.02.21-18.05.26:233][  0]LogDerivedDataCache: FDerivedDataBackendGraph:  EnterprisePak pak cache file ../../../Enterprise/DerivedDataCache/Compressed.ddp not found, will not use a pak cache.
[2019.02.21-18.05.26:233][  0]LogDerivedDataCache: Unable to find inner node EnterprisePak for hierarchical cache Hierarchy.
[2019.02.21-18.05.26:246][  0]LogDerivedDataCache: Using Local data cache path C:/Users/abruc/AppData/Local/UnrealEngine/Common/DerivedDataCache: Writable
[2019.02.21-18.05.26:246][  0]LogDerivedDataCache: Shared data cache path not found in *engine.ini, will not use an Shared cache.
[2019.02.21-18.05.26:246][  0]LogDerivedDataCache: Unable to find inner node Shared for hierarchical cache Hierarchy.
[2019.02.21-18.05.26:289][  0]LogMaterial: Verifying Global Shaders for PCD3D_SM5
[2019.02.21-18.05.26:314][  0]LogSlate: Using FreeType 2.6.0
[2019.02.21-18.05.26:315][  0]LogSlate: SlateFontServices - WITH_FREETYPE: 1, WITH_HARFBUZZ: 1
[2019.02.21-18.05.26:631][  0]LogAssetRegistry: FAssetRegistry took 0.0402 seconds to start up
[2019.02.21-18.05.27:766][  0]LogInit: Selected Device Profile: [Windows]
[2019.02.21-18.05.28:278][  0]LogSimplygon: Simplygon DLL not present - disabling.
[2019.02.21-18.05.28:329][  0]LogMeshReduction: Using SimplygonSwarm for distributed automatic mesh merging
[2019.02.21-18.05.28:329][  0]LogMeshReduction: Using ProxyLODMeshReduction for automatic mesh merging
[2019.02.21-18.05.28:329][  0]LogMeshReduction: Using QuadricMeshReduction for automatic static mesh reduction
[2019.02.21-18.05.28:329][  0]LogMeshReduction: No automatic skeletal mesh reduction module available
[2019.02.21-18.05.28:380][  0]LogNetVersion: BuildingEscape 1.0.0, NetCL: 4541578, EngineNetVer: 5, GameNetVer: 0 (Checksum: 3852057107)
[2019.02.21-18.05.30:207][  0]LogPackageLocalizationCache: Processed 11 localized package path(s) for 2 prioritized culture(s) in 0.298529 seconds
[2019.02.21-18.05.30:217][  0]LogUObjectArray: 39775 objects as part of root set at end of initial load.
[2019.02.21-18.05.30:217][  0]LogUObjectAllocator: 6914664 out of 0 bytes used by permanent object pool.
[2019.02.21-18.05.30:217][  0]LogUObjectArray: CloseDisregardForGC: 0/0 objects in disregard for GC pool
[2019.02.21-18.05.42:442][  0]LogTcpMessaging: Initializing TcpMessaging bridge
[2019.02.21-18.05.42:465][  0]LogUdpMessaging: Initializing bridge on interface 0.0.0.0:0 to multicast group 230.0.0.1:6666.
[2019.02.21-18.05.44:086][  0]SourceControl: Source control is disabled
[2019.02.21-18.05.44:086][  0]SourceControl: Source control is disabled
[2019.02.21-18.05.44:117][  0]SourceControl: Source control is disabled
[2019.02.21-18.05.44:129][  0]SourceControl: Source control is disabled
[2019.02.21-18.05.44:883][  0]LogAndroidPermission: UAndroidPermissionCallbackProxy::GetInstance
[2019.02.21-18.05.45:166][  0]LogOcInput: OculusInput pre-init called
[2019.02.21-18.05.45:562][  0]LogEngine: Initializing Engine...
[2019.02.21-18.05.45:563][  0]LogHMD: Failed to initialize OpenVR with code 110
[2019.02.21-18.05.45:567][  0]LogStats: UGameplayTagsManager::ConstructGameplayTagTree: ImportINI prefixes -  0.000 s
[2019.02.21-18.05.45:567][  0]LogStats: UGameplayTagsManager::ConstructGameplayTagTree: Construct from data asset -  0.000 s
[2019.02.21-18.05.45:568][  0]LogStats: UGameplayTagsManager::ConstructGameplayTagTree: ImportINI -  0.000 s
[2019.02.21-18.05.45:568][  0]LogStats: UGameplayTagsManager::ConstructGameplayTagTree: GameplayTagTreeChangedEvent.Broadcast -  0.000 s
[2019.02.21-18.05.46:029][  0]LogInit: Initializing FReadOnlyCVARCache
[2019.02.21-18.05.46:090][  0]LogAIModule: Creating AISystem for world Untitled
[2019.02.21-18.05.46:137][  0]LogInit: XAudio2 using 'Speaker/Headphone (Realtek High Definition Audio)' : 2 channels at 48 kHz using 32 bits per sample (channel mask 0x3)
[2019.02.21-18.05.47:030][  0]LogInit: FAudioDevice initialized.
[2019.02.21-18.05.47:050][  0]LogNetVersion: Set ProjectVersion to 1.0.0.0. Version Checksum will be recalculated on next use.
[2019.02.21-18.05.47:288][  0]LogDerivedDataCache: Saved boot cache 0.24s 71MB C:/Users/abruc/AppData/Local/UnrealEngine/4.21/DerivedDataCache/Boot.ddc.
[2019.02.21-18.05.47:295][  0]LogInit: Texture streaming: Enabled
[2019.02.21-18.05.47:356][  0]LogEngineSessionManager: EngineSessionManager initialized
[2019.02.21-18.05.47:359][  0]LogEngineSessionManager: EngineSessionManager sent abnormal shutdown report. Type=Crashed, SessionId={0235AC0D-4B5E-366D-8157-6C9E87998319}
[2019.02.21-18.05.47:398][  0]LogInit: Transaction tracking system initialized
[2019.02.21-18.05.47:540][  0]BlueprintLog: New page: Editor Load
[2019.02.21-18.05.47:951][  0]LocalizationService: Localization service is disabled
[2019.02.21-18.05.49:371][  0]LogFileCache: Scanning file cache for directory 'D:/local code repos/unreal/unreal_udemy_course/03_building_escape/BuildingEscape/Content/' took 0.02s
[2019.02.21-18.05.49:371][  0]LogCook: Display: Max memory allowance for cook 16384mb min free memory 0mb
[2019.02.21-18.05.49:371][  0]LogCook: Display: Mobile HDR setting 1
[2019.02.21-18.05.49:371][  0]LogGameplayTags: Display: UGameplayTagsManager::DoneAddingNativeTags. DelegateIsBound: 0
[2019.02.21-18.05.49:371][  0]LogStats: UGameplayTagsManager::ConstructGameplayTagTree: ImportINI prefixes -  0.000 s
[2019.02.21-18.05.49:371][  0]LogStats: UGameplayTagsManager::ConstructGameplayTagTree: Construct from data asset -  0.000 s
[2019.02.21-18.05.49:372][  0]LogStats: UGameplayTagsManager::ConstructGameplayTagTree: ImportINI -  0.000 s
[2019.02.21-18.05.49:372][  0]LogStats: UGameplayTagsManager::ConstructGameplayTagTree: GameplayTagTreeChangedEvent.Broadcast -  0.000 s
[2019.02.21-18.05.50:410][  0]SourceControl: Source control is disabled
[2019.02.21-18.05.50:539][  0]LogSlate: Took 0.000534 seconds to synchronously load lazily loaded font '../../../Engine/Content/Slate/Fonts/Roboto-Regular.ttf' (155K)
[2019.02.21-18.07.39:900][  0]LogSlate: Window 'Restore Packages' being destroyed
[2019.02.21-18.07.39:901][  0]LogWindowsTextInputMethodSystem: Display: IME system now deactivated.
[2019.02.21-18.07.40:227][  0]LogWindowsTextInputMethodSystem: Display: IME system now deactivated.
[2019.02.21-18.07.45:328][  0]LogSlate: Window 'Unable to Check Out From Source Control!' being destroyed
[2019.02.21-18.07.45:328][  0]LogWindowsTextInputMethodSystem: Display: IME system now deactivated.
[2019.02.21-18.07.46:225][  0]LogWindowsTextInputMethodSystem: Display: IME system now deactivated.
[2019.02.21-18.07.46:228][  0]Cmd: MAP LOAD FILE="../../../../../../local code repos/unreal/unreal_udemy_course/03_building_escape/BuildingEscape/Content/NewMap.umap" TEMPLATE=0 SHOWPROGRESS=1 FEATURELEVEL=3
[2019.02.21-18.07.46:229][  0]LightingResults: New page: Lighting Build
[2019.02.21-18.07.46:243][  0]MapCheck: New page: Map Check
[2019.02.21-18.07.46:243][  0]LightingResults: New page: Lighting Build
[2019.02.21-18.07.47:437][  0]LogAIModule: Creating AISystem for world NewMap
[2019.02.21-18.07.47:475][  0]LogEditorServer: Finished looking for orphan Actors (0.001 secs)
[2019.02.21-18.07.47:516][  0]Cmd: MAP CHECKDEP NOCLEARLOG
[2019.02.21-18.07.47:517][  0]MapCheck: Map check complete: 0 Error(s), 0 Warning(s), took 1.191ms to complete.
[2019.02.21-18.07.47:518][  0]LogFileHelpers: Loading map 'NewMap' took 1.290
[2019.02.21-18.07.47:612][  0]LogCollectionManager: Loaded 0 collections in 0.001438 seconds
[2019.02.21-18.07.47:672][  0]LogFileCache: Scanning file cache for directory 'D:/local code repos/unreal/unreal_udemy_course/03_building_escape/BuildingEscape/Saved/Collections/' took 0.01s
[2019.02.21-18.07.47:672][  0]LogFileCache: Scanning file cache for directory 'D:/local code repos/unreal/unreal_udemy_course/03_building_escape/BuildingEscape/Content/Developers/abruc/Collections/' took 0.00s
[2019.02.21-18.07.47:672][  0]LogFileCache: Scanning file cache for directory 'D:/local code repos/unreal/unreal_udemy_course/03_building_escape/BuildingEscape/Content/Collections/' took 0.00s
[2019.02.21-18.07.47:672][  0]LogCollectionManager: Rebuilt the GUID cache for 0 collections in 0.000000 seconds
[2019.02.21-18.07.47:699][  0]LogContentBrowser: Native class hierarchy populated in 0.0264 seconds. Added 2654 classes and 622 folders.
[2019.02.21-18.07.47:732][  0]LogContentBrowser: Native class hierarchy updated for 'WidgetCarousel' in 0.0008 seconds. Added 0 classes and 0 folders.
[2019.02.21-18.07.47:781][  0]LogPakFile: Registered encryption key '00000000000000000000000000000000': 0 pak files mounted, 0 remain pending
[2019.02.21-18.07.47:829][  0]LogPakFile: Registered encryption key '00000000000000000000000000000000': 0 pak files mounted, 0 remain pending
[2019.02.21-18.07.47:896][  0]LogPakFile: Registered encryption key '00000000000000000000000000000000': 0 pak files mounted, 0 remain pending
[2019.02.21-18.07.47:912][  0]LogPakFile: Registered encryption key '00000000000000000000000000000000': 0 pak files mounted, 0 remain pending
[2019.02.21-18.07.47:928][  0]LogPakFile: Registered encryption key '00000000000000000000000000000000': 0 pak files mounted, 0 remain pending
[2019.02.21-18.07.47:944][  0]LogPakFile: Registered encryption key '00000000000000000000000000000000': 0 pak files mounted, 0 remain pending
[2019.02.21-18.07.47:959][  0]LogPakFile: Registered encryption key '00000000000000000000000000000000': 0 pak files mounted, 0 remain pending
[2019.02.21-18.07.47:975][  0]LogPakFile: Registered encryption key '00000000000000000000000000000000': 0 pak files mounted, 0 remain pending
[2019.02.21-18.07.47:992][  0]LogPakFile: Registered encryption key '00000000000000000000000000000000': 0 pak files mounted, 0 remain pending
[2019.02.21-18.07.48:018][  0]LogPakFile: Registered encryption key '00000000000000000000000000000000': 0 pak files mounted, 0 remain pending
[2019.02.21-18.07.48:033][  0]LogPakFile: Registered encryption key '00000000000000000000000000000000': 0 pak files mounted, 0 remain pending
[2019.02.21-18.07.48:048][  0]LogPakFile: Registered encryption key '00000000000000000000000000000000': 0 pak files mounted, 0 remain pending
[2019.02.21-18.07.48:066][  0]LogPakFile: Registered encryption key '00000000000000000000000000000000': 0 pak files mounted, 0 remain pending
[2019.02.21-18.07.48:083][  0]LogPakFile: Registered encryption key '00000000000000000000000000000000': 0 pak files mounted, 0 remain pending
[2019.02.21-18.07.48:099][  0]LogPakFile: Registered encryption key '00000000000000000000000000000000': 0 pak files mounted, 0 remain pending
[2019.02.21-18.07.48:115][  0]LogPakFile: Registered encryption key '00000000000000000000000000000000': 0 pak files mounted, 0 remain pending
[2019.02.21-18.07.48:198][  0]LogPakFile: Registered encryption key '00000000000000000000000000000000': 0 pak files mounted, 0 remain pending
[2019.02.21-18.07.48:215][  0]LogPakFile: Registered encryption key '00000000000000000000000000000000': 0 pak files mounted, 0 remain pending
[2019.02.21-18.07.48:232][  0]LogPakFile: Registered encryption key '00000000000000000000000000000000': 0 pak files mounted, 0 remain pending
[2019.02.21-18.07.48:247][  0]LogPakFile: Registered encryption key '00000000000000000000000000000000': 0 pak files mounted, 0 remain pending
[2019.02.21-18.07.48:341][  0]LogPakFile: Registered encryption key '00000000000000000000000000000000': 0 pak files mounted, 0 remain pending
[2019.02.21-18.07.48:359][  0]LogPakFile: Registered encryption key '00000000000000000000000000000000': 0 pak files mounted, 0 remain pending
[2019.02.21-18.07.48:374][  0]LogPakFile: Registered encryption key '00000000000000000000000000000000': 0 pak files mounted, 0 remain pending
[2019.02.21-18.07.48:392][  0]LogPakFile: Registered encryption key '00000000000000000000000000000000': 0 pak files mounted, 0 remain pending
[2019.02.21-18.07.48:408][  0]LogPakFile: Registered encryption key '00000000000000000000000000000000': 0 pak files mounted, 0 remain pending
[2019.02.21-18.07.48:425][  0]LogPakFile: Registered encryption key '00000000000000000000000000000000': 0 pak files mounted, 0 remain pending
[2019.02.21-18.07.49:280][  0]LogContentBrowser: Native class hierarchy updated for 'AddContentDialog' in 0.0013 seconds. Added 0 classes and 0 folders.
[2019.02.21-18.07.49:304][  0]LogContentBrowser: Native class hierarchy updated for 'SceneOutliner' in 0.0012 seconds. Added 1 classes and 2 folders.
[2019.02.21-18.07.49:530][  0]LogSlate: Updating window title bar state: overlay mode, drag disabled, window buttons hidden, title bar hidden
[2019.02.21-18.07.49:550][  0]LogSlate: Updating window title bar state: overlay mode, drag disabled, window buttons hidden, title bar hidden
[2019.02.21-18.07.49:571][  0]LogSlate: Updating window title bar state: overlay mode, drag disabled, window buttons hidden, title bar hidden
[2019.02.21-18.07.49:594][  0]LogSlate: Updating window title bar state: overlay mode, drag disabled, window buttons hidden, title bar hidden
[2019.02.21-18.07.49:638][  0]LogSlate: Took 0.025082 seconds to synchronously load lazily loaded font '../../../Engine/Content/Editor/Slate/Fonts/FontAwesome.ttf' (139K)
[2019.02.21-18.07.49:639][  0]LogSlate: Took 0.000435 seconds to synchronously load lazily loaded font '../../../Engine/Content/Slate/Fonts/Roboto-Bold.ttf' (160K)
[2019.02.21-18.07.49:777][  0]LogRenderer: Reallocating scene render targets to support 1524x924 Format 10 NumSamples 1 (Frame:1).
[2019.02.21-18.07.50:070][  0]LogContentBrowser: Native class hierarchy updated for 'HierarchicalLODOutliner' in 0.0011 seconds. Added 0 classes and 0 folders.
[2019.02.21-18.07.50:070][  0]LogLoad: (Engine Initialization) Total time: 170.07 seconds
[2019.02.21-18.07.50:071][  0]LogLoad: (Engine Initialization) Total Blueprint compile time: 0.00 seconds
[2019.02.21-18.07.50:189][  0]LogContentStreaming: Texture pool size now 1000 MB
[2019.02.21-18.07.50:363][  2]LogAssetRegistry: Asset discovery search completed in 143.7554 seconds
[2019.02.21-18.07.50:368][  2]LogCollectionManager: Rebuilt the object cache for 0 collections in 0.000001 seconds (found 0 objects)
[2019.02.21-18.07.50:368][  2]LogCollectionManager: Fixed up redirectors for 0 collections in 0.000243 seconds (updated 0 objects)
[2019.02.21-18.07.54:982][147]LogSlate: FSceneViewport::OnFocusLost() reason 0
[2019.02.21-18.07.55:385][149]LogSlate: Took 0.026270 seconds to synchronously load lazily loaded font '../../../Engine/Content/Slate/Fonts/Roboto-Light.ttf' (167K)
[2019.02.21-18.07.55:713][149]LogSavePackage: Moving '../../../../../../local code repos/unreal/unreal_udemy_course/03_building_escape/BuildingEscape/Saved/NewMap42EF6B0F485F6AB38C3561BE5CF1FE44.tmp' to '../../../../../../local code repos/unreal/unreal_udemy_course/03_building_escape/BuildingEscape/Content/NewMap.umap'
[2019.02.21-18.07.55:821][149]Cmd: OBJ SAVEPACKAGE PACKAGE="/Game/NewMap_BuiltData" FILE="../../../../../../local code repos/unreal/unreal_udemy_course/03_building_escape/BuildingEscape/Content/NewMap_BuiltData.uasset" SILENT=true
[2019.02.21-18.07.55:882][149]LogSavePackage: Moving '../../../../../../local code repos/unreal/unreal_udemy_course/03_building_escape/BuildingEscape/Saved/NewMap_BuiltDataE03CA04943B283B76A95F6A133845EDA.tmp' to '../../../../../../local code repos/unreal/unreal_udemy_course/03_building_escape/BuildingEscape/Content/NewMap_BuiltData.uasset'
[2019.02.21-18.08.04:222][404]LogSlate: FSceneViewport::OnFocusLost() reason 0
[2019.02.21-18.08.04:260][405]LogTemp: Repeating last play command: Selected Viewport
[2019.02.21-18.08.04:284][405]LogBlueprintUserMessages: Early PlayInEditor Detection: Level '/Game/NewMap.NewMap:PersistentLevel' has LevelScriptBlueprint '/Game/NewMap.NewMap:PersistentLevel.NewMap' with GeneratedClass '/Game/NewMap.NewMap_C' with ClassGeneratedBy '/Game/NewMap.NewMap:PersistentLevel.NewMap'
[2019.02.21-18.08.04:284][405]LogPlayLevel: PlayLevel: No blueprints needed recompiling
[2019.02.21-18.08.04:285][405]PIE: New page: PIE session: NewMap (21 Feb 2019 18:08:04)
[2019.02.21-18.08.04:298][405]LogPlayLevel: Creating play world package: /Game/UEDPIE_0_NewMap
[2019.02.21-18.08.04:303][405]LogPlayLevel: PIE: StaticDuplicateObject took: (0.005037s)
[2019.02.21-18.08.04:304][405]LogAIModule: Creating AISystem for world NewMap
[2019.02.21-18.08.04:304][405]LogPlayLevel: PIE: World Init took: (0.001024s)
[2019.02.21-18.08.04:304][405]LogPlayLevel: PIE: Created PIE world by copying editor world from /Game/NewMap.NewMap to /Game/UEDPIE_0_NewMap.NewMap (0.006442s)
[2019.02.21-18.08.04:367][405]LogInit: XAudio2 using 'Speaker/Headphone (Realtek High Definition Audio)' : 2 channels at 48 kHz using 32 bits per sample (channel mask 0x3)
[2019.02.21-18.08.04:392][405]LogInit: FAudioDevice initialized.
[2019.02.21-18.08.04:441][405]LogUObjectGlobals: Warning: Failed to find object 'Class /Script/BuildingEscape.BuildingEscapeGameMode'
[2019.02.21-18.08.04:441][405]LogLoad: Game class is 'GameModeBase'
[2019.02.21-18.08.04:446][405]LogWorld: Bringing World /Game/UEDPIE_0_NewMap.NewMap up for play (max tick rate 60) at 2019.02.21-18.08.04
[2019.02.21-18.08.04:446][405]LogWorld: Bringing up level for play took: 0.001829
[2019.02.21-18.08.04:535][405]LogContentBrowser: Native class hierarchy updated for 'MovieSceneCapture' in 0.0013 seconds. Added 20 classes and 0 folders.
[2019.02.21-18.08.04:537][405]LogTemp: Warning: SM_Chair_2 is at X=7.570 Y=-139.871 Z=20.063
[2019.02.21-18.08.04:537][405]LogTemp: Warning: SM_TableRound_6 is at X=110.000 Y=-140.000 Z=20.000
[2019.02.21-18.08.04:537][405]LogTemp: Warning: SM_Chair2_10 is at X=150.000 Y=-230.000 Z=20.000
[2019.02.21-18.08.04:537][405]PIE: Warning: Mobility of /Game/UEDPIE_0_NewMap.NewMap:PersistentLevel.SM_Door_5 : StaticMeshComponent0 has to be 'Movable' if you'd like to move. 
[2019.02.21-18.08.04:538][405]PIE: Play in editor start time for /Game/UEDPIE_0_NewMap 0.44
[2019.02.21-18.08.04:538][405]LogBlueprintUserMessages: Late PlayInEditor Detection: Level '/Game/NewMap.NewMap:PersistentLevel' has LevelScriptBlueprint '/Game/NewMap.NewMap:PersistentLevel.NewMap' with GeneratedClass '/Game/NewMap.NewMap_C' with ClassGeneratedBy '/Game/NewMap.NewMap:PersistentLevel.NewMap'
[2019.02.21-18.08.09:744][590]LogBlueprintUserMessages: Early EndPlayMap Detection: Level '/Game/NewMap.NewMap:PersistentLevel' has LevelScriptBlueprint '/Game/NewMap.NewMap:PersistentLevel.NewMap' with GeneratedClass '/Game/NewMap.NewMap_C' with ClassGeneratedBy '/Game/NewMap.NewMap:PersistentLevel.NewMap'
[2019.02.21-18.08.09:745][590]LogSlate: Updating window title bar state: overlay mode, drag disabled, window buttons hidden, title bar hidden
[2019.02.21-18.08.09:811][590]LogPlayLevel: Display: Shutting down PIE online subsystems
[2019.02.21-18.08.09:811][590]LogBlueprintUserMessages: Late EndPlayMap Detection: Level '/Game/NewMap.NewMap:PersistentLevel' has LevelScriptBlueprint '/Game/NewMap.NewMap:PersistentLevel.NewMap' with GeneratedClass '/Game/NewMap.NewMap_C' with ClassGeneratedBy '/Game/NewMap.NewMap:PersistentLevel.NewMap'
[2019.02.21-18.08.09:852][590]LogSlate: Updating window title bar state: overlay mode, drag disabled, window buttons hidden, title bar hidden
[2019.02.21-18.08.09:863][590]LogSlate: FSceneViewport::OnFocusLost() reason 2
[2019.02.21-18.08.09:950][591]LogPlayLevel: Display: Destroying online subsystem :Context_1
[2019.02.21-18.10.10:616][538]LogSlate: Window 'Message Log' being destroyed
[2019.02.21-18.10.10:626][538]LogSlate: Window 'Message Log' being destroyed
[2019.02.21-18.10.11:932][576]LogEditorViewport: Clicking on Actor (LMB): StaticMeshActor (SM_Door)
[2019.02.21-18.10.18:186][719]LogSlate: FSceneViewport::OnFocusLost() reason 0
[2019.02.21-18.10.25:886][840]LogSavePackage: Moving '../../../../../../local code repos/unreal/unreal_udemy_course/03_building_escape/BuildingEscape/Saved/NewMapC0548BF34B10E0C62C94D0B442167AB6.tmp' to '../../../../../../local code repos/unreal/unreal_udemy_course/03_building_escape/BuildingEscape/Content/NewMap.umap'
[2019.02.21-18.10.25:940][840]Cmd: OBJ SAVEPACKAGE PACKAGE="/Game/NewMap_BuiltData" FILE="../../../../../../local code repos/unreal/unreal_udemy_course/03_building_escape/BuildingEscape/Content/NewMap_BuiltData.uasset" SILENT=true
[2019.02.21-18.10.25:973][840]LogSavePackage: Moving '../../../../../../local code repos/unreal/unreal_udemy_course/03_building_escape/BuildingEscape/Saved/NewMap_BuiltData92A4C6504142EBA3B1BA5BA8018A2A39.tmp' to '../../../../../../local code repos/unreal/unreal_udemy_course/03_building_escape/BuildingEscape/Content/NewMap_BuiltData.uasset'
[2019.02.21-18.10.27:210][872]LogTemp: Repeating last play command: Selected Viewport
[2019.02.21-18.10.27:242][872]LogBlueprintUserMessages: Early PlayInEditor Detection: Level '/Game/NewMap.NewMap:PersistentLevel' has LevelScriptBlueprint '/Game/NewMap.NewMap:PersistentLevel.NewMap' with GeneratedClass '/Game/NewMap.NewMap_C' with ClassGeneratedBy '/Game/NewMap.NewMap:PersistentLevel.NewMap'
[2019.02.21-18.10.27:242][872]LogPlayLevel: PlayLevel: No blueprints needed recompiling
[2019.02.21-18.10.27:243][872]PIE: New page: PIE session: NewMap (21 Feb 2019 18:10:27)
[2019.02.21-18.10.27:243][872]LogPlayLevel: Creating play world package: /Game/UEDPIE_0_NewMap
[2019.02.21-18.10.27:250][872]LogPlayLevel: PIE: StaticDuplicateObject took: (0.007186s)
[2019.02.21-18.10.27:251][872]LogAIModule: Creating AISystem for world NewMap
[2019.02.21-18.10.27:252][872]LogPlayLevel: PIE: World Init took: (0.001101s)
[2019.02.21-18.10.27:252][872]LogPlayLevel: PIE: Created PIE world by copying editor world from /Game/NewMap.NewMap to /Game/UEDPIE_0_NewMap.NewMap (0.008562s)
[2019.02.21-18.10.27:384][872]LogInit: XAudio2 using 'Speaker/Headphone (Realtek High Definition Audio)' : 2 channels at 48 kHz using 32 bits per sample (channel mask 0x3)
[2019.02.21-18.10.27:416][872]LogInit: FAudioDevice initialized.
[2019.02.21-18.10.27:469][872]LogLoad: Game class is 'GameModeBase'
[2019.02.21-18.10.27:473][872]LogWorld: Bringing World /Game/UEDPIE_0_NewMap.NewMap up for play (max tick rate 60) at 2019.02.21-18.10.27
[2019.02.21-18.10.27:473][872]LogWorld: Bringing up level for play took: 0.001840
[2019.02.21-18.10.27:488][872]LogTemp: Warning: SM_Chair_2 is at X=7.570 Y=-139.871 Z=20.063
[2019.02.21-18.10.27:488][872]LogTemp: Warning: SM_TableRound_6 is at X=110.000 Y=-140.000 Z=20.000
[2019.02.21-18.10.27:488][872]LogTemp: Warning: SM_Chair2_10 is at X=150.000 Y=-230.000 Z=20.000
[2019.02.21-18.10.27:504][872]PIE: Play in editor start time for /Game/UEDPIE_0_NewMap -0.594
[2019.02.21-18.10.27:505][872]LogBlueprintUserMessages: Late PlayInEditor Detection: Level '/Game/NewMap.NewMap:PersistentLevel' has LevelScriptBlueprint '/Game/NewMap.NewMap:PersistentLevel.NewMap' with GeneratedClass '/Game/NewMap.NewMap_C' with ClassGeneratedBy '/Game/NewMap.NewMap:PersistentLevel.NewMap'
[2019.02.21-18.10.33:877][ 73]LogBlueprintUserMessages: Early EndPlayMap Detection: Level '/Game/NewMap.NewMap:PersistentLevel' has LevelScriptBlueprint '/Game/NewMap.NewMap:PersistentLevel.NewMap' with GeneratedClass '/Game/NewMap.NewMap_C' with ClassGeneratedBy '/Game/NewMap.NewMap:PersistentLevel.NewMap'
[2019.02.21-18.10.33:878][ 73]LogSlate: Updating window title bar state: overlay mode, drag disabled, window buttons hidden, title bar hidden
[2019.02.21-18.10.33:949][ 73]LogPlayLevel: Display: Shutting down PIE online subsystems
[2019.02.21-18.10.33:950][ 73]LogBlueprintUserMessages: Late EndPlayMap Detection: Level '/Game/NewMap.NewMap:PersistentLevel' has LevelScriptBlueprint '/Game/NewMap.NewMap:PersistentLevel.NewMap' with GeneratedClass '/Game/NewMap.NewMap_C' with ClassGeneratedBy '/Game/NewMap.NewMap:PersistentLevel.NewMap'
[2019.02.21-18.10.33:981][ 73]LogSlate: Updating window title bar state: overlay mode, drag disabled, window buttons hidden, title bar hidden
[2019.02.21-18.10.34:046][ 74]LogPlayLevel: Display: Destroying online subsystem :Context_4
[2019.02.21-18.10.37:767][173]LogSlate: FSceneViewport::OnFocusLost() reason 0
[2019.02.21-18.10.39:276][212]LogEditorViewport: Clicking on Actor (LMB): StaticMeshActor (SM_Door)
[2019.02.21-18.15.01:459][473]LogSlate: FSceneViewport::OnFocusLost() reason 0
[2019.02.21-18.15.01:860][475]LogSlate: Window 'BuildingEscape - Unreal Editor' being destroyed
[2019.02.21-18.15.01:863][475]LogWindowsTextInputMethodSystem: Display: IME system now deactivated.
[2019.02.21-18.15.02:411][476]Cmd: QUIT_EDITOR
[2019.02.21-18.15.03:159][476]LogExit: Preparing to exit.
[2019.02.21-18.15.04:443][476]LogExit: Editor shut down
[2019.02.21-18.15.04:444][476]LogExit: Transaction tracking system shut down
[2019.02.21-18.15.05:824][476]LogExit: Object subsystem successfully closed.
[2019.02.21-18.15.05:970][476]LogShaderCompilers: Display: Shaders left to compile 0
[2019.02.21-18.15.05:984][476]LogD3D11RHI: Shutdown
[2019.02.21-18.15.05:984][476]LogD3D11RHI: CleanupD3DDevice
[2019.02.21-18.15.06:030][476]LogD3D11RHI: ~FD3D11DynamicRHI
[2019.02.21-18.15.06:753][476]LogModuleManager: Shutting down and abandoning module MovieSceneCapture (628)
[2019.02.21-18.15.06:753][476]LogModuleManager: Shutting down and abandoning module Voice (626)
[2019.02.21-18.15.06:763][476]LogModuleManager: Shutting down and abandoning module HierarchicalLODOutliner (624)
[2019.02.21-18.15.06:763][476]LogModuleManager: Shutting down and abandoning module SceneOutliner (622)
[2019.02.21-18.15.06:766][476]LogModuleManager: Shutting down and abandoning module AddContentDialog (620)
[2019.02.21-18.15.06:777][476]LogModuleManager: Shutting down and abandoning module WidgetCarousel (619)
[2019.02.21-18.15.06:778][476]LogModuleManager: Shutting down and abandoning module EditorWidgets (616)
[2019.02.21-18.15.06:778][476]LogModuleManager: Shutting down and abandoning module CollectionManager (614)
[2019.02.21-18.15.06:791][476]LogModuleManager: Shutting down and abandoning module StatsViewer (612)
[2019.02.21-18.15.06:798][476]LogModuleManager: Shutting down and abandoning module FoliageEdit (610)
[2019.02.21-18.15.06:799][476]LogModuleManager: Shutting down and abandoning module LandscapeEditor (608)
[2019.02.21-18.15.06:829][476]LogModuleManager: Shutting down and abandoning module MeshPaintMode (606)
[2019.02.21-18.15.06:830][476]LogModuleManager: Shutting down and abandoning module SceneDepthPickerMode (604)
[2019.02.21-18.15.06:830][476]LogModuleManager: Shutting down and abandoning module ActorPickerMode (602)
[2019.02.21-18.15.06:830][476]LogModuleManager: Shutting down and abandoning module GeometryMode (600)
[2019.02.21-18.15.06:830][476]LogModuleManager: Shutting down and abandoning module TextureAlignMode (598)
[2019.02.21-18.15.06:830][476]LogModuleManager: Shutting down and abandoning module BspMode (596)
[2019.02.21-18.15.06:830][476]LogModuleManager: Shutting down and abandoning module PIEPreviewDeviceProfileSelector (594)
[2019.02.21-18.15.06:839][476]LogModuleManager: Shutting down and abandoning module SequenceRecorderSections (592)
[2019.02.21-18.15.06:849][476]LogModuleManager: Shutting down and abandoning module AutomationWorker (590)
[2019.02.21-18.15.06:849][476]LogModuleManager: Shutting down and abandoning module AudioCaptureEditor (588)
[2019.02.21-18.15.06:849][476]LogModuleManager: Shutting down and abandoning module MatineeToLevelSequence (586)
[2019.02.21-18.15.06:857][476]LogModuleManager: Shutting down and abandoning module LevelSequenceEditor (584)
[2019.02.21-18.15.06:874][476]LogModuleManager: Shutting down and abandoning module PlacementMode (583)
[2019.02.21-18.15.06:874][476]LogModuleManager: Shutting down and abandoning module MaterialEditor (582)
[2019.02.21-18.15.06:896][476]LogModuleManager: Shutting down and abandoning module WmfMediaFactory (578)
[2019.02.21-18.15.06:896][476]LogModuleManager: Shutting down and abandoning module WmfMediaEditor (576)
[2019.02.21-18.15.06:896][476]LogModuleManager: Shutting down and abandoning module WebMMediaFactory (574)
[2019.02.21-18.15.06:896][476]LogModuleManager: Shutting down and abandoning module WebMMediaEditor (572)
[2019.02.21-18.15.06:896][476]LogModuleManager: Shutting down and abandoning module WebMMedia (570)
[2019.02.21-18.15.06:907][476]LogModuleManager: Shutting down and abandoning module MediaPlayerEditor (568)
[2019.02.21-18.15.06:910][476]LogModuleManager: Shutting down and abandoning module MediaCompositingEditor (566)
[2019.02.21-18.15.06:922][476]LogModuleManager: Shutting down and abandoning module SequenceRecorder (565)
[2019.02.21-18.15.06:924][476]LogModuleManager: Shutting down and abandoning module OpenExrWrapper (562)
[2019.02.21-18.15.06:925][476]LogModuleManager: Shutting down and abandoning module ImgMediaFactory (560)
[2019.02.21-18.15.06:925][476]LogModuleManager: Shutting down and abandoning module ImgMediaEditor (558)
[2019.02.21-18.15.06:925][476]LogModuleManager: Shutting down and abandoning module AvfMediaFactory (556)
[2019.02.21-18.15.06:925][476]LogModuleManager: Shutting down and abandoning module AvfMediaEditor (554)
[2019.02.21-18.15.06:925][476]LogModuleManager: Shutting down and abandoning module AndroidMediaFactory (552)
[2019.02.21-18.15.06:925][476]LogModuleManager: Shutting down and abandoning module AndroidMediaEditor (550)
[2019.02.21-18.15.06:925][476]LogModuleManager: Shutting down and abandoning module MagicLeapCameraPreviewFactory (548)
[2019.02.21-18.15.06:925][476]LogModuleManager: Shutting down and abandoning module MagicLeapMediaFactory (546)
[2019.02.21-18.15.06:925][476]LogModuleManager: Shutting down and abandoning module MagicLeapMediaEditor (544)
[2019.02.21-18.15.06:925][476]LogModuleManager: Shutting down and abandoning module CharacterAI (542)
[2019.02.21-18.15.06:925][476]LogModuleManager: Shutting down and abandoning module SmartSnapping (540)
[2019.02.21-18.15.06:925][476]LogModuleManager: Shutting down and abandoning module SessionServices (538)
[2019.02.21-18.15.06:925][476]LogModuleManager: Shutting down and abandoning module ViewportSnapping (536)
[2019.02.21-18.15.06:925][476]LogModuleManager: Shutting down and abandoning module ViewportInteraction (534)
[2019.02.21-18.15.06:925][476]LogModuleManager: Shutting down and abandoning module ClothPainter (532)
[2019.02.21-18.15.06:938][476]LogModuleManager: Shutting down and abandoning module SkeletalMeshEditor (531)
[2019.02.21-18.15.06:944][476]LogModuleManager: Shutting down and abandoning module LogVisualizer (528)
[2019.02.21-18.15.06:954][476]LogModuleManager: Shutting down and abandoning module IntroTutorials (526)
[2019.02.21-18.15.06:979][476]LogModuleManager: Shutting down and abandoning module GameProjectGeneration (525)
[2019.02.21-18.15.06:988][476]LogModuleManager: Shutting down and abandoning module LuminPlatformEditor (522)
[2019.02.21-18.15.06:988][476]LogModuleManager: Shutting down and abandoning module IOSPlatformEditor (520)
[2019.02.21-18.15.06:988][476]LogModuleManager: Shutting down and abandoning module HTML5PlatformEditor (518)
[2019.02.21-18.15.06:988][476]LogModuleManager: Shutting down and abandoning module AndroidPlatformEditor (516)
[2019.02.21-18.15.06:988][476]LogModuleManager: Shutting down and abandoning module AndroidDeviceDetection (515)
[2019.02.21-18.15.07:808][476]LogModuleManager: Shutting down and abandoning module WindowsPlatformEditor (512)
[2019.02.21-18.15.07:809][476]LogModuleManager: Shutting down and abandoning module LuminRuntimeSettings (510)
[2019.02.21-18.15.07:809][476]LogModuleManager: Shutting down and abandoning module IOSRuntimeSettings (508)
[2019.02.21-18.15.07:809][476]LogModuleManager: Shutting down and abandoning module AndroidRuntimeSettings (506)
[2019.02.21-18.15.07:809][476]LogModuleManager: Shutting down and abandoning module TimeManagementEditor (504)
[2019.02.21-18.15.07:809][476]LogModuleManager: Shutting down and abandoning module InputBindingEditor (502)
[2019.02.21-18.15.07:894][476]LogModuleManager: Shutting down and abandoning module MergeActors (500)
[2019.02.21-18.15.08:223][476]LogModuleManager: Shutting down and abandoning module LocalizationDashboard (498)
[2019.02.21-18.15.08:504][476]LogModuleManager: Shutting down and abandoning module LocalizationService (497)
[2019.02.21-18.15.08:598][476]LogModuleManager: Shutting down and abandoning module HardwareTargeting (494)
[2019.02.21-18.15.08:598][476]LogModuleManager: Shutting down and abandoning module DeviceProfileEditor (492)
[2019.02.21-18.15.08:684][476]LogModuleManager: Shutting down and abandoning module UndoHistory (490)
[2019.02.21-18.15.08:715][476]LogModuleManager: Shutting down and abandoning module XmlParser (488)
[2019.02.21-18.15.08:715][476]LogModuleManager: Shutting down and abandoning module Blutility (486)
[2019.02.21-18.15.08:776][476]LogModuleManager: Shutting down and abandoning module ProjectSettingsViewer (484)
[2019.02.21-18.15.08:776][476]LogModuleManager: Shutting down and abandoning module ProjectTargetPlatformEditor (483)
[2019.02.21-18.15.08:776][476]LogModuleManager: Shutting down and abandoning module EditorSettingsViewer (480)
[2019.02.21-18.15.08:776][476]LogModuleManager: Shutting down and abandoning module SettingsEditor (478)
[2019.02.21-18.15.08:828][476]LogModuleManager: Shutting down and abandoning module ProjectLauncher (476)
[2019.02.21-18.15.08:834][476]LogModuleManager: Shutting down and abandoning module SessionFrontend (474)
[2019.02.21-18.15.08:842][476]LogModuleManager: Shutting down and abandoning module ProfilerClient (472)
[2019.02.21-18.15.08:852][476]LogModuleManager: Shutting down and abandoning module DeviceManager (470)
[2019.02.21-18.15.08:861][476]LogModuleManager: Shutting down and abandoning module TargetDeviceServices (469)
[2019.02.21-18.15.08:927][476]LogModuleManager: Shutting down and abandoning module AutomationController (466)
[2019.02.21-18.15.08:941][476]LogModuleManager: Shutting down and abandoning module AutomationWindow (464)
[2019.02.21-18.15.08:951][476]LogModuleManager: Shutting down and abandoning module Layers (462)
[2019.02.21-18.15.08:962][476]LogModuleManager: Shutting down and abandoning module ComponentVisualizers (460)
[2019.02.21-18.15.08:962][476]LogModuleManager: Shutting down and abandoning module DetailCustomizations (458)
[2019.02.21-18.15.08:971][476]LogModuleManager: Shutting down and abandoning module PackagesDialog (456)
[2019.02.21-18.15.08:972][476]LogModuleManager: Shutting down and abandoning module Persona (454)
[2019.02.21-18.15.08:983][476]LogModuleManager: Shutting down and abandoning module AdvancedPreviewScene (453)
[2019.02.21-18.15.08:983][476]LogModuleManager: Shutting down and abandoning module AnimGraph (451)
[2019.02.21-18.15.08:992][476]LogModuleManager: Shutting down and abandoning module Kismet (448)
[2019.02.21-18.15.09:015][476]LogModuleManager: Shutting down and abandoning module GraphEditor (446)
[2019.02.21-18.15.09:044][476]LogModuleManager: Shutting down and abandoning module ClassViewer (444)
[2019.02.21-18.15.09:044][476]LogModuleManager: Shutting down and abandoning module Toolbox (442)
[2019.02.21-18.15.09:044][476]LogModuleManager: Shutting down and abandoning module DesktopPlatform (441)
[2019.02.21-18.15.09:051][476]LogModuleManager: Shutting down and abandoning module ModuleUI (438)
[2019.02.21-18.15.09:056][476]LogModuleManager: Shutting down and abandoning module MovieSceneTools (436)
[2019.02.21-18.15.09:056][476]LogModuleManager: Shutting down and abandoning module OutputLog (434)
[2019.02.21-18.15.09:056][476]LogModuleManager: Shutting down and abandoning module GammaUI (432)
[2019.02.21-18.15.09:058][476]LogModuleManager: Shutting down and abandoning module Documentation (430)
[2019.02.21-18.15.09:058][476]LogModuleManager: Shutting down and abandoning module MovieSceneTracks (428)
[2019.02.21-18.15.09:058][476]LogModuleManager: Shutting down and abandoning module MovieScene (426)
[2019.02.21-18.15.09:064][476]LogModuleManager: Shutting down and abandoning module StreamingPauseRendering (424)
[2019.02.21-18.15.09:065][476]LogModuleManager: Shutting down and abandoning module LauncherPlatform (422)
[2019.02.21-18.15.09:065][476]LogModuleManager: Shutting down and abandoning module AnalyticsET (420)
[2019.02.21-18.15.09:066][476]LogModuleManager: Shutting down and abandoning module PortalServices (418)
[2019.02.21-18.15.09:066][476]LogModuleManager: Shutting down and abandoning module PortalRpc (416)
[2019.02.21-18.15.09:066][476]LogModuleManager: Shutting down and abandoning module MessagingRpc (414)
[2019.02.21-18.15.09:066][476]LogModuleManager: Shutting down and abandoning module AIModule (412)
[2019.02.21-18.15.09:072][476]LogModuleManager: Shutting down and abandoning module GameplayDebugger (411)
[2019.02.21-18.15.09:072][476]LogModuleManager: Shutting down and abandoning module AITestSuite (409)
[2019.02.21-18.15.09:076][476]LogModuleManager: Shutting down and abandoning module NavigationSystem (407)
[2019.02.21-18.15.09:076][476]LogModuleManager: Shutting down and abandoning module ImageWriteQueue (404)
[2019.02.21-18.15.09:082][476]LogModuleManager: Shutting down and abandoning module ProfilerService (402)
[2019.02.21-18.15.09:172][476]LogModuleManager: Shutting down and abandoning module TaskGraph (400)
[2019.02.21-18.15.09:180][476]LogModuleManager: Shutting down and abandoning module SteamVRController (398)
[2019.02.21-18.15.09:180][476]LogModuleManager: Shutting down and abandoning module ProceduralMeshComponentEditor (396)
[2019.02.21-18.15.09:180][476]LogModuleManager: Shutting down and abandoning module ProceduralMeshComponent (394)
[2019.02.21-18.15.09:186][476]LogModuleManager: Shutting down and abandoning module OculusInput (392)
[2019.02.21-18.15.09:186][476]LogModuleManager: Shutting down and abandoning module MobilePatchingUtils (390)
[2019.02.21-18.15.09:186][476]LogModuleManager: Shutting down and abandoning module EditableMesh (388)
[2019.02.21-18.15.09:192][476]LogModuleManager: Shutting down and abandoning module CustomMeshComponent (386)
[2019.02.21-18.15.09:192][476]LogModuleManager: Shutting down and abandoning module CableComponent (384)
[2019.02.21-18.15.09:199][476]LogModuleManager: Shutting down and abandoning module AudioCapture (382)
[2019.02.21-18.15.09:199][476]LogModuleManager: Shutting down and abandoning module ArchVisCharacter (380)
[2019.02.21-18.15.09:199][476]LogModuleManager: Shutting down and abandoning module AndroidPermission (378)
[2019.02.21-18.15.09:199][476]LogModuleManager: Shutting down and abandoning module NUTUnrealEngine4 (376)
[2019.02.21-18.15.09:204][476]LogModuleManager: Shutting down and abandoning module NetcodeUnitTest (374)
[2019.02.21-18.15.09:222][476]LogModuleManager: Shutting down and abandoning module MediaCompositing (372)
[2019.02.21-18.15.09:222][476]LogModuleManager: Shutting down and abandoning module LinearTimecode (370)
[2019.02.21-18.15.09:222][476]LogModuleManager: Shutting down and abandoning module ImgMedia (368)
[2019.02.21-18.15.09:231][476]LogModuleManager: Shutting down and abandoning module HTML5Networking (366)
[2019.02.21-18.15.09:231][476]LogModuleManager: Shutting down and abandoning module GeometryCacheTracks (364)
[2019.02.21-18.15.09:231][476]LogModuleManager: Shutting down and abandoning module GeometryCacheSequencer (362)
[2019.02.21-18.15.09:231][476]LogModuleManager: Shutting down and abandoning module BackChannel (360)
[2019.02.21-18.15.09:244][476]LogModuleManager: Shutting down and abandoning module AppleVision (358)
[2019.02.21-18.15.09:244][476]LogModuleManager: Shutting down and abandoning module AppleImageUtilsBlueprintSupport (356)
[2019.02.21-18.15.09:244][476]LogModuleManager: Shutting down and abandoning module AppleImageUtils (354)
[2019.02.21-18.15.09:244][476]LogModuleManager: Shutting down and abandoning module AlembicImporter (352)
[2019.02.21-18.15.09:244][476]LogModuleManager: Shutting down and abandoning module AlembicLibrary (351)
[2019.02.21-18.15.09:244][476]LogModuleManager: Shutting down and abandoning module GeometryCache (350)
[2019.02.21-18.15.09:244][476]LogModuleManager: Shutting down and abandoning module GeometryCacheEd (349)
[2019.02.21-18.15.09:244][476]LogModuleManager: Shutting down and abandoning module VariantManagerContent (344)
[2019.02.21-18.15.09:244][476]LogModuleManager: Shutting down and abandoning module DatasmithContentEditor (342)
[2019.02.21-18.15.09:245][476]LogModuleManager: Shutting down and abandoning module SpeedTreeImporter (340)
[2019.02.21-18.15.09:245][476]LogModuleManager: Shutting down and abandoning module PluginBrowser (338)
[2019.02.21-18.15.09:261][476]LogModuleManager: Shutting down and abandoning module MobileLauncherProfileWizard (336)
[2019.02.21-18.15.09:271][476]LogModuleManager: Shutting down and abandoning module PolygonModeling (334)
[2019.02.21-18.15.09:272][476]LogModuleManager: Shutting down and abandoning module MeshEditor (332)
[2019.02.21-18.15.09:278][476]LogModuleManager: Shutting down and abandoning module CryptoKeysOpenSSL (330)
[2019.02.21-18.15.09:290][476]LogModuleManager: Shutting down and abandoning module CryptoKeys (328)
[2019.02.21-18.15.09:290][476]LogModuleManager: Shutting down and abandoning module VisualStudioSourceCodeAccess (326)
[2019.02.21-18.15.09:290][476]LogModuleManager: Shutting down and abandoning module VisualStudioCodeSourceCodeAccess (324)
[2019.02.21-18.15.09:290][476]LogModuleManager: Shutting down and abandoning module UObjectPlugin (322)
[2019.02.21-18.15.09:290][476]LogModuleManager: Shutting down and abandoning module SubversionSourceControl (320)
[2019.02.21-18.15.09:301][476]LogModuleManager: Shutting down and abandoning module PerforceSourceControl (318)
[2019.02.21-18.15.09:313][476]LogModuleManager: Shutting down and abandoning module GitSourceControl (316)
[2019.02.21-18.15.09:331][476]LogModuleManager: Shutting down and abandoning module SourceControl (315)
[2019.02.21-18.15.09:331][476]LogModuleManager: Shutting down and abandoning module CLionSourceCodeAccess (312)
[2019.02.21-18.15.09:335][476]LogModuleManager: Shutting down and abandoning module ActorLayerUtilitiesEditor (310)
[2019.02.21-18.15.09:335][476]LogModuleManager: Shutting down and abandoning module ActorLayerUtilities (308)
[2019.02.21-18.15.09:335][476]LogModuleManager: Shutting down and abandoning module LightPropagationVolumeEditor (306)
[2019.02.21-18.15.09:335][476]LogModuleManager: Shutting down and abandoning module PaperTiledImporter (304)
[2019.02.21-18.15.09:335][476]LogModuleManager: Shutting down and abandoning module PaperSpriteSheetImporter (302)
[2019.02.21-18.15.09:335][476]LogModuleManager: Shutting down and abandoning module Paper2DEditor (300)
[2019.02.21-18.15.09:345][476]LogModuleManager: Shutting down and abandoning module MeshPaint (299)
[2019.02.21-18.15.09:351][476]LogModuleManager: Shutting down and abandoning module BuildingEscape (296)
[2019.02.21-18.15.09:351][476]LogModuleManager: Shutting down and abandoning module RuntimePhysXCooking (294)
[2019.02.21-18.15.09:351][476]LogModuleManager: Shutting down and abandoning module PhysXVehiclesEditor (292)
[2019.02.21-18.15.09:351][476]LogModuleManager: Shutting down and abandoning module PhysXVehicles (290)
[2019.02.21-18.15.09:351][476]LogModuleManager: Shutting down and abandoning module OculusEditor (288)
[2019.02.21-18.15.09:357][476]LogModuleManager: Shutting down and abandoning module LocationServicesBPLibrary (286)
[2019.02.21-18.15.09:358][476]LogModuleManager: Shutting down and abandoning module ActorSequence (284)
[2019.02.21-18.15.09:358][476]LogModuleManager: Shutting down and abandoning module UdpMessaging (282)
[2019.02.21-18.15.09:459][476]LogModuleManager: Shutting down and abandoning module TcpMessaging (280)
[2019.02.21-18.15.09:564][476]LogModuleManager: Shutting down and abandoning module MagicLeapAudio (278)
[2019.02.21-18.15.09:564][476]LogModuleManager: Shutting down and abandoning module GameplayTagsEditor (276)
[2019.02.21-18.15.09:575][476]LogModuleManager: Shutting down and abandoning module FacialAnimationEditor (274)
[2019.02.21-18.15.09:576][476]LogModuleManager: Shutting down and abandoning module FacialAnimation (272)
[2019.02.21-18.15.09:576][476]LogModuleManager: Shutting down and abandoning module DataValidation (270)
[2019.02.21-18.15.09:576][476]LogModuleManager: Shutting down and abandoning module AssetManagerEditor (268)
[2019.02.21-18.15.09:592][476]LogModuleManager: Shutting down and abandoning module LevelEditor (267)
[2019.02.21-18.15.09:596][476]LogModuleManager: Shutting down and abandoning module PixelInspectorModule (266)
[2019.02.21-18.15.09:606][476]LogModuleManager: Shutting down and abandoning module CommonMenuExtensions (264)
[2019.02.21-18.15.09:607][476]LogModuleManager: Shutting down and abandoning module MainFrame (262)
[2019.02.21-18.15.09:607][476]LogModuleManager: Shutting down and abandoning module HotReload (261)
[2019.02.21-18.15.09:620][476]LogModuleManager: Shutting down and abandoning module ContentBrowser (257)
[2019.02.21-18.15.09:621][476]LogModuleManager: Shutting down and abandoning module TreeMap (255)
[2019.02.21-18.15.09:628][476]LogModuleManager: Shutting down and abandoning module LightPropagationVolumeRuntime (252)
[2019.02.21-18.15.09:628][476]LogModuleManager: Shutting down and abandoning module AISupportModule (250)
[2019.02.21-18.15.09:628][476]LogModuleManager: Shutting down and abandoning module Paper2D (248)
[2019.02.21-18.15.09:640][476]LogModuleManager: Shutting down and abandoning module WindowsMoviePlayer (246)
[2019.02.21-18.15.09:644][476]LogModuleManager: Shutting down and abandoning module WebMMoviePlayer (244)
[2019.02.21-18.15.09:645][476]LogModuleManager: Shutting down and abandoning module WmfMedia (242)
[2019.02.21-18.15.09:658][476]LogModuleManager: Shutting down and abandoning module Media (241)
[2019.02.21-18.15.09:667][476]LogModuleManager: Shutting down and abandoning module PacketHandler (238)
[2019.02.21-18.15.09:667][476]LogModuleManager: Shutting down and abandoning module ClothingSystemEditor (236)
[2019.02.21-18.15.09:667][476]LogModuleManager: Shutting down and abandoning module ClothingSystemRuntime (234)
[2019.02.21-18.15.09:684][476]LogModuleManager: Shutting down and abandoning module MediaAssets (232)
[2019.02.21-18.15.09:684][476]LogModuleManager: Shutting down and abandoning module Overlay (230)
[2019.02.21-18.15.09:684][476]LogModuleManager: Shutting down and abandoning module OverlayEditor (229)
[2019.02.21-18.15.09:684][476]LogModuleManager: Shutting down and abandoning module VREditor (226)
[2019.02.21-18.15.09:696][476]LogModuleManager: Shutting down and abandoning module StringTableEditor (224)
[2019.02.21-18.15.09:705][476]LogModuleManager: Shutting down and abandoning module GameplayTasksEditor (222)
[2019.02.21-18.15.09:705][476]LogModuleManager: Shutting down and abandoning module BehaviorTreeEditor (220)
[2019.02.21-18.15.09:716][476]LogModuleManager: Shutting down and abandoning module FunctionalTesting (218)
[2019.02.21-18.15.09:722][476]LogModuleManager: Shutting down and abandoning module CollisionAnalyzer (216)
[2019.02.21-18.15.09:728][476]LogModuleManager: Shutting down and abandoning module WorkspaceMenuStructure (215)
[2019.02.21-18.15.09:728][476]LogModuleManager: Shutting down and abandoning module UMG (212)
[2019.02.21-18.15.09:733][476]LogModuleManager: Shutting down and abandoning module UMGEditor (211)
[2019.02.21-18.15.09:761][476]LogModuleManager: Shutting down and abandoning module Sequencer (210)
[2019.02.21-18.15.09:798][476]LogModuleManager: Shutting down and abandoning module MessageLog (207)
[2019.02.21-18.15.09:798][476]LogModuleManager: Shutting down and abandoning module SlateReflector (202)
[2019.02.21-18.15.09:817][476]LogModuleManager: Shutting down and abandoning module Slate (200)
[2019.02.21-18.15.09:817][476]LogModuleManager: Shutting down and abandoning module EditorStyle (198)
[2019.02.21-18.15.09:821][476]LogModuleManager: Shutting down and abandoning module MRMesh (196)
[2019.02.21-18.15.09:829][476]LogModuleManager: Shutting down and abandoning module SourceCodeAccess (194)
[2019.02.21-18.15.09:829][476]LogModuleManager: Shutting down and abandoning module HeadMountedDisplay (192)
[2019.02.21-18.15.09:829][476]LogModuleManager: Shutting down and abandoning module XAudio2 (190)
[2019.02.21-18.15.09:829][476]LogModuleManager: Shutting down and abandoning module Networking (188)
[2019.02.21-18.15.09:829][476]LogModuleManager: Shutting down and abandoning module Core (186)
[2019.02.21-18.15.09:829][476]LogModuleManager: Shutting down and abandoning module LevelSequence (184)
[2019.02.21-18.15.09:829][476]LogModuleManager: Shutting down and abandoning module KismetCompiler (182)
[2019.02.21-18.15.09:829][476]LogModuleManager: Shutting down and abandoning module MeshUtilities (180)
[2019.02.21-18.15.09:835][476]LogModuleManager: Shutting down and abandoning module MeshMergeUtilities (179)
[2019.02.21-18.15.09:844][476]LogModuleManager: Shutting down and abandoning module MeshReductionInterface (178)
[2019.02.21-18.15.09:844][476]LogModuleManager: Shutting down and abandoning module SimplygonSwarm (177)
[2019.02.21-18.15.09:848][476]LogModuleManager: Shutting down and abandoning module ProxyLODMeshReduction (175)
[2019.02.21-18.15.09:863][476]LogModuleManager: Shutting down and abandoning module SimplygonMeshReduction (173)
[2019.02.21-18.15.09:863][476]LogModuleManager: Shutting down and abandoning module QuadricMeshReduction (171)
[2019.02.21-18.15.09:876][476]LogModuleManager: Shutting down and abandoning module MaterialBaking (167)
[2019.02.21-18.15.09:882][476]LogModuleManager: Shutting down and abandoning module DirectoryWatcher (163)
[2019.02.21-18.15.09:882][476]LogModuleManager: Shutting down and abandoning module DerivedDataCache (160)
[2019.02.21-18.15.09:955][476]LogDerivedDataCache: Shutdown
[2019.02.21-18.15.09:955][476]LogModuleManager: Shutting down and abandoning module XGEController (158)
[2019.02.21-18.15.09:961][476]LogXGEController: Cleaning working directory: C:/Users/abruc/AppData/Local/Temp/UnrealXGEWorkingDir/
[2019.02.21-18.15.09:962][476]LogModuleManager: Shutting down and abandoning module TargetPlatform (156)
[2019.02.21-18.15.09:962][476]LogModuleManager: Shutting down and abandoning module VulkanShaderFormat (155)
[2019.02.21-18.15.09:972][476]LogModuleManager: Shutting down and abandoning module ShaderFormatVectorVM (153)
[2019.02.21-18.15.09:982][476]LogModuleManager: Shutting down and abandoning module ShaderFormatOpenGL (151)
[2019.02.21-18.15.09:989][476]LogModuleManager: Shutting down and abandoning module ShaderFormatD3D (149)
[2019.02.21-18.15.09:989][476]LogModuleManager: Shutting down and abandoning module MetalShaderFormat (147)
[2019.02.21-18.15.09:999][476]LogModuleManager: Shutting down and abandoning module TextureFormatUncompressed (145)
[2019.02.21-18.15.09:999][476]LogModuleManager: Shutting down and abandoning module TextureFormatPVR (143)
[2019.02.21-18.15.09:999][476]LogModuleManager: Shutting down and abandoning module TextureFormatDXT (141)
[2019.02.21-18.15.10:001][476]LogModuleManager: Shutting down and abandoning module TextureFormatIntelISPCTexComp (139)
[2019.02.21-18.15.10:002][476]LogModuleManager: Shutting down and abandoning module TextureFormatASTC (137)
[2019.02.21-18.15.10:002][476]LogModuleManager: Shutting down and abandoning module ImageWrapper (136)
[2019.02.21-18.15.10:002][476]LogModuleManager: Shutting down and abandoning module TextureFormatAndroid (133)
[2019.02.21-18.15.10:002][476]LogModuleManager: Shutting down and abandoning module AudioFormatOpus (131)
[2019.02.21-18.15.10:002][476]LogModuleManager: Shutting down and abandoning module AudioFormatOgg (129)
[2019.02.21-18.15.10:002][476]LogModuleManager: Shutting down and abandoning module AudioFormatADPCM (127)
[2019.02.21-18.15.10:002][476]LogModuleManager: Shutting down and abandoning module LuminTargetPlatform (125)
[2019.02.21-18.15.10:011][476]LogModuleManager: Shutting down and abandoning module LinuxTargetPlatform (123)
[2019.02.21-18.15.10:011][476]LogModuleManager: Shutting down and abandoning module LinuxServerTargetPlatform (121)
[2019.02.21-18.15.10:011][476]LogModuleManager: Shutting down and abandoning module LinuxNoEditorTargetPlatform (119)
[2019.02.21-18.15.10:011][476]LogModuleManager: Shutting down and abandoning module LinuxClientTargetPlatform (117)
[2019.02.21-18.15.10:011][476]LogModuleManager: Shutting down and abandoning module TVOSTargetPlatform (115)
[2019.02.21-18.15.10:017][476]LogModuleManager: Shutting down and abandoning module Messaging (113)
[2019.02.21-18.15.10:017][476]LogModuleManager: Shutting down and abandoning module IOSTargetPlatform (111)
[2019.02.21-18.15.10:018][476]LogModuleManager: Shutting down and abandoning module HTML5TargetPlatform (109)
[2019.02.21-18.15.10:018][476]LogModuleManager: Shutting down and abandoning module AndroidTargetPlatform (107)
[2019.02.21-18.15.10:027][476]LogModuleManager: Shutting down and abandoning module WindowsTargetPlatform (105)
[2019.02.21-18.15.10:027][476]LogModuleManager: Shutting down and abandoning module WindowsServerTargetPlatform (103)
[2019.02.21-18.15.10:027][476]LogModuleManager: Shutting down and abandoning module WindowsNoEditorTargetPlatform (101)
[2019.02.21-18.15.10:027][476]LogModuleManager: Shutting down and abandoning module WindowsClientTargetPlatform (99)
[2019.02.21-18.15.10:027][476]LogModuleManager: Shutting down and abandoning module MacTargetPlatform (97)
[2019.02.21-18.15.10:027][476]LogModuleManager: Shutting down and abandoning module MacServerTargetPlatform (95)
[2019.02.21-18.15.10:027][476]LogModuleManager: Shutting down and abandoning module MacNoEditorTargetPlatform (93)
[2019.02.21-18.15.10:027][476]LogModuleManager: Shutting down and abandoning module MacClientTargetPlatform (91)
[2019.02.21-18.15.10:027][476]LogModuleManager: Shutting down and abandoning module AllDesktopTargetPlatform (89)
[2019.02.21-18.15.10:027][476]LogModuleManager: Shutting down and abandoning module InputCore (86)
[2019.02.21-18.15.10:027][476]LogModuleManager: Shutting down and abandoning module Settings (84)
[2019.02.21-18.15.10:027][476]LogModuleManager: Shutting down and abandoning module PhysXCooking (82)
[2019.02.21-18.15.10:027][476]LogModuleManager: Shutting down and abandoning module SteamVR (80)
[2019.02.21-18.15.10:038][476]LogHMD: Freeing OpenVRDLLHandle.
[2019.02.21-18.15.10:039][476]LogModuleManager: Shutting down and abandoning module OculusHMD (78)
[2019.02.21-18.15.10:039][476]LogModuleManager: Shutting down and abandoning module ExampleDeviceProfileSelector (76)
[2019.02.21-18.15.10:039][476]LogModuleManager: Shutting down and abandoning module LauncherChunkInstaller (74)
[2019.02.21-18.15.10:039][476]LogModuleManager: Shutting down and abandoning module OnlineBlueprintSupport (72)
[2019.02.21-18.15.10:039][476]LogModuleManager: Shutting down and abandoning module OnlineSubsystem (68)
[2019.02.21-18.15.10:050][476]LogModuleManager: Shutting down and abandoning module XMPP (63)
[2019.02.21-18.15.10:070][476]LogModuleManager: Shutting down and abandoning module WebSockets (62)
[2019.02.21-18.15.10:099][476]LogModuleManager: Shutting down and abandoning module HTTP (59)
[2019.02.21-18.15.10:100][476]LogHttp: Display: Http module shutting down, but needs to wait on 1 outstanding Http requests:
[2019.02.21-18.15.10:100][476]LogHttp: Display: 	verb=[POST] url=[https://datarouter.ol.epicgames.com/datarouter/api/v1/public/data?SessionID=%7B162AA680-4D03-45A9-69FB-6DBF3AD09E78%7D&AppID=UEEditor.Rocket.Release&AppVersion=4.21.2-4753647%2B%2B%2BUE4%2BRelease-4.21&UserID=e148df4f4d448548a870c8a4e7959224%7C89f7c54d67804d919541877525590255%7C3d03b0f9-7fc8-4fc7-92a3-59cf9f085c82&AppEnvironment=datacollector-binary&UploadType=eteventstream] status=Processing
[2019.02.21-18.15.10:116][476]LogModuleManager: Shutting down and abandoning module SSL (58)
[2019.02.21-18.15.10:121][476]LogModuleManager: Shutting down and abandoning module MagicLeapIdentity (54)
[2019.02.21-18.15.10:121][476]LogModuleManager: Shutting down and abandoning module MagicLeapHelperVulkan (52)
[2019.02.21-18.15.10:121][476]LogModuleManager: Shutting down and abandoning module MagicLeapHelperOpenGL (50)
[2019.02.21-18.15.10:121][476]LogModuleManager: Shutting down and abandoning module MagicLeapSecureStorage (48)
[2019.02.21-18.15.10:121][476]LogModuleManager: Shutting down and abandoning module MagicLeapHandTracking (46)
[2019.02.21-18.15.10:121][476]LogModuleManager: Shutting down and abandoning module MagicLeapEyeTracker (44)
[2019.02.21-18.15.10:121][476]LogModuleManager: Shutting down and abandoning module MagicLeapController (42)
[2019.02.21-18.15.10:122][476]LogSlate: Slate User Destroyed.  User Index 0, Is Virtual User: 0
[2019.02.21-18.15.10:122][476]LogModuleManager: Shutting down and abandoning module MagicLeap (40)
[2019.02.21-18.15.10:140][476]LogModuleManager: Shutting down and abandoning module DatasmithContent (38)
[2019.02.21-18.15.10:142][476]LogModuleManager: Shutting down and abandoning module AnimationModifiers (36)
[2019.02.21-18.15.10:159][476]LogModuleManager: Shutting down and abandoning module PropertyEditor (35)
[2019.02.21-18.15.10:166][476]LogModuleManager: Shutting down and abandoning module AudioEditor (32)
[2019.02.21-18.15.10:191][476]LogModuleManager: Shutting down and abandoning module TextureCompressor (30)
[2019.02.21-18.15.10:202][476]LogModuleManager: Shutting down and abandoning module ShaderCore (28)
[2019.02.21-18.15.10:202][476]LogModuleManager: Shutting down and abandoning module Landscape (26)
[2019.02.21-18.15.10:202][476]LogModuleManager: Shutting down and abandoning module SlateRHIRenderer (24)
[2019.02.21-18.15.10:209][476]LogModuleManager: Shutting down and abandoning module OpenGLDrv (22)
[2019.02.21-18.15.10:216][476]LogModuleManager: Shutting down and abandoning module D3D11RHI (20)
[2019.02.21-18.15.10:216][476]LogModuleManager: Shutting down and abandoning module AnimGraphRuntime (18)
[2019.02.21-18.15.10:222][476]LogModuleManager: Shutting down and abandoning module Renderer (16)
[2019.02.21-18.15.10:222][476]LogModuleManager: Shutting down and abandoning module Engine (14)
[2019.02.21-18.15.10:222][476]LogModuleManager: Shutting down and abandoning module CoreUObject (12)
[2019.02.21-18.15.10:222][476]LogModuleManager: Shutting down and abandoning module NetworkFile (10)
[2019.02.21-18.15.10:231][476]LogModuleManager: Shutting down and abandoning module CookedIterativeFile (8)
[2019.02.21-18.15.10:231][476]LogModuleManager: Shutting down and abandoning module StreamingFile (6)
[2019.02.21-18.15.10:232][476]LogModuleManager: Shutting down and abandoning module SandboxFile (4)
[2019.02.21-18.15.10:232][476]LogModuleManager: Shutting down and abandoning module PakFile (2)
[2019.02.21-18.15.10:259][476]LogExit: Exiting.
[2019.02.21-18.15.10:282][476]Log file closed, 02/21/19 18:15:10
