Log file open, 02/21/19 18:13:58
LogWindows: Failed to load 'aqProf.dll' (GetLastError=126)
LogWindows: File 'aqProf.dll' does not exist
LogWindows: Failed to load 'VtuneApi.dll' (GetLastError=126)
LogWindows: File 'VtuneApi.dll' does not exist
LogWindows: Failed to load 'VtuneApi32e.dll' (GetLastError=126)
LogWindows: File 'VtuneApi32e.dll' does not exist
LogConsoleResponse: Display: Failed to find resolution value strings in scalability ini. Falling back to default.
LogInit: Display: Running engine for game: BuildingEscape
LogPakFile: Registered encryption key '00000000000000000000000000000000': 0 pak files mounted, 0 remain pending
LogPlatformFile: Not using cached read wrapper
LogTaskGraph: Started task graph with 5 named threads and 23 total threads with 3 sets of task threads.
LogStats: Stats thread started at 0.611819
LogD3D11RHI: Loaded GFSDK_Aftermath_Lib.x64.dll
LogICUInternationalization: ICU TimeZone Detection - Raw Offset: +0:00, Platform Override: ''
LogPluginManager: Mounting plugin Paper2D
LogPluginManager: Mounting plugin AISupport
LogPluginManager: Mounting plugin LightPropagationVolume
LogPluginManager: Mounting plugin ActorLayerUtilities
LogPluginManager: Mounting plugin CLionSourceCodeAccess
LogPluginManager: Mounting plugin CodeLiteSourceCodeAccess
LogPluginManager: Mounting plugin GitSourceControl
LogPluginManager: Mounting plugin KDevelopSourceCodeAccess
LogPluginManager: Mounting plugin NullSourceCodeAccess
LogPluginManager: Mounting plugin PerforceSourceControl
LogPluginManager: Mounting plugin SubversionSourceControl
LogPluginManager: Mounting plugin UObjectPlugin
LogPluginManager: Mounting plugin VisualStudioCodeSourceCodeAccess
LogPluginManager: Mounting plugin VisualStudioSourceCodeAccess
LogPluginManager: Mounting plugin XCodeSourceCodeAccess
LogPluginManager: Mounting plugin AssetManagerEditor
LogPluginManager: Mounting plugin CryptoKeys
LogPluginManager: Mounting plugin DataValidation
LogPluginManager: Mounting plugin FacialAnimation
LogPluginManager: Mounting plugin GameplayTagsEditor
LogPluginManager: Mounting plugin MacGraphicsSwitching
LogPluginManager: Mounting plugin MeshEditor
LogPluginManager: Mounting plugin MobileLauncherProfileWizard
LogPluginManager: Mounting plugin PluginBrowser
LogPluginManager: Mounting plugin SpeedTreeImporter
LogPluginManager: Mounting plugin DatasmithContent
LogPluginManager: Mounting plugin VariantManagerContent
LogPluginManager: Mounting plugin AlembicImporter
LogPluginManager: Mounting plugin AppleImageUtils
LogPluginManager: Mounting plugin AppleVision
LogPluginManager: Mounting plugin BackChannel
LogPluginManager: Mounting plugin CharacterAI
LogPluginManager: Mounting plugin GeometryCache
LogPluginManager: Mounting plugin HTML5Networking
LogPluginManager: Mounting plugin ProxyLODPlugin
LogPluginManager: Mounting plugin MagicLeap
LogPluginManager: Mounting plugin MagicLeapMedia
LogPluginManager: Mounting plugin AndroidMedia
LogPluginManager: Mounting plugin AvfMedia
LogPluginManager: Mounting plugin ImgMedia
LogPluginManager: Mounting plugin LinearTimecode
LogPluginManager: Mounting plugin MediaCompositing
LogPluginManager: Mounting plugin MediaPlayerEditor
LogPluginManager: Mounting plugin WebMMedia
LogPluginManager: Mounting plugin WmfMedia
LogPluginManager: Mounting plugin TcpMessaging
LogPluginManager: Mounting plugin UdpMessaging
LogPluginManager: Mounting plugin ActorSequence
LogPluginManager: Mounting plugin LevelSequenceEditor
LogPluginManager: Mounting plugin MatineeToLevelSequence
LogPluginManager: Mounting plugin NetcodeUnitTest
LogPluginManager: Mounting plugin NUTUnrealEngine4
LogPluginManager: Mounting plugin OnlineSubsystemGooglePlay
LogPluginManager: Mounting plugin OnlineSubsystemIOS
LogPluginManager: Mounting plugin OnlineSubsystem
LogPluginManager: Mounting plugin OnlineSubsystemNull
LogPluginManager: Mounting plugin OnlineSubsystemUtils
LogPluginManager: Mounting plugin LauncherChunkInstaller
LogPluginManager: Mounting plugin AndroidDeviceProfileSelector
LogPluginManager: Mounting plugin AndroidMoviePlayer
LogPluginManager: Mounting plugin AndroidPermission
LogPluginManager: Mounting plugin AppleMoviePlayer
LogPluginManager: Mounting plugin ArchVisCharacter
LogPluginManager: Mounting plugin AudioCapture
LogPluginManager: Mounting plugin CableComponent
LogPluginManager: Mounting plugin CustomMeshComponent
LogPluginManager: Mounting plugin EditableMesh
LogPluginManager: Mounting plugin ExampleDeviceProfileSelector
LogPluginManager: Mounting plugin Firebase
LogPluginManager: Mounting plugin GoogleCloudMessaging
LogPluginManager: Mounting plugin IOSDeviceProfileSelector
LogPluginManager: Mounting plugin LinuxDeviceProfileSelector
LogPluginManager: Mounting plugin LocationServicesBPLibrary
LogPluginManager: Mounting plugin MobilePatchingUtils
LogPluginManager: Mounting plugin OculusVR
LogPluginManager: Mounting plugin PhysXVehicles
LogPluginManager: Mounting plugin ProceduralMeshComponent
LogPluginManager: Mounting plugin RuntimePhysXCooking
LogPluginManager: Mounting plugin SteamVR
LogPluginManager: Mounting plugin WebMMoviePlayer
LogPluginManager: Mounting plugin WindowsMoviePlayer
LogStreaming: Display: Took  0.341s to configure plugins.
LogInit: Using libcurl 7.55.1-DEV
LogInit:  - built for x86_64-pc-win32
LogInit:  - supports SSL with OpenSSL/1.0.2h
LogInit:  - supports HTTP deflate (compression) using libz 1.2.8
LogInit:  - other features:
LogInit:      CURL_VERSION_SSL
LogInit:      CURL_VERSION_LIBZ
LogInit:      CURL_VERSION_IPV6
LogInit:      CURL_VERSION_ASYNCHDNS
LogInit:      CURL_VERSION_LARGEFILE
LogInit:      CURL_VERSION_IDN
LogInit:  CurlRequestOptions (configurable via config and command line):
LogInit:  - bVerifyPeer = true  - Libcurl will verify peer certificate
LogInit:  - bUseHttpProxy = false  - Libcurl will NOT use HTTP proxy
LogInit:  - bDontReuseConnections = false  - Libcurl will reuse connections
LogInit:  - MaxHostConnections = 16  - Libcurl will limit the number of connections to a host
LogInit:  - LocalHostAddr = Default
LogInit:  - BufferSize = 65536
LogInit: WinSock: version 1.1 (2.2), MaxSocks=32767, MaxUdp=65467
LogInit: Build: ++UE4+Release-4.21-CL-4753647
LogInit: Engine Version: 4.21.2-4753647+++UE4+Release-4.21
LogInit: Compatible Engine Version: 4.21.0-4541578+++UE4+Release-4.21
LogInit: Net CL: 4541578
LogInit: OS: Windows 10 (), CPU: AMD Ryzen 5 2500U with Radeon Vega Mobile Gfx  , GPU: AMD Radeon(TM) Vega 8 Graphics
LogInit: Compiled (64-bit): Jan 19 2019 02:07:31
LogInit: Compiled with Visual C++: 19.13.26129.00
LogInit: Build Configuration: Development
LogInit: Branch Name: ++UE4+Release-4.21
LogInit: Command Line:  -skipcompile
LogInit: Base Directory: D:/applications/unreal engine/UE_4.21/Engine/Binaries/Win64/
LogInit: Installed Engine Build: 1
LogDevObjectVersion: Number of dev versions registered: 22
LogDevObjectVersion:   Dev-Blueprints (B0D832E4-1F89-4F0D-ACCF-7EB736FD4AA2): 10
LogDevObjectVersion:   Dev-Build (E1C64328-A22C-4D53-A36C-8E866417BD8C): 0
LogDevObjectVersion:   Dev-Core (375EC13C-06E4-48FB-B500-84F0262A717E): 2
LogDevObjectVersion:   Dev-Editor (E4B068ED-F494-42E9-A231-DA0B2E46BB41): 26
LogDevObjectVersion:   Dev-Framework (CFFC743F-43B0-4480-9391-14DF171D2073): 34
LogDevObjectVersion:   Dev-Mobile (B02B49B5-BB20-44E9-A304-32B752E40360): 2
LogDevObjectVersion:   Dev-Networking (A4E4105C-59A1-49B5-A7C5-40C4547EDFEE): 0
LogDevObjectVersion:   Dev-Online (39C831C9-5AE6-47DC-9A44-9C173E1C8E7C): 0
LogDevObjectVersion:   Dev-Physics (78F01B33-EBEA-4F98-B9B4-84EACCB95AA2): 0
LogDevObjectVersion:   Dev-Platform (6631380F-2D4D-43E0-8009-CF276956A95A): 0
LogDevObjectVersion:   Dev-Rendering (12F88B9F-8875-4AFC-A67C-D90C383ABD29): 27
LogDevObjectVersion:   Dev-Sequencer (7B5AE74C-D270-4C10-A958-57980B212A5A): 9
LogDevObjectVersion:   Dev-VR (D7296918-1DD6-4BDD-9DE2-64A83CC13884): 2
LogDevObjectVersion:   Dev-LoadTimes (C2A15278-BFE7-4AFE-6C17-90FF531DF755): 1
LogDevObjectVersion:   Private-Geometry (6EACA3D4-40EC-4CC1-B786-8BED09428FC5): 3
LogDevObjectVersion:   Dev-AnimPhys (29E575DD-E0A3-4627-9D10-D276232CDCEA): 17
LogDevObjectVersion:   Dev-Anim (AF43A65D-7FD3-4947-9873-3E8ED9C1BB05): 2
LogDevObjectVersion:   Dev-ReflectionCapture (6B266CEC-1EC7-4B8F-A30B-E4D90942FC07): 1
LogDevObjectVersion:   Dev-Automation (0DF73D61-A23F-47EA-B727-89E90C41499A): 1
LogDevObjectVersion:   FortniteMain (601D1886-AC64-4F84-AA16-D3DE0DEAC7D6): 17
LogDevObjectVersion:   Dev-Enterprise (9DFFBCD6-494F-0158-E221-12823C92A888): 4
LogDevObjectVersion:   Dev-Niagara (F2AED0AC-9AFE-416F-8664-AA7FFA26D6FC): 1
LogStreaming: Display: Took  0.001s to delete old logs.
LogInit: Presizing for max 8388607 objects, including 0 objects not considered by GC, pre-allocating 0 bytes for permanent pool.
LogInit: Object subsystem initialized
LogConfig: Setting CVar [[con.DebugEarlyDefault:1]]
LogConfig: Setting CVar [[r.setres:1280x720]]
[2019.02.21-18.14.01:653][  0]LogConfig: Setting CVar [[r.VSync:0]]
[2019.02.21-18.14.01:654][  0]LogConfig: Setting CVar [[r.RHICmdBypass:0]]
[2019.02.21-18.14.01:654][  0]LogConfig: Applying CVar settings from Section [/Script/Engine.RendererSettings] File [D:/local code repos/unreal/unreal_udemy_course/03_building_escape/BuildingEscape/Saved/Config/Windows/Engine.ini]
[2019.02.21-18.14.01:654][  0]LogConfig: Setting CVar [[r.GPUCrashDebugging:0]]
[2019.02.21-18.14.01:654][  0]LogConfig: Applying CVar settings from Section [/Script/Engine.RendererOverrideSettings] File [D:/local code repos/unreal/unreal_udemy_course/03_building_escape/BuildingEscape/Saved/Config/Windows/Engine.ini]
[2019.02.21-18.14.01:654][  0]LogConfig: Applying CVar settings from Section [/Script/Engine.StreamingSettings] File [D:/local code repos/unreal/unreal_udemy_course/03_building_escape/BuildingEscape/Saved/Config/Windows/Engine.ini]
[2019.02.21-18.14.01:655][  0]LogConfig: Setting CVar [[s.MinBulkDataSizeForAsyncLoading:131072]]
[2019.02.21-18.14.01:655][  0]LogConfig: Setting CVar [[s.AsyncLoadingThreadEnabled:0]]
[2019.02.21-18.14.01:655][  0]LogConfig: Setting CVar [[s.EventDrivenLoaderEnabled:1]]
[2019.02.21-18.14.01:655][  0]LogConfig: Setting CVar [[s.WarnIfTimeLimitExceeded:0]]
[2019.02.21-18.14.01:655][  0]LogConfig: Setting CVar [[s.TimeLimitExceededMultiplier:1.5]]
[2019.02.21-18.14.01:656][  0]LogConfig: Setting CVar [[s.TimeLimitExceededMinTime:0.005]]
[2019.02.21-18.14.01:656][  0]LogConfig: Setting CVar [[s.UseBackgroundLevelStreaming:1]]
[2019.02.21-18.14.01:656][  0]LogConfig: Setting CVar [[s.PriorityAsyncLoadingExtraTime:15.0]]
[2019.02.21-18.14.01:656][  0]LogConfig: Setting CVar [[s.LevelStreamingActorsUpdateTimeLimit:5.0]]
[2019.02.21-18.14.01:656][  0]LogConfig: Setting CVar [[s.PriorityLevelStreamingActorsUpdateExtraTime:5.0]]
[2019.02.21-18.14.01:657][  0]LogConfig: Setting CVar [[s.LevelStreamingComponentsRegistrationGranularity:10]]
[2019.02.21-18.14.01:657][  0]LogConfig: Setting CVar [[s.UnregisterComponentsTimeLimit:1.0]]
[2019.02.21-18.14.01:657][  0]LogConfig: Setting CVar [[s.LevelStreamingComponentsUnregistrationGranularity:5]]
[2019.02.21-18.14.01:657][  0]LogConfig: Applying CVar settings from Section [/Script/Engine.GarbageCollectionSettings] File [D:/local code repos/unreal/unreal_udemy_course/03_building_escape/BuildingEscape/Saved/Config/Windows/Engine.ini]
[2019.02.21-18.14.01:657][  0]LogConfig: Setting CVar [[gc.MaxObjectsNotConsideredByGC:1]]
[2019.02.21-18.14.01:658][  0]LogConfig: Setting CVar [[gc.SizeOfPermanentObjectPool:0]]
[2019.02.21-18.14.01:658][  0]LogConfig: Setting CVar [[gc.FlushStreamingOnGC:0]]
[2019.02.21-18.14.01:658][  0]LogConfig: Setting CVar [[gc.NumRetriesBeforeForcingGC:10]]
[2019.02.21-18.14.01:658][  0]LogConfig: Setting CVar [[gc.AllowParallelGC:1]]
[2019.02.21-18.14.01:658][  0]LogConfig: Setting CVar [[gc.TimeBetweenPurgingPendingKillObjects:61.1]]
[2019.02.21-18.14.01:659][  0]LogConfig: Setting CVar [[gc.MaxObjectsInEditor:8388607]]
[2019.02.21-18.14.01:659][  0]LogConfig: Setting CVar [[gc.IncrementalBeginDestroyEnabled:1]]
[2019.02.21-18.14.01:659][  0]LogConfig: Setting CVar [[gc.CreateGCClusters:1]]
[2019.02.21-18.14.01:659][  0]LogConfig: Setting CVar [[gc.MergeGCClusters:0]]
[2019.02.21-18.14.01:659][  0]LogConfig: Setting CVar [[gc.MinGCClusterSize:5]]
[2019.02.21-18.14.01:659][  0]LogConfig: Setting CVar [[gc.ActorClusteringEnabled:0]]
[2019.02.21-18.14.01:659][  0]LogConfig: Setting CVar [[gc.BlueprintClusteringEnabled:0]]
[2019.02.21-18.14.01:660][  0]LogConfig: Setting CVar [[gc.UseDisregardForGCOnDedicatedServers:0]]
[2019.02.21-18.14.01:660][  0]LogConfig: Applying CVar settings from Section [/Script/Engine.NetworkSettings] File [D:/local code repos/unreal/unreal_udemy_course/03_building_escape/BuildingEscape/Saved/Config/Windows/Engine.ini]
[2019.02.21-18.14.01:660][  0]LogConfig: Applying CVar settings from Section [/Script/UnrealEd.CookerSettings] File [D:/local code repos/unreal/unreal_udemy_course/03_building_escape/BuildingEscape/Saved/Config/Windows/Engine.ini]
[2019.02.21-18.14.01:680][  0]LogConfig: Applying CVar settings from Section [ViewDistanceQuality@3] File [D:/local code repos/unreal/unreal_udemy_course/03_building_escape/BuildingEscape/Saved/Config/Windows/Scalability.ini]
[2019.02.21-18.14.01:680][  0]LogConfig: Setting CVar [[r.SkeletalMeshLODBias:0]]
[2019.02.21-18.14.01:680][  0]LogConfig: Setting CVar [[r.ViewDistanceScale:1.0]]
[2019.02.21-18.14.01:681][  0]LogConfig: Applying CVar settings from Section [AntiAliasingQuality@3] File [D:/local code repos/unreal/unreal_udemy_course/03_building_escape/BuildingEscape/Saved/Config/Windows/Scalability.ini]
[2019.02.21-18.14.01:681][  0]LogConfig: Setting CVar [[r.PostProcessAAQuality:4]]
[2019.02.21-18.14.01:681][  0]LogConfig: Applying CVar settings from Section [ShadowQuality@3] File [D:/local code repos/unreal/unreal_udemy_course/03_building_escape/BuildingEscape/Saved/Config/Windows/Scalability.ini]
[2019.02.21-18.14.01:681][  0]LogConfig: Setting CVar [[r.LightFunctionQuality:1]]
[2019.02.21-18.14.01:681][  0]LogConfig: Setting CVar [[r.ShadowQuality:5]]
[2019.02.21-18.14.01:682][  0]LogConfig: Setting CVar [[r.Shadow.CSM.MaxCascades:10]]
[2019.02.21-18.14.01:682][  0]LogConfig: Setting CVar [[r.Shadow.MaxResolution:2048]]
[2019.02.21-18.14.01:682][  0]LogConfig: Setting CVar [[r.Shadow.MaxCSMResolution:2048]]
[2019.02.21-18.14.01:682][  0]LogConfig: Setting CVar [[r.Shadow.RadiusThreshold:0.01]]
[2019.02.21-18.14.01:682][  0]LogConfig: Setting CVar [[r.Shadow.DistanceScale:1.0]]
[2019.02.21-18.14.01:682][  0]LogConfig: Setting CVar [[r.Shadow.CSM.TransitionScale:1.0]]
[2019.02.21-18.14.01:682][  0]LogConfig: Setting CVar [[r.Shadow.PreShadowResolutionFactor:1.0]]
[2019.02.21-18.14.01:683][  0]LogConfig: Setting CVar [[r.DistanceFieldShadowing:1]]
[2019.02.21-18.14.01:683][  0]LogConfig: Setting CVar [[r.DistanceFieldAO:1]]
[2019.02.21-18.14.01:683][  0]LogConfig: Setting CVar [[r.AOQuality:2]]
[2019.02.21-18.14.01:683][  0]LogConfig: Setting CVar [[r.VolumetricFog:1]]
[2019.02.21-18.14.01:683][  0]LogConfig: Setting CVar [[r.VolumetricFog.GridPixelSize:8]]
[2019.02.21-18.14.01:683][  0]LogConfig: Setting CVar [[r.VolumetricFog.GridSizeZ:128]]
[2019.02.21-18.14.01:684][  0]LogConfig: Setting CVar [[r.VolumetricFog.HistoryMissSupersampleCount:4]]
[2019.02.21-18.14.01:684][  0]LogConfig: Setting CVar [[r.LightMaxDrawDistanceScale:1]]
[2019.02.21-18.14.01:684][  0]LogConfig: Setting CVar [[r.CapsuleShadows:1]]
[2019.02.21-18.14.01:684][  0]LogConfig: Applying CVar settings from Section [PostProcessQuality@3] File [D:/local code repos/unreal/unreal_udemy_course/03_building_escape/BuildingEscape/Saved/Config/Windows/Scalability.ini]
[2019.02.21-18.14.01:684][  0]LogConfig: Setting CVar [[r.MotionBlurQuality:4]]
[2019.02.21-18.14.01:684][  0]LogConfig: Setting CVar [[r.AmbientOcclusionMipLevelFactor:0.4]]
[2019.02.21-18.14.01:684][  0]LogConfig: Setting CVar [[r.AmbientOcclusionMaxQuality:100]]
[2019.02.21-18.14.01:684][  0]LogConfig: Setting CVar [[r.AmbientOcclusionLevels:-1]]
[2019.02.21-18.14.01:685][  0]LogConfig: Setting CVar [[r.AmbientOcclusionRadiusScale:1.0]]
[2019.02.21-18.14.01:685][  0]LogConfig: Setting CVar [[r.DepthOfFieldQuality:2]]
[2019.02.21-18.14.01:685][  0]LogConfig: Setting CVar [[r.RenderTargetPoolMin:400]]
[2019.02.21-18.14.01:685][  0]LogConfig: Setting CVar [[r.LensFlareQuality:2]]
[2019.02.21-18.14.01:685][  0]LogConfig: Setting CVar [[r.SceneColorFringeQuality:1]]
[2019.02.21-18.14.01:685][  0]LogConfig: Setting CVar [[r.EyeAdaptationQuality:2]]
[2019.02.21-18.14.01:685][  0]LogConfig: Setting CVar [[r.BloomQuality:5]]
[2019.02.21-18.14.01:686][  0]LogConfig: Setting CVar [[r.FastBlurThreshold:100]]
[2019.02.21-18.14.01:686][  0]LogConfig: Setting CVar [[r.Upscale.Quality:3]]
[2019.02.21-18.14.01:686][  0]LogConfig: Setting CVar [[r.Tonemapper.GrainQuantization:1]]
[2019.02.21-18.14.01:686][  0]LogConfig: Setting CVar [[r.LightShaftQuality:1]]
[2019.02.21-18.14.01:686][  0]LogConfig: Setting CVar [[r.Filter.SizeScale:1]]
[2019.02.21-18.14.01:686][  0]LogConfig: Setting CVar [[r.Tonemapper.Quality:5]]
[2019.02.21-18.14.01:686][  0]LogConfig: Setting CVar [[r.DOF.Gather.AccumulatorQuality:1        ; higher gathering accumulator quality]]
[2019.02.21-18.14.01:687][  0]LogConfig: Setting CVar [[r.DOF.Gather.PostfilterMethod:1          ; Median3x3 postfilering method]]
[2019.02.21-18.14.01:687][  0]LogConfig: Setting CVar [[r.DOF.Gather.EnableBokehSettings:0       ; no bokeh simulation when gathering]]
[2019.02.21-18.14.01:687][  0]LogConfig: Setting CVar [[r.DOF.Gather.RingCount:4                 ; medium number of samples when gathering]]
[2019.02.21-18.14.01:687][  0]LogConfig: Setting CVar [[r.DOF.Scatter.ForegroundCompositing:1    ; additive foreground scattering]]
[2019.02.21-18.14.01:687][  0]LogConfig: Setting CVar [[r.DOF.Scatter.BackgroundCompositing:2    ; additive background scattering]]
[2019.02.21-18.14.01:687][  0]LogConfig: Setting CVar [[r.DOF.Scatter.EnableBokehSettings:1      ; bokeh simulation when scattering]]
[2019.02.21-18.14.01:688][  0]LogConfig: Setting CVar [[r.DOF.Scatter.MaxSpriteRatio:0.1         ; only a maximum of 10% of scattered bokeh]]
[2019.02.21-18.14.01:688][  0]LogConfig: Setting CVar [[r.DOF.Recombine.Quality:1                ; cheap slight out of focus]]
[2019.02.21-18.14.01:688][  0]LogConfig: Setting CVar [[r.DOF.Recombine.EnableBokehSettings:0    ; no bokeh simulation on slight out of focus]]
[2019.02.21-18.14.01:688][  0]LogConfig: Setting CVar [[r.DOF.TemporalAAQuality:1                ; more stable temporal accumulation]]
[2019.02.21-18.14.01:688][  0]LogConfig: Setting CVar [[r.DOF.Kernel.MaxForegroundRadius:0.025]]
[2019.02.21-18.14.01:688][  0]LogConfig: Setting CVar [[r.DOF.Kernel.MaxBackgroundRadius:0.025]]
[2019.02.21-18.14.01:689][  0]LogConfig: Applying CVar settings from Section [TextureQuality@3] File [D:/local code repos/unreal/unreal_udemy_course/03_building_escape/BuildingEscape/Saved/Config/Windows/Scalability.ini]
[2019.02.21-18.14.01:689][  0]LogConfig: Setting CVar [[r.Streaming.MipBias:0]]
[2019.02.21-18.14.01:689][  0]LogConfig: Setting CVar [[r.Streaming.AmortizeCPUToGPUCopy:0]]
[2019.02.21-18.14.01:689][  0]LogConfig: Setting CVar [[r.Streaming.MaxNumTexturesToStreamPerFrame:0]]
[2019.02.21-18.14.01:689][  0]LogConfig: Setting CVar [[r.Streaming.Boost:1]]
[2019.02.21-18.14.01:690][  0]LogConfig: Setting CVar [[r.MaxAnisotropy:8]]
[2019.02.21-18.14.01:690][  0]LogConfig: Setting CVar [[r.Streaming.LimitPoolSizeToVRAM:0]]
[2019.02.21-18.14.01:690][  0]LogConfig: Setting CVar [[r.Streaming.PoolSize:1000]]
[2019.02.21-18.14.01:690][  0]LogConfig: Setting CVar [[r.Streaming.MaxEffectiveScreenSize:0]]
[2019.02.21-18.14.01:690][  0]LogConfig: Applying CVar settings from Section [EffectsQuality@3] File [D:/local code repos/unreal/unreal_udemy_course/03_building_escape/BuildingEscape/Saved/Config/Windows/Scalability.ini]
[2019.02.21-18.14.01:690][  0]LogConfig: Setting CVar [[r.TranslucencyLightingVolumeDim:64]]
[2019.02.21-18.14.01:690][  0]LogConfig: Setting CVar [[r.RefractionQuality:2]]
[2019.02.21-18.14.01:690][  0]LogConfig: Setting CVar [[r.SSR.Quality:3]]
[2019.02.21-18.14.01:690][  0]LogConfig: Setting CVar [[r.SceneColorFormat:4]]
[2019.02.21-18.14.01:690][  0]LogConfig: Setting CVar [[r.DetailMode:2]]
[2019.02.21-18.14.01:691][  0]LogConfig: Setting CVar [[r.TranslucencyVolumeBlur:1]]
[2019.02.21-18.14.01:691][  0]LogConfig: Setting CVar [[r.MaterialQualityLevel:1 ; High quality]]
[2019.02.21-18.14.01:691][  0]LogConfig: Setting CVar [[r.SSS.Scale:1]]
[2019.02.21-18.14.01:691][  0]LogConfig: Setting CVar [[r.SSS.SampleSet:2]]
[2019.02.21-18.14.01:691][  0]LogConfig: Setting CVar [[r.SSS.Quality:1]]
[2019.02.21-18.14.01:691][  0]LogConfig: Setting CVar [[r.SSS.HalfRes:1]]
[2019.02.21-18.14.01:692][  0]LogConfig: Setting CVar [[r.EmitterSpawnRateScale:1.0]]
[2019.02.21-18.14.01:692][  0]LogConfig: Setting CVar [[r.ParticleLightQuality:2]]
[2019.02.21-18.14.01:692][  0]LogConfig: Applying CVar settings from Section [FoliageQuality@3] File [D:/local code repos/unreal/unreal_udemy_course/03_building_escape/BuildingEscape/Saved/Config/Windows/Scalability.ini]
[2019.02.21-18.14.01:692][  0]LogConfig: Setting CVar [[foliage.DensityScale:1.0]]
[2019.02.21-18.14.01:692][  0]LogConfig: Setting CVar [[grass.DensityScale:1.0]]
[2019.02.21-18.14.01:693][  0]LogInit: Selected Device Profile: [Windows]
[2019.02.21-18.14.01:693][  0]LogInit: Applying CVar settings loaded from the selected device profile: [Windows]
[2019.02.21-18.14.01:763][  0]LogHAL: Display: Platform has ~ 6 GB [6396116992 / 8589934592 / 6], which maps to Smaller [LargestMinGB=32, LargerMinGB=12, DefaultMinGB=8, SmallerMinGB=6, SmallestMinGB=0)
[2019.02.21-18.14.01:763][  0]LogConfig: Setting CVar [[r.Vulkan.UseRealUBs:1]]
[2019.02.21-18.14.01:764][  0]LogInit: Going up to parent DeviceProfile []
[2019.02.21-18.14.01:764][  0]LogConfig: Applying CVar settings from Section [ViewDistanceQuality@3] File [D:/local code repos/unreal/unreal_udemy_course/03_building_escape/BuildingEscape/Saved/Config/Windows/Scalability.ini]
[2019.02.21-18.14.01:764][  0]LogConfig: Setting CVar [[r.SkeletalMeshLODBias:0]]
[2019.02.21-18.14.01:764][  0]LogConfig: Setting CVar [[r.ViewDistanceScale:1.0]]
[2019.02.21-18.14.01:764][  0]LogConfig: Applying CVar settings from Section [AntiAliasingQuality@3] File [D:/local code repos/unreal/unreal_udemy_course/03_building_escape/BuildingEscape/Saved/Config/Windows/Scalability.ini]
[2019.02.21-18.14.01:764][  0]LogConfig: Setting CVar [[r.PostProcessAAQuality:4]]
[2019.02.21-18.14.01:764][  0]LogConfig: Applying CVar settings from Section [ShadowQuality@3] File [D:/local code repos/unreal/unreal_udemy_course/03_building_escape/BuildingEscape/Saved/Config/Windows/Scalability.ini]
[2019.02.21-18.14.01:764][  0]LogConfig: Setting CVar [[r.LightFunctionQuality:1]]
[2019.02.21-18.14.01:764][  0]LogConfig: Setting CVar [[r.ShadowQuality:5]]
[2019.02.21-18.14.01:764][  0]LogConfig: Setting CVar [[r.Shadow.CSM.MaxCascades:10]]
[2019.02.21-18.14.01:765][  0]LogConfig: Setting CVar [[r.Shadow.MaxResolution:2048]]
[2019.02.21-18.14.01:765][  0]LogConfig: Setting CVar [[r.Shadow.MaxCSMResolution:2048]]
[2019.02.21-18.14.01:765][  0]LogConfig: Setting CVar [[r.Shadow.RadiusThreshold:0.01]]
[2019.02.21-18.14.01:765][  0]LogConfig: Setting CVar [[r.Shadow.DistanceScale:1.0]]
[2019.02.21-18.14.01:765][  0]LogConfig: Setting CVar [[r.Shadow.CSM.TransitionScale:1.0]]
[2019.02.21-18.14.01:765][  0]LogConfig: Setting CVar [[r.Shadow.PreShadowResolutionFactor:1.0]]
[2019.02.21-18.14.01:765][  0]LogConfig: Setting CVar [[r.DistanceFieldShadowing:1]]
[2019.02.21-18.14.01:765][  0]LogConfig: Setting CVar [[r.DistanceFieldAO:1]]
[2019.02.21-18.14.01:765][  0]LogConfig: Setting CVar [[r.AOQuality:2]]
[2019.02.21-18.14.01:765][  0]LogConfig: Setting CVar [[r.VolumetricFog:1]]
[2019.02.21-18.14.01:765][  0]LogConfig: Setting CVar [[r.VolumetricFog.GridPixelSize:8]]
[2019.02.21-18.14.01:765][  0]LogConfig: Setting CVar [[r.VolumetricFog.GridSizeZ:128]]
[2019.02.21-18.14.01:765][  0]LogConfig: Setting CVar [[r.VolumetricFog.HistoryMissSupersampleCount:4]]
[2019.02.21-18.14.01:765][  0]LogConfig: Setting CVar [[r.LightMaxDrawDistanceScale:1]]
[2019.02.21-18.14.01:765][  0]LogConfig: Setting CVar [[r.CapsuleShadows:1]]
[2019.02.21-18.14.01:765][  0]LogConfig: Applying CVar settings from Section [PostProcessQuality@3] File [D:/local code repos/unreal/unreal_udemy_course/03_building_escape/BuildingEscape/Saved/Config/Windows/Scalability.ini]
[2019.02.21-18.14.01:766][  0]LogConfig: Setting CVar [[r.MotionBlurQuality:4]]
[2019.02.21-18.14.01:766][  0]LogConfig: Setting CVar [[r.AmbientOcclusionMipLevelFactor:0.4]]
[2019.02.21-18.14.01:766][  0]LogConfig: Setting CVar [[r.AmbientOcclusionMaxQuality:100]]
[2019.02.21-18.14.01:766][  0]LogConfig: Setting CVar [[r.AmbientOcclusionLevels:-1]]
[2019.02.21-18.14.01:766][  0]LogConfig: Setting CVar [[r.AmbientOcclusionRadiusScale:1.0]]
[2019.02.21-18.14.01:766][  0]LogConfig: Setting CVar [[r.DepthOfFieldQuality:2]]
[2019.02.21-18.14.01:766][  0]LogConfig: Setting CVar [[r.RenderTargetPoolMin:400]]
[2019.02.21-18.14.01:766][  0]LogConfig: Setting CVar [[r.LensFlareQuality:2]]
[2019.02.21-18.14.01:766][  0]LogConfig: Setting CVar [[r.SceneColorFringeQuality:1]]
[2019.02.21-18.14.01:766][  0]LogConfig: Setting CVar [[r.EyeAdaptationQuality:2]]
[2019.02.21-18.14.01:766][  0]LogConfig: Setting CVar [[r.BloomQuality:5]]
[2019.02.21-18.14.01:766][  0]LogConfig: Setting CVar [[r.FastBlurThreshold:100]]
[2019.02.21-18.14.01:766][  0]LogConfig: Setting CVar [[r.Upscale.Quality:3]]
[2019.02.21-18.14.01:767][  0]LogConfig: Setting CVar [[r.Tonemapper.GrainQuantization:1]]
[2019.02.21-18.14.01:767][  0]LogConfig: Setting CVar [[r.LightShaftQuality:1]]
[2019.02.21-18.14.01:767][  0]LogConfig: Setting CVar [[r.Filter.SizeScale:1]]
[2019.02.21-18.14.01:767][  0]LogConfig: Setting CVar [[r.Tonemapper.Quality:5]]
[2019.02.21-18.14.01:767][  0]LogConfig: Setting CVar [[r.DOF.Gather.AccumulatorQuality:1        ; higher gathering accumulator quality]]
[2019.02.21-18.14.01:767][  0]LogConfig: Setting CVar [[r.DOF.Gather.PostfilterMethod:1          ; Median3x3 postfilering method]]
[2019.02.21-18.14.01:767][  0]LogConfig: Setting CVar [[r.DOF.Gather.EnableBokehSettings:0       ; no bokeh simulation when gathering]]
[2019.02.21-18.14.01:767][  0]LogConfig: Setting CVar [[r.DOF.Gather.RingCount:4                 ; medium number of samples when gathering]]
[2019.02.21-18.14.01:767][  0]LogConfig: Setting CVar [[r.DOF.Scatter.ForegroundCompositing:1    ; additive foreground scattering]]
[2019.02.21-18.14.01:767][  0]LogConfig: Setting CVar [[r.DOF.Scatter.BackgroundCompositing:2    ; additive background scattering]]
[2019.02.21-18.14.01:767][  0]LogConfig: Setting CVar [[r.DOF.Scatter.EnableBokehSettings:1      ; bokeh simulation when scattering]]
[2019.02.21-18.14.01:767][  0]LogConfig: Setting CVar [[r.DOF.Scatter.MaxSpriteRatio:0.1         ; only a maximum of 10% of scattered bokeh]]
[2019.02.21-18.14.01:768][  0]LogConfig: Setting CVar [[r.DOF.Recombine.Quality:1                ; cheap slight out of focus]]
[2019.02.21-18.14.01:768][  0]LogConfig: Setting CVar [[r.DOF.Recombine.EnableBokehSettings:0    ; no bokeh simulation on slight out of focus]]
[2019.02.21-18.14.01:768][  0]LogConfig: Setting CVar [[r.DOF.TemporalAAQuality:1                ; more stable temporal accumulation]]
[2019.02.21-18.14.01:768][  0]LogConfig: Setting CVar [[r.DOF.Kernel.MaxForegroundRadius:0.025]]
[2019.02.21-18.14.01:768][  0]LogConfig: Setting CVar [[r.DOF.Kernel.MaxBackgroundRadius:0.025]]
[2019.02.21-18.14.01:768][  0]LogConfig: Applying CVar settings from Section [TextureQuality@3] File [D:/local code repos/unreal/unreal_udemy_course/03_building_escape/BuildingEscape/Saved/Config/Windows/Scalability.ini]
[2019.02.21-18.14.01:768][  0]LogConfig: Setting CVar [[r.Streaming.MipBias:0]]
[2019.02.21-18.14.01:768][  0]LogConfig: Setting CVar [[r.Streaming.AmortizeCPUToGPUCopy:0]]
[2019.02.21-18.14.01:768][  0]LogConfig: Setting CVar [[r.Streaming.MaxNumTexturesToStreamPerFrame:0]]
[2019.02.21-18.14.01:768][  0]LogConfig: Setting CVar [[r.Streaming.Boost:1]]
[2019.02.21-18.14.01:769][  0]LogConfig: Setting CVar [[r.MaxAnisotropy:8]]
[2019.02.21-18.14.01:769][  0]LogConfig: Setting CVar [[r.Streaming.LimitPoolSizeToVRAM:0]]
[2019.02.21-18.14.01:769][  0]LogConfig: Setting CVar [[r.Streaming.PoolSize:1000]]
[2019.02.21-18.14.01:769][  0]LogConfig: Setting CVar [[r.Streaming.MaxEffectiveScreenSize:0]]
[2019.02.21-18.14.01:769][  0]LogConfig: Applying CVar settings from Section [EffectsQuality@3] File [D:/local code repos/unreal/unreal_udemy_course/03_building_escape/BuildingEscape/Saved/Config/Windows/Scalability.ini]
[2019.02.21-18.14.01:769][  0]LogConfig: Setting CVar [[r.TranslucencyLightingVolumeDim:64]]
[2019.02.21-18.14.01:769][  0]LogConfig: Setting CVar [[r.RefractionQuality:2]]
[2019.02.21-18.14.01:769][  0]LogConfig: Setting CVar [[r.SSR.Quality:3]]
[2019.02.21-18.14.01:769][  0]LogConfig: Setting CVar [[r.SceneColorFormat:4]]
[2019.02.21-18.14.01:769][  0]LogConfig: Setting CVar [[r.DetailMode:2]]
[2019.02.21-18.14.01:769][  0]LogConfig: Setting CVar [[r.TranslucencyVolumeBlur:1]]
[2019.02.21-18.14.01:769][  0]LogConfig: Setting CVar [[r.MaterialQualityLevel:1 ; High quality]]
[2019.02.21-18.14.01:770][  0]LogConfig: Setting CVar [[r.SSS.Scale:1]]
[2019.02.21-18.14.01:770][  0]LogConfig: Setting CVar [[r.SSS.SampleSet:2]]
[2019.02.21-18.14.01:770][  0]LogConfig: Setting CVar [[r.SSS.Quality:1]]
[2019.02.21-18.14.01:770][  0]LogConfig: Setting CVar [[r.SSS.HalfRes:1]]
[2019.02.21-18.14.01:770][  0]LogConfig: Setting CVar [[r.EmitterSpawnRateScale:1.0]]
[2019.02.21-18.14.01:770][  0]LogConfig: Setting CVar [[r.ParticleLightQuality:2]]
[2019.02.21-18.14.01:770][  0]LogConfig: Applying CVar settings from Section [FoliageQuality@3] File [D:/local code repos/unreal/unreal_udemy_course/03_building_escape/BuildingEscape/Saved/Config/Windows/Scalability.ini]
[2019.02.21-18.14.01:770][  0]LogConfig: Setting CVar [[foliage.DensityScale:1.0]]
[2019.02.21-18.14.01:770][  0]LogConfig: Setting CVar [[grass.DensityScale:1.0]]
[2019.02.21-18.14.01:770][  0]LogConfig: Applying CVar settings from Section [Startup] File [../../../Engine/Config/ConsoleVariables.ini]
[2019.02.21-18.14.01:785][  0]LogConfig: Setting CVar [[net.UseAdaptiveNetUpdateFrequency:0]]
[2019.02.21-18.14.01:785][  0]LogConfig: Applying CVar settings from Section [ConsoleVariables] File [D:/local code repos/unreal/unreal_udemy_course/03_building_escape/BuildingEscape/Saved/Config/Windows/Engine.ini]
[2019.02.21-18.14.01:785][  0]LogInit: Computer: DESKTOP-R8IGI29
[2019.02.21-18.14.01:785][  0]LogInit: User: abruc
[2019.02.21-18.14.01:786][  0]LogInit: CPU Page size=4096, Cores=4
[2019.02.21-18.14.01:786][  0]LogInit: High frequency timer resolution =10.000000 MHz
[2019.02.21-18.14.01:786][  0]LogMemory: Memory total: Physical=6.0GB (6GB approx)
[2019.02.21-18.14.01:786][  0]LogMemory: Platform Memory Stats for Windows
[2019.02.21-18.14.01:786][  0]LogMemory: Process Physical Memory: 102.44 MB used, 102.44 MB peak
[2019.02.21-18.14.01:787][  0]LogMemory: Process Virtual Memory: 91.63 MB used, 91.63 MB peak
[2019.02.21-18.14.01:787][  0]LogMemory: Physical Memory: 5339.60 MB used,  760.21 MB free, 6099.81 MB total
[2019.02.21-18.14.01:787][  0]LogMemory: Virtual Memory: 4649.34 MB used,  134213080.00 MB free, 134217728.00 MB total
[2019.02.21-18.14.02:434][  0]LogInit: Using OS detected language (en-GB).
[2019.02.21-18.14.02:434][  0]LogInit: Using OS detected locale (en-GB).
[2019.02.21-18.14.02:470][  0]LogTextLocalizationManager: No specific localization for 'en-GB' exists, so the 'en' localization will be used.
[2019.02.21-18.14.03:835][  0]LogStreaming: Display: Took  1.401s to InitEngineTextLocalization.
[2019.02.21-18.14.03:835][  0]LogInit: Setting process to per monitor DPI aware
[2019.02.21-18.14.04:174][  0]LogSlate: New Slate User Created.  User Index 0, Is Virtual User: 0
[2019.02.21-18.14.04:174][  0]LogSlate: Slate User Registered.  User Index 0, Is Virtual User: 0
[2019.02.21-18.14.09:960][  0]LogHMD: Failed to initialize OpenVR with code 110
[2019.02.21-18.14.09:960][  0]LogD3D11RHI: D3D11 adapters:
[2019.02.21-18.14.10:040][  0]LogD3D11RHI:    0. 'AMD Radeon(TM) Vega 8 Graphics' (Feature Level 11_0)
[2019.02.21-18.14.10:041][  0]LogD3D11RHI:       2033/0/3049 MB DedicatedVideo/DedicatedSystem/SharedSystem, Outputs:2, VendorId:0x1002
[2019.02.21-18.14.10:091][  0]LogD3D11RHI:    1. 'Microsoft Basic Render Driver' (Feature Level 11_0)
[2019.02.21-18.14.10:092][  0]LogD3D11RHI:       0/0/3049 MB DedicatedVideo/DedicatedSystem/SharedSystem, Outputs:0, VendorId:0x1414
[2019.02.21-18.14.10:092][  0]LogD3D11RHI: Chosen D3D11 Adapter: 0
[2019.02.21-18.14.10:107][  0]LogD3D11RHI: Creating new Direct3DDevice
[2019.02.21-18.14.10:108][  0]LogD3D11RHI:     GPU DeviceId: 0x15dd (for the marketing name, search the web for "GPU Device Id")
[2019.02.21-18.14.10:108][  0]LogWindows: EnumDisplayDevices:
[2019.02.21-18.14.10:108][  0]LogWindows:    0. 'AMD Radeon(TM) Vega 8 Graphics' (P:0 D:1)
[2019.02.21-18.14.10:109][  0]LogWindows:    1. 'AMD Radeon(TM) Vega 8 Graphics' (P:1 D:1)
[2019.02.21-18.14.10:110][  0]LogWindows:    2. 'AMD Radeon(TM) Vega 8 Graphics' (P:0 D:0)
[2019.02.21-18.14.10:111][  0]LogWindows:    3. 'AMD Radeon(TM) Vega 8 Graphics' (P:0 D:0)
[2019.02.21-18.14.10:112][  0]LogWindows: DebugString: FoundDriverCount:4 
[2019.02.21-18.14.10:113][  0]LogD3D11RHI:     Adapter Name: AMD Radeon(TM) Vega 8 Graphics
[2019.02.21-18.14.10:113][  0]LogD3D11RHI:   Driver Version: Crimson ReLive 17.7 (internal:23.20.821.2560, unified:23.20.821.2560)
[2019.02.21-18.14.10:113][  0]LogD3D11RHI:      Driver Date: 7-26-2018
[2019.02.21-18.14.10:113][  0]LogRHI: Texture pool is 1423 MB (70% of 2033 MB)
[2019.02.21-18.14.10:204][  0]LogD3D11RHI: Async texture creation enabled
[2019.02.21-18.14.10:219][  0]LogD3D11RHI: GPU Timing Frequency: 25.000000 (Debug: 2 1)
[2019.02.21-18.14.10:767][  0]LogTemp: Display: Loaded TP AllDesktopTargetPlatform
[2019.02.21-18.14.10:817][  0]LogTemp: Display: Loaded TP MacClientTargetPlatform
[2019.02.21-18.14.10:840][  0]LogTemp: Display: Loaded TP MacNoEditorTargetPlatform
[2019.02.21-18.14.10:864][  0]LogTemp: Display: Loaded TP MacServerTargetPlatform
[2019.02.21-18.14.10:909][  0]LogTemp: Display: Loaded TP MacTargetPlatform
[2019.02.21-18.14.10:944][  0]LogTemp: Display: Loaded TP WindowsClientTargetPlatform
[2019.02.21-18.14.10:986][  0]LogTemp: Display: Loaded TP WindowsNoEditorTargetPlatform
[2019.02.21-18.14.11:020][  0]LogTemp: Display: Loaded TP WindowsServerTargetPlatform
[2019.02.21-18.14.11:311][  0]LogTemp: Display: Loaded TP WindowsTargetPlatform
[2019.02.21-18.14.11:498][  0]LogTemp: Display: Loaded TP AndroidTargetPlatform
[2019.02.21-18.14.11:499][  0]LogTemp: Display: Loaded TP AndroidTargetPlatform
[2019.02.21-18.14.11:499][  0]LogTemp: Display: Loaded TP AndroidTargetPlatform
[2019.02.21-18.14.11:499][  0]LogTemp: Display: Loaded TP AndroidTargetPlatform
[2019.02.21-18.14.11:499][  0]LogTemp: Display: Loaded TP AndroidTargetPlatform
[2019.02.21-18.14.11:499][  0]LogTemp: Display: Loaded TP AndroidTargetPlatform
[2019.02.21-18.14.11:499][  0]LogTemp: Display: Loaded TP AndroidTargetPlatform
[2019.02.21-18.14.11:499][  0]LogTemp: Display: Loaded TP AndroidTargetPlatform
[2019.02.21-18.14.11:500][  0]LogTemp: Display: Loaded TP AndroidTargetPlatform
[2019.02.21-18.14.11:500][  0]LogTemp: Display: Loaded TP AndroidTargetPlatform
[2019.02.21-18.14.11:500][  0]LogTemp: Display: Loaded TP AndroidTargetPlatform
[2019.02.21-18.14.11:500][  0]LogTemp: Display: Loaded TP AndroidTargetPlatform
[2019.02.21-18.14.11:500][  0]LogTemp: Display: Loaded TP AndroidTargetPlatform
[2019.02.21-18.14.11:500][  0]LogTemp: Display: Loaded TP AndroidTargetPlatform
[2019.02.21-18.14.11:500][  0]LogTemp: Display: Loaded TP AndroidTargetPlatform
[2019.02.21-18.14.11:500][  0]LogTemp: Display: Loaded TP AndroidTargetPlatform
[2019.02.21-18.14.11:501][  0]LogTemp: Display: Loaded TP AndroidTargetPlatform
[2019.02.21-18.14.11:501][  0]LogTemp: Display: Loaded TP AndroidTargetPlatform
[2019.02.21-18.14.11:518][  0]LogTemp: Display: Loaded TP HTML5TargetPlatform
[2019.02.21-18.14.11:685][  0]LogTemp: Display: Loaded TP IOSTargetPlatform
[2019.02.21-18.14.11:685][  0]LogTemp: Display: Loaded TP IOSTargetPlatform
[2019.02.21-18.14.11:739][  0]LogTemp: Display: Loaded TP TVOSTargetPlatform
[2019.02.21-18.14.11:740][  0]LogTemp: Display: Loaded TP TVOSTargetPlatform
[2019.02.21-18.14.11:792][  0]LogTemp: Display: Loaded TP LinuxClientTargetPlatform
[2019.02.21-18.14.11:836][  0]LogTemp: Display: Loaded TP LinuxNoEditorTargetPlatform
[2019.02.21-18.14.11:884][  0]LogTemp: Display: Loaded TP LinuxServerTargetPlatform
[2019.02.21-18.14.11:948][  0]LogTemp: Display: Loaded TP LinuxTargetPlatform
[2019.02.21-18.14.12:032][  0]LogTemp: Display: Loaded TP LuminTargetPlatform
[2019.02.21-18.14.12:032][  0]LogTemp: Display: Loaded TP LuminTargetPlatform
[2019.02.21-18.14.12:033][  0]LogTargetPlatformManager: Display: Building Assets For Windows
[2019.02.21-18.14.12:671][  0]LogShaderCompilers: Guid format shader working directory is -49 characters bigger than the processId version (../../../../../../local code repos/unreal/unreal_udemy_course/03_building_escape/BuildingEscape/Intermediate/Shaders/WorkingDirectory/1428/).
[2019.02.21-18.14.12:672][  0]LogShaderCompilers: Cleaned the shader compiler working directory 'C:/Users/abruc/AppData/Local/Temp/UnrealShaderWorkingDir/8C3D92074C3CF4AC30108B884F162441/'.
[2019.02.21-18.14.12:684][  0]LogXGEController: Cannot use XGE Controller as Incredibuild is not installed on this machine.
[2019.02.21-18.14.12:685][  0]LogShaderCompilers: Cannot use XGE Shader Compiler as Incredibuild is not installed on this machine.
[2019.02.21-18.14.12:685][  0]LogShaderCompilers: Display: Using Local Shader Compiler.
[2019.02.21-18.14.16:666][  0]LogDerivedDataCache: Display: Max Cache Size: 512 MB
[2019.02.21-18.14.17:140][  0]LogDerivedDataCache: Loaded boot cache 0.47s 71MB C:/Users/abruc/AppData/Local/UnrealEngine/4.21/DerivedDataCache/Boot.ddc.
[2019.02.21-18.14.17:140][  0]LogDerivedDataCache: Display: Loaded Boot cache: C:/Users/abruc/AppData/Local/UnrealEngine/4.21/DerivedDataCache/Boot.ddc
[2019.02.21-18.14.17:140][  0]LogDerivedDataCache: FDerivedDataBackendGraph:  Pak pak cache file ../../../../../../local code repos/unreal/unreal_udemy_course/03_building_escape/BuildingEscape/DerivedDataCache/DDC.ddp not found, will not use a pak cache.
[2019.02.21-18.14.17:140][  0]LogDerivedDataCache: Unable to find inner node Pak for hierarchical cache Hierarchy.
[2019.02.21-18.14.17:141][  0]LogDerivedDataCache: FDerivedDataBackendGraph:  CompressedPak pak cache file ../../../../../../local code repos/unreal/unreal_udemy_course/03_building_escape/BuildingEscape/DerivedDataCache/Compressed.ddp not found, will not use a pak cache.
[2019.02.21-18.14.17:141][  0]LogDerivedDataCache: Unable to find inner node CompressedPak for hierarchical cache Hierarchy.
[2019.02.21-18.14.17:195][  0]LogDerivedDataCache: Display: Pak cache opened for reading ../../../Engine/DerivedDataCache/Compressed.ddp.
[2019.02.21-18.14.17:195][  0]LogDerivedDataCache: FDerivedDataBackendGraph:  EnterprisePak pak cache file ../../../Enterprise/DerivedDataCache/Compressed.ddp not found, will not use a pak cache.
[2019.02.21-18.14.17:196][  0]LogDerivedDataCache: Unable to find inner node EnterprisePak for hierarchical cache Hierarchy.
[2019.02.21-18.14.17:212][  0]LogDerivedDataCache: Using Local data cache path C:/Users/abruc/AppData/Local/UnrealEngine/Common/DerivedDataCache: Writable
[2019.02.21-18.14.17:212][  0]LogDerivedDataCache: Shared data cache path not found in *engine.ini, will not use an Shared cache.
[2019.02.21-18.14.17:212][  0]LogDerivedDataCache: Unable to find inner node Shared for hierarchical cache Hierarchy.
[2019.02.21-18.14.17:253][  0]LogMaterial: Verifying Global Shaders for PCD3D_SM5
[2019.02.21-18.14.17:256][  0]LogSlate: Using FreeType 2.6.0
[2019.02.21-18.14.17:304][  0]LogSlate: SlateFontServices - WITH_FREETYPE: 1, WITH_HARFBUZZ: 1
[2019.02.21-18.14.18:331][  0]LogAssetRegistry: FAssetRegistry took 0.1708 seconds to start up
[2019.02.21-18.14.21:103][  0]LogInit: Selected Device Profile: [Windows]
[2019.02.21-18.14.21:629][  0]LogSimplygon: Simplygon DLL not present - disabling.
[2019.02.21-18.14.21:689][  0]LogMeshReduction: Using SimplygonSwarm for distributed automatic mesh merging
[2019.02.21-18.14.21:689][  0]LogMeshReduction: Using ProxyLODMeshReduction for automatic mesh merging
[2019.02.21-18.14.21:689][  0]LogMeshReduction: Using QuadricMeshReduction for automatic static mesh reduction
[2019.02.21-18.14.21:690][  0]LogMeshReduction: No automatic skeletal mesh reduction module available
[2019.02.21-18.14.21:724][  0]LogNetVersion: BuildingEscape 1.0.0, NetCL: 4541578, EngineNetVer: 5, GameNetVer: 0 (Checksum: 3852057107)
[2019.02.21-18.14.22:972][  0]LogPackageLocalizationCache: Processed 11 localized package path(s) for 2 prioritized culture(s) in 0.286924 seconds
[2019.02.21-18.14.22:984][  0]LogUObjectArray: 39775 objects as part of root set at end of initial load.
[2019.02.21-18.14.22:984][  0]LogUObjectAllocator: 6914656 out of 0 bytes used by permanent object pool.
[2019.02.21-18.14.22:985][  0]LogUObjectArray: CloseDisregardForGC: 0/0 objects in disregard for GC pool
[2019.02.21-18.14.35:936][  0]LogTcpMessaging: Initializing TcpMessaging bridge
[2019.02.21-18.14.35:971][  0]LogUdpMessaging: Initializing bridge on interface 0.0.0.0:0 to multicast group 230.0.0.1:6666.
[2019.02.21-18.14.38:347][  0]SourceControl: Source control is disabled
[2019.02.21-18.14.38:348][  0]SourceControl: Source control is disabled
[2019.02.21-18.14.38:426][  0]SourceControl: Source control is disabled
[2019.02.21-18.14.38:441][  0]SourceControl: Source control is disabled
[2019.02.21-18.14.39:379][  0]LogAndroidPermission: UAndroidPermissionCallbackProxy::GetInstance
[2019.02.21-18.14.40:341][  0]LogOcInput: OculusInput pre-init called
[2019.02.21-18.14.41:098][  0]LogEngine: Initializing Engine...
[2019.02.21-18.14.41:101][  0]LogHMD: Failed to initialize OpenVR with code 110
[2019.02.21-18.14.41:106][  0]LogStats: UGameplayTagsManager::ConstructGameplayTagTree: ImportINI prefixes -  0.000 s
[2019.02.21-18.14.41:107][  0]LogStats: UGameplayTagsManager::ConstructGameplayTagTree: Construct from data asset -  0.000 s
[2019.02.21-18.14.41:107][  0]LogStats: UGameplayTagsManager::ConstructGameplayTagTree: ImportINI -  0.000 s
[2019.02.21-18.14.41:108][  0]LogStats: UGameplayTagsManager::ConstructGameplayTagTree: GameplayTagTreeChangedEvent.Broadcast -  0.000 s
[2019.02.21-18.14.41:700][  0]LogInit: Initializing FReadOnlyCVARCache
[2019.02.21-18.14.42:109][  0]LogAIModule: Creating AISystem for world Untitled
[2019.02.21-18.14.42:178][  0]LogInit: XAudio2 using 'Speaker/Headphone (Realtek High Definition Audio)' : 2 channels at 48 kHz using 32 bits per sample (channel mask 0x3)
[2019.02.21-18.14.42:234][  0]LogInit: FAudioDevice initialized.
[2019.02.21-18.14.42:235][  0]LogNetVersion: Set ProjectVersion to 1.0.0.0. Version Checksum will be recalculated on next use.
[2019.02.21-18.14.42:474][  0]LogDerivedDataCache: Saved boot cache 0.24s 71MB C:/Users/abruc/AppData/Local/UnrealEngine/4.21/DerivedDataCache/Boot.ddc.
[2019.02.21-18.14.42:932][  0]LogInit: Texture streaming: Enabled
[2019.02.21-18.14.43:538][  0]LogEngineSessionManager: EngineSessionManager initialized
[2019.02.21-18.14.43:881][  0]LogInit: Transaction tracking system initialized
[2019.02.21-18.14.44:655][  0]BlueprintLog: New page: Editor Load
[2019.02.21-18.14.46:052][  0]LocalizationService: Localization service is disabled
[2019.02.21-18.14.47:922][  0]LogFileCache: Scanning file cache for directory 'D:/local code repos/unreal/unreal_udemy_course/03_building_escape/BuildingEscape/Content/' took 0.03s
[2019.02.21-18.14.47:922][  0]LogCook: Display: Max memory allowance for cook 16384mb min free memory 0mb
[2019.02.21-18.14.47:923][  0]LogCook: Display: Mobile HDR setting 1
[2019.02.21-18.14.47:923][  0]LogGameplayTags: Display: UGameplayTagsManager::DoneAddingNativeTags. DelegateIsBound: 0
[2019.02.21-18.14.47:923][  0]LogStats: UGameplayTagsManager::ConstructGameplayTagTree: ImportINI prefixes -  0.000 s
[2019.02.21-18.14.47:924][  0]LogStats: UGameplayTagsManager::ConstructGameplayTagTree: Construct from data asset -  0.000 s
[2019.02.21-18.14.47:925][  0]LogStats: UGameplayTagsManager::ConstructGameplayTagTree: ImportINI -  0.001 s
[2019.02.21-18.14.47:925][  0]LogStats: UGameplayTagsManager::ConstructGameplayTagTree: GameplayTagTreeChangedEvent.Broadcast -  0.000 s
[2019.02.21-18.14.49:796][  0]SourceControl: Source control is disabled
[2019.02.21-18.14.49:797][  0]Cmd: MAP LOAD FILE="../../../../../../local code repos/unreal/unreal_udemy_course/03_building_escape/BuildingEscape/Content/NewMap.umap" TEMPLATE=0 SHOWPROGRESS=1 FEATURELEVEL=3
[2019.02.21-18.14.49:859][  0]LightingResults: New page: Lighting Build
[2019.02.21-18.14.49:885][  0]MapCheck: New page: Map Check
[2019.02.21-18.14.49:885][  0]LightingResults: New page: Lighting Build
[2019.02.21-18.14.50:794][  0]LogAIModule: Creating AISystem for world NewMap
[2019.02.21-18.14.50:808][  0]LogEditorServer: Finished looking for orphan Actors (0.000 secs)
[2019.02.21-18.14.50:849][  0]Cmd: MAP CHECKDEP NOCLEARLOG
[2019.02.21-18.14.50:850][  0]MapCheck: Map check complete: 0 Error(s), 0 Warning(s), took 0.19ms to complete.
[2019.02.21-18.14.50:850][  0]LogFileHelpers: Loading map 'NewMap' took 1.054
[2019.02.21-18.14.51:022][  0]LogCollectionManager: Loaded 0 collections in 0.001764 seconds
[2019.02.21-18.14.51:094][  0]LogFileCache: Scanning file cache for directory 'D:/local code repos/unreal/unreal_udemy_course/03_building_escape/BuildingEscape/Saved/Collections/' took 0.02s
[2019.02.21-18.14.51:095][  0]LogFileCache: Scanning file cache for directory 'D:/local code repos/unreal/unreal_udemy_course/03_building_escape/BuildingEscape/Content/Developers/abruc/Collections/' took 0.02s
[2019.02.21-18.14.51:095][  0]LogFileCache: Scanning file cache for directory 'D:/local code repos/unreal/unreal_udemy_course/03_building_escape/BuildingEscape/Content/Collections/' took 0.02s
[2019.02.21-18.14.51:095][  0]LogCollectionManager: Rebuilt the GUID cache for 0 collections in 0.000001 seconds
[2019.02.21-18.14.51:115][  0]LogContentBrowser: Native class hierarchy populated in 0.0190 seconds. Added 2654 classes and 622 folders.
[2019.02.21-18.14.51:138][  0]LogContentBrowser: Native class hierarchy updated for 'WidgetCarousel' in 0.0007 seconds. Added 0 classes and 0 folders.
[2019.02.21-18.14.51:190][  0]LogPakFile: Registered encryption key '00000000000000000000000000000000': 0 pak files mounted, 0 remain pending
[2019.02.21-18.14.51:229][  0]LogPakFile: Registered encryption key '00000000000000000000000000000000': 0 pak files mounted, 0 remain pending
[2019.02.21-18.14.51:294][  0]LogPakFile: Registered encryption key '00000000000000000000000000000000': 0 pak files mounted, 0 remain pending
[2019.02.21-18.14.51:313][  0]LogPakFile: Registered encryption key '00000000000000000000000000000000': 0 pak files mounted, 0 remain pending
[2019.02.21-18.14.51:331][  0]LogPakFile: Registered encryption key '00000000000000000000000000000000': 0 pak files mounted, 0 remain pending
[2019.02.21-18.14.51:349][  0]LogPakFile: Registered encryption key '00000000000000000000000000000000': 0 pak files mounted, 0 remain pending
[2019.02.21-18.14.51:364][  0]LogPakFile: Registered encryption key '00000000000000000000000000000000': 0 pak files mounted, 0 remain pending
[2019.02.21-18.14.51:379][  0]LogPakFile: Registered encryption key '00000000000000000000000000000000': 0 pak files mounted, 0 remain pending
[2019.02.21-18.14.51:397][  0]LogPakFile: Registered encryption key '00000000000000000000000000000000': 0 pak files mounted, 0 remain pending
[2019.02.21-18.14.51:417][  0]LogPakFile: Registered encryption key '00000000000000000000000000000000': 0 pak files mounted, 0 remain pending
[2019.02.21-18.14.51:433][  0]LogPakFile: Registered encryption key '00000000000000000000000000000000': 0 pak files mounted, 0 remain pending
[2019.02.21-18.14.51:448][  0]LogPakFile: Registered encryption key '00000000000000000000000000000000': 0 pak files mounted, 0 remain pending
[2019.02.21-18.14.51:465][  0]LogPakFile: Registered encryption key '00000000000000000000000000000000': 0 pak files mounted, 0 remain pending
[2019.02.21-18.14.51:482][  0]LogPakFile: Registered encryption key '00000000000000000000000000000000': 0 pak files mounted, 0 remain pending
[2019.02.21-18.14.51:498][  0]LogPakFile: Registered encryption key '00000000000000000000000000000000': 0 pak files mounted, 0 remain pending
[2019.02.21-18.14.51:513][  0]LogPakFile: Registered encryption key '00000000000000000000000000000000': 0 pak files mounted, 0 remain pending
[2019.02.21-18.14.51:604][  0]LogPakFile: Registered encryption key '00000000000000000000000000000000': 0 pak files mounted, 0 remain pending
[2019.02.21-18.14.51:621][  0]LogPakFile: Registered encryption key '00000000000000000000000000000000': 0 pak files mounted, 0 remain pending
[2019.02.21-18.14.51:639][  0]LogPakFile: Registered encryption key '00000000000000000000000000000000': 0 pak files mounted, 0 remain pending
[2019.02.21-18.14.51:656][  0]LogPakFile: Registered encryption key '00000000000000000000000000000000': 0 pak files mounted, 0 remain pending
[2019.02.21-18.14.51:767][  0]LogPakFile: Registered encryption key '00000000000000000000000000000000': 0 pak files mounted, 0 remain pending
[2019.02.21-18.14.51:787][  0]LogPakFile: Registered encryption key '00000000000000000000000000000000': 0 pak files mounted, 0 remain pending
[2019.02.21-18.14.51:804][  0]LogPakFile: Registered encryption key '00000000000000000000000000000000': 0 pak files mounted, 0 remain pending
[2019.02.21-18.14.51:827][  0]LogPakFile: Registered encryption key '00000000000000000000000000000000': 0 pak files mounted, 0 remain pending
[2019.02.21-18.14.51:844][  0]LogPakFile: Registered encryption key '00000000000000000000000000000000': 0 pak files mounted, 0 remain pending
[2019.02.21-18.14.51:861][  0]LogPakFile: Registered encryption key '00000000000000000000000000000000': 0 pak files mounted, 0 remain pending
[2019.02.21-18.14.52:659][  0]LogContentBrowser: Native class hierarchy updated for 'AddContentDialog' in 0.0012 seconds. Added 0 classes and 0 folders.
[2019.02.21-18.14.52:691][  0]LogContentBrowser: Native class hierarchy updated for 'SceneOutliner' in 0.0014 seconds. Added 1 classes and 2 folders.
[2019.02.21-18.14.52:852][  0]LogSlate: Updating window title bar state: overlay mode, drag disabled, window buttons hidden, title bar hidden
[2019.02.21-18.14.52:870][  0]LogSlate: Updating window title bar state: overlay mode, drag disabled, window buttons hidden, title bar hidden
[2019.02.21-18.14.52:885][  0]LogSlate: Updating window title bar state: overlay mode, drag disabled, window buttons hidden, title bar hidden
[2019.02.21-18.14.52:898][  0]LogSlate: Updating window title bar state: overlay mode, drag disabled, window buttons hidden, title bar hidden
[2019.02.21-18.14.52:939][  0]LogSlate: Took 0.028440 seconds to synchronously load lazily loaded font '../../../Engine/Content/Slate/Fonts/Roboto-Regular.ttf' (155K)
[2019.02.21-18.14.52:958][  0]LogSlate: Took 0.015721 seconds to synchronously load lazily loaded font '../../../Engine/Content/Editor/Slate/Fonts/FontAwesome.ttf' (139K)
[2019.02.21-18.14.52:974][  0]LogSlate: Took 0.015500 seconds to synchronously load lazily loaded font '../../../Engine/Content/Slate/Fonts/Roboto-Bold.ttf' (160K)
[2019.02.21-18.14.53:123][  0]LogRenderer: Reallocating scene render targets to support 1524x924 Format 10 NumSamples 1 (Frame:1).
[2019.02.21-18.14.53:879][  0]LogContentBrowser: Native class hierarchy updated for 'HierarchicalLODOutliner' in 0.0013 seconds. Added 0 classes and 0 folders.
[2019.02.21-18.14.53:879][  0]LogLoad: (Engine Initialization) Total time: 62.25 seconds
[2019.02.21-18.14.53:879][  0]LogLoad: (Engine Initialization) Total Blueprint compile time: 0.00 seconds
[2019.02.21-18.14.53:900][  0]LogWindowsTextInputMethodSystem: Display: IME system now deactivated.
[2019.02.21-18.14.54:007][  0]LogContentStreaming: Texture pool size now 1000 MB
[2019.02.21-18.14.54:284][  2]LogAssetRegistry: Asset discovery search completed in 35.9836 seconds
[2019.02.21-18.14.54:292][  2]LogCollectionManager: Rebuilt the object cache for 0 collections in 0.000001 seconds (found 0 objects)
[2019.02.21-18.14.54:293][  2]LogCollectionManager: Fixed up redirectors for 0 collections in 0.000456 seconds (updated 0 objects)
