Log file open, 02/21/19 18:15:36
LogWindows: Failed to load 'aqProf.dll' (GetLastError=126)
LogWindows: File 'aqProf.dll' does not exist
LogWindows: Failed to load 'VtuneApi.dll' (GetLastError=126)
LogWindows: File 'VtuneApi.dll' does not exist
LogWindows: Failed to load 'VtuneApi32e.dll' (GetLastError=126)
LogWindows: File 'VtuneApi32e.dll' does not exist
LogConsoleResponse: Display: Failed to find resolution value strings in scalability ini. Falling back to default.
LogInit: Display: Running engine for game: BuildingEscape
LogPakFile: Registered encryption key '00000000000000000000000000000000': 0 pak files mounted, 0 remain pending
LogPlatformFile: Not using cached read wrapper
LogTaskGraph: Started task graph with 5 named threads and 23 total threads with 3 sets of task threads.
LogStats: Stats thread started at 0.332725
LogD3D11RHI: Loaded GFSDK_Aftermath_Lib.x64.dll
LogICUInternationalization: ICU TimeZone Detection - Raw Offset: +0:00, Platform Override: ''
LogPluginManager: Mounting plugin Paper2D
LogPluginManager: Mounting plugin AISupport
LogPluginManager: Mounting plugin LightPropagationVolume
LogPluginManager: Mounting plugin ActorLayerUtilities
LogPluginManager: Mounting plugin CLionSourceCodeAccess
LogPluginManager: Mounting plugin CodeLiteSourceCodeAccess
LogPluginManager: Mounting plugin GitSourceControl
LogPluginManager: Mounting plugin KDevelopSourceCodeAccess
LogPluginManager: Mounting plugin NullSourceCodeAccess
LogPluginManager: Mounting plugin PerforceSourceControl
LogPluginManager: Mounting plugin SubversionSourceControl
LogPluginManager: Mounting plugin UObjectPlugin
LogPluginManager: Mounting plugin VisualStudioCodeSourceCodeAccess
LogPluginManager: Mounting plugin VisualStudioSourceCodeAccess
LogPluginManager: Mounting plugin XCodeSourceCodeAccess
LogPluginManager: Mounting plugin AssetManagerEditor
LogPluginManager: Mounting plugin CryptoKeys
LogPluginManager: Mounting plugin DataValidation
LogPluginManager: Mounting plugin FacialAnimation
LogPluginManager: Mounting plugin GameplayTagsEditor
LogPluginManager: Mounting plugin MacGraphicsSwitching
LogPluginManager: Mounting plugin MeshEditor
LogPluginManager: Mounting plugin MobileLauncherProfileWizard
LogPluginManager: Mounting plugin PluginBrowser
LogPluginManager: Mounting plugin SpeedTreeImporter
LogPluginManager: Mounting plugin DatasmithContent
LogPluginManager: Mounting plugin VariantManagerContent
LogPluginManager: Mounting plugin AlembicImporter
LogPluginManager: Mounting plugin AppleImageUtils
LogPluginManager: Mounting plugin AppleVision
LogPluginManager: Mounting plugin BackChannel
LogPluginManager: Mounting plugin CharacterAI
LogPluginManager: Mounting plugin GeometryCache
LogPluginManager: Mounting plugin HTML5Networking
LogPluginManager: Mounting plugin ProxyLODPlugin
LogPluginManager: Mounting plugin MagicLeap
LogPluginManager: Mounting plugin MagicLeapMedia
LogPluginManager: Mounting plugin AndroidMedia
LogPluginManager: Mounting plugin AvfMedia
LogPluginManager: Mounting plugin ImgMedia
LogPluginManager: Mounting plugin LinearTimecode
LogPluginManager: Mounting plugin MediaCompositing
LogPluginManager: Mounting plugin MediaPlayerEditor
LogPluginManager: Mounting plugin WebMMedia
LogPluginManager: Mounting plugin WmfMedia
LogPluginManager: Mounting plugin TcpMessaging
LogPluginManager: Mounting plugin UdpMessaging
LogPluginManager: Mounting plugin ActorSequence
LogPluginManager: Mounting plugin LevelSequenceEditor
LogPluginManager: Mounting plugin MatineeToLevelSequence
LogPluginManager: Mounting plugin NetcodeUnitTest
LogPluginManager: Mounting plugin NUTUnrealEngine4
LogPluginManager: Mounting plugin OnlineSubsystemGooglePlay
LogPluginManager: Mounting plugin OnlineSubsystemIOS
LogPluginManager: Mounting plugin OnlineSubsystem
LogPluginManager: Mounting plugin OnlineSubsystemNull
LogPluginManager: Mounting plugin OnlineSubsystemUtils
LogPluginManager: Mounting plugin LauncherChunkInstaller
LogPluginManager: Mounting plugin AndroidDeviceProfileSelector
LogPluginManager: Mounting plugin AndroidMoviePlayer
LogPluginManager: Mounting plugin AndroidPermission
LogPluginManager: Mounting plugin AppleMoviePlayer
LogPluginManager: Mounting plugin ArchVisCharacter
LogPluginManager: Mounting plugin AudioCapture
LogPluginManager: Mounting plugin CableComponent
LogPluginManager: Mounting plugin CustomMeshComponent
LogPluginManager: Mounting plugin EditableMesh
LogPluginManager: Mounting plugin ExampleDeviceProfileSelector
LogPluginManager: Mounting plugin Firebase
LogPluginManager: Mounting plugin GoogleCloudMessaging
LogPluginManager: Mounting plugin IOSDeviceProfileSelector
LogPluginManager: Mounting plugin LinuxDeviceProfileSelector
LogPluginManager: Mounting plugin LocationServicesBPLibrary
LogPluginManager: Mounting plugin MobilePatchingUtils
LogPluginManager: Mounting plugin OculusVR
LogPluginManager: Mounting plugin PhysXVehicles
LogPluginManager: Mounting plugin ProceduralMeshComponent
LogPluginManager: Mounting plugin RuntimePhysXCooking
LogPluginManager: Mounting plugin SteamVR
LogPluginManager: Mounting plugin WebMMoviePlayer
LogPluginManager: Mounting plugin WindowsMoviePlayer
LogStreaming: Display: Took  0.238s to configure plugins.
LogInit: Using libcurl 7.55.1-DEV
LogInit:  - built for x86_64-pc-win32
LogInit:  - supports SSL with OpenSSL/1.0.2h
LogInit:  - supports HTTP deflate (compression) using libz 1.2.8
LogInit:  - other features:
LogInit:      CURL_VERSION_SSL
LogInit:      CURL_VERSION_LIBZ
LogInit:      CURL_VERSION_IPV6
LogInit:      CURL_VERSION_ASYNCHDNS
LogInit:      CURL_VERSION_LARGEFILE
LogInit:      CURL_VERSION_IDN
LogInit:  CurlRequestOptions (configurable via config and command line):
LogInit:  - bVerifyPeer = true  - Libcurl will verify peer certificate
LogInit:  - bUseHttpProxy = false  - Libcurl will NOT use HTTP proxy
LogInit:  - bDontReuseConnections = false  - Libcurl will reuse connections
LogInit:  - MaxHostConnections = 16  - Libcurl will limit the number of connections to a host
LogInit:  - LocalHostAddr = Default
LogInit:  - BufferSize = 65536
LogInit: WinSock: version 1.1 (2.2), MaxSocks=32767, MaxUdp=65467
LogInit: Build: ++UE4+Release-4.21-CL-4753647
LogInit: Engine Version: 4.21.2-4753647+++UE4+Release-4.21
LogInit: Compatible Engine Version: 4.21.0-4541578+++UE4+Release-4.21
LogInit: Net CL: 4541578
LogInit: OS: Windows 10 (), CPU: AMD Ryzen 5 2500U with Radeon Vega Mobile Gfx  , GPU: AMD Radeon(TM) Vega 8 Graphics
LogInit: Compiled (64-bit): Jan 19 2019 02:07:31
LogInit: Compiled with Visual C++: 19.13.26129.00
LogInit: Build Configuration: Development
LogInit: Branch Name: ++UE4+Release-4.21
LogInit: Command Line: 
LogInit: Base Directory: D:/applications/unreal engine/UE_4.21/Engine/Binaries/Win64/
LogInit: Installed Engine Build: 1
LogDevObjectVersion: Number of dev versions registered: 22
LogDevObjectVersion:   Dev-Blueprints (B0D832E4-1F89-4F0D-ACCF-7EB736FD4AA2): 10
LogDevObjectVersion:   Dev-Build (E1C64328-A22C-4D53-A36C-8E866417BD8C): 0
LogDevObjectVersion:   Dev-Core (375EC13C-06E4-48FB-B500-84F0262A717E): 2
LogDevObjectVersion:   Dev-Editor (E4B068ED-F494-42E9-A231-DA0B2E46BB41): 26
LogDevObjectVersion:   Dev-Framework (CFFC743F-43B0-4480-9391-14DF171D2073): 34
LogDevObjectVersion:   Dev-Mobile (B02B49B5-BB20-44E9-A304-32B752E40360): 2
LogDevObjectVersion:   Dev-Networking (A4E4105C-59A1-49B5-A7C5-40C4547EDFEE): 0
LogDevObjectVersion:   Dev-Online (39C831C9-5AE6-47DC-9A44-9C173E1C8E7C): 0
LogDevObjectVersion:   Dev-Physics (78F01B33-EBEA-4F98-B9B4-84EACCB95AA2): 0
LogDevObjectVersion:   Dev-Platform (6631380F-2D4D-43E0-8009-CF276956A95A): 0
LogDevObjectVersion:   Dev-Rendering (12F88B9F-8875-4AFC-A67C-D90C383ABD29): 27
LogDevObjectVersion:   Dev-Sequencer (7B5AE74C-D270-4C10-A958-57980B212A5A): 9
LogDevObjectVersion:   Dev-VR (D7296918-1DD6-4BDD-9DE2-64A83CC13884): 2
LogDevObjectVersion:   Dev-LoadTimes (C2A15278-BFE7-4AFE-6C17-90FF531DF755): 1
LogDevObjectVersion:   Private-Geometry (6EACA3D4-40EC-4CC1-B786-8BED09428FC5): 3
LogDevObjectVersion:   Dev-AnimPhys (29E575DD-E0A3-4627-9D10-D276232CDCEA): 17
LogDevObjectVersion:   Dev-Anim (AF43A65D-7FD3-4947-9873-3E8ED9C1BB05): 2
LogDevObjectVersion:   Dev-ReflectionCapture (6B266CEC-1EC7-4B8F-A30B-E4D90942FC07): 1
LogDevObjectVersion:   Dev-Automation (0DF73D61-A23F-47EA-B727-89E90C41499A): 1
LogDevObjectVersion:   FortniteMain (601D1886-AC64-4F84-AA16-D3DE0DEAC7D6): 17
LogDevObjectVersion:   Dev-Enterprise (9DFFBCD6-494F-0158-E221-12823C92A888): 4
LogDevObjectVersion:   Dev-Niagara (F2AED0AC-9AFE-416F-8664-AA7FFA26D6FC): 1
LogStreaming: Display: Took  0.014s to delete old logs.
LogInit: Presizing for max 8388607 objects, including 0 objects not considered by GC, pre-allocating 0 bytes for permanent pool.
LogInit: Object subsystem initialized
LogConfig: Setting CVar [[con.DebugEarlyDefault:1]]
LogConfig: Setting CVar [[r.setres:1280x720]]
[2019.02.21-18.15.38:897][  0]LogConfig: Setting CVar [[r.VSync:0]]
[2019.02.21-18.15.38:897][  0]LogConfig: Setting CVar [[r.RHICmdBypass:0]]
[2019.02.21-18.15.38:897][  0]LogConfig: Applying CVar settings from Section [/Script/Engine.RendererSettings] File [D:/local code repos/unreal/unreal_udemy_course/03_building_escape/BuildingEscape/Saved/Config/Windows/Engine.ini]
[2019.02.21-18.15.38:897][  0]LogConfig: Setting CVar [[r.GPUCrashDebugging:0]]
[2019.02.21-18.15.38:897][  0]LogConfig: Applying CVar settings from Section [/Script/Engine.RendererOverrideSettings] File [D:/local code repos/unreal/unreal_udemy_course/03_building_escape/BuildingEscape/Saved/Config/Windows/Engine.ini]
[2019.02.21-18.15.38:897][  0]LogConfig: Applying CVar settings from Section [/Script/Engine.StreamingSettings] File [D:/local code repos/unreal/unreal_udemy_course/03_building_escape/BuildingEscape/Saved/Config/Windows/Engine.ini]
[2019.02.21-18.15.38:897][  0]LogConfig: Setting CVar [[s.MinBulkDataSizeForAsyncLoading:131072]]
[2019.02.21-18.15.38:897][  0]LogConfig: Setting CVar [[s.AsyncLoadingThreadEnabled:0]]
[2019.02.21-18.15.38:897][  0]LogConfig: Setting CVar [[s.EventDrivenLoaderEnabled:1]]
[2019.02.21-18.15.38:898][  0]LogConfig: Setting CVar [[s.WarnIfTimeLimitExceeded:0]]
[2019.02.21-18.15.38:898][  0]LogConfig: Setting CVar [[s.TimeLimitExceededMultiplier:1.5]]
[2019.02.21-18.15.38:898][  0]LogConfig: Setting CVar [[s.TimeLimitExceededMinTime:0.005]]
[2019.02.21-18.15.38:898][  0]LogConfig: Setting CVar [[s.UseBackgroundLevelStreaming:1]]
[2019.02.21-18.15.38:898][  0]LogConfig: Setting CVar [[s.PriorityAsyncLoadingExtraTime:15.0]]
[2019.02.21-18.15.38:898][  0]LogConfig: Setting CVar [[s.LevelStreamingActorsUpdateTimeLimit:5.0]]
[2019.02.21-18.15.38:898][  0]LogConfig: Setting CVar [[s.PriorityLevelStreamingActorsUpdateExtraTime:5.0]]
[2019.02.21-18.15.38:898][  0]LogConfig: Setting CVar [[s.LevelStreamingComponentsRegistrationGranularity:10]]
[2019.02.21-18.15.38:898][  0]LogConfig: Setting CVar [[s.UnregisterComponentsTimeLimit:1.0]]
[2019.02.21-18.15.38:898][  0]LogConfig: Setting CVar [[s.LevelStreamingComponentsUnregistrationGranularity:5]]
[2019.02.21-18.15.38:898][  0]LogConfig: Applying CVar settings from Section [/Script/Engine.GarbageCollectionSettings] File [D:/local code repos/unreal/unreal_udemy_course/03_building_escape/BuildingEscape/Saved/Config/Windows/Engine.ini]
[2019.02.21-18.15.38:898][  0]LogConfig: Setting CVar [[gc.MaxObjectsNotConsideredByGC:1]]
[2019.02.21-18.15.38:898][  0]LogConfig: Setting CVar [[gc.SizeOfPermanentObjectPool:0]]
[2019.02.21-18.15.38:898][  0]LogConfig: Setting CVar [[gc.FlushStreamingOnGC:0]]
[2019.02.21-18.15.38:898][  0]LogConfig: Setting CVar [[gc.NumRetriesBeforeForcingGC:10]]
[2019.02.21-18.15.38:898][  0]LogConfig: Setting CVar [[gc.AllowParallelGC:1]]
[2019.02.21-18.15.38:898][  0]LogConfig: Setting CVar [[gc.TimeBetweenPurgingPendingKillObjects:61.1]]
[2019.02.21-18.15.38:898][  0]LogConfig: Setting CVar [[gc.MaxObjectsInEditor:8388607]]
[2019.02.21-18.15.38:898][  0]LogConfig: Setting CVar [[gc.IncrementalBeginDestroyEnabled:1]]
[2019.02.21-18.15.38:898][  0]LogConfig: Setting CVar [[gc.CreateGCClusters:1]]
[2019.02.21-18.15.38:898][  0]LogConfig: Setting CVar [[gc.MergeGCClusters:0]]
[2019.02.21-18.15.38:898][  0]LogConfig: Setting CVar [[gc.MinGCClusterSize:5]]
[2019.02.21-18.15.38:898][  0]LogConfig: Setting CVar [[gc.ActorClusteringEnabled:0]]
[2019.02.21-18.15.38:898][  0]LogConfig: Setting CVar [[gc.BlueprintClusteringEnabled:0]]
[2019.02.21-18.15.38:898][  0]LogConfig: Setting CVar [[gc.UseDisregardForGCOnDedicatedServers:0]]
[2019.02.21-18.15.38:898][  0]LogConfig: Applying CVar settings from Section [/Script/Engine.NetworkSettings] File [D:/local code repos/unreal/unreal_udemy_course/03_building_escape/BuildingEscape/Saved/Config/Windows/Engine.ini]
[2019.02.21-18.15.38:898][  0]LogConfig: Applying CVar settings from Section [/Script/UnrealEd.CookerSettings] File [D:/local code repos/unreal/unreal_udemy_course/03_building_escape/BuildingEscape/Saved/Config/Windows/Engine.ini]
[2019.02.21-18.15.38:906][  0]LogConfig: Applying CVar settings from Section [ViewDistanceQuality@3] File [D:/local code repos/unreal/unreal_udemy_course/03_building_escape/BuildingEscape/Saved/Config/Windows/Scalability.ini]
[2019.02.21-18.15.38:906][  0]LogConfig: Setting CVar [[r.SkeletalMeshLODBias:0]]
[2019.02.21-18.15.38:906][  0]LogConfig: Setting CVar [[r.ViewDistanceScale:1.0]]
[2019.02.21-18.15.38:906][  0]LogConfig: Applying CVar settings from Section [AntiAliasingQuality@3] File [D:/local code repos/unreal/unreal_udemy_course/03_building_escape/BuildingEscape/Saved/Config/Windows/Scalability.ini]
[2019.02.21-18.15.38:906][  0]LogConfig: Setting CVar [[r.PostProcessAAQuality:4]]
[2019.02.21-18.15.38:906][  0]LogConfig: Applying CVar settings from Section [ShadowQuality@3] File [D:/local code repos/unreal/unreal_udemy_course/03_building_escape/BuildingEscape/Saved/Config/Windows/Scalability.ini]
[2019.02.21-18.15.38:906][  0]LogConfig: Setting CVar [[r.LightFunctionQuality:1]]
[2019.02.21-18.15.38:906][  0]LogConfig: Setting CVar [[r.ShadowQuality:5]]
[2019.02.21-18.15.38:906][  0]LogConfig: Setting CVar [[r.Shadow.CSM.MaxCascades:10]]
[2019.02.21-18.15.38:906][  0]LogConfig: Setting CVar [[r.Shadow.MaxResolution:2048]]
[2019.02.21-18.15.38:906][  0]LogConfig: Setting CVar [[r.Shadow.MaxCSMResolution:2048]]
[2019.02.21-18.15.38:906][  0]LogConfig: Setting CVar [[r.Shadow.RadiusThreshold:0.01]]
[2019.02.21-18.15.38:906][  0]LogConfig: Setting CVar [[r.Shadow.DistanceScale:1.0]]
[2019.02.21-18.15.38:906][  0]LogConfig: Setting CVar [[r.Shadow.CSM.TransitionScale:1.0]]
[2019.02.21-18.15.38:907][  0]LogConfig: Setting CVar [[r.Shadow.PreShadowResolutionFactor:1.0]]
[2019.02.21-18.15.38:907][  0]LogConfig: Setting CVar [[r.DistanceFieldShadowing:1]]
[2019.02.21-18.15.38:907][  0]LogConfig: Setting CVar [[r.DistanceFieldAO:1]]
[2019.02.21-18.15.38:907][  0]LogConfig: Setting CVar [[r.AOQuality:2]]
[2019.02.21-18.15.38:907][  0]LogConfig: Setting CVar [[r.VolumetricFog:1]]
[2019.02.21-18.15.38:907][  0]LogConfig: Setting CVar [[r.VolumetricFog.GridPixelSize:8]]
[2019.02.21-18.15.38:907][  0]LogConfig: Setting CVar [[r.VolumetricFog.GridSizeZ:128]]
[2019.02.21-18.15.38:907][  0]LogConfig: Setting CVar [[r.VolumetricFog.HistoryMissSupersampleCount:4]]
[2019.02.21-18.15.38:907][  0]LogConfig: Setting CVar [[r.LightMaxDrawDistanceScale:1]]
[2019.02.21-18.15.38:907][  0]LogConfig: Setting CVar [[r.CapsuleShadows:1]]
[2019.02.21-18.15.38:907][  0]LogConfig: Applying CVar settings from Section [PostProcessQuality@3] File [D:/local code repos/unreal/unreal_udemy_course/03_building_escape/BuildingEscape/Saved/Config/Windows/Scalability.ini]
[2019.02.21-18.15.38:907][  0]LogConfig: Setting CVar [[r.MotionBlurQuality:4]]
[2019.02.21-18.15.38:907][  0]LogConfig: Setting CVar [[r.AmbientOcclusionMipLevelFactor:0.4]]
[2019.02.21-18.15.38:907][  0]LogConfig: Setting CVar [[r.AmbientOcclusionMaxQuality:100]]
[2019.02.21-18.15.38:907][  0]LogConfig: Setting CVar [[r.AmbientOcclusionLevels:-1]]
[2019.02.21-18.15.38:907][  0]LogConfig: Setting CVar [[r.AmbientOcclusionRadiusScale:1.0]]
[2019.02.21-18.15.38:907][  0]LogConfig: Setting CVar [[r.DepthOfFieldQuality:2]]
[2019.02.21-18.15.38:907][  0]LogConfig: Setting CVar [[r.RenderTargetPoolMin:400]]
[2019.02.21-18.15.38:907][  0]LogConfig: Setting CVar [[r.LensFlareQuality:2]]
[2019.02.21-18.15.38:907][  0]LogConfig: Setting CVar [[r.SceneColorFringeQuality:1]]
[2019.02.21-18.15.38:907][  0]LogConfig: Setting CVar [[r.EyeAdaptationQuality:2]]
[2019.02.21-18.15.38:907][  0]LogConfig: Setting CVar [[r.BloomQuality:5]]
[2019.02.21-18.15.38:907][  0]LogConfig: Setting CVar [[r.FastBlurThreshold:100]]
[2019.02.21-18.15.38:907][  0]LogConfig: Setting CVar [[r.Upscale.Quality:3]]
[2019.02.21-18.15.38:907][  0]LogConfig: Setting CVar [[r.Tonemapper.GrainQuantization:1]]
[2019.02.21-18.15.38:907][  0]LogConfig: Setting CVar [[r.LightShaftQuality:1]]
[2019.02.21-18.15.38:907][  0]LogConfig: Setting CVar [[r.Filter.SizeScale:1]]
[2019.02.21-18.15.38:907][  0]LogConfig: Setting CVar [[r.Tonemapper.Quality:5]]
[2019.02.21-18.15.38:907][  0]LogConfig: Setting CVar [[r.DOF.Gather.AccumulatorQuality:1        ; higher gathering accumulator quality]]
[2019.02.21-18.15.38:907][  0]LogConfig: Setting CVar [[r.DOF.Gather.PostfilterMethod:1          ; Median3x3 postfilering method]]
[2019.02.21-18.15.38:907][  0]LogConfig: Setting CVar [[r.DOF.Gather.EnableBokehSettings:0       ; no bokeh simulation when gathering]]
[2019.02.21-18.15.38:907][  0]LogConfig: Setting CVar [[r.DOF.Gather.RingCount:4                 ; medium number of samples when gathering]]
[2019.02.21-18.15.38:907][  0]LogConfig: Setting CVar [[r.DOF.Scatter.ForegroundCompositing:1    ; additive foreground scattering]]
[2019.02.21-18.15.38:907][  0]LogConfig: Setting CVar [[r.DOF.Scatter.BackgroundCompositing:2    ; additive background scattering]]
[2019.02.21-18.15.38:907][  0]LogConfig: Setting CVar [[r.DOF.Scatter.EnableBokehSettings:1      ; bokeh simulation when scattering]]
[2019.02.21-18.15.38:907][  0]LogConfig: Setting CVar [[r.DOF.Scatter.MaxSpriteRatio:0.1         ; only a maximum of 10% of scattered bokeh]]
[2019.02.21-18.15.38:908][  0]LogConfig: Setting CVar [[r.DOF.Recombine.Quality:1                ; cheap slight out of focus]]
[2019.02.21-18.15.38:908][  0]LogConfig: Setting CVar [[r.DOF.Recombine.EnableBokehSettings:0    ; no bokeh simulation on slight out of focus]]
[2019.02.21-18.15.38:908][  0]LogConfig: Setting CVar [[r.DOF.TemporalAAQuality:1                ; more stable temporal accumulation]]
[2019.02.21-18.15.38:908][  0]LogConfig: Setting CVar [[r.DOF.Kernel.MaxForegroundRadius:0.025]]
[2019.02.21-18.15.38:908][  0]LogConfig: Setting CVar [[r.DOF.Kernel.MaxBackgroundRadius:0.025]]
[2019.02.21-18.15.38:908][  0]LogConfig: Applying CVar settings from Section [TextureQuality@3] File [D:/local code repos/unreal/unreal_udemy_course/03_building_escape/BuildingEscape/Saved/Config/Windows/Scalability.ini]
[2019.02.21-18.15.38:908][  0]LogConfig: Setting CVar [[r.Streaming.MipBias:0]]
[2019.02.21-18.15.38:908][  0]LogConfig: Setting CVar [[r.Streaming.AmortizeCPUToGPUCopy:0]]
[2019.02.21-18.15.38:908][  0]LogConfig: Setting CVar [[r.Streaming.MaxNumTexturesToStreamPerFrame:0]]
[2019.02.21-18.15.38:908][  0]LogConfig: Setting CVar [[r.Streaming.Boost:1]]
[2019.02.21-18.15.38:908][  0]LogConfig: Setting CVar [[r.MaxAnisotropy:8]]
[2019.02.21-18.15.38:908][  0]LogConfig: Setting CVar [[r.Streaming.LimitPoolSizeToVRAM:0]]
[2019.02.21-18.15.38:908][  0]LogConfig: Setting CVar [[r.Streaming.PoolSize:1000]]
[2019.02.21-18.15.38:908][  0]LogConfig: Setting CVar [[r.Streaming.MaxEffectiveScreenSize:0]]
[2019.02.21-18.15.38:908][  0]LogConfig: Applying CVar settings from Section [EffectsQuality@3] File [D:/local code repos/unreal/unreal_udemy_course/03_building_escape/BuildingEscape/Saved/Config/Windows/Scalability.ini]
[2019.02.21-18.15.38:908][  0]LogConfig: Setting CVar [[r.TranslucencyLightingVolumeDim:64]]
[2019.02.21-18.15.38:908][  0]LogConfig: Setting CVar [[r.RefractionQuality:2]]
[2019.02.21-18.15.38:908][  0]LogConfig: Setting CVar [[r.SSR.Quality:3]]
[2019.02.21-18.15.38:908][  0]LogConfig: Setting CVar [[r.SceneColorFormat:4]]
[2019.02.21-18.15.38:908][  0]LogConfig: Setting CVar [[r.DetailMode:2]]
[2019.02.21-18.15.38:908][  0]LogConfig: Setting CVar [[r.TranslucencyVolumeBlur:1]]
[2019.02.21-18.15.38:908][  0]LogConfig: Setting CVar [[r.MaterialQualityLevel:1 ; High quality]]
[2019.02.21-18.15.38:908][  0]LogConfig: Setting CVar [[r.SSS.Scale:1]]
[2019.02.21-18.15.38:908][  0]LogConfig: Setting CVar [[r.SSS.SampleSet:2]]
[2019.02.21-18.15.38:908][  0]LogConfig: Setting CVar [[r.SSS.Quality:1]]
[2019.02.21-18.15.38:908][  0]LogConfig: Setting CVar [[r.SSS.HalfRes:1]]
[2019.02.21-18.15.38:908][  0]LogConfig: Setting CVar [[r.EmitterSpawnRateScale:1.0]]
[2019.02.21-18.15.38:908][  0]LogConfig: Setting CVar [[r.ParticleLightQuality:2]]
[2019.02.21-18.15.38:908][  0]LogConfig: Applying CVar settings from Section [FoliageQuality@3] File [D:/local code repos/unreal/unreal_udemy_course/03_building_escape/BuildingEscape/Saved/Config/Windows/Scalability.ini]
[2019.02.21-18.15.38:908][  0]LogConfig: Setting CVar [[foliage.DensityScale:1.0]]
[2019.02.21-18.15.38:908][  0]LogConfig: Setting CVar [[grass.DensityScale:1.0]]
[2019.02.21-18.15.38:908][  0]LogInit: Selected Device Profile: [Windows]
[2019.02.21-18.15.38:909][  0]LogInit: Applying CVar settings loaded from the selected device profile: [Windows]
[2019.02.21-18.15.39:010][  0]LogHAL: Display: Platform has ~ 6 GB [6396116992 / 8589934592 / 6], which maps to Smaller [LargestMinGB=32, LargerMinGB=12, DefaultMinGB=8, SmallerMinGB=6, SmallestMinGB=0)
[2019.02.21-18.15.39:011][  0]LogConfig: Setting CVar [[r.Vulkan.UseRealUBs:1]]
[2019.02.21-18.15.39:011][  0]LogInit: Going up to parent DeviceProfile []
[2019.02.21-18.15.39:011][  0]LogConfig: Applying CVar settings from Section [ViewDistanceQuality@3] File [D:/local code repos/unreal/unreal_udemy_course/03_building_escape/BuildingEscape/Saved/Config/Windows/Scalability.ini]
[2019.02.21-18.15.39:011][  0]LogConfig: Setting CVar [[r.SkeletalMeshLODBias:0]]
[2019.02.21-18.15.39:011][  0]LogConfig: Setting CVar [[r.ViewDistanceScale:1.0]]
[2019.02.21-18.15.39:011][  0]LogConfig: Applying CVar settings from Section [AntiAliasingQuality@3] File [D:/local code repos/unreal/unreal_udemy_course/03_building_escape/BuildingEscape/Saved/Config/Windows/Scalability.ini]
[2019.02.21-18.15.39:011][  0]LogConfig: Setting CVar [[r.PostProcessAAQuality:4]]
[2019.02.21-18.15.39:011][  0]LogConfig: Applying CVar settings from Section [ShadowQuality@3] File [D:/local code repos/unreal/unreal_udemy_course/03_building_escape/BuildingEscape/Saved/Config/Windows/Scalability.ini]
[2019.02.21-18.15.39:011][  0]LogConfig: Setting CVar [[r.LightFunctionQuality:1]]
[2019.02.21-18.15.39:011][  0]LogConfig: Setting CVar [[r.ShadowQuality:5]]
[2019.02.21-18.15.39:011][  0]LogConfig: Setting CVar [[r.Shadow.CSM.MaxCascades:10]]
[2019.02.21-18.15.39:011][  0]LogConfig: Setting CVar [[r.Shadow.MaxResolution:2048]]
[2019.02.21-18.15.39:011][  0]LogConfig: Setting CVar [[r.Shadow.MaxCSMResolution:2048]]
[2019.02.21-18.15.39:011][  0]LogConfig: Setting CVar [[r.Shadow.RadiusThreshold:0.01]]
[2019.02.21-18.15.39:011][  0]LogConfig: Setting CVar [[r.Shadow.DistanceScale:1.0]]
[2019.02.21-18.15.39:011][  0]LogConfig: Setting CVar [[r.Shadow.CSM.TransitionScale:1.0]]
[2019.02.21-18.15.39:011][  0]LogConfig: Setting CVar [[r.Shadow.PreShadowResolutionFactor:1.0]]
[2019.02.21-18.15.39:011][  0]LogConfig: Setting CVar [[r.DistanceFieldShadowing:1]]
[2019.02.21-18.15.39:011][  0]LogConfig: Setting CVar [[r.DistanceFieldAO:1]]
[2019.02.21-18.15.39:011][  0]LogConfig: Setting CVar [[r.AOQuality:2]]
[2019.02.21-18.15.39:011][  0]LogConfig: Setting CVar [[r.VolumetricFog:1]]
[2019.02.21-18.15.39:011][  0]LogConfig: Setting CVar [[r.VolumetricFog.GridPixelSize:8]]
[2019.02.21-18.15.39:011][  0]LogConfig: Setting CVar [[r.VolumetricFog.GridSizeZ:128]]
[2019.02.21-18.15.39:011][  0]LogConfig: Setting CVar [[r.VolumetricFog.HistoryMissSupersampleCount:4]]
[2019.02.21-18.15.39:011][  0]LogConfig: Setting CVar [[r.LightMaxDrawDistanceScale:1]]
[2019.02.21-18.15.39:011][  0]LogConfig: Setting CVar [[r.CapsuleShadows:1]]
[2019.02.21-18.15.39:012][  0]LogConfig: Applying CVar settings from Section [PostProcessQuality@3] File [D:/local code repos/unreal/unreal_udemy_course/03_building_escape/BuildingEscape/Saved/Config/Windows/Scalability.ini]
[2019.02.21-18.15.39:012][  0]LogConfig: Setting CVar [[r.MotionBlurQuality:4]]
[2019.02.21-18.15.39:012][  0]LogConfig: Setting CVar [[r.AmbientOcclusionMipLevelFactor:0.4]]
[2019.02.21-18.15.39:012][  0]LogConfig: Setting CVar [[r.AmbientOcclusionMaxQuality:100]]
[2019.02.21-18.15.39:012][  0]LogConfig: Setting CVar [[r.AmbientOcclusionLevels:-1]]
[2019.02.21-18.15.39:012][  0]LogConfig: Setting CVar [[r.AmbientOcclusionRadiusScale:1.0]]
[2019.02.21-18.15.39:012][  0]LogConfig: Setting CVar [[r.DepthOfFieldQuality:2]]
[2019.02.21-18.15.39:012][  0]LogConfig: Setting CVar [[r.RenderTargetPoolMin:400]]
[2019.02.21-18.15.39:012][  0]LogConfig: Setting CVar [[r.LensFlareQuality:2]]
[2019.02.21-18.15.39:012][  0]LogConfig: Setting CVar [[r.SceneColorFringeQuality:1]]
[2019.02.21-18.15.39:012][  0]LogConfig: Setting CVar [[r.EyeAdaptationQuality:2]]
[2019.02.21-18.15.39:012][  0]LogConfig: Setting CVar [[r.BloomQuality:5]]
[2019.02.21-18.15.39:012][  0]LogConfig: Setting CVar [[r.FastBlurThreshold:100]]
[2019.02.21-18.15.39:012][  0]LogConfig: Setting CVar [[r.Upscale.Quality:3]]
[2019.02.21-18.15.39:012][  0]LogConfig: Setting CVar [[r.Tonemapper.GrainQuantization:1]]
[2019.02.21-18.15.39:012][  0]LogConfig: Setting CVar [[r.LightShaftQuality:1]]
[2019.02.21-18.15.39:012][  0]LogConfig: Setting CVar [[r.Filter.SizeScale:1]]
[2019.02.21-18.15.39:012][  0]LogConfig: Setting CVar [[r.Tonemapper.Quality:5]]
[2019.02.21-18.15.39:012][  0]LogConfig: Setting CVar [[r.DOF.Gather.AccumulatorQuality:1        ; higher gathering accumulator quality]]
[2019.02.21-18.15.39:012][  0]LogConfig: Setting CVar [[r.DOF.Gather.PostfilterMethod:1          ; Median3x3 postfilering method]]
[2019.02.21-18.15.39:012][  0]LogConfig: Setting CVar [[r.DOF.Gather.EnableBokehSettings:0       ; no bokeh simulation when gathering]]
[2019.02.21-18.15.39:012][  0]LogConfig: Setting CVar [[r.DOF.Gather.RingCount:4                 ; medium number of samples when gathering]]
[2019.02.21-18.15.39:012][  0]LogConfig: Setting CVar [[r.DOF.Scatter.ForegroundCompositing:1    ; additive foreground scattering]]
[2019.02.21-18.15.39:012][  0]LogConfig: Setting CVar [[r.DOF.Scatter.BackgroundCompositing:2    ; additive background scattering]]
[2019.02.21-18.15.39:012][  0]LogConfig: Setting CVar [[r.DOF.Scatter.EnableBokehSettings:1      ; bokeh simulation when scattering]]
[2019.02.21-18.15.39:012][  0]LogConfig: Setting CVar [[r.DOF.Scatter.MaxSpriteRatio:0.1         ; only a maximum of 10% of scattered bokeh]]
[2019.02.21-18.15.39:012][  0]LogConfig: Setting CVar [[r.DOF.Recombine.Quality:1                ; cheap slight out of focus]]
[2019.02.21-18.15.39:012][  0]LogConfig: Setting CVar [[r.DOF.Recombine.EnableBokehSettings:0    ; no bokeh simulation on slight out of focus]]
[2019.02.21-18.15.39:012][  0]LogConfig: Setting CVar [[r.DOF.TemporalAAQuality:1                ; more stable temporal accumulation]]
[2019.02.21-18.15.39:012][  0]LogConfig: Setting CVar [[r.DOF.Kernel.MaxForegroundRadius:0.025]]
[2019.02.21-18.15.39:012][  0]LogConfig: Setting CVar [[r.DOF.Kernel.MaxBackgroundRadius:0.025]]
[2019.02.21-18.15.39:012][  0]LogConfig: Applying CVar settings from Section [TextureQuality@3] File [D:/local code repos/unreal/unreal_udemy_course/03_building_escape/BuildingEscape/Saved/Config/Windows/Scalability.ini]
[2019.02.21-18.15.39:012][  0]LogConfig: Setting CVar [[r.Streaming.MipBias:0]]
[2019.02.21-18.15.39:013][  0]LogConfig: Setting CVar [[r.Streaming.AmortizeCPUToGPUCopy:0]]
[2019.02.21-18.15.39:013][  0]LogConfig: Setting CVar [[r.Streaming.MaxNumTexturesToStreamPerFrame:0]]
[2019.02.21-18.15.39:013][  0]LogConfig: Setting CVar [[r.Streaming.Boost:1]]
[2019.02.21-18.15.39:013][  0]LogConfig: Setting CVar [[r.MaxAnisotropy:8]]
[2019.02.21-18.15.39:013][  0]LogConfig: Setting CVar [[r.Streaming.LimitPoolSizeToVRAM:0]]
[2019.02.21-18.15.39:013][  0]LogConfig: Setting CVar [[r.Streaming.PoolSize:1000]]
[2019.02.21-18.15.39:013][  0]LogConfig: Setting CVar [[r.Streaming.MaxEffectiveScreenSize:0]]
[2019.02.21-18.15.39:013][  0]LogConfig: Applying CVar settings from Section [EffectsQuality@3] File [D:/local code repos/unreal/unreal_udemy_course/03_building_escape/BuildingEscape/Saved/Config/Windows/Scalability.ini]
[2019.02.21-18.15.39:013][  0]LogConfig: Setting CVar [[r.TranslucencyLightingVolumeDim:64]]
[2019.02.21-18.15.39:013][  0]LogConfig: Setting CVar [[r.RefractionQuality:2]]
[2019.02.21-18.15.39:013][  0]LogConfig: Setting CVar [[r.SSR.Quality:3]]
[2019.02.21-18.15.39:013][  0]LogConfig: Setting CVar [[r.SceneColorFormat:4]]
[2019.02.21-18.15.39:013][  0]LogConfig: Setting CVar [[r.DetailMode:2]]
[2019.02.21-18.15.39:013][  0]LogConfig: Setting CVar [[r.TranslucencyVolumeBlur:1]]
[2019.02.21-18.15.39:013][  0]LogConfig: Setting CVar [[r.MaterialQualityLevel:1 ; High quality]]
[2019.02.21-18.15.39:013][  0]LogConfig: Setting CVar [[r.SSS.Scale:1]]
[2019.02.21-18.15.39:013][  0]LogConfig: Setting CVar [[r.SSS.SampleSet:2]]
[2019.02.21-18.15.39:013][  0]LogConfig: Setting CVar [[r.SSS.Quality:1]]
[2019.02.21-18.15.39:013][  0]LogConfig: Setting CVar [[r.SSS.HalfRes:1]]
[2019.02.21-18.15.39:013][  0]LogConfig: Setting CVar [[r.EmitterSpawnRateScale:1.0]]
[2019.02.21-18.15.39:013][  0]LogConfig: Setting CVar [[r.ParticleLightQuality:2]]
[2019.02.21-18.15.39:013][  0]LogConfig: Applying CVar settings from Section [FoliageQuality@3] File [D:/local code repos/unreal/unreal_udemy_course/03_building_escape/BuildingEscape/Saved/Config/Windows/Scalability.ini]
[2019.02.21-18.15.39:013][  0]LogConfig: Setting CVar [[foliage.DensityScale:1.0]]
[2019.02.21-18.15.39:013][  0]LogConfig: Setting CVar [[grass.DensityScale:1.0]]
[2019.02.21-18.15.39:013][  0]LogConfig: Applying CVar settings from Section [Startup] File [../../../Engine/Config/ConsoleVariables.ini]
[2019.02.21-18.15.39:027][  0]LogConfig: Setting CVar [[net.UseAdaptiveNetUpdateFrequency:0]]
[2019.02.21-18.15.39:027][  0]LogConfig: Applying CVar settings from Section [ConsoleVariables] File [D:/local code repos/unreal/unreal_udemy_course/03_building_escape/BuildingEscape/Saved/Config/Windows/Engine.ini]
[2019.02.21-18.15.39:027][  0]LogInit: Computer: DESKTOP-R8IGI29
[2019.02.21-18.15.39:027][  0]LogInit: User: abruc
[2019.02.21-18.15.39:027][  0]LogInit: CPU Page size=4096, Cores=4
[2019.02.21-18.15.39:027][  0]LogInit: High frequency timer resolution =10.000000 MHz
[2019.02.21-18.15.39:028][  0]LogMemory: Memory total: Physical=6.0GB (6GB approx)
[2019.02.21-18.15.39:028][  0]LogMemory: Platform Memory Stats for Windows
[2019.02.21-18.15.39:028][  0]LogMemory: Process Physical Memory: 102.12 MB used, 102.12 MB peak
[2019.02.21-18.15.39:028][  0]LogMemory: Process Virtual Memory: 91.73 MB used, 91.73 MB peak
[2019.02.21-18.15.39:028][  0]LogMemory: Physical Memory: 4229.55 MB used,  1870.26 MB free, 6099.81 MB total
[2019.02.21-18.15.39:028][  0]LogMemory: Virtual Memory: 4648.34 MB used,  134213080.00 MB free, 134217728.00 MB total
[2019.02.21-18.15.39:210][  0]LogInit: Using OS detected language (en-GB).
[2019.02.21-18.15.39:210][  0]LogInit: Using OS detected locale (en-GB).
[2019.02.21-18.15.39:243][  0]LogTextLocalizationManager: No specific localization for 'en-GB' exists, so the 'en' localization will be used.
[2019.02.21-18.15.40:575][  0]LogStreaming: Display: Took  1.365s to InitEngineTextLocalization.
[2019.02.21-18.15.40:576][  0]LogInit: Setting process to per monitor DPI aware
[2019.02.21-18.15.41:594][  0]LogSlate: New Slate User Created.  User Index 0, Is Virtual User: 0
[2019.02.21-18.15.41:594][  0]LogSlate: Slate User Registered.  User Index 0, Is Virtual User: 0
[2019.02.21-18.15.45:736][  0]LogHMD: Failed to initialize OpenVR with code 110
[2019.02.21-18.15.45:736][  0]LogD3D11RHI: D3D11 adapters:
[2019.02.21-18.15.45:782][  0]LogD3D11RHI:    0. 'AMD Radeon(TM) Vega 8 Graphics' (Feature Level 11_0)
[2019.02.21-18.15.45:782][  0]LogD3D11RHI:       2033/0/3049 MB DedicatedVideo/DedicatedSystem/SharedSystem, Outputs:2, VendorId:0x1002
[2019.02.21-18.15.45:790][  0]LogD3D11RHI:    1. 'Microsoft Basic Render Driver' (Feature Level 11_0)
[2019.02.21-18.15.45:790][  0]LogD3D11RHI:       0/0/3049 MB DedicatedVideo/DedicatedSystem/SharedSystem, Outputs:0, VendorId:0x1414
[2019.02.21-18.15.45:790][  0]LogD3D11RHI: Chosen D3D11 Adapter: 0
[2019.02.21-18.15.45:803][  0]LogD3D11RHI: Creating new Direct3DDevice
[2019.02.21-18.15.45:804][  0]LogD3D11RHI:     GPU DeviceId: 0x15dd (for the marketing name, search the web for "GPU Device Id")
[2019.02.21-18.15.45:804][  0]LogWindows: EnumDisplayDevices:
[2019.02.21-18.15.45:804][  0]LogWindows:    0. 'AMD Radeon(TM) Vega 8 Graphics' (P:0 D:1)
[2019.02.21-18.15.45:805][  0]LogWindows:    1. 'AMD Radeon(TM) Vega 8 Graphics' (P:1 D:1)
[2019.02.21-18.15.45:805][  0]LogWindows:    2. 'AMD Radeon(TM) Vega 8 Graphics' (P:0 D:0)
[2019.02.21-18.15.45:806][  0]LogWindows:    3. 'AMD Radeon(TM) Vega 8 Graphics' (P:0 D:0)
[2019.02.21-18.15.45:806][  0]LogWindows: DebugString: FoundDriverCount:4 
[2019.02.21-18.15.45:806][  0]LogD3D11RHI:     Adapter Name: AMD Radeon(TM) Vega 8 Graphics
[2019.02.21-18.15.45:806][  0]LogD3D11RHI:   Driver Version: Crimson ReLive 17.7 (internal:23.20.821.2560, unified:23.20.821.2560)
[2019.02.21-18.15.45:806][  0]LogD3D11RHI:      Driver Date: 7-26-2018
[2019.02.21-18.15.45:806][  0]LogRHI: Texture pool is 1423 MB (70% of 2033 MB)
[2019.02.21-18.15.45:850][  0]LogD3D11RHI: Async texture creation enabled
[2019.02.21-18.15.45:865][  0]LogD3D11RHI: GPU Timing Frequency: 25.000000 (Debug: 2 1)
[2019.02.21-18.15.47:807][  0]LogTemp: Display: Loaded TP AllDesktopTargetPlatform
[2019.02.21-18.15.48:004][  0]LogTemp: Display: Loaded TP MacClientTargetPlatform
[2019.02.21-18.15.48:195][  0]LogTemp: Display: Loaded TP MacNoEditorTargetPlatform
[2019.02.21-18.15.48:226][  0]LogTemp: Display: Loaded TP MacServerTargetPlatform
[2019.02.21-18.15.48:277][  0]LogTemp: Display: Loaded TP MacTargetPlatform
[2019.02.21-18.15.48:317][  0]LogTemp: Display: Loaded TP WindowsClientTargetPlatform
[2019.02.21-18.15.48:614][  0]LogTemp: Display: Loaded TP WindowsNoEditorTargetPlatform
[2019.02.21-18.15.48:647][  0]LogTemp: Display: Loaded TP WindowsServerTargetPlatform
[2019.02.21-18.15.48:667][  0]LogTemp: Display: Loaded TP WindowsTargetPlatform
[2019.02.21-18.15.48:868][  0]LogTemp: Display: Loaded TP AndroidTargetPlatform
[2019.02.21-18.15.48:868][  0]LogTemp: Display: Loaded TP AndroidTargetPlatform
[2019.02.21-18.15.48:868][  0]LogTemp: Display: Loaded TP AndroidTargetPlatform
[2019.02.21-18.15.48:868][  0]LogTemp: Display: Loaded TP AndroidTargetPlatform
[2019.02.21-18.15.48:868][  0]LogTemp: Display: Loaded TP AndroidTargetPlatform
[2019.02.21-18.15.48:868][  0]LogTemp: Display: Loaded TP AndroidTargetPlatform
[2019.02.21-18.15.48:869][  0]LogTemp: Display: Loaded TP AndroidTargetPlatform
[2019.02.21-18.15.48:869][  0]LogTemp: Display: Loaded TP AndroidTargetPlatform
[2019.02.21-18.15.48:869][  0]LogTemp: Display: Loaded TP AndroidTargetPlatform
[2019.02.21-18.15.48:869][  0]LogTemp: Display: Loaded TP AndroidTargetPlatform
[2019.02.21-18.15.48:869][  0]LogTemp: Display: Loaded TP AndroidTargetPlatform
[2019.02.21-18.15.48:869][  0]LogTemp: Display: Loaded TP AndroidTargetPlatform
[2019.02.21-18.15.48:869][  0]LogTemp: Display: Loaded TP AndroidTargetPlatform
[2019.02.21-18.15.48:869][  0]LogTemp: Display: Loaded TP AndroidTargetPlatform
[2019.02.21-18.15.48:869][  0]LogTemp: Display: Loaded TP AndroidTargetPlatform
[2019.02.21-18.15.48:869][  0]LogTemp: Display: Loaded TP AndroidTargetPlatform
[2019.02.21-18.15.48:869][  0]LogTemp: Display: Loaded TP AndroidTargetPlatform
[2019.02.21-18.15.48:869][  0]LogTemp: Display: Loaded TP AndroidTargetPlatform
[2019.02.21-18.15.48:890][  0]LogTemp: Display: Loaded TP HTML5TargetPlatform
[2019.02.21-18.15.49:022][  0]LogTemp: Display: Loaded TP IOSTargetPlatform
[2019.02.21-18.15.49:022][  0]LogTemp: Display: Loaded TP IOSTargetPlatform
[2019.02.21-18.15.49:085][  0]LogTemp: Display: Loaded TP TVOSTargetPlatform
[2019.02.21-18.15.49:085][  0]LogTemp: Display: Loaded TP TVOSTargetPlatform
[2019.02.21-18.15.49:124][  0]LogTemp: Display: Loaded TP LinuxClientTargetPlatform
[2019.02.21-18.15.49:167][  0]LogTemp: Display: Loaded TP LinuxNoEditorTargetPlatform
[2019.02.21-18.15.49:207][  0]LogTemp: Display: Loaded TP LinuxServerTargetPlatform
[2019.02.21-18.15.49:255][  0]LogTemp: Display: Loaded TP LinuxTargetPlatform
[2019.02.21-18.15.49:391][  0]LogTemp: Display: Loaded TP LuminTargetPlatform
[2019.02.21-18.15.49:391][  0]LogTemp: Display: Loaded TP LuminTargetPlatform
[2019.02.21-18.15.49:391][  0]LogTargetPlatformManager: Display: Building Assets For Windows
[2019.02.21-18.15.49:698][  0]LogShaderCompilers: Guid format shader working directory is -50 characters bigger than the processId version (../../../../../../local code repos/unreal/unreal_udemy_course/03_building_escape/BuildingEscape/Intermediate/Shaders/WorkingDirectory/13520/).
[2019.02.21-18.15.49:699][  0]LogShaderCompilers: Cleaned the shader compiler working directory 'C:/Users/abruc/AppData/Local/Temp/UnrealShaderWorkingDir/ADBB8C1B456888CDD73703913BFCBBE0/'.
[2019.02.21-18.15.49:711][  0]LogXGEController: Cleaning working directory: C:/Users/abruc/AppData/Local/Temp/UnrealXGEWorkingDir/
[2019.02.21-18.15.49:712][  0]LogXGEController: Cannot use XGE Controller as Incredibuild is not installed on this machine.
[2019.02.21-18.15.49:712][  0]LogShaderCompilers: Cannot use XGE Shader Compiler as Incredibuild is not installed on this machine.
[2019.02.21-18.15.49:712][  0]LogShaderCompilers: Display: Using Local Shader Compiler.
[2019.02.21-18.15.53:016][  0]LogDerivedDataCache: Display: Max Cache Size: 512 MB
[2019.02.21-18.15.53:108][  0]LogDerivedDataCache: Loaded boot cache 0.09s 71MB C:/Users/abruc/AppData/Local/UnrealEngine/4.21/DerivedDataCache/Boot.ddc.
[2019.02.21-18.15.53:108][  0]LogDerivedDataCache: Display: Loaded Boot cache: C:/Users/abruc/AppData/Local/UnrealEngine/4.21/DerivedDataCache/Boot.ddc
[2019.02.21-18.15.53:108][  0]LogDerivedDataCache: FDerivedDataBackendGraph:  Pak pak cache file ../../../../../../local code repos/unreal/unreal_udemy_course/03_building_escape/BuildingEscape/DerivedDataCache/DDC.ddp not found, will not use a pak cache.
[2019.02.21-18.15.53:108][  0]LogDerivedDataCache: Unable to find inner node Pak for hierarchical cache Hierarchy.
[2019.02.21-18.15.53:108][  0]LogDerivedDataCache: FDerivedDataBackendGraph:  CompressedPak pak cache file ../../../../../../local code repos/unreal/unreal_udemy_course/03_building_escape/BuildingEscape/DerivedDataCache/Compressed.ddp not found, will not use a pak cache.
[2019.02.21-18.15.53:108][  0]LogDerivedDataCache: Unable to find inner node CompressedPak for hierarchical cache Hierarchy.
[2019.02.21-18.15.53:182][  0]LogDerivedDataCache: Display: Pak cache opened for reading ../../../Engine/DerivedDataCache/Compressed.ddp.
[2019.02.21-18.15.53:183][  0]LogDerivedDataCache: FDerivedDataBackendGraph:  EnterprisePak pak cache file ../../../Enterprise/DerivedDataCache/Compressed.ddp not found, will not use a pak cache.
[2019.02.21-18.15.53:183][  0]LogDerivedDataCache: Unable to find inner node EnterprisePak for hierarchical cache Hierarchy.
[2019.02.21-18.15.53:196][  0]LogDerivedDataCache: Using Local data cache path C:/Users/abruc/AppData/Local/UnrealEngine/Common/DerivedDataCache: Writable
[2019.02.21-18.15.53:196][  0]LogDerivedDataCache: Shared data cache path not found in *engine.ini, will not use an Shared cache.
[2019.02.21-18.15.53:196][  0]LogDerivedDataCache: Unable to find inner node Shared for hierarchical cache Hierarchy.
[2019.02.21-18.15.53:248][  0]LogMaterial: Verifying Global Shaders for PCD3D_SM5
[2019.02.21-18.15.53:250][  0]LogSlate: Using FreeType 2.6.0
[2019.02.21-18.15.53:294][  0]LogSlate: SlateFontServices - WITH_FREETYPE: 1, WITH_HARFBUZZ: 1
[2019.02.21-18.15.54:131][  0]LogAssetRegistry: FAssetRegistry took 0.0561 seconds to start up
[2019.02.21-18.15.54:653][  0]LogInit: Selected Device Profile: [Windows]
[2019.02.21-18.15.55:535][  0]LogSimplygon: Simplygon DLL not present - disabling.
[2019.02.21-18.15.55:570][  0]LogMeshReduction: Using SimplygonSwarm for distributed automatic mesh merging
[2019.02.21-18.15.55:570][  0]LogMeshReduction: Using ProxyLODMeshReduction for automatic mesh merging
[2019.02.21-18.15.55:570][  0]LogMeshReduction: Using QuadricMeshReduction for automatic static mesh reduction
[2019.02.21-18.15.55:570][  0]LogMeshReduction: No automatic skeletal mesh reduction module available
[2019.02.21-18.15.55:597][  0]LogNetVersion: BuildingEscape 1.0.0, NetCL: 4541578, EngineNetVer: 5, GameNetVer: 0 (Checksum: 3852057107)
[2019.02.21-18.15.57:131][  0]LogPackageLocalizationCache: Processed 11 localized package path(s) for 2 prioritized culture(s) in 0.545699 seconds
[2019.02.21-18.15.57:141][  0]LogUObjectArray: 39775 objects as part of root set at end of initial load.
[2019.02.21-18.15.57:141][  0]LogUObjectAllocator: 6914656 out of 0 bytes used by permanent object pool.
[2019.02.21-18.15.57:141][  0]LogUObjectArray: CloseDisregardForGC: 0/0 objects in disregard for GC pool
[2019.02.21-18.16.06:811][  0]LogTcpMessaging: Initializing TcpMessaging bridge
[2019.02.21-18.16.06:835][  0]LogUdpMessaging: Initializing bridge on interface 0.0.0.0:0 to multicast group 230.0.0.1:6666.
[2019.02.21-18.16.08:815][  0]SourceControl: Source control is disabled
[2019.02.21-18.16.08:815][  0]SourceControl: Source control is disabled
[2019.02.21-18.16.08:846][  0]SourceControl: Source control is disabled
[2019.02.21-18.16.08:858][  0]SourceControl: Source control is disabled
[2019.02.21-18.16.09:547][  0]LogAndroidPermission: UAndroidPermissionCallbackProxy::GetInstance
[2019.02.21-18.16.11:877][  0]LogOcInput: OculusInput pre-init called
[2019.02.21-18.16.12:147][  0]LogEngine: Initializing Engine...
[2019.02.21-18.16.12:148][  0]LogHMD: Failed to initialize OpenVR with code 110
[2019.02.21-18.16.12:150][  0]LogStats: UGameplayTagsManager::ConstructGameplayTagTree: ImportINI prefixes -  0.000 s
[2019.02.21-18.16.12:150][  0]LogStats: UGameplayTagsManager::ConstructGameplayTagTree: Construct from data asset -  0.000 s
[2019.02.21-18.16.12:150][  0]LogStats: UGameplayTagsManager::ConstructGameplayTagTree: ImportINI -  0.000 s
[2019.02.21-18.16.12:150][  0]LogStats: UGameplayTagsManager::ConstructGameplayTagTree: GameplayTagTreeChangedEvent.Broadcast -  0.000 s
[2019.02.21-18.16.12:495][  0]LogInit: Initializing FReadOnlyCVARCache
[2019.02.21-18.16.12:618][  0]LogAIModule: Creating AISystem for world Untitled
[2019.02.21-18.16.12:682][  0]LogInit: XAudio2 using 'Speaker/Headphone (Realtek High Definition Audio)' : 2 channels at 48 kHz using 32 bits per sample (channel mask 0x3)
[2019.02.21-18.16.13:529][  0]LogInit: FAudioDevice initialized.
[2019.02.21-18.16.13:530][  0]LogNetVersion: Set ProjectVersion to 1.0.0.0. Version Checksum will be recalculated on next use.
[2019.02.21-18.16.13:742][  0]LogDerivedDataCache: Saved boot cache 0.21s 71MB C:/Users/abruc/AppData/Local/UnrealEngine/4.21/DerivedDataCache/Boot.ddc.
[2019.02.21-18.16.13:752][  0]LogInit: Texture streaming: Enabled
[2019.02.21-18.16.13:772][  0]LogEngineSessionManager: EngineSessionManager initialized
[2019.02.21-18.16.13:799][  0]LogInit: Transaction tracking system initialized
[2019.02.21-18.16.13:823][  0]BlueprintLog: New page: Editor Load
[2019.02.21-18.16.13:921][  0]LocalizationService: Localization service is disabled
[2019.02.21-18.16.14:736][  0]LogFileCache: Scanning file cache for directory 'D:/local code repos/unreal/unreal_udemy_course/03_building_escape/BuildingEscape/Content/' took 0.02s
[2019.02.21-18.16.14:736][  0]LogCook: Display: Max memory allowance for cook 16384mb min free memory 0mb
[2019.02.21-18.16.14:736][  0]LogCook: Display: Mobile HDR setting 1
[2019.02.21-18.16.14:736][  0]LogGameplayTags: Display: UGameplayTagsManager::DoneAddingNativeTags. DelegateIsBound: 0
[2019.02.21-18.16.14:736][  0]LogStats: UGameplayTagsManager::ConstructGameplayTagTree: ImportINI prefixes -  0.000 s
[2019.02.21-18.16.14:736][  0]LogStats: UGameplayTagsManager::ConstructGameplayTagTree: Construct from data asset -  0.000 s
[2019.02.21-18.16.14:736][  0]LogStats: UGameplayTagsManager::ConstructGameplayTagTree: ImportINI -  0.000 s
[2019.02.21-18.16.14:737][  0]LogStats: UGameplayTagsManager::ConstructGameplayTagTree: GameplayTagTreeChangedEvent.Broadcast -  0.000 s
[2019.02.21-18.16.14:931][  0]SourceControl: Source control is disabled
[2019.02.21-18.16.14:931][  0]Cmd: MAP LOAD FILE="../../../../../../local code repos/unreal/unreal_udemy_course/03_building_escape/BuildingEscape/Content/NewMap.umap" TEMPLATE=0 SHOWPROGRESS=1 FEATURELEVEL=3
[2019.02.21-18.16.14:931][  0]LightingResults: New page: Lighting Build
[2019.02.21-18.16.14:934][  0]MapCheck: New page: Map Check
[2019.02.21-18.16.14:934][  0]LightingResults: New page: Lighting Build
[2019.02.21-18.16.15:352][  0]LogAIModule: Creating AISystem for world NewMap
[2019.02.21-18.16.15:361][  0]LogEditorServer: Finished looking for orphan Actors (0.000 secs)
[2019.02.21-18.16.15:395][  0]Cmd: MAP CHECKDEP NOCLEARLOG
[2019.02.21-18.16.15:396][  0]MapCheck: Map check complete: 0 Error(s), 0 Warning(s), took 0.152ms to complete.
[2019.02.21-18.16.15:396][  0]LogFileHelpers: Loading map 'NewMap' took 0.465
[2019.02.21-18.16.15:499][  0]LogCollectionManager: Loaded 0 collections in 0.001535 seconds
[2019.02.21-18.16.15:546][  0]LogFileCache: Scanning file cache for directory 'D:/local code repos/unreal/unreal_udemy_course/03_building_escape/BuildingEscape/Saved/Collections/' took 0.01s
[2019.02.21-18.16.15:546][  0]LogFileCache: Scanning file cache for directory 'D:/local code repos/unreal/unreal_udemy_course/03_building_escape/BuildingEscape/Content/Developers/abruc/Collections/' took 0.01s
[2019.02.21-18.16.15:546][  0]LogFileCache: Scanning file cache for directory 'D:/local code repos/unreal/unreal_udemy_course/03_building_escape/BuildingEscape/Content/Collections/' took 0.01s
[2019.02.21-18.16.15:547][  0]LogCollectionManager: Rebuilt the GUID cache for 0 collections in 0.000001 seconds
[2019.02.21-18.16.15:564][  0]LogContentBrowser: Native class hierarchy populated in 0.0171 seconds. Added 2654 classes and 622 folders.
[2019.02.21-18.16.15:573][  0]LogContentBrowser: Native class hierarchy updated for 'WidgetCarousel' in 0.0008 seconds. Added 0 classes and 0 folders.
[2019.02.21-18.16.15:576][  0]LogPakFile: Registered encryption key '00000000000000000000000000000000': 0 pak files mounted, 0 remain pending
[2019.02.21-18.16.15:577][  0]LogPakFile: Registered encryption key '00000000000000000000000000000000': 0 pak files mounted, 0 remain pending
[2019.02.21-18.16.15:578][  0]LogPakFile: Registered encryption key '00000000000000000000000000000000': 0 pak files mounted, 0 remain pending
[2019.02.21-18.16.15:580][  0]LogPakFile: Registered encryption key '00000000000000000000000000000000': 0 pak files mounted, 0 remain pending
[2019.02.21-18.16.15:581][  0]LogPakFile: Registered encryption key '00000000000000000000000000000000': 0 pak files mounted, 0 remain pending
[2019.02.21-18.16.15:581][  0]LogPakFile: Registered encryption key '00000000000000000000000000000000': 0 pak files mounted, 0 remain pending
[2019.02.21-18.16.15:582][  0]LogPakFile: Registered encryption key '00000000000000000000000000000000': 0 pak files mounted, 0 remain pending
[2019.02.21-18.16.15:583][  0]LogPakFile: Registered encryption key '00000000000000000000000000000000': 0 pak files mounted, 0 remain pending
[2019.02.21-18.16.15:584][  0]LogPakFile: Registered encryption key '00000000000000000000000000000000': 0 pak files mounted, 0 remain pending
[2019.02.21-18.16.15:585][  0]LogPakFile: Registered encryption key '00000000000000000000000000000000': 0 pak files mounted, 0 remain pending
[2019.02.21-18.16.15:586][  0]LogPakFile: Registered encryption key '00000000000000000000000000000000': 0 pak files mounted, 0 remain pending
[2019.02.21-18.16.15:587][  0]LogPakFile: Registered encryption key '00000000000000000000000000000000': 0 pak files mounted, 0 remain pending
[2019.02.21-18.16.15:588][  0]LogPakFile: Registered encryption key '00000000000000000000000000000000': 0 pak files mounted, 0 remain pending
[2019.02.21-18.16.15:589][  0]LogPakFile: Registered encryption key '00000000000000000000000000000000': 0 pak files mounted, 0 remain pending
[2019.02.21-18.16.15:590][  0]LogPakFile: Registered encryption key '00000000000000000000000000000000': 0 pak files mounted, 0 remain pending
[2019.02.21-18.16.15:591][  0]LogPakFile: Registered encryption key '00000000000000000000000000000000': 0 pak files mounted, 0 remain pending
[2019.02.21-18.16.15:592][  0]LogPakFile: Registered encryption key '00000000000000000000000000000000': 0 pak files mounted, 0 remain pending
[2019.02.21-18.16.15:592][  0]LogPakFile: Registered encryption key '00000000000000000000000000000000': 0 pak files mounted, 0 remain pending
[2019.02.21-18.16.15:593][  0]LogPakFile: Registered encryption key '00000000000000000000000000000000': 0 pak files mounted, 0 remain pending
[2019.02.21-18.16.15:594][  0]LogPakFile: Registered encryption key '00000000000000000000000000000000': 0 pak files mounted, 0 remain pending
[2019.02.21-18.16.15:595][  0]LogPakFile: Registered encryption key '00000000000000000000000000000000': 0 pak files mounted, 0 remain pending
[2019.02.21-18.16.15:595][  0]LogPakFile: Registered encryption key '00000000000000000000000000000000': 0 pak files mounted, 0 remain pending
[2019.02.21-18.16.15:596][  0]LogPakFile: Registered encryption key '00000000000000000000000000000000': 0 pak files mounted, 0 remain pending
[2019.02.21-18.16.15:597][  0]LogPakFile: Registered encryption key '00000000000000000000000000000000': 0 pak files mounted, 0 remain pending
[2019.02.21-18.16.15:597][  0]LogPakFile: Registered encryption key '00000000000000000000000000000000': 0 pak files mounted, 0 remain pending
[2019.02.21-18.16.15:598][  0]LogPakFile: Registered encryption key '00000000000000000000000000000000': 0 pak files mounted, 0 remain pending
[2019.02.21-18.16.15:680][  0]LogContentBrowser: Native class hierarchy updated for 'AddContentDialog' in 0.0007 seconds. Added 0 classes and 0 folders.
[2019.02.21-18.16.15:689][  0]LogContentBrowser: Native class hierarchy updated for 'SceneOutliner' in 0.0012 seconds. Added 1 classes and 2 folders.
[2019.02.21-18.16.15:742][  0]LogSlate: Updating window title bar state: overlay mode, drag disabled, window buttons hidden, title bar hidden
[2019.02.21-18.16.15:754][  0]LogSlate: Updating window title bar state: overlay mode, drag disabled, window buttons hidden, title bar hidden
[2019.02.21-18.16.15:765][  0]LogSlate: Updating window title bar state: overlay mode, drag disabled, window buttons hidden, title bar hidden
[2019.02.21-18.16.15:776][  0]LogSlate: Updating window title bar state: overlay mode, drag disabled, window buttons hidden, title bar hidden
[2019.02.21-18.16.15:786][  0]LogSlate: Took 0.000343 seconds to synchronously load lazily loaded font '../../../Engine/Content/Slate/Fonts/Roboto-Regular.ttf' (155K)
[2019.02.21-18.16.15:792][  0]LogSlate: Took 0.000332 seconds to synchronously load lazily loaded font '../../../Engine/Content/Slate/Fonts/Roboto-Bold.ttf' (160K)
[2019.02.21-18.16.15:897][  0]LogRenderer: Reallocating scene render targets to support 1524x924 Format 10 NumSamples 1 (Frame:1).
[2019.02.21-18.16.16:208][  0]LogContentBrowser: Native class hierarchy updated for 'HierarchicalLODOutliner' in 0.0008 seconds. Added 0 classes and 0 folders.
[2019.02.21-18.16.16:208][  0]LogLoad: (Engine Initialization) Total time: 46.40 seconds
[2019.02.21-18.16.16:208][  0]LogLoad: (Engine Initialization) Total Blueprint compile time: 0.00 seconds
[2019.02.21-18.16.16:228][  0]LogWindowsTextInputMethodSystem: Display: IME system now deactivated.
[2019.02.21-18.16.16:285][  0]LogContentStreaming: Texture pool size now 1000 MB
[2019.02.21-18.16.16:369][  2]LogAssetRegistry: Asset discovery search completed in 22.2620 seconds
[2019.02.21-18.16.16:371][  2]LogCollectionManager: Rebuilt the object cache for 0 collections in 0.000002 seconds (found 0 objects)
[2019.02.21-18.16.16:371][  2]LogCollectionManager: Fixed up redirectors for 0 collections in 0.000205 seconds (updated 0 objects)
[2019.02.21-18.17.24:990][160]LogEditorViewport: Clicking on Actor (LMB): StaticMeshActor (SM_Door)
[2019.02.21-18.17.25:559][160]LogSlate: Took 0.000506 seconds to synchronously load lazily loaded font '../../../Engine/Content/Editor/Slate/Fonts/FontAwesome.ttf' (139K)
[2019.02.21-18.17.26:867][171]LogSlate: Took 0.106520 seconds to synchronously load lazily loaded font '../../../Engine/Content/Slate/Fonts/Roboto-Italic.ttf' (157K)
[2019.02.21-18.17.30:145][257]LogSlate: FSceneViewport::OnFocusLost() reason 0
[2019.02.21-18.17.30:219][260]LogTemp: Repeating last play command: Selected Viewport
[2019.02.21-18.17.30:240][260]LogBlueprintUserMessages: Early PlayInEditor Detection: Level '/Game/NewMap.NewMap:PersistentLevel' has LevelScriptBlueprint '/Game/NewMap.NewMap:PersistentLevel.NewMap' with GeneratedClass '/Game/NewMap.NewMap_C' with ClassGeneratedBy '/Game/NewMap.NewMap:PersistentLevel.NewMap'
[2019.02.21-18.17.30:240][260]LogPlayLevel: PlayLevel: No blueprints needed recompiling
[2019.02.21-18.17.30:241][260]PIE: New page: PIE session: NewMap (21 Feb 2019 18:17:30)
[2019.02.21-18.17.30:254][260]LogPlayLevel: Creating play world package: /Game/UEDPIE_0_NewMap
[2019.02.21-18.17.30:260][260]LogPlayLevel: PIE: StaticDuplicateObject took: (0.005769s)
[2019.02.21-18.17.30:261][260]LogAIModule: Creating AISystem for world NewMap
[2019.02.21-18.17.30:261][260]LogPlayLevel: PIE: World Init took: (0.001223s)
[2019.02.21-18.17.30:261][260]LogPlayLevel: PIE: Created PIE world by copying editor world from /Game/NewMap.NewMap to /Game/UEDPIE_0_NewMap.NewMap (0.007424s)
[2019.02.21-18.17.30:325][260]LogInit: XAudio2 using 'Speaker/Headphone (Realtek High Definition Audio)' : 2 channels at 48 kHz using 32 bits per sample (channel mask 0x3)
[2019.02.21-18.17.30:351][260]LogInit: FAudioDevice initialized.
[2019.02.21-18.17.30:404][260]LogUObjectGlobals: Warning: Failed to find object 'Class /Script/BuildingEscape.BuildingEscapeGameMode'
[2019.02.21-18.17.30:404][260]LogLoad: Game class is 'GameModeBase'
[2019.02.21-18.17.30:408][260]LogWorld: Bringing World /Game/UEDPIE_0_NewMap.NewMap up for play (max tick rate 60) at 2019.02.21-18.17.30
[2019.02.21-18.17.30:409][260]LogWorld: Bringing up level for play took: 0.001324
[2019.02.21-18.17.30:515][260]LogContentBrowser: Native class hierarchy updated for 'MovieSceneCapture' in 0.0013 seconds. Added 20 classes and 0 folders.
[2019.02.21-18.17.30:517][260]LogTemp: Warning: SM_Chair_2 is at X=7.570 Y=-139.871 Z=20.063
[2019.02.21-18.17.30:517][260]LogTemp: Warning: SM_TableRound_6 is at X=110.000 Y=-140.000 Z=20.000
[2019.02.21-18.17.30:517][260]LogTemp: Warning: SM_Chair2_10 is at X=150.000 Y=-230.000 Z=20.000
[2019.02.21-18.17.30:518][260]PIE: Play in editor start time for /Game/UEDPIE_0_NewMap 0.42
[2019.02.21-18.17.30:518][260]LogBlueprintUserMessages: Late PlayInEditor Detection: Level '/Game/NewMap.NewMap:PersistentLevel' has LevelScriptBlueprint '/Game/NewMap.NewMap:PersistentLevel.NewMap' with GeneratedClass '/Game/NewMap.NewMap_C' with ClassGeneratedBy '/Game/NewMap.NewMap:PersistentLevel.NewMap'
[2019.02.21-18.17.40:405][613]LogBlueprintUserMessages: Early EndPlayMap Detection: Level '/Game/NewMap.NewMap:PersistentLevel' has LevelScriptBlueprint '/Game/NewMap.NewMap:PersistentLevel.NewMap' with GeneratedClass '/Game/NewMap.NewMap_C' with ClassGeneratedBy '/Game/NewMap.NewMap:PersistentLevel.NewMap'
[2019.02.21-18.17.40:405][613]LogSlate: Updating window title bar state: overlay mode, drag disabled, window buttons hidden, title bar hidden
[2019.02.21-18.17.40:472][613]LogPlayLevel: Display: Shutting down PIE online subsystems
[2019.02.21-18.17.40:472][613]LogBlueprintUserMessages: Late EndPlayMap Detection: Level '/Game/NewMap.NewMap:PersistentLevel' has LevelScriptBlueprint '/Game/NewMap.NewMap:PersistentLevel.NewMap' with GeneratedClass '/Game/NewMap.NewMap_C' with ClassGeneratedBy '/Game/NewMap.NewMap:PersistentLevel.NewMap'
[2019.02.21-18.17.40:513][613]LogSlate: Updating window title bar state: overlay mode, drag disabled, window buttons hidden, title bar hidden
[2019.02.21-18.17.40:576][614]LogPlayLevel: Display: Destroying online subsystem :Context_3
[2019.02.21-18.17.42:816][682]LogEditorViewport: Clicking on Actor (LMB): StaticMeshActor (SM_Door)
[2019.02.21-18.17.44:666][730]LogEditorViewport: Clicking on Actor (context menu): BP_Sky_Sphere_C (Sky Sphere)
[2019.02.21-18.17.44:933][730]LogSlate: FSceneViewport::OnFocusLost() reason 2
[2019.02.21-18.17.49:246][842]LogEditorViewport: Clicking on Actor (context menu): BP_Sky_Sphere_C (Sky Sphere)
[2019.02.21-18.17.49:353][842]LogSlate: FSceneViewport::OnFocusLost() reason 2
[2019.02.21-18.17.49:400][842]LogEditorViewport: Clicking on Component (context menu): StaticMeshComponent (Sky Sphere mesh)
[2019.02.21-18.17.50:802][868]LogEditorViewport: Clicking on Component (LMB): StaticMeshComponent (Sky Sphere mesh)
[2019.02.21-18.17.51:261][881]LogEditorViewport: Clicking on Actor (LMB): StaticMeshActor (SM_Door)
[2019.02.21-18.17.55:473][976]LogEditorViewport: Clicking on Actor (LMB): StaticMeshActor (SM_Door)
[2019.02.21-18.18.00:155][107]LogSlate: FSceneViewport::OnFocusLost() reason 0
[2019.02.21-18.18.03:673][169]LogEditorViewport: Clicking on Actor (LMB): BP_Sky_Sphere_C (Sky Sphere)
[2019.02.21-18.18.12:512][406]LogEditorViewport: Clicking on Actor (LMB): StaticMeshActor (SM_Door)
[2019.02.21-18.18.14:179][446]LogSlate: FSceneViewport::OnFocusLost() reason 0
[2019.02.21-18.20.22:892][927]Candidate modules for hot reload:
[2019.02.21-18.20.22:892][927]  BuildingEscape
[2019.02.21-18.20.22:892][927]Launching UnrealBuildTool... [D:/applications/unreal engine/UE_4.21/Engine/Binaries/DotNET/UnrealBuildTool.exe  -ModuleWithSuffix=BuildingEscape,7883 Win64 Development -TargetType=Editor -Project="../../../../../../local code repos/unreal/unreal_udemy_course/03_building_escape/BuildingEscape/BuildingEscape.uproject" -canskiplink "D:/local code repos/unreal/unreal_udemy_course/03_building_escape/BuildingEscape/BuildingEscape.uproject" ]
[2019.02.21-18.20.22:897][927]Warning: Starting HotReload took  0.3s.
[2019.02.21-18.20.31:777][123]LogSlate: Took 0.038495 seconds to synchronously load lazily loaded font '../../../Engine/Content/Slate/Fonts/DroidSansMono.ttf' (77K)
[2019.02.21-18.23.27:668][717]CompilerResultsLog: New page: Compilation - 21 Feb 2019 18:23:27
[2019.02.21-18.23.27:687][717]CompilerResultsLog: Using 'git status' to determine working set for adaptive non-unity build (D:\local code repos\unreal\unreal_udemy_course\03_building_escape).
[2019.02.21-18.23.27:688][717]CompilerResultsLog: Creating makefile for hot reloading BuildingEscapeEditor (source directory changed)
[2019.02.21-18.23.27:688][717]CompilerResultsLog: Compiling game modules for hot reload
[2019.02.21-18.23.27:689][717]CompilerResultsLog: Using Visual Studio 2017 14.16.27023 toolchain (C:\Program Files (x86)\Microsoft Visual Studio\2017\Community\VC\Tools\MSVC\14.16.27023) and Windows 10.0.17763.0 SDK (C:\Program Files (x86)\Windows Kits\10).
[2019.02.21-18.23.27:689][717]CompilerResultsLog: Building 3 actions with 8 processes...
[2019.02.21-18.23.27:689][717]CompilerResultsLog:   [1/3] OpenDoor.cpp
[2019.02.21-18.23.27:690][717]CompilerResultsLog:   [2/3] UE4Editor-BuildingEscape-7883.lib
[2019.02.21-18.23.27:690][717]CompilerResultsLog:      Creating library D:\local code repos\unreal\unreal_udemy_course\03_building_escape\BuildingEscape\Intermediate\Build\Win64\UE4Editor\Development\BuildingEscape\UE4Editor-BuildingEscape-7883.lib and object D:\local code repos\unreal\unreal_udemy_course\03_building_escape\BuildingEscape\Intermediate\Build\Win64\UE4Editor\Development\BuildingEscape\UE4Editor-BuildingEscape-7883.exp
[2019.02.21-18.23.27:691][717]CompilerResultsLog:   [3/3] UE4Editor-BuildingEscape-7883.dll
[2019.02.21-18.23.27:691][717]CompilerResultsLog:      Creating library D:\local code repos\unreal\unreal_udemy_course\03_building_escape\BuildingEscape\Intermediate\Build\Win64\UE4Editor\Development\BuildingEscape\UE4Editor-BuildingEscape-7883.suppressed.lib and object D:\local code repos\unreal\unreal_udemy_course\03_building_escape\BuildingEscape\Intermediate\Build\Win64\UE4Editor\Development\BuildingEscape\UE4Editor-BuildingEscape-7883.suppressed.exp
[2019.02.21-18.23.27:692][717]CompilerResultsLog: Total build time: 183.77 seconds (Parallel executor: 76.19 seconds)
[2019.02.21-18.23.27:698][717]LogMainFrame: MainFrame: Module compiling took 184.897 seconds
[2019.02.21-18.23.27:798][717]LogContentBrowser: Native class hierarchy updated for 'BuildingEscape' in 0.0008 seconds. Added 3 classes and 2 folders.
[2019.02.21-18.23.27:804][717]Display: HotReload successful (0 functions remapped  0 scriptstructs remapped)
[2019.02.21-18.23.28:235][717]LogContentBrowser: Native class hierarchy populated in 0.0144 seconds. Added 2655 classes and 624 folders.
[2019.02.21-18.23.28:281][717]Display: HotReload took 185.7s.
[2019.02.21-18.23.31:636][727]LogTemp: Repeating last play command: Selected Viewport
[2019.02.21-18.23.31:682][727]LogBlueprintUserMessages: Early PlayInEditor Detection: Level '/Game/NewMap.NewMap:PersistentLevel' has LevelScriptBlueprint '/Game/NewMap.NewMap:PersistentLevel.NewMap' with GeneratedClass '/Game/NewMap.NewMap_C' with ClassGeneratedBy '/Game/NewMap.NewMap:PersistentLevel.NewMap'
[2019.02.21-18.23.31:683][727]LogPlayLevel: PlayLevel: No blueprints needed recompiling
[2019.02.21-18.23.31:684][727]PIE: New page: PIE session: NewMap (21 Feb 2019 18:23:31)
[2019.02.21-18.23.31:684][727]LogPlayLevel: Creating play world package: /Game/UEDPIE_0_NewMap
[2019.02.21-18.23.31:692][727]LogPlayLevel: PIE: StaticDuplicateObject took: (0.007398s)
[2019.02.21-18.23.31:693][727]LogAIModule: Creating AISystem for world NewMap
[2019.02.21-18.23.31:694][727]LogPlayLevel: PIE: World Init took: (0.001667s)
[2019.02.21-18.23.31:694][727]LogPlayLevel: PIE: Created PIE world by copying editor world from /Game/NewMap.NewMap to /Game/UEDPIE_0_NewMap.NewMap (0.010168s)
[2019.02.21-18.23.31:787][727]LogInit: XAudio2 using 'Speaker/Headphone (Realtek High Definition Audio)' : 2 channels at 48 kHz using 32 bits per sample (channel mask 0x3)
[2019.02.21-18.23.31:812][727]LogInit: FAudioDevice initialized.
[2019.02.21-18.23.32:783][727]LogLoad: Game class is 'GameModeBase'
[2019.02.21-18.23.32:786][727]LogWorld: Bringing World /Game/UEDPIE_0_NewMap.NewMap up for play (max tick rate 60) at 2019.02.21-18.23.32
[2019.02.21-18.23.32:787][727]LogWorld: Bringing up level for play took: 0.002324
[2019.02.21-18.23.32:803][727]LogTemp: Warning: SM_Chair_2 is at X=7.570 Y=-139.871 Z=20.063
[2019.02.21-18.23.32:803][727]LogTemp: Warning: SM_TableRound_6 is at X=110.000 Y=-140.000 Z=20.000
[2019.02.21-18.23.32:804][727]LogTemp: Warning: SM_Chair2_10 is at X=150.000 Y=-230.000 Z=20.000
[2019.02.21-18.23.43:513][727]LogWindows: Error: === Critical error: ===
[2019.02.21-18.23.43:513][727]LogWindows: Error: 
[2019.02.21-18.23.43:513][727]LogWindows: Error: Fatal error!
[2019.02.21-18.23.43:513][727]LogWindows: Error: 
[2019.02.21-18.23.43:513][727]LogWindows: Error: Unhandled Exception: EXCEPTION_ACCESS_VIOLATION reading address 0xfffffffe
[2019.02.21-18.23.43:513][727]LogWindows: Error: 
[2019.02.21-18.23.43:513][727]LogWindows: Error: [Callstack] 0x00007ff87b0f14e0 ucrtbase.dll!UnknownFunction []
[2019.02.21-18.23.43:513][727]LogWindows: Error: [Callstack] 0x00007ff87b0dc966 ucrtbase.dll!UnknownFunction []
[2019.02.21-18.23.43:513][727]LogWindows: Error: [Callstack] 0x00007ff87b0dbd11 ucrtbase.dll!UnknownFunction []
[2019.02.21-18.23.43:514][727]LogWindows: Error: [Callstack] 0x00007ff84e0de8e7 UE4Editor-Core.dll!UnknownFunction []
[2019.02.21-18.23.43:514][727]LogWindows: Error: [Callstack] 0x00007ff85ad61fc7 UE4Editor-BuildingEscape-7883.dll!UOpenDoor::BeginPlay() [d:\local code repos\unreal\unreal_udemy_course\03_building_escape\buildingescape\source\buildingescape\opendoor.cpp:33]
[2019.02.21-18.23.43:514][727]LogWindows: Error: [Callstack] 0x00007ff82ca97193 UE4Editor-Engine.dll!UnknownFunction []
[2019.02.21-18.23.43:514][727]LogWindows: Error: [Callstack] 0x00007ff82caa3c95 UE4Editor-Engine.dll!UnknownFunction []
[2019.02.21-18.23.43:514][727]LogWindows: Error: [Callstack] 0x00007ff82def060c UE4Editor-Engine.dll!UnknownFunction []
[2019.02.21-18.23.43:514][727]LogWindows: Error: [Callstack] 0x00007ff82d2aeb41 UE4Editor-Engine.dll!UnknownFunction []
[2019.02.21-18.23.43:514][727]LogWindows: Error: [Callstack] 0x00007ff82de9865e UE4Editor-Engine.dll!UnknownFunction []
[2019.02.21-18.23.43:514][727]LogWindows: Error: [Callstack] 0x00007ff82d24c1f1 UE4Editor-Engine.dll!UnknownFunction []
[2019.02.21-18.23.43:514][727]LogWindows: Error: [Callstack] 0x00007ff82bb5ac89 UE4Editor-UnrealEd.dll!UnknownFunction []
[2019.02.21-18.23.43:514][727]LogWindows: Error: [Callstack] 0x00007ff82bb7b350 UE4Editor-UnrealEd.dll!UnknownFunction []
[2019.02.21-18.23.43:514][727]LogWindows: Error: [Callstack] 0x00007ff82bb992e6 UE4Editor-UnrealEd.dll!UnknownFunction []
[2019.02.21-18.23.43:514][727]LogWindows: Error: [Callstack] 0x00007ff82b591891 UE4Editor-UnrealEd.dll!UnknownFunction []
[2019.02.21-18.23.43:514][727]LogWindows: Error: [Callstack] 0x00007ff82beb2346 UE4Editor-UnrealEd.dll!UnknownFunction []
[2019.02.21-18.23.43:514][727]LogWindows: Error: [Callstack] 0x00007ff6c99e6225 UE4Editor.exe!UnknownFunction []
[2019.02.21-18.23.43:514][727]LogWindows: Error: [Callstack] 0x00007ff6c99f596c UE4Editor.exe!UnknownFunction []
[2019.02.21-18.23.43:514][727]LogWindows: Error: [Callstack] 0x00007ff6c99f59ea UE4Editor.exe!UnknownFunction []
[2019.02.21-18.23.43:514][727]LogWindows: Error: [Callstack] 0x00007ff6c9a048da UE4Editor.exe!UnknownFunction []
[2019.02.21-18.23.43:514][727]LogWindows: Error: [Callstack] 0x00007ff6c9a0659a UE4Editor.exe!UnknownFunction []
[2019.02.21-18.23.43:514][727]LogWindows: Error: [Callstack] 0x00007ff87b3b3dc4 KERNEL32.DLL!UnknownFunction []
[2019.02.21-18.23.43:514][727]LogWindows: Error: [Callstack] 0x00007ff87ddb3691 ntdll.dll!UnknownFunction []
[2019.02.21-18.23.43:514][727]LogWindows: Error: 
[2019.02.21-18.23.43:546][727]LogExit: Executing StaticShutdownAfterError
[2019.02.21-18.23.44:038][727]LogWindows: FPlatformMisc::RequestExit(1)
[2019.02.21-18.23.44:109][727]Log file closed, 02/21/19 18:23:44
