Log file open, 06/04/19 12:39:53
LogWindows: Failed to load 'aqProf.dll' (GetLastError=126)
LogWindows: File 'aqProf.dll' does not exist
LogWindows: Failed to load 'VtuneApi.dll' (GetLastError=126)
LogWindows: File 'VtuneApi.dll' does not exist
LogWindows: Failed to load 'VtuneApi32e.dll' (GetLastError=126)
LogWindows: File 'VtuneApi32e.dll' does not exist
LogConsoleResponse: Display: Failed to find resolution value strings in scalability ini. Falling back to default.
LogInit: Display: Running engine for game: BuildingEscape
LogPakFile: Registered encryption key '00000000000000000000000000000000': 0 pak files mounted, 0 remain pending
LogPlatformFile: Not using cached read wrapper
LogTaskGraph: Started task graph with 5 named threads and 14 total threads with 3 sets of task threads.
LogStats: Stats thread started at 0.224534
LogD3D11RHI: Loaded GFSDK_Aftermath_Lib.x64.dll
LogICUInternationalization: ICU TimeZone Detection - Raw Offset: +0:00, Platform Override: ''
LogPluginManager: Mounting plugin Paper2D
LogPluginManager: Mounting plugin AISupport
LogPluginManager: Mounting plugin LightPropagationVolume
LogPluginManager: Mounting plugin ActorLayerUtilities
LogPluginManager: Mounting plugin AnimationSharing
LogPluginManager: Mounting plugin CLionSourceCodeAccess
LogPluginManager: Mounting plugin CodeLiteSourceCodeAccess
LogPluginManager: Mounting plugin GitSourceControl
LogPluginManager: Mounting plugin KDevelopSourceCodeAccess
LogPluginManager: Mounting plugin NullSourceCodeAccess
LogPluginManager: Mounting plugin PerforceSourceControl
LogPluginManager: Mounting plugin SubversionSourceControl
LogPluginManager: Mounting plugin UObjectPlugin
LogPluginManager: Mounting plugin VisualStudioCodeSourceCodeAccess
LogPluginManager: Mounting plugin VisualStudioSourceCodeAccess
LogPluginManager: Mounting plugin XCodeSourceCodeAccess
LogPluginManager: Mounting plugin AssetManagerEditor
LogPluginManager: Mounting plugin CryptoKeys
LogPluginManager: Mounting plugin DataValidation
LogPluginManager: Mounting plugin FacialAnimation
LogPluginManager: Mounting plugin GameplayTagsEditor
LogPluginManager: Mounting plugin MacGraphicsSwitching
LogPluginManager: Mounting plugin MaterialAnalyzer
LogPluginManager: Mounting plugin MobileLauncherProfileWizard
LogPluginManager: Mounting plugin PluginBrowser
LogPluginManager: Mounting plugin SpeedTreeImporter
LogPluginManager: Mounting plugin DatasmithContent
LogPluginManager: Mounting plugin VariantManagerContent
LogPluginManager: Mounting plugin AlembicImporter
LogPluginManager: Mounting plugin AppleImageUtils
LogPluginManager: Mounting plugin AppleVision
LogPluginManager: Mounting plugin BackChannel
LogPluginManager: Mounting plugin CharacterAI
LogPluginManager: Mounting plugin GeometryCache
LogPluginManager: Mounting plugin HTML5Networking
LogPluginManager: Mounting plugin ProxyLODPlugin
LogPluginManager: Mounting plugin SkeletalReduction
LogPluginManager: Mounting plugin MagicLeap
LogPluginManager: Mounting plugin MagicLeapMedia
LogPluginManager: Mounting plugin AndroidMedia
LogPluginManager: Mounting plugin AvfMedia
LogPluginManager: Mounting plugin ImgMedia
LogPluginManager: Mounting plugin LinearTimecode
LogPluginManager: Mounting plugin MediaCompositing
LogPluginManager: Mounting plugin MediaPlayerEditor
LogPluginManager: Mounting plugin WebMMedia
LogPluginManager: Mounting plugin WmfMedia
LogPluginManager: Mounting plugin TcpMessaging
LogPluginManager: Mounting plugin UdpMessaging
LogPluginManager: Mounting plugin ActorSequence
LogPluginManager: Mounting plugin LevelSequenceEditor
LogPluginManager: Mounting plugin MatineeToLevelSequence
LogPluginManager: Mounting plugin NetcodeUnitTest
LogPluginManager: Mounting plugin NUTUnrealEngine4
LogPluginManager: Mounting plugin OnlineSubsystemGooglePlay
LogPluginManager: Mounting plugin OnlineSubsystemIOS
LogPluginManager: Mounting plugin OnlineSubsystem
LogPluginManager: Mounting plugin OnlineSubsystemNull
LogPluginManager: Mounting plugin OnlineSubsystemUtils
LogPluginManager: Mounting plugin LauncherChunkInstaller
LogPluginManager: Mounting plugin AndroidDeviceProfileSelector
LogPluginManager: Mounting plugin AndroidMoviePlayer
LogPluginManager: Mounting plugin AndroidPermission
LogPluginManager: Mounting plugin AppleMoviePlayer
LogPluginManager: Mounting plugin ArchVisCharacter
LogPluginManager: Mounting plugin AudioCapture
LogPluginManager: Mounting plugin CableComponent
LogPluginManager: Mounting plugin CustomMeshComponent
LogPluginManager: Mounting plugin EditableMesh
LogPluginManager: Mounting plugin ExampleDeviceProfileSelector
LogPluginManager: Mounting plugin Firebase
LogPluginManager: Mounting plugin GoogleCloudMessaging
LogPluginManager: Mounting plugin IOSDeviceProfileSelector
LogPluginManager: Mounting plugin LinuxDeviceProfileSelector
LogPluginManager: Mounting plugin LocationServicesBPLibrary
LogPluginManager: Mounting plugin MobilePatchingUtils
LogPluginManager: Mounting plugin OculusVR
LogPluginManager: Mounting plugin PhysXVehicles
LogPluginManager: Mounting plugin ProceduralMeshComponent
LogPluginManager: Mounting plugin RuntimePhysXCooking
LogPluginManager: Mounting plugin SignificanceManager
LogPluginManager: Mounting plugin SteamVR
LogPluginManager: Mounting plugin WebMMoviePlayer
LogPluginManager: Mounting plugin WindowsMoviePlayer
LogInit: Using libcurl 7.55.1-DEV
LogInit:  - built for x86_64-pc-win32
LogInit:  - supports SSL with OpenSSL/1.1.1
LogInit:  - supports HTTP deflate (compression) using libz 1.2.8
LogInit:  - other features:
LogInit:      CURL_VERSION_SSL
LogInit:      CURL_VERSION_LIBZ
LogInit:      CURL_VERSION_IPV6
LogInit:      CURL_VERSION_ASYNCHDNS
LogInit:      CURL_VERSION_LARGEFILE
LogInit:      CURL_VERSION_IDN
LogInit:  CurlRequestOptions (configurable via config and command line):
LogInit:  - bVerifyPeer = true  - Libcurl will verify peer certificate
LogInit:  - bUseHttpProxy = false  - Libcurl will NOT use HTTP proxy
LogInit:  - bDontReuseConnections = false  - Libcurl will reuse connections
LogInit:  - MaxHostConnections = 16  - Libcurl will limit the number of connections to a host
LogInit:  - LocalHostAddr = Default
LogInit:  - BufferSize = 65536
LogInit: WinSock: version 1.1 (2.2), MaxSocks=32767, MaxUdp=65467
LogInit: Build: ++UE4+Release-4.22-CL-6574378
LogInit: Engine Version: 4.22.2-6574378+++UE4+Release-4.22
LogInit: Compatible Engine Version: 4.22.0-5660361+++UE4+Release-4.22
LogInit: Net CL: 5660361
LogInit: OS: Windows 10 (Release 1809) (), CPU:         Intel(R) Core(TM) i7-2600 CPU @ 3.40GHz, GPU: NVIDIA GeForce GTX 1060 6GB
LogInit: Compiled (64-bit): May 20 2019 09:54:56
LogInit: Compiled with Visual C++: 19.16.27025.01
LogInit: Build Configuration: Development
LogInit: Branch Name: ++UE4+Release-4.22
LogInit: Command Line: 
LogInit: Base Directory: E:/Applications/UE_4.22/Engine/Binaries/Win64/
LogInit: Installed Engine Build: 1
LogDevObjectVersion: Number of dev versions registered: 23
LogDevObjectVersion:   Dev-Blueprints (B0D832E4-1F89-4F0D-ACCF-7EB736FD4AA2): 10
LogDevObjectVersion:   Dev-Build (E1C64328-A22C-4D53-A36C-8E866417BD8C): 0
LogDevObjectVersion:   Dev-Core (375EC13C-06E4-48FB-B500-84F0262A717E): 3
LogDevObjectVersion:   Dev-Editor (E4B068ED-F494-42E9-A231-DA0B2E46BB41): 30
LogDevObjectVersion:   Dev-Framework (CFFC743F-43B0-4480-9391-14DF171D2073): 35
LogDevObjectVersion:   Dev-Mobile (B02B49B5-BB20-44E9-A304-32B752E40360): 2
LogDevObjectVersion:   Dev-Networking (A4E4105C-59A1-49B5-A7C5-40C4547EDFEE): 0
LogDevObjectVersion:   Dev-Online (39C831C9-5AE6-47DC-9A44-9C173E1C8E7C): 0
LogDevObjectVersion:   Dev-Physics (78F01B33-EBEA-4F98-B9B4-84EACCB95AA2): 0
LogDevObjectVersion:   Dev-Platform (6631380F-2D4D-43E0-8009-CF276956A95A): 0
LogDevObjectVersion:   Dev-Rendering (12F88B9F-8875-4AFC-A67C-D90C383ABD29): 28
LogDevObjectVersion:   Dev-Sequencer (7B5AE74C-D270-4C10-A958-57980B212A5A): 11
LogDevObjectVersion:   Dev-VR (D7296918-1DD6-4BDD-9DE2-64A83CC13884): 2
LogDevObjectVersion:   Dev-LoadTimes (C2A15278-BFE7-4AFE-6C17-90FF531DF755): 1
LogDevObjectVersion:   Private-Geometry (6EACA3D4-40EC-4CC1-B786-8BED09428FC5): 3
LogDevObjectVersion:   Dev-AnimPhys (29E575DD-E0A3-4627-9D10-D276232CDCEA): 17
LogDevObjectVersion:   Dev-Anim (AF43A65D-7FD3-4947-9873-3E8ED9C1BB05): 2
LogDevObjectVersion:   Dev-ReflectionCapture (6B266CEC-1EC7-4B8F-A30B-E4D90942FC07): 1
LogDevObjectVersion:   Dev-Automation (0DF73D61-A23F-47EA-B727-89E90C41499A): 1
LogDevObjectVersion:   FortniteMain (601D1886-AC64-4F84-AA16-D3DE0DEAC7D6): 25
LogDevObjectVersion:   Dev-Enterprise (9DFFBCD6-494F-0158-E221-12823C92A888): 6
LogDevObjectVersion:   Dev-Niagara (F2AED0AC-9AFE-416F-8664-AA7FFA26D6FC): 1
LogDevObjectVersion:   Dev-Destruction (174F1F0B-B4C6-45A5-B13F-2EE8D0FB917D): 2
LogInit: Presizing for max 16777216 objects, including 0 objects not considered by GC, pre-allocating 0 bytes for permanent pool.
LogInit: Object subsystem initialized
LogConfig: Setting CVar [[con.DebugEarlyDefault:1]]
LogConfig: Setting CVar [[r.setres:1280x720]]
[2019.06.04-11.39.54:129][  0]LogConfig: Setting CVar [[r.VSync:0]]
[2019.06.04-11.39.54:129][  0]LogConfig: Setting CVar [[r.RHICmdBypass:0]]
[2019.06.04-11.39.54:129][  0]LogConfig: Applying CVar settings from Section [/Script/Engine.RendererSettings] File [E:/local code repos/unreal_udemy_course/03_building_escape/BuildingEscape/Saved/Config/Windows/Engine.ini]
[2019.06.04-11.39.54:129][  0]LogConfig: Setting CVar [[r.GPUCrashDebugging:0]]
[2019.06.04-11.39.54:129][  0]LogConfig: Applying CVar settings from Section [/Script/Engine.RendererOverrideSettings] File [E:/local code repos/unreal_udemy_course/03_building_escape/BuildingEscape/Saved/Config/Windows/Engine.ini]
[2019.06.04-11.39.54:129][  0]LogConfig: Applying CVar settings from Section [/Script/Engine.StreamingSettings] File [E:/local code repos/unreal_udemy_course/03_building_escape/BuildingEscape/Saved/Config/Windows/Engine.ini]
[2019.06.04-11.39.54:129][  0]LogConfig: Setting CVar [[s.MinBulkDataSizeForAsyncLoading:131072]]
[2019.06.04-11.39.54:129][  0]LogConfig: Setting CVar [[s.AsyncLoadingThreadEnabled:0]]
[2019.06.04-11.39.54:129][  0]LogConfig: Setting CVar [[s.EventDrivenLoaderEnabled:1]]
[2019.06.04-11.39.54:129][  0]LogConfig: Setting CVar [[s.WarnIfTimeLimitExceeded:0]]
[2019.06.04-11.39.54:129][  0]LogConfig: Setting CVar [[s.TimeLimitExceededMultiplier:1.5]]
[2019.06.04-11.39.54:129][  0]LogConfig: Setting CVar [[s.TimeLimitExceededMinTime:0.005]]
[2019.06.04-11.39.54:129][  0]LogConfig: Setting CVar [[s.UseBackgroundLevelStreaming:1]]
[2019.06.04-11.39.54:129][  0]LogConfig: Setting CVar [[s.PriorityAsyncLoadingExtraTime:15.0]]
[2019.06.04-11.39.54:129][  0]LogConfig: Setting CVar [[s.LevelStreamingActorsUpdateTimeLimit:5.0]]
[2019.06.04-11.39.54:129][  0]LogConfig: Setting CVar [[s.PriorityLevelStreamingActorsUpdateExtraTime:5.0]]
[2019.06.04-11.39.54:129][  0]LogConfig: Setting CVar [[s.LevelStreamingComponentsRegistrationGranularity:10]]
[2019.06.04-11.39.54:129][  0]LogConfig: Setting CVar [[s.UnregisterComponentsTimeLimit:1.0]]
[2019.06.04-11.39.54:129][  0]LogConfig: Setting CVar [[s.LevelStreamingComponentsUnregistrationGranularity:5]]
[2019.06.04-11.39.54:129][  0]LogConfig: Applying CVar settings from Section [/Script/Engine.GarbageCollectionSettings] File [E:/local code repos/unreal_udemy_course/03_building_escape/BuildingEscape/Saved/Config/Windows/Engine.ini]
[2019.06.04-11.39.54:129][  0]LogConfig: Setting CVar [[gc.MaxObjectsNotConsideredByGC:1]]
[2019.06.04-11.39.54:129][  0]LogConfig: Setting CVar [[gc.SizeOfPermanentObjectPool:0]]
[2019.06.04-11.39.54:129][  0]LogConfig: Setting CVar [[gc.FlushStreamingOnGC:0]]
[2019.06.04-11.39.54:129][  0]LogConfig: Setting CVar [[gc.NumRetriesBeforeForcingGC:10]]
[2019.06.04-11.39.54:129][  0]LogConfig: Setting CVar [[gc.AllowParallelGC:1]]
[2019.06.04-11.39.54:129][  0]LogConfig: Setting CVar [[gc.TimeBetweenPurgingPendingKillObjects:61.1]]
[2019.06.04-11.39.54:129][  0]LogConfig: Setting CVar [[gc.MaxObjectsInEditor:16777216]]
[2019.06.04-11.39.54:129][  0]LogConfig: Setting CVar [[gc.IncrementalBeginDestroyEnabled:1]]
[2019.06.04-11.39.54:129][  0]LogConfig: Setting CVar [[gc.CreateGCClusters:1]]
[2019.06.04-11.39.54:129][  0]LogConfig: Setting CVar [[gc.MinGCClusterSize:5]]
[2019.06.04-11.39.54:129][  0]LogConfig: Setting CVar [[gc.ActorClusteringEnabled:0]]
[2019.06.04-11.39.54:129][  0]LogConfig: Setting CVar [[gc.BlueprintClusteringEnabled:0]]
[2019.06.04-11.39.54:129][  0]LogConfig: Setting CVar [[gc.UseDisregardForGCOnDedicatedServers:0]]
[2019.06.04-11.39.54:129][  0]LogConfig: Applying CVar settings from Section [/Script/Engine.NetworkSettings] File [E:/local code repos/unreal_udemy_course/03_building_escape/BuildingEscape/Saved/Config/Windows/Engine.ini]
[2019.06.04-11.39.54:129][  0]LogConfig: Applying CVar settings from Section [/Script/UnrealEd.CookerSettings] File [E:/local code repos/unreal_udemy_course/03_building_escape/BuildingEscape/Saved/Config/Windows/Engine.ini]
[2019.06.04-11.39.54:137][  0]LogConfig: Applying CVar settings from Section [ViewDistanceQuality@3] File [E:/local code repos/unreal_udemy_course/03_building_escape/BuildingEscape/Saved/Config/Windows/Scalability.ini]
[2019.06.04-11.39.54:137][  0]LogConfig: Setting CVar [[r.SkeletalMeshLODBias:0]]
[2019.06.04-11.39.54:137][  0]LogConfig: Setting CVar [[r.ViewDistanceScale:1.0]]
[2019.06.04-11.39.54:137][  0]LogConfig: Applying CVar settings from Section [AntiAliasingQuality@3] File [E:/local code repos/unreal_udemy_course/03_building_escape/BuildingEscape/Saved/Config/Windows/Scalability.ini]
[2019.06.04-11.39.54:137][  0]LogConfig: Setting CVar [[r.PostProcessAAQuality:4]]
[2019.06.04-11.39.54:137][  0]LogConfig: Applying CVar settings from Section [ShadowQuality@3] File [E:/local code repos/unreal_udemy_course/03_building_escape/BuildingEscape/Saved/Config/Windows/Scalability.ini]
[2019.06.04-11.39.54:137][  0]LogConfig: Setting CVar [[r.LightFunctionQuality:1]]
[2019.06.04-11.39.54:137][  0]LogConfig: Setting CVar [[r.ShadowQuality:5]]
[2019.06.04-11.39.54:137][  0]LogConfig: Setting CVar [[r.Shadow.CSM.MaxCascades:10]]
[2019.06.04-11.39.54:137][  0]LogConfig: Setting CVar [[r.Shadow.MaxResolution:2048]]
[2019.06.04-11.39.54:137][  0]LogConfig: Setting CVar [[r.Shadow.MaxCSMResolution:2048]]
[2019.06.04-11.39.54:137][  0]LogConfig: Setting CVar [[r.Shadow.RadiusThreshold:0.01]]
[2019.06.04-11.39.54:137][  0]LogConfig: Setting CVar [[r.Shadow.DistanceScale:1.0]]
[2019.06.04-11.39.54:137][  0]LogConfig: Setting CVar [[r.Shadow.CSM.TransitionScale:1.0]]
[2019.06.04-11.39.54:137][  0]LogConfig: Setting CVar [[r.Shadow.PreShadowResolutionFactor:1.0]]
[2019.06.04-11.39.54:137][  0]LogConfig: Setting CVar [[r.DistanceFieldShadowing:1]]
[2019.06.04-11.39.54:137][  0]LogConfig: Setting CVar [[r.DistanceFieldAO:1]]
[2019.06.04-11.39.54:137][  0]LogConfig: Setting CVar [[r.AOQuality:2]]
[2019.06.04-11.39.54:137][  0]LogConfig: Setting CVar [[r.VolumetricFog:1]]
[2019.06.04-11.39.54:137][  0]LogConfig: Setting CVar [[r.VolumetricFog.GridPixelSize:8]]
[2019.06.04-11.39.54:137][  0]LogConfig: Setting CVar [[r.VolumetricFog.GridSizeZ:128]]
[2019.06.04-11.39.54:137][  0]LogConfig: Setting CVar [[r.VolumetricFog.HistoryMissSupersampleCount:4]]
[2019.06.04-11.39.54:137][  0]LogConfig: Setting CVar [[r.LightMaxDrawDistanceScale:1]]
[2019.06.04-11.39.54:137][  0]LogConfig: Setting CVar [[r.CapsuleShadows:1]]
[2019.06.04-11.39.54:137][  0]LogConfig: Applying CVar settings from Section [PostProcessQuality@3] File [E:/local code repos/unreal_udemy_course/03_building_escape/BuildingEscape/Saved/Config/Windows/Scalability.ini]
[2019.06.04-11.39.54:137][  0]LogConfig: Setting CVar [[r.MotionBlurQuality:4]]
[2019.06.04-11.39.54:138][  0]LogConfig: Setting CVar [[r.AmbientOcclusionMipLevelFactor:0.4]]
[2019.06.04-11.39.54:138][  0]LogConfig: Setting CVar [[r.AmbientOcclusionMaxQuality:100]]
[2019.06.04-11.39.54:138][  0]LogConfig: Setting CVar [[r.AmbientOcclusionLevels:-1]]
[2019.06.04-11.39.54:138][  0]LogConfig: Setting CVar [[r.AmbientOcclusionRadiusScale:1.0]]
[2019.06.04-11.39.54:138][  0]LogConfig: Setting CVar [[r.DepthOfFieldQuality:2]]
[2019.06.04-11.39.54:138][  0]LogConfig: Setting CVar [[r.RenderTargetPoolMin:400]]
[2019.06.04-11.39.54:138][  0]LogConfig: Setting CVar [[r.LensFlareQuality:2]]
[2019.06.04-11.39.54:138][  0]LogConfig: Setting CVar [[r.SceneColorFringeQuality:1]]
[2019.06.04-11.39.54:138][  0]LogConfig: Setting CVar [[r.EyeAdaptationQuality:2]]
[2019.06.04-11.39.54:138][  0]LogConfig: Setting CVar [[r.BloomQuality:5]]
[2019.06.04-11.39.54:138][  0]LogConfig: Setting CVar [[r.FastBlurThreshold:100]]
[2019.06.04-11.39.54:138][  0]LogConfig: Setting CVar [[r.Upscale.Quality:3]]
[2019.06.04-11.39.54:138][  0]LogConfig: Setting CVar [[r.Tonemapper.GrainQuantization:1]]
[2019.06.04-11.39.54:138][  0]LogConfig: Setting CVar [[r.LightShaftQuality:1]]
[2019.06.04-11.39.54:138][  0]LogConfig: Setting CVar [[r.Filter.SizeScale:1]]
[2019.06.04-11.39.54:138][  0]LogConfig: Setting CVar [[r.Tonemapper.Quality:5]]
[2019.06.04-11.39.54:138][  0]LogConfig: Setting CVar [[r.DOF.Gather.AccumulatorQuality:1        ; higher gathering accumulator quality]]
[2019.06.04-11.39.54:138][  0]LogConfig: Setting CVar [[r.DOF.Gather.PostfilterMethod:1          ; Median3x3 postfilering method]]
[2019.06.04-11.39.54:138][  0]LogConfig: Setting CVar [[r.DOF.Gather.EnableBokehSettings:0       ; no bokeh simulation when gathering]]
[2019.06.04-11.39.54:138][  0]LogConfig: Setting CVar [[r.DOF.Gather.RingCount:4                 ; medium number of samples when gathering]]
[2019.06.04-11.39.54:138][  0]LogConfig: Setting CVar [[r.DOF.Scatter.ForegroundCompositing:1    ; additive foreground scattering]]
[2019.06.04-11.39.54:138][  0]LogConfig: Setting CVar [[r.DOF.Scatter.BackgroundCompositing:2    ; additive background scattering]]
[2019.06.04-11.39.54:138][  0]LogConfig: Setting CVar [[r.DOF.Scatter.EnableBokehSettings:1      ; bokeh simulation when scattering]]
[2019.06.04-11.39.54:138][  0]LogConfig: Setting CVar [[r.DOF.Scatter.MaxSpriteRatio:0.1         ; only a maximum of 10% of scattered bokeh]]
[2019.06.04-11.39.54:138][  0]LogConfig: Setting CVar [[r.DOF.Recombine.Quality:1                ; cheap slight out of focus]]
[2019.06.04-11.39.54:138][  0]LogConfig: Setting CVar [[r.DOF.Recombine.EnableBokehSettings:0    ; no bokeh simulation on slight out of focus]]
[2019.06.04-11.39.54:138][  0]LogConfig: Setting CVar [[r.DOF.TemporalAAQuality:1                ; more stable temporal accumulation]]
[2019.06.04-11.39.54:138][  0]LogConfig: Setting CVar [[r.DOF.Kernel.MaxForegroundRadius:0.025]]
[2019.06.04-11.39.54:138][  0]LogConfig: Setting CVar [[r.DOF.Kernel.MaxBackgroundRadius:0.025]]
[2019.06.04-11.39.54:138][  0]LogConfig: Applying CVar settings from Section [TextureQuality@3] File [E:/local code repos/unreal_udemy_course/03_building_escape/BuildingEscape/Saved/Config/Windows/Scalability.ini]
[2019.06.04-11.39.54:138][  0]LogConfig: Setting CVar [[r.Streaming.MipBias:0]]
[2019.06.04-11.39.54:138][  0]LogConfig: Setting CVar [[r.Streaming.AmortizeCPUToGPUCopy:0]]
[2019.06.04-11.39.54:138][  0]LogConfig: Setting CVar [[r.Streaming.MaxNumTexturesToStreamPerFrame:0]]
[2019.06.04-11.39.54:138][  0]LogConfig: Setting CVar [[r.Streaming.Boost:1]]
[2019.06.04-11.39.54:138][  0]LogConfig: Setting CVar [[r.MaxAnisotropy:8]]
[2019.06.04-11.39.54:138][  0]LogConfig: Setting CVar [[r.Streaming.LimitPoolSizeToVRAM:0]]
[2019.06.04-11.39.54:138][  0]LogConfig: Setting CVar [[r.Streaming.PoolSize:1000]]
[2019.06.04-11.39.54:138][  0]LogConfig: Setting CVar [[r.Streaming.MaxEffectiveScreenSize:0]]
[2019.06.04-11.39.54:138][  0]LogConfig: Applying CVar settings from Section [EffectsQuality@3] File [E:/local code repos/unreal_udemy_course/03_building_escape/BuildingEscape/Saved/Config/Windows/Scalability.ini]
[2019.06.04-11.39.54:138][  0]LogConfig: Setting CVar [[r.TranslucencyLightingVolumeDim:64]]
[2019.06.04-11.39.54:138][  0]LogConfig: Setting CVar [[r.RefractionQuality:2]]
[2019.06.04-11.39.54:138][  0]LogConfig: Setting CVar [[r.SSR.Quality:3]]
[2019.06.04-11.39.54:138][  0]LogConfig: Setting CVar [[r.SceneColorFormat:4]]
[2019.06.04-11.39.54:138][  0]LogConfig: Setting CVar [[r.DetailMode:2]]
[2019.06.04-11.39.54:138][  0]LogConfig: Setting CVar [[r.TranslucencyVolumeBlur:1]]
[2019.06.04-11.39.54:138][  0]LogConfig: Setting CVar [[r.MaterialQualityLevel:1 ; High quality]]
[2019.06.04-11.39.54:138][  0]LogConfig: Setting CVar [[r.SSS.Scale:1]]
[2019.06.04-11.39.54:138][  0]LogConfig: Setting CVar [[r.SSS.SampleSet:2]]
[2019.06.04-11.39.54:138][  0]LogConfig: Setting CVar [[r.SSS.Quality:1]]
[2019.06.04-11.39.54:138][  0]LogConfig: Setting CVar [[r.SSS.HalfRes:1]]
[2019.06.04-11.39.54:138][  0]LogConfig: Setting CVar [[r.EmitterSpawnRateScale:1.0]]
[2019.06.04-11.39.54:138][  0]LogConfig: Setting CVar [[r.ParticleLightQuality:2]]
[2019.06.04-11.39.54:138][  0]LogConfig: Applying CVar settings from Section [FoliageQuality@3] File [E:/local code repos/unreal_udemy_course/03_building_escape/BuildingEscape/Saved/Config/Windows/Scalability.ini]
[2019.06.04-11.39.54:138][  0]LogConfig: Setting CVar [[foliage.DensityScale:1.0]]
[2019.06.04-11.39.54:138][  0]LogConfig: Setting CVar [[grass.DensityScale:1.0]]
[2019.06.04-11.39.54:138][  0]LogInit: Selected Device Profile: [Windows]
[2019.06.04-11.39.54:138][  0]LogInit: Applying CVar settings loaded from the selected device profile: [Windows]
[2019.06.04-11.39.54:186][  0]LogHAL: Display: Platform has ~ 16 GB [17135894528 / 17179869184 / 16], which maps to Larger [LargestMinGB=32, LargerMinGB=12, DefaultMinGB=8, SmallerMinGB=6, SmallestMinGB=0)
[2019.06.04-11.39.54:186][  0]LogConfig: Setting CVar [[r.Vulkan.UseRealUBs:0		; Required until we fix HLR fall-out]]
[2019.06.04-11.39.54:186][  0]LogInit: Going up to parent DeviceProfile []
[2019.06.04-11.39.54:186][  0]LogConfig: Applying CVar settings from Section [ViewDistanceQuality@3] File [E:/local code repos/unreal_udemy_course/03_building_escape/BuildingEscape/Saved/Config/Windows/Scalability.ini]
[2019.06.04-11.39.54:186][  0]LogConfig: Setting CVar [[r.SkeletalMeshLODBias:0]]
[2019.06.04-11.39.54:187][  0]LogConfig: Setting CVar [[r.ViewDistanceScale:1.0]]
[2019.06.04-11.39.54:187][  0]LogConfig: Applying CVar settings from Section [AntiAliasingQuality@3] File [E:/local code repos/unreal_udemy_course/03_building_escape/BuildingEscape/Saved/Config/Windows/Scalability.ini]
[2019.06.04-11.39.54:187][  0]LogConfig: Setting CVar [[r.PostProcessAAQuality:4]]
[2019.06.04-11.39.54:187][  0]LogConfig: Applying CVar settings from Section [ShadowQuality@3] File [E:/local code repos/unreal_udemy_course/03_building_escape/BuildingEscape/Saved/Config/Windows/Scalability.ini]
[2019.06.04-11.39.54:187][  0]LogConfig: Setting CVar [[r.LightFunctionQuality:1]]
[2019.06.04-11.39.54:187][  0]LogConfig: Setting CVar [[r.ShadowQuality:5]]
[2019.06.04-11.39.54:187][  0]LogConfig: Setting CVar [[r.Shadow.CSM.MaxCascades:10]]
[2019.06.04-11.39.54:187][  0]LogConfig: Setting CVar [[r.Shadow.MaxResolution:2048]]
[2019.06.04-11.39.54:187][  0]LogConfig: Setting CVar [[r.Shadow.MaxCSMResolution:2048]]
[2019.06.04-11.39.54:187][  0]LogConfig: Setting CVar [[r.Shadow.RadiusThreshold:0.01]]
[2019.06.04-11.39.54:187][  0]LogConfig: Setting CVar [[r.Shadow.DistanceScale:1.0]]
[2019.06.04-11.39.54:187][  0]LogConfig: Setting CVar [[r.Shadow.CSM.TransitionScale:1.0]]
[2019.06.04-11.39.54:187][  0]LogConfig: Setting CVar [[r.Shadow.PreShadowResolutionFactor:1.0]]
[2019.06.04-11.39.54:187][  0]LogConfig: Setting CVar [[r.DistanceFieldShadowing:1]]
[2019.06.04-11.39.54:187][  0]LogConfig: Setting CVar [[r.DistanceFieldAO:1]]
[2019.06.04-11.39.54:187][  0]LogConfig: Setting CVar [[r.AOQuality:2]]
[2019.06.04-11.39.54:187][  0]LogConfig: Setting CVar [[r.VolumetricFog:1]]
[2019.06.04-11.39.54:187][  0]LogConfig: Setting CVar [[r.VolumetricFog.GridPixelSize:8]]
[2019.06.04-11.39.54:187][  0]LogConfig: Setting CVar [[r.VolumetricFog.GridSizeZ:128]]
[2019.06.04-11.39.54:187][  0]LogConfig: Setting CVar [[r.VolumetricFog.HistoryMissSupersampleCount:4]]
[2019.06.04-11.39.54:187][  0]LogConfig: Setting CVar [[r.LightMaxDrawDistanceScale:1]]
[2019.06.04-11.39.54:187][  0]LogConfig: Setting CVar [[r.CapsuleShadows:1]]
[2019.06.04-11.39.54:187][  0]LogConfig: Applying CVar settings from Section [PostProcessQuality@3] File [E:/local code repos/unreal_udemy_course/03_building_escape/BuildingEscape/Saved/Config/Windows/Scalability.ini]
[2019.06.04-11.39.54:187][  0]LogConfig: Setting CVar [[r.MotionBlurQuality:4]]
[2019.06.04-11.39.54:187][  0]LogConfig: Setting CVar [[r.AmbientOcclusionMipLevelFactor:0.4]]
[2019.06.04-11.39.54:187][  0]LogConfig: Setting CVar [[r.AmbientOcclusionMaxQuality:100]]
[2019.06.04-11.39.54:187][  0]LogConfig: Setting CVar [[r.AmbientOcclusionLevels:-1]]
[2019.06.04-11.39.54:187][  0]LogConfig: Setting CVar [[r.AmbientOcclusionRadiusScale:1.0]]
[2019.06.04-11.39.54:187][  0]LogConfig: Setting CVar [[r.DepthOfFieldQuality:2]]
[2019.06.04-11.39.54:187][  0]LogConfig: Setting CVar [[r.RenderTargetPoolMin:400]]
[2019.06.04-11.39.54:187][  0]LogConfig: Setting CVar [[r.LensFlareQuality:2]]
[2019.06.04-11.39.54:187][  0]LogConfig: Setting CVar [[r.SceneColorFringeQuality:1]]
[2019.06.04-11.39.54:187][  0]LogConfig: Setting CVar [[r.EyeAdaptationQuality:2]]
[2019.06.04-11.39.54:187][  0]LogConfig: Setting CVar [[r.BloomQuality:5]]
[2019.06.04-11.39.54:187][  0]LogConfig: Setting CVar [[r.FastBlurThreshold:100]]
[2019.06.04-11.39.54:187][  0]LogConfig: Setting CVar [[r.Upscale.Quality:3]]
[2019.06.04-11.39.54:187][  0]LogConfig: Setting CVar [[r.Tonemapper.GrainQuantization:1]]
[2019.06.04-11.39.54:187][  0]LogConfig: Setting CVar [[r.LightShaftQuality:1]]
[2019.06.04-11.39.54:187][  0]LogConfig: Setting CVar [[r.Filter.SizeScale:1]]
[2019.06.04-11.39.54:187][  0]LogConfig: Setting CVar [[r.Tonemapper.Quality:5]]
[2019.06.04-11.39.54:187][  0]LogConfig: Setting CVar [[r.DOF.Gather.AccumulatorQuality:1        ; higher gathering accumulator quality]]
[2019.06.04-11.39.54:187][  0]LogConfig: Setting CVar [[r.DOF.Gather.PostfilterMethod:1          ; Median3x3 postfilering method]]
[2019.06.04-11.39.54:187][  0]LogConfig: Setting CVar [[r.DOF.Gather.EnableBokehSettings:0       ; no bokeh simulation when gathering]]
[2019.06.04-11.39.54:187][  0]LogConfig: Setting CVar [[r.DOF.Gather.RingCount:4                 ; medium number of samples when gathering]]
[2019.06.04-11.39.54:187][  0]LogConfig: Setting CVar [[r.DOF.Scatter.ForegroundCompositing:1    ; additive foreground scattering]]
[2019.06.04-11.39.54:187][  0]LogConfig: Setting CVar [[r.DOF.Scatter.BackgroundCompositing:2    ; additive background scattering]]
[2019.06.04-11.39.54:187][  0]LogConfig: Setting CVar [[r.DOF.Scatter.EnableBokehSettings:1      ; bokeh simulation when scattering]]
[2019.06.04-11.39.54:187][  0]LogConfig: Setting CVar [[r.DOF.Scatter.MaxSpriteRatio:0.1         ; only a maximum of 10% of scattered bokeh]]
[2019.06.04-11.39.54:187][  0]LogConfig: Setting CVar [[r.DOF.Recombine.Quality:1                ; cheap slight out of focus]]
[2019.06.04-11.39.54:187][  0]LogConfig: Setting CVar [[r.DOF.Recombine.EnableBokehSettings:0    ; no bokeh simulation on slight out of focus]]
[2019.06.04-11.39.54:187][  0]LogConfig: Setting CVar [[r.DOF.TemporalAAQuality:1                ; more stable temporal accumulation]]
[2019.06.04-11.39.54:187][  0]LogConfig: Setting CVar [[r.DOF.Kernel.MaxForegroundRadius:0.025]]
[2019.06.04-11.39.54:187][  0]LogConfig: Setting CVar [[r.DOF.Kernel.MaxBackgroundRadius:0.025]]
[2019.06.04-11.39.54:187][  0]LogConfig: Applying CVar settings from Section [TextureQuality@3] File [E:/local code repos/unreal_udemy_course/03_building_escape/BuildingEscape/Saved/Config/Windows/Scalability.ini]
[2019.06.04-11.39.54:187][  0]LogConfig: Setting CVar [[r.Streaming.MipBias:0]]
[2019.06.04-11.39.54:187][  0]LogConfig: Setting CVar [[r.Streaming.AmortizeCPUToGPUCopy:0]]
[2019.06.04-11.39.54:187][  0]LogConfig: Setting CVar [[r.Streaming.MaxNumTexturesToStreamPerFrame:0]]
[2019.06.04-11.39.54:187][  0]LogConfig: Setting CVar [[r.Streaming.Boost:1]]
[2019.06.04-11.39.54:187][  0]LogConfig: Setting CVar [[r.MaxAnisotropy:8]]
[2019.06.04-11.39.54:187][  0]LogConfig: Setting CVar [[r.Streaming.LimitPoolSizeToVRAM:0]]
[2019.06.04-11.39.54:187][  0]LogConfig: Setting CVar [[r.Streaming.PoolSize:1000]]
[2019.06.04-11.39.54:187][  0]LogConfig: Setting CVar [[r.Streaming.MaxEffectiveScreenSize:0]]
[2019.06.04-11.39.54:187][  0]LogConfig: Applying CVar settings from Section [EffectsQuality@3] File [E:/local code repos/unreal_udemy_course/03_building_escape/BuildingEscape/Saved/Config/Windows/Scalability.ini]
[2019.06.04-11.39.54:188][  0]LogConfig: Setting CVar [[r.TranslucencyLightingVolumeDim:64]]
[2019.06.04-11.39.54:188][  0]LogConfig: Setting CVar [[r.RefractionQuality:2]]
[2019.06.04-11.39.54:188][  0]LogConfig: Setting CVar [[r.SSR.Quality:3]]
[2019.06.04-11.39.54:188][  0]LogConfig: Setting CVar [[r.SceneColorFormat:4]]
[2019.06.04-11.39.54:188][  0]LogConfig: Setting CVar [[r.DetailMode:2]]
[2019.06.04-11.39.54:188][  0]LogConfig: Setting CVar [[r.TranslucencyVolumeBlur:1]]
[2019.06.04-11.39.54:188][  0]LogConfig: Setting CVar [[r.MaterialQualityLevel:1 ; High quality]]
[2019.06.04-11.39.54:188][  0]LogConfig: Setting CVar [[r.SSS.Scale:1]]
[2019.06.04-11.39.54:188][  0]LogConfig: Setting CVar [[r.SSS.SampleSet:2]]
[2019.06.04-11.39.54:188][  0]LogConfig: Setting CVar [[r.SSS.Quality:1]]
[2019.06.04-11.39.54:188][  0]LogConfig: Setting CVar [[r.SSS.HalfRes:1]]
[2019.06.04-11.39.54:188][  0]LogConfig: Setting CVar [[r.EmitterSpawnRateScale:1.0]]
[2019.06.04-11.39.54:188][  0]LogConfig: Setting CVar [[r.ParticleLightQuality:2]]
[2019.06.04-11.39.54:188][  0]LogConfig: Applying CVar settings from Section [FoliageQuality@3] File [E:/local code repos/unreal_udemy_course/03_building_escape/BuildingEscape/Saved/Config/Windows/Scalability.ini]
[2019.06.04-11.39.54:188][  0]LogConfig: Setting CVar [[foliage.DensityScale:1.0]]
[2019.06.04-11.39.54:188][  0]LogConfig: Setting CVar [[grass.DensityScale:1.0]]
[2019.06.04-11.39.54:188][  0]LogConfig: Applying CVar settings from Section [Startup] File [../../../Engine/Config/ConsoleVariables.ini]
[2019.06.04-11.39.54:207][  0]LogConfig: Setting CVar [[net.UseAdaptiveNetUpdateFrequency:0]]
[2019.06.04-11.39.54:207][  0]LogConfig: Setting CVar [[p.chaos.AllowCreatePhysxBodies:1]]
[2019.06.04-11.39.54:207][  0]LogConfig: Applying CVar settings from Section [ConsoleVariables] File [E:/local code repos/unreal_udemy_course/03_building_escape/BuildingEscape/Saved/Config/Windows/Engine.ini]
[2019.06.04-11.39.54:207][  0]LogInit: Computer: DESKTOP-GKSST99
[2019.06.04-11.39.54:207][  0]LogInit: User: abruce
[2019.06.04-11.39.54:207][  0]LogInit: CPU Page size=4096, Cores=4
[2019.06.04-11.39.54:207][  0]LogInit: High frequency timer resolution =10.000000 MHz
[2019.06.04-11.39.54:207][  0]LogMemory: Memory total: Physical=16.0GB (16GB approx)
[2019.06.04-11.39.54:207][  0]LogMemory: Platform Memory Stats for Windows
[2019.06.04-11.39.54:207][  0]LogMemory: Process Physical Memory: 96.50 MB used, 96.50 MB peak
[2019.06.04-11.39.54:207][  0]LogMemory: Process Virtual Memory: 84.04 MB used, 84.04 MB peak
[2019.06.04-11.39.54:207][  0]LogMemory: Physical Memory: 7010.07 MB used,  9331.99 MB free, 16342.06 MB total
[2019.06.04-11.39.54:207][  0]LogMemory: Virtual Memory: 4639.34 MB used,  134213088.00 MB free, 134217728.00 MB total
[2019.06.04-11.39.55:420][  0]LogInit: Using OS detected language (en-US).
[2019.06.04-11.39.55:420][  0]LogInit: Using OS detected locale (en-GB).
[2019.06.04-11.39.55:421][  0]LogTextLocalizationManager: No specific localization for 'en-US' exists, so the 'en' localization will be used.
[2019.06.04-11.39.56:449][  0]LogInit: Setting process to per monitor DPI aware
[2019.06.04-11.39.56:906][  0]LogSlate: New Slate User Created.  User Index 0, Is Virtual User: 0
[2019.06.04-11.39.56:906][  0]LogSlate: Slate User Registered.  User Index 0, Is Virtual User: 0
[2019.06.04-11.39.59:159][  0]LogHMD: Failed to initialize OpenVR with code 110
[2019.06.04-11.39.59:159][  0]LogD3D11RHI: D3D11 adapters:
[2019.06.04-11.39.59:243][  0]LogD3D11RHI:    0. 'NVIDIA GeForce GTX 1060 6GB' (Feature Level 11_0)
[2019.06.04-11.39.59:243][  0]LogD3D11RHI:       6052/0/8171 MB DedicatedVideo/DedicatedSystem/SharedSystem, Outputs:2, VendorId:0x10de
[2019.06.04-11.39.59:246][  0]LogD3D11RHI:    1. 'Microsoft Basic Render Driver' (Feature Level 11_0)
[2019.06.04-11.39.59:246][  0]LogD3D11RHI:       0/0/8171 MB DedicatedVideo/DedicatedSystem/SharedSystem, Outputs:0, VendorId:0x1414
[2019.06.04-11.39.59:246][  0]LogD3D11RHI: Chosen D3D11 Adapter: 0
[2019.06.04-11.39.59:254][  0]LogD3D11RHI: Creating new Direct3DDevice
[2019.06.04-11.39.59:254][  0]LogD3D11RHI:     GPU DeviceId: 0x1c03 (for the marketing name, search the web for "GPU Device Id")
[2019.06.04-11.39.59:254][  0]LogWindows: EnumDisplayDevices:
[2019.06.04-11.39.59:254][  0]LogWindows:    0. 'NVIDIA GeForce GTX 1060 6GB' (P:0 D:1)
[2019.06.04-11.39.59:254][  0]LogWindows:    1. 'NVIDIA GeForce GTX 1060 6GB' (P:1 D:1)
[2019.06.04-11.39.59:254][  0]LogWindows:    2. 'NVIDIA GeForce GTX 1060 6GB' (P:0 D:0)
[2019.06.04-11.39.59:255][  0]LogWindows:    3. 'NVIDIA GeForce GTX 1060 6GB' (P:0 D:0)
[2019.06.04-11.39.59:255][  0]LogWindows: DebugString: FoundDriverCount:4 
[2019.06.04-11.39.59:255][  0]LogD3D11RHI:     Adapter Name: NVIDIA GeForce GTX 1060 6GB
[2019.06.04-11.39.59:255][  0]LogD3D11RHI:   Driver Version: 430.39 (internal:26.21.14.3039, unified:430.39)
[2019.06.04-11.39.59:255][  0]LogD3D11RHI:      Driver Date: 4-17-2019
[2019.06.04-11.39.59:255][  0]LogRHI: Texture pool is 4236 MB (70% of 6052 MB)
[2019.06.04-11.39.59:313][  0]LogD3D11RHI: Async texture creation enabled
[2019.06.04-11.39.59:332][  0]LogRendererCore: FGlobalReadBuffer::InitRHI
[2019.06.04-11.39.59:332][  0]LogRendererCore: FGlobalReadBuffer::InitRHI
[2019.06.04-11.39.59:332][  0]LogRendererCore: FGlobalReadBuffer::InitRHI
[2019.06.04-11.39.59:341][  0]LogD3D11RHI: GPU Timing Frequency: 1000.000000 (Debug: 2 1)
[2019.06.04-11.40.00:704][  0]LogTemp: Display: Module 'AllDesktopTargetPlatform' loaded TargetPlatform 'AllDesktop'
[2019.06.04-11.40.00:719][  0]LogTemp: Display: Module 'MacClientTargetPlatform' loaded TargetPlatform 'MacClient'
[2019.06.04-11.40.00:733][  0]LogTemp: Display: Module 'MacNoEditorTargetPlatform' loaded TargetPlatform 'MacNoEditor'
[2019.06.04-11.40.00:748][  0]LogTemp: Display: Module 'MacServerTargetPlatform' loaded TargetPlatform 'MacServer'
[2019.06.04-11.40.00:796][  0]LogTemp: Display: Module 'MacTargetPlatform' loaded TargetPlatform 'Mac'
[2019.06.04-11.40.00:811][  0]LogTemp: Display: Module 'WindowsClientTargetPlatform' loaded TargetPlatform 'WindowsClient'
[2019.06.04-11.40.00:825][  0]LogTemp: Display: Module 'WindowsNoEditorTargetPlatform' loaded TargetPlatform 'WindowsNoEditor'
[2019.06.04-11.40.00:840][  0]LogTemp: Display: Module 'WindowsServerTargetPlatform' loaded TargetPlatform 'WindowsServer'
[2019.06.04-11.40.00:847][  0]LogTemp: Display: Module 'WindowsTargetPlatform' loaded TargetPlatform 'Windows'
[2019.06.04-11.40.00:992][  0]LogTemp: Display: Module 'AndroidTargetPlatform' loaded TargetPlatform 'Android'
[2019.06.04-11.40.00:992][  0]LogTemp: Display: Module 'AndroidTargetPlatform' loaded TargetPlatform 'Android_ASTC'
[2019.06.04-11.40.00:992][  0]LogTemp: Display: Module 'AndroidTargetPlatform' loaded TargetPlatform 'Android_ATC'
[2019.06.04-11.40.00:992][  0]LogTemp: Display: Module 'AndroidTargetPlatform' loaded TargetPlatform 'Android_DXT'
[2019.06.04-11.40.00:992][  0]LogTemp: Display: Module 'AndroidTargetPlatform' loaded TargetPlatform 'Android_ETC1'
[2019.06.04-11.40.00:992][  0]LogTemp: Display: Module 'AndroidTargetPlatform' loaded TargetPlatform 'Android_ETC1a'
[2019.06.04-11.40.00:992][  0]LogTemp: Display: Module 'AndroidTargetPlatform' loaded TargetPlatform 'Android_ETC2'
[2019.06.04-11.40.00:992][  0]LogTemp: Display: Module 'AndroidTargetPlatform' loaded TargetPlatform 'Android_PVRTC'
[2019.06.04-11.40.00:992][  0]LogTemp: Display: Module 'AndroidTargetPlatform' loaded TargetPlatform 'AndroidClient'
[2019.06.04-11.40.00:992][  0]LogTemp: Display: Module 'AndroidTargetPlatform' loaded TargetPlatform 'Android_ASTCClient'
[2019.06.04-11.40.00:992][  0]LogTemp: Display: Module 'AndroidTargetPlatform' loaded TargetPlatform 'Android_ATCClient'
[2019.06.04-11.40.00:992][  0]LogTemp: Display: Module 'AndroidTargetPlatform' loaded TargetPlatform 'Android_DXTClient'
[2019.06.04-11.40.00:992][  0]LogTemp: Display: Module 'AndroidTargetPlatform' loaded TargetPlatform 'Android_ETC1Client'
[2019.06.04-11.40.00:992][  0]LogTemp: Display: Module 'AndroidTargetPlatform' loaded TargetPlatform 'Android_ETC1aClient'
[2019.06.04-11.40.00:992][  0]LogTemp: Display: Module 'AndroidTargetPlatform' loaded TargetPlatform 'Android_ETC2Client'
[2019.06.04-11.40.00:992][  0]LogTemp: Display: Module 'AndroidTargetPlatform' loaded TargetPlatform 'Android_PVRTCClient'
[2019.06.04-11.40.00:992][  0]LogTemp: Display: Module 'AndroidTargetPlatform' loaded TargetPlatform 'Android_Multi'
[2019.06.04-11.40.00:992][  0]LogTemp: Display: Module 'AndroidTargetPlatform' loaded TargetPlatform 'Android_MultiClient'
[2019.06.04-11.40.00:995][  0]LogTemp: Display: Module 'HTML5TargetPlatform' loaded TargetPlatform 'HTML5'
[2019.06.04-11.40.01:069][  0]LogTemp: Display: Module 'IOSTargetPlatform' loaded TargetPlatform 'IOSClient'
[2019.06.04-11.40.01:069][  0]LogTemp: Display: Module 'IOSTargetPlatform' loaded TargetPlatform 'IOS'
[2019.06.04-11.40.01:112][  0]LogTemp: Display: Module 'TVOSTargetPlatform' loaded TargetPlatform 'TVOSClient'
[2019.06.04-11.40.01:112][  0]LogTemp: Display: Module 'TVOSTargetPlatform' loaded TargetPlatform 'TVOS'
[2019.06.04-11.40.01:126][  0]LogTemp: Display: Module 'LinuxClientTargetPlatform' loaded TargetPlatform 'LinuxClient'
[2019.06.04-11.40.01:140][  0]LogTemp: Display: Module 'LinuxNoEditorTargetPlatform' loaded TargetPlatform 'LinuxNoEditor'
[2019.06.04-11.40.01:154][  0]LogTemp: Display: Module 'LinuxServerTargetPlatform' loaded TargetPlatform 'LinuxServer'
[2019.06.04-11.40.01:185][  0]LogTemp: Display: Module 'LinuxTargetPlatform' loaded TargetPlatform 'Linux'
[2019.06.04-11.40.01:240][  0]LogTemp: Display: Module 'LuminTargetPlatform' loaded TargetPlatform 'Lumin'
[2019.06.04-11.40.01:240][  0]LogTemp: Display: Module 'LuminTargetPlatform' loaded TargetPlatform 'LuminClient'
[2019.06.04-11.40.01:240][  0]LogTargetPlatformManager: Display: Building Assets For Windows
[2019.06.04-11.40.01:354][  0]LogAudioDebug: Display: Lib vorbis DLL was dynamically loaded.
[2019.06.04-11.40.01:564][  0]LogShaderCompilers: Guid format shader working directory is -38 characters bigger than the processId version (../../../../../local code repos/unreal_udemy_course/03_building_escape/BuildingEscape/Intermediate/Shaders/WorkingDirectory/7968/).
[2019.06.04-11.40.01:564][  0]LogShaderCompilers: Cleaned the shader compiler working directory 'C:/Users/abruce/AppData/Local/Temp/UnrealShaderWorkingDir/4025B99D4B62953D1C4AD29C7C3ADD29/'.
[2019.06.04-11.40.01:565][  0]LogXGEController: Cleaning working directory: C:/Users/abruce/AppData/Local/Temp/UnrealXGEWorkingDir/
[2019.06.04-11.40.01:565][  0]LogXGEController: Cannot use XGE Controller as Incredibuild is not installed on this machine.
[2019.06.04-11.40.01:565][  0]LogShaderCompilers: Cannot use XGE Shader Compiler as Incredibuild is not installed on this machine.
[2019.06.04-11.40.01:566][  0]LogShaderCompilers: Display: Using Local Shader Compiler.
[2019.06.04-11.40.06:338][  0]LogDerivedDataCache: Display: Max Cache Size: 512 MB
[2019.06.04-11.40.06:545][  0]LogDerivedDataCache: Loaded boot cache 0.21s 73MB C:/Users/abruce/AppData/Local/UnrealEngine/4.22/DerivedDataCache/Boot.ddc.
[2019.06.04-11.40.06:545][  0]LogDerivedDataCache: Display: Loaded Boot cache: C:/Users/abruce/AppData/Local/UnrealEngine/4.22/DerivedDataCache/Boot.ddc
[2019.06.04-11.40.06:545][  0]LogDerivedDataCache: FDerivedDataBackendGraph:  Pak pak cache file ../../../../../local code repos/unreal_udemy_course/03_building_escape/BuildingEscape/DerivedDataCache/DDC.ddp not found, will not use a pak cache.
[2019.06.04-11.40.06:545][  0]LogDerivedDataCache: Unable to find inner node Pak for hierarchical cache Hierarchy.
[2019.06.04-11.40.06:545][  0]LogDerivedDataCache: FDerivedDataBackendGraph:  CompressedPak pak cache file ../../../../../local code repos/unreal_udemy_course/03_building_escape/BuildingEscape/DerivedDataCache/Compressed.ddp not found, will not use a pak cache.
[2019.06.04-11.40.06:545][  0]LogDerivedDataCache: Unable to find inner node CompressedPak for hierarchical cache Hierarchy.
[2019.06.04-11.40.06:561][  0]LogDerivedDataCache: Display: Pak cache opened for reading ../../../Engine/DerivedDataCache/Compressed.ddp.
[2019.06.04-11.40.06:561][  0]LogDerivedDataCache: FDerivedDataBackendGraph:  EnterprisePak pak cache file ../../../Enterprise/DerivedDataCache/Compressed.ddp not found, will not use a pak cache.
[2019.06.04-11.40.06:561][  0]LogDerivedDataCache: Unable to find inner node EnterprisePak for hierarchical cache Hierarchy.
[2019.06.04-11.40.06:575][  0]LogDerivedDataCache: Using Local data cache path C:/Users/abruce/AppData/Local/UnrealEngine/Common/DerivedDataCache: Writable
[2019.06.04-11.40.06:575][  0]LogDerivedDataCache: Shared data cache path not found in *engine.ini, will not use an Shared cache.
[2019.06.04-11.40.06:575][  0]LogDerivedDataCache: Unable to find inner node Shared for hierarchical cache Hierarchy.
[2019.06.04-11.40.06:602][  0]LogMaterial: Verifying Global Shaders for PCD3D_SM5
[2019.06.04-11.40.06:603][  0]LogSlate: Using FreeType 2.6.0
[2019.06.04-11.40.06:738][  0]LogSlate: SlateFontServices - WITH_FREETYPE: 1, WITH_HARFBUZZ: 1
[2019.06.04-11.40.09:614][  0]LogAssetRegistry: FAssetRegistry took 0.0349 seconds to start up
[2019.06.04-11.40.10:111][  0]LogInit: Selected Device Profile: [Windows]
[2019.06.04-11.40.10:935][  0]LogMeshReduction: Using QuadricMeshReduction for automatic static mesh reduction
[2019.06.04-11.40.10:935][  0]LogMeshReduction: Using SimplygonMeshReduction for automatic skeletal mesh reduction
[2019.06.04-11.40.10:935][  0]LogMeshReduction: Using ProxyLODMeshReduction for automatic mesh merging
[2019.06.04-11.40.10:935][  0]LogMeshReduction: No distributed automatic mesh merging module available
[2019.06.04-11.40.10:935][  0]LogMeshMerging: No distributed automatic mesh merging module available
[2019.06.04-11.40.11:189][  0]LogNetVersion: BuildingEscape 1.0.0, NetCL: 5660361, EngineNetVer: 10, GameNetVer: 0 (Checksum: 1788021529)
[2019.06.04-11.40.17:130][  0]LogPackageLocalizationCache: Processed 10 localized package path(s) for 1 prioritized culture(s) in 0.086807 seconds
[2019.06.04-11.40.17:137][  0]LogUObjectArray: 42205 objects as part of root set at end of initial load.
[2019.06.04-11.40.17:137][  0]LogUObjectAllocator: 7325032 out of 0 bytes used by permanent object pool.
[2019.06.04-11.40.17:137][  0]LogUObjectArray: CloseDisregardForGC: 0/0 objects in disregard for GC pool
[2019.06.04-11.40.45:814][  0]LogTcpMessaging: Initializing TcpMessaging bridge
[2019.06.04-11.40.45:827][  0]LogUdpMessaging: Initializing bridge on interface 0.0.0.0:0 to multicast group 230.0.0.1:6666.
[2019.06.04-11.40.46:121][  0]SourceControl: Source control is disabled
[2019.06.04-11.40.46:121][  0]SourceControl: Source control is disabled
[2019.06.04-11.40.46:125][  0]SourceControl: Source control is disabled
[2019.06.04-11.40.46:127][  0]SourceControl: Source control is disabled
[2019.06.04-11.40.46:423][  0]LogAndroidPermission: UAndroidPermissionCallbackProxy::GetInstance
[2019.06.04-11.40.46:600][  0]LogOcInput: OculusInput pre-init called
[2019.06.04-11.40.47:889][  0]LogEngine: Initializing Engine...
[2019.06.04-11.40.47:889][  0]LogHMD: Failed to initialize OpenVR with code 110
[2019.06.04-11.40.47:891][  0]LogStats: UGameplayTagsManager::InitializeManager -  0.000 s
[2019.06.04-11.40.49:120][  0]LogInit: Initializing FReadOnlyCVARCache
[2019.06.04-11.40.49:355][  0]LogAIModule: Creating AISystem for world Untitled
[2019.06.04-11.40.49:406][  0]LogInit: XAudio2 using 'Headphones (Bluetooth Hands-free Audio)' : 2 channels at 48 kHz using 16 bits per sample (channel mask 0x3)
[2019.06.04-11.40.50:441][  0]LogInit: FAudioDevice initialized.
[2019.06.04-11.40.50:441][  0]LogNetVersion: Set ProjectVersion to 1.0.0.0. Version Checksum will be recalculated on next use.
[2019.06.04-11.40.50:523][  0]LogDerivedDataCache: Saved boot cache 0.08s 73MB C:/Users/abruce/AppData/Local/UnrealEngine/4.22/DerivedDataCache/Boot.ddc.
[2019.06.04-11.40.50:528][  0]LogInit: Texture streaming: Enabled
[2019.06.04-11.40.50:542][  0]LogEngineSessionManager: EngineSessionManager initialized
[2019.06.04-11.40.50:564][  0]LogInit: Transaction tracking system initialized
[2019.06.04-11.40.50:584][  0]BlueprintLog: New page: Editor Load
[2019.06.04-11.40.50:673][  0]LocalizationService: Localization service is disabled
[2019.06.04-11.40.51:685][  0]LogFileCache: Scanning file cache for directory 'E:/local code repos/unreal_udemy_course/03_building_escape/BuildingEscape/Content/' took 0.02s
[2019.06.04-11.40.51:685][  0]LogCook: Display: Max memory allowance for cook 16384mb min free memory 0mb
[2019.06.04-11.40.51:685][  0]LogCook: Display: Mobile HDR setting 1
[2019.06.04-11.40.53:183][  0]SourceControl: Source control is disabled
[2019.06.04-11.40.53:183][  0]Cmd: MAP LOAD FILE="../../../../../local code repos/unreal_udemy_course/03_building_escape/BuildingEscape/Content/NewMap.umap" TEMPLATE=0 SHOWPROGRESS=1 FEATURELEVEL=3
[2019.06.04-11.40.53:224][  0]LightingResults: New page: Lighting Build
[2019.06.04-11.40.53:226][  0]MapCheck: New page: Map Check
[2019.06.04-11.40.53:226][  0]LightingResults: New page: Lighting Build
[2019.06.04-11.40.53:289][  0]LogUObjectHash: Compacting FUObjectHashTables data took   2.17ms
[2019.06.04-11.40.54:572][  0]LogStaticMesh: Building static mesh Floor_400x400...
[2019.06.04-11.40.54:575][  0]LogStaticMesh: Built static mesh [0.00s] /Game/StarterContent/Architecture/Floor_400x400.Floor_400x400
[2019.06.04-11.40.55:024][  0]LogAIModule: Creating AISystem for world NewMap
[2019.06.04-11.40.55:369][  0]LogMaterial: Warning: Material /Game/StarterContent/Props/Materials/M_MaterialSphere_Plain.M_MaterialSphere_Plain needed to have new flag set bUsedWithStaticLighting !
[2019.06.04-11.40.55:375][  0]LogMaterial: Display: Missing cached shader map for material M_MaterialSphere_Plain, compiling. 
[2019.06.04-11.40.55:465][  0]MapCheck: Warning: M_MaterialSphere_Plain Material /Game/StarterContent/Props/Materials/M_MaterialSphere_Plain.M_MaterialSphere_Plain was missing the usage flag bUsedWithStaticLighting. If the material asset is not re-saved, it may not render correctly when run outside the editor. Fix
[2019.06.04-11.40.55:465][  0]LogMaterial: Warning: Material /Game/StarterContent/Props/Materials/M_MaterialSphere.M_MaterialSphere needed to have new flag set bUsedWithStaticLighting !
[2019.06.04-11.40.55:467][  0]LogMaterial: Display: Missing cached shader map for material M_MaterialSphere, compiling. 
[2019.06.04-11.40.55:487][  0]MapCheck: Warning: M_MaterialSphere Material /Game/StarterContent/Props/Materials/M_MaterialSphere.M_MaterialSphere was missing the usage flag bUsedWithStaticLighting. If the material asset is not re-saved, it may not render correctly when run outside the editor. Fix
[2019.06.04-11.40.55:518][  0]LogEditorServer: Finished looking for orphan Actors (0.000 secs)
[2019.06.04-11.40.55:546][  0]LogUObjectHash: Compacting FUObjectHashTables data took   3.06ms
[2019.06.04-11.40.55:546][  0]MapCheck: Repaired painted vertex colors in 0.0s for 2 components in /Game/NewMap.  Resave map to fix. 
[2019.06.04-11.40.55:546][  0]MapCheck: Warning: Spent 0.0s repairing painted vertex colors due to static mesh re-imports!  This will happen every load until the maps are resaved. 
[2019.06.04-11.40.55:546][  0]Cmd: MAP CHECKDEP NOCLEARLOG
[2019.06.04-11.40.55:546][  0]MapCheck: Map check complete: 0 Error(s), 3 Warning(s), took 0.115ms to complete.
[2019.06.04-11.40.55:551][  0]LogFileHelpers: Loading map 'NewMap' took 2.368
[2019.06.04-11.40.56:029][  0]LogSlate: Updating window title bar state: overlay mode, drag disabled, window buttons hidden, title bar hidden
[2019.06.04-11.40.56:038][  0]LogSlate: Updating window title bar state: overlay mode, drag disabled, window buttons hidden, title bar hidden
[2019.06.04-11.40.56:047][  0]LogSlate: Updating window title bar state: overlay mode, drag disabled, window buttons hidden, title bar hidden
[2019.06.04-11.40.56:056][  0]LogSlate: Updating window title bar state: overlay mode, drag disabled, window buttons hidden, title bar hidden
[2019.06.04-11.40.56:075][  0]LogCollectionManager: Loaded 0 collections in 0.001007 seconds
[2019.06.04-11.40.56:115][  0]LogFileCache: Scanning file cache for directory 'E:/local code repos/unreal_udemy_course/03_building_escape/BuildingEscape/Saved/Collections/' took 0.01s
[2019.06.04-11.40.56:115][  0]LogFileCache: Scanning file cache for directory 'E:/local code repos/unreal_udemy_course/03_building_escape/BuildingEscape/Content/Developers/abruce/Collections/' took 0.01s
[2019.06.04-11.40.56:115][  0]LogFileCache: Scanning file cache for directory 'E:/local code repos/unreal_udemy_course/03_building_escape/BuildingEscape/Content/Collections/' took 0.01s
[2019.06.04-11.40.56:115][  0]LogCollectionManager: Rebuilt the GUID cache for 0 collections in 0.000001 seconds
[2019.06.04-11.40.56:127][  0]LogContentBrowser: Native class hierarchy populated in 0.0110 seconds. Added 2736 classes and 661 folders.
[2019.06.04-11.40.56:133][  0]LogContentBrowser: Native class hierarchy updated for 'WidgetCarousel' in 0.0003 seconds. Added 0 classes and 0 folders.
[2019.06.04-11.40.56:186][  0]LogPakFile: Registered encryption key '00000000000000000000000000000000': 0 pak files mounted, 0 remain pending
[2019.06.04-11.40.56:214][  0]LogPakFile: Registered encryption key '00000000000000000000000000000000': 0 pak files mounted, 0 remain pending
[2019.06.04-11.40.56:250][  0]LogPakFile: Registered encryption key '00000000000000000000000000000000': 0 pak files mounted, 0 remain pending
[2019.06.04-11.40.56:308][  0]LogPakFile: Registered encryption key '00000000000000000000000000000000': 0 pak files mounted, 0 remain pending
[2019.06.04-11.40.56:338][  0]LogPakFile: Registered encryption key '00000000000000000000000000000000': 0 pak files mounted, 0 remain pending
[2019.06.04-11.40.56:374][  0]LogPakFile: Registered encryption key '00000000000000000000000000000000': 0 pak files mounted, 0 remain pending
[2019.06.04-11.40.56:402][  0]LogPakFile: Registered encryption key '00000000000000000000000000000000': 0 pak files mounted, 0 remain pending
[2019.06.04-11.40.56:424][  0]LogPakFile: Registered encryption key '00000000000000000000000000000000': 0 pak files mounted, 0 remain pending
[2019.06.04-11.40.56:433][  0]LogPakFile: Registered encryption key '00000000000000000000000000000000': 0 pak files mounted, 0 remain pending
[2019.06.04-11.40.56:453][  0]LogPakFile: Registered encryption key '00000000000000000000000000000000': 0 pak files mounted, 0 remain pending
[2019.06.04-11.40.56:468][  0]LogPakFile: Registered encryption key '00000000000000000000000000000000': 0 pak files mounted, 0 remain pending
[2019.06.04-11.40.56:482][  0]LogPakFile: Registered encryption key '00000000000000000000000000000000': 0 pak files mounted, 0 remain pending
[2019.06.04-11.40.56:506][  0]LogPakFile: Registered encryption key '00000000000000000000000000000000': 0 pak files mounted, 0 remain pending
[2019.06.04-11.40.56:519][  0]LogPakFile: Registered encryption key '00000000000000000000000000000000': 0 pak files mounted, 0 remain pending
[2019.06.04-11.40.56:545][  0]LogPakFile: Registered encryption key '00000000000000000000000000000000': 0 pak files mounted, 0 remain pending
[2019.06.04-11.40.56:553][  0]LogPakFile: Registered encryption key '00000000000000000000000000000000': 0 pak files mounted, 0 remain pending
[2019.06.04-11.40.56:598][  0]LogPakFile: Registered encryption key '00000000000000000000000000000000': 0 pak files mounted, 0 remain pending
[2019.06.04-11.40.56:636][  0]LogPakFile: Registered encryption key '00000000000000000000000000000000': 0 pak files mounted, 0 remain pending
[2019.06.04-11.40.56:659][  0]LogPakFile: Registered encryption key '00000000000000000000000000000000': 0 pak files mounted, 0 remain pending
[2019.06.04-11.40.56:701][  0]LogPakFile: Registered encryption key '00000000000000000000000000000000': 0 pak files mounted, 0 remain pending
[2019.06.04-11.40.56:725][  0]LogPakFile: Registered encryption key '00000000000000000000000000000000': 0 pak files mounted, 0 remain pending
[2019.06.04-11.40.56:754][  0]LogPakFile: Registered encryption key '00000000000000000000000000000000': 0 pak files mounted, 0 remain pending
[2019.06.04-11.40.56:764][  0]LogPakFile: Registered encryption key '00000000000000000000000000000000': 0 pak files mounted, 0 remain pending
[2019.06.04-11.40.56:782][  0]LogPakFile: Registered encryption key '00000000000000000000000000000000': 0 pak files mounted, 0 remain pending
[2019.06.04-11.40.56:835][  0]LogPakFile: Registered encryption key '00000000000000000000000000000000': 0 pak files mounted, 0 remain pending
[2019.06.04-11.40.56:889][  0]LogPakFile: Registered encryption key '00000000000000000000000000000000': 0 pak files mounted, 0 remain pending
[2019.06.04-11.40.57:883][  0]LogContentBrowser: Native class hierarchy updated for 'AddContentDialog' in 0.0004 seconds. Added 0 classes and 0 folders.
[2019.06.04-11.40.57:889][  0]LogContentBrowser: Native class hierarchy updated for 'SceneOutliner' in 0.0004 seconds. Added 1 classes and 2 folders.
[2019.06.04-11.40.57:948][  0]LogSlate: Took 0.026980 seconds to synchronously load lazily loaded font '../../../Engine/Content/Slate/Fonts/Roboto-Regular.ttf' (155K)
[2019.06.04-11.40.57:983][  0]LogSlate: Took 0.032230 seconds to synchronously load lazily loaded font '../../../Engine/Content/Slate/Fonts/Roboto-Bold.ttf' (160K)
[2019.06.04-11.40.58:016][  0]LogSlate: Took 0.025810 seconds to synchronously load lazily loaded font '../../../Engine/Content/Editor/Slate/Fonts/FontAwesome.ttf' (139K)
[2019.06.04-11.40.58:276][  0]LogRenderer: Reallocating scene render targets to support 1208x572 Format 10 NumSamples 1 (Frame:1).
[2019.06.04-11.40.58:420][  0]LogSlate: Took 0.018287 seconds to synchronously load lazily loaded font '../../../Engine/Content/Slate/Fonts/Roboto-Light.ttf' (167K)
[2019.06.04-11.40.58:764][  0]LogContentBrowser: Native class hierarchy updated for 'HierarchicalLODOutliner' in 0.0004 seconds. Added 0 classes and 0 folders.
[2019.06.04-11.40.58:764][  0]LogLoad: (Engine Initialization) Total time: 72.83 seconds
[2019.06.04-11.40.58:764][  0]LogLoad: (Engine Initialization) Total Blueprint compile time: 0.00 seconds
[2019.06.04-11.40.58:815][  0]LogAssetRegistry: Asset discovery search completed in 49.2223 seconds
[2019.06.04-11.40.58:851][  0]LogCollectionManager: Rebuilt the object cache for 0 collections in 0.000001 seconds (found 0 objects)
[2019.06.04-11.40.58:851][  0]LogCollectionManager: Fixed up redirectors for 0 collections in 0.000238 seconds (updated 0 objects)
[2019.06.04-11.40.58:851][  0]LogContentStreaming: Texture pool size now 1000 MB
[2019.06.04-11.43.25:171][654]LogSlate: FSceneViewport::OnFocusLost() reason 0
[2019.06.04-11.43.25:255][662]LogTemp: Repeating last play command: Selected Viewport
[2019.06.04-11.43.25:267][662]LogBlueprintUserMessages: Early PlayInEditor Detection: Level '/Game/NewMap.NewMap:PersistentLevel' has LevelScriptBlueprint '/Game/NewMap.NewMap:PersistentLevel.NewMap' with GeneratedClass '/Game/NewMap.NewMap_C' with ClassGeneratedBy '/Game/NewMap.NewMap:PersistentLevel.NewMap'
[2019.06.04-11.43.25:267][662]LogPlayLevel: PlayLevel: No blueprints needed recompiling
[2019.06.04-11.43.25:323][662]PIE: New page: PIE session: NewMap (4 Jun 2019 13:43:25)
[2019.06.04-11.43.25:336][662]LogPlayLevel: Creating play world package: /Game/UEDPIE_0_NewMap
[2019.06.04-11.43.25:368][662]LogPlayLevel: PIE: StaticDuplicateObject took: (0.032074s)
[2019.06.04-11.43.25:369][662]LogAIModule: Creating AISystem for world NewMap
[2019.06.04-11.43.25:369][662]LogPlayLevel: PIE: World Init took: (0.000868s)
[2019.06.04-11.43.25:369][662]LogPlayLevel: PIE: Created PIE world by copying editor world from /Game/NewMap.NewMap to /Game/UEDPIE_0_NewMap.NewMap (0.033240s)
[2019.06.04-11.43.25:392][662]LogUObjectHash: Compacting FUObjectHashTables data took   1.38ms
[2019.06.04-11.43.25:451][662]LogInit: XAudio2 using 'Headphones (Bluetooth Hands-free Audio)' : 2 channels at 48 kHz using 16 bits per sample (channel mask 0x3)
[2019.06.04-11.43.25:459][662]LogInit: FAudioDevice initialized.
[2019.06.04-11.43.25:563][662]LogLoad: Game class is 'MyBuildingEscapeGameModeBase_BP_C'
[2019.06.04-11.43.25:900][662]LogWorld: Bringing World /Game/UEDPIE_0_NewMap.NewMap up for play (max tick rate 0) at 2019.06.04-12.43.25
[2019.06.04-11.43.25:930][662]LogWorld: Bringing up level for play took: 0.145603
[2019.06.04-11.43.25:947][662]LogContentBrowser: Native class hierarchy updated for 'MovieSceneCapture' in 0.0004 seconds. Added 20 classes and 0 folders.
[2019.06.04-11.43.25:948][662]LogTemp: Warning: SM_Chair_2 is at X=7.570 Y=-139.871 Z=20.063
[2019.06.04-11.43.25:948][662]LogTemp: Warning: SM_TableRound_6 is at X=110.000 Y=-140.000 Z=20.000
[2019.06.04-11.43.25:948][662]LogTemp: Warning: SM_Chair2_10 is at X=150.000 Y=-230.000 Z=20.000
[2019.06.04-11.43.25:949][662]PIE: Play in editor start time for /Game/UEDPIE_0_NewMap -0.177
[2019.06.04-11.43.25:949][662]LogBlueprintUserMessages: Late PlayInEditor Detection: Level '/Game/NewMap.NewMap:PersistentLevel' has LevelScriptBlueprint '/Game/NewMap.NewMap:PersistentLevel.NewMap' with GeneratedClass '/Game/NewMap.NewMap_C' with ClassGeneratedBy '/Game/NewMap.NewMap:PersistentLevel.NewMap'
[2019.06.04-11.43.40:745][981]LogBlueprintUserMessages: Early EndPlayMap Detection: Level '/Game/NewMap.NewMap:PersistentLevel' has LevelScriptBlueprint '/Game/NewMap.NewMap:PersistentLevel.NewMap' with GeneratedClass '/Game/NewMap.NewMap_C' with ClassGeneratedBy '/Game/NewMap.NewMap:PersistentLevel.NewMap'
[2019.06.04-11.43.40:745][981]LogSlate: Updating window title bar state: overlay mode, drag disabled, window buttons hidden, title bar hidden
[2019.06.04-11.43.40:824][981]LogPlayLevel: Display: Shutting down PIE online subsystems
[2019.06.04-11.43.40:825][981]LogBlueprintUserMessages: Late EndPlayMap Detection: Level '/Game/NewMap.NewMap:PersistentLevel' has LevelScriptBlueprint '/Game/NewMap.NewMap:PersistentLevel.NewMap' with GeneratedClass '/Game/NewMap.NewMap_C' with ClassGeneratedBy '/Game/NewMap.NewMap:PersistentLevel.NewMap'
[2019.06.04-11.43.40:851][981]LogSlate: Updating window title bar state: overlay mode, drag disabled, window buttons hidden, title bar hidden
[2019.06.04-11.43.40:858][981]LogUObjectHash: Compacting FUObjectHashTables data took   2.33ms
[2019.06.04-11.43.40:914][982]LogPlayLevel: Display: Destroying online subsystem :Context_1
[2019.06.04-11.49.48:403][953]LogEditorViewport: Clicking on Actor (LMB): StaticMeshActor (SM_Chair)
[2019.06.04-11.49.57:407][596]LogSlate: Took 0.075886 seconds to synchronously load lazily loaded font '../../../Engine/Content/Slate/Fonts/Roboto-Italic.ttf' (157K)
[2019.06.04-11.50.26:769][647]LogSlate: FSceneViewport::OnFocusLost() reason 2
[2019.06.04-11.50.30:971][871]LogSlate: FSceneViewport::OnFocusLost() reason 2
[2019.06.04-11.50.30:983][871]LogSlate: Took 0.000209 seconds to synchronously load lazily loaded font '../../../Engine/Content/Slate/Fonts/Roboto-Light.ttf' (167K)
[2019.06.04-11.50.31:142][871]LogSlate: FSceneViewport::OnFocusLost() reason 2
[2019.06.04-12.51.07:192][263]LogSlate: Window 'Class Viewer' being destroyed
[2019.06.04-12.51.07:208][263]LogSlate: Window 'Class Viewer' being destroyed
[2019.06.04-12.51.34:052][964]LogEditorViewport: Clicking on Actor (LMB): StaticMeshActor (SM_Chair)
[2019.06.04-12.51.57:530][368]LogSlate: FSceneViewport::OnFocusLost() reason 0
[2019.06.04-12.51.57:710][373]LogRenderer: Reallocating scene render targets to support 1212x572 Format 10 NumSamples 1 (Frame:17145).
[2019.06.04-12.51.57:807][374]LogRenderer: Reallocating scene render targets to support 1224x572 Format 10 NumSamples 1 (Frame:17147).
[2019.06.04-12.51.57:876][375]LogRenderer: Reallocating scene render targets to support 1232x572 Format 10 NumSamples 1 (Frame:17149).
[2019.06.04-12.51.57:934][376]LogRenderer: Reallocating scene render targets to support 1236x572 Format 10 NumSamples 1 (Frame:17151).
[2019.06.04-12.51.58:017][377]LogRenderer: Reallocating scene render targets to support 1244x572 Format 10 NumSamples 1 (Frame:17153).
[2019.06.04-12.51.58:145][381]LogRenderer: Reallocating scene render targets to support 1248x572 Format 10 NumSamples 1 (Frame:17159).
[2019.06.04-12.51.58:387][395]LogRenderer: Reallocating scene render targets to support 1252x572 Format 10 NumSamples 1 (Frame:17175).
[2019.06.04-12.52.00:032][505]LogRenderer: Reallocating scene render targets to support 1528x572 Format 10 NumSamples 1 (Frame:17295).
[2019.06.04-12.52.05:356][899]LogEditorViewport: Clicking on Actor (LMB): StaticMeshActor (SM_Chair2)
[2019.06.04-12.52.06:052][917]LogEditorViewport: Clicking on Actor (LMB): StaticMeshActor (SM_Chair)
[2019.06.04-12.52.20:889][562]LogSlate: FSceneViewport::OnFocusLost() reason 0
[2019.06.04-12.52.54:758][307]LogEditorViewport: Clicking on Component (LMB): StaticMeshComponent (StaticMeshComponent0)
[2019.06.04-12.53.06:197][136]LogSlate: FSceneViewport::OnFocusLost() reason 0
[2019.06.04-12.57.00:194][363]LogAudio: Warning: Current Audio Device with ID {0.0.0.00000000}.{08ee0d7f-2201-4f95-bffe-a730ec8cfbd8} was removed. Shutting down audio device.
[2019.06.04-12.57.00:194][363]LogInit: XAudio2 using 'VoiceMeeter Input (VB-Audio VoiceMeeter VAIO)' : 2 channels at 44.1 kHz using 24 bits per sample (channel mask 0x3)
[2019.06.04-12.57.00:532][364]LogInit: XAudio2 using 'VoiceMeeter Input (VB-Audio VoiceMeeter VAIO)' : 2 channels at 44.1 kHz using 24 bits per sample (channel mask 0x3)
[2019.06.04-12.59.52:105][425]LogTemp: Repeating last play command: Selected Viewport
[2019.06.04-12.59.52:117][425]LogBlueprintUserMessages: Early PlayInEditor Detection: Level '/Game/NewMap.NewMap:PersistentLevel' has LevelScriptBlueprint '/Game/NewMap.NewMap:PersistentLevel.NewMap' with GeneratedClass '/Game/NewMap.NewMap_C' with ClassGeneratedBy '/Game/NewMap.NewMap:PersistentLevel.NewMap'
[2019.06.04-12.59.52:117][425]LogPlayLevel: PlayLevel: No blueprints needed recompiling
[2019.06.04-12.59.52:117][425]PIE: New page: PIE session: NewMap (4 Jun 2019 14:59:52)
[2019.06.04-12.59.52:117][425]LogPlayLevel: Creating play world package: /Game/UEDPIE_0_NewMap
[2019.06.04-12.59.52:150][425]LogPlayLevel: PIE: StaticDuplicateObject took: (0.032667s)
[2019.06.04-12.59.52:151][425]LogAIModule: Creating AISystem for world NewMap
[2019.06.04-12.59.52:151][425]LogPlayLevel: PIE: World Init took: (0.000874s)
[2019.06.04-12.59.52:151][425]LogPlayLevel: PIE: Created PIE world by copying editor world from /Game/NewMap.NewMap to /Game/UEDPIE_0_NewMap.NewMap (0.033715s)
[2019.06.04-12.59.52:176][425]LogUObjectHash: Compacting FUObjectHashTables data took   1.48ms
[2019.06.04-12.59.52:211][425]LogInit: XAudio2 using 'VoiceMeeter Input (VB-Audio VoiceMeeter VAIO)' : 2 channels at 44.1 kHz using 24 bits per sample (channel mask 0x3)
[2019.06.04-12.59.52:220][425]LogInit: FAudioDevice initialized.
[2019.06.04-12.59.52:251][425]LogLoad: Game class is 'MyBuildingEscapeGameModeBase_BP_C'
[2019.06.04-12.59.52:256][425]LogWorld: Bringing World /Game/UEDPIE_0_NewMap.NewMap up for play (max tick rate 0) at 2019.06.04-13.59.52
[2019.06.04-12.59.52:256][425]LogWorld: Bringing up level for play took: 0.004089
[2019.06.04-12.59.52:269][425]LogTemp: Warning: SM_Chair_2 is at X=7.570 Y=-139.871 Z=20.063
[2019.06.04-12.59.52:269][425]LogTemp: Warning: SM_TableRound_6 is at X=110.000 Y=-140.000 Z=20.000
[2019.06.04-12.59.52:269][425]LogTemp: Warning: SM_Chair2_10 is at X=150.000 Y=-230.000 Z=20.000
[2019.06.04-12.59.52:269][425]PIE: Play in editor start time for /Game/UEDPIE_0_NewMap 0.144
[2019.06.04-12.59.52:270][425]LogBlueprintUserMessages: Late PlayInEditor Detection: Level '/Game/NewMap.NewMap:PersistentLevel' has LevelScriptBlueprint '/Game/NewMap.NewMap:PersistentLevel.NewMap' with GeneratedClass '/Game/NewMap.NewMap_C' with ClassGeneratedBy '/Game/NewMap.NewMap:PersistentLevel.NewMap'
[2019.06.04-13.00.00:147][ 36]LogBlueprintUserMessages: Early EndPlayMap Detection: Level '/Game/NewMap.NewMap:PersistentLevel' has LevelScriptBlueprint '/Game/NewMap.NewMap:PersistentLevel.NewMap' with GeneratedClass '/Game/NewMap.NewMap_C' with ClassGeneratedBy '/Game/NewMap.NewMap:PersistentLevel.NewMap'
[2019.06.04-13.00.00:147][ 36]LogSlate: Updating window title bar state: overlay mode, drag disabled, window buttons hidden, title bar hidden
[2019.06.04-13.00.00:190][ 36]LogPlayLevel: Display: Shutting down PIE online subsystems
[2019.06.04-13.00.00:191][ 36]LogBlueprintUserMessages: Late EndPlayMap Detection: Level '/Game/NewMap.NewMap:PersistentLevel' has LevelScriptBlueprint '/Game/NewMap.NewMap:PersistentLevel.NewMap' with GeneratedClass '/Game/NewMap.NewMap_C' with ClassGeneratedBy '/Game/NewMap.NewMap:PersistentLevel.NewMap'
[2019.06.04-13.00.00:217][ 36]LogSlate: Updating window title bar state: overlay mode, drag disabled, window buttons hidden, title bar hidden
[2019.06.04-13.00.00:220][ 36]LogUObjectHash: Compacting FUObjectHashTables data took   1.30ms
[2019.06.04-13.00.00:271][ 39]LogPlayLevel: Display: Destroying online subsystem :Context_5
[2019.06.04-13.00.45:141][763]LogSlate: FSceneViewport::OnFocusLost() reason 0
[2019.06.04-13.00.45:186][768]LogTemp: Repeating last play command: Selected Viewport
[2019.06.04-13.00.45:198][768]LogBlueprintUserMessages: Early PlayInEditor Detection: Level '/Game/NewMap.NewMap:PersistentLevel' has LevelScriptBlueprint '/Game/NewMap.NewMap:PersistentLevel.NewMap' with GeneratedClass '/Game/NewMap.NewMap_C' with ClassGeneratedBy '/Game/NewMap.NewMap:PersistentLevel.NewMap'
[2019.06.04-13.00.45:198][768]LogPlayLevel: PlayLevel: No blueprints needed recompiling
[2019.06.04-13.00.45:198][768]PIE: New page: PIE session: NewMap (4 Jun 2019 15:00:45)
[2019.06.04-13.00.45:199][768]LogPlayLevel: Creating play world package: /Game/UEDPIE_0_NewMap
[2019.06.04-13.00.45:230][768]LogPlayLevel: PIE: StaticDuplicateObject took: (0.031624s)
[2019.06.04-13.00.45:231][768]LogAIModule: Creating AISystem for world NewMap
[2019.06.04-13.00.45:253][768]LogPlayLevel: PIE: World Init took: (0.022796s)
[2019.06.04-13.00.45:253][768]LogPlayLevel: PIE: Created PIE world by copying editor world from /Game/NewMap.NewMap to /Game/UEDPIE_0_NewMap.NewMap (0.054777s)
[2019.06.04-13.00.45:278][768]LogUObjectHash: Compacting FUObjectHashTables data took   1.36ms
[2019.06.04-13.00.45:312][768]LogInit: XAudio2 using 'VoiceMeeter Input (VB-Audio VoiceMeeter VAIO)' : 2 channels at 44.1 kHz using 24 bits per sample (channel mask 0x3)
[2019.06.04-13.00.45:319][768]LogInit: FAudioDevice initialized.
[2019.06.04-13.00.45:350][768]LogLoad: Game class is 'MyBuildingEscapeGameModeBase_BP_C'
[2019.06.04-13.00.45:354][768]LogWorld: Bringing World /Game/UEDPIE_0_NewMap.NewMap up for play (max tick rate 0) at 2019.06.04-14.00.45
[2019.06.04-13.00.45:354][768]LogWorld: Bringing up level for play took: 0.003823
[2019.06.04-13.00.45:367][768]LogTemp: Warning: SM_Chair_2 is at X=7.570 Y=-139.871 Z=20.063
[2019.06.04-13.00.45:367][768]LogTemp: Warning: SM_TableRound_6 is at X=110.000 Y=-140.000 Z=20.000
[2019.06.04-13.00.45:367][768]LogTemp: Warning: SM_Chair2_10 is at X=150.000 Y=-230.000 Z=20.000
[2019.06.04-13.00.45:367][768]PIE: Play in editor start time for /Game/UEDPIE_0_NewMap -0.758
[2019.06.04-13.00.45:367][768]LogBlueprintUserMessages: Late PlayInEditor Detection: Level '/Game/NewMap.NewMap:PersistentLevel' has LevelScriptBlueprint '/Game/NewMap.NewMap:PersistentLevel.NewMap' with GeneratedClass '/Game/NewMap.NewMap_C' with ClassGeneratedBy '/Game/NewMap.NewMap:PersistentLevel.NewMap'
[2019.06.04-13.01.15:135][246]LogBlueprintUserMessages: Early EndPlayMap Detection: Level '/Game/NewMap.NewMap:PersistentLevel' has LevelScriptBlueprint '/Game/NewMap.NewMap:PersistentLevel.NewMap' with GeneratedClass '/Game/NewMap.NewMap_C' with ClassGeneratedBy '/Game/NewMap.NewMap:PersistentLevel.NewMap'
[2019.06.04-13.01.15:135][246]LogSlate: Updating window title bar state: overlay mode, drag disabled, window buttons hidden, title bar hidden
[2019.06.04-13.01.15:181][246]LogPlayLevel: Display: Shutting down PIE online subsystems
[2019.06.04-13.01.15:182][246]LogBlueprintUserMessages: Late EndPlayMap Detection: Level '/Game/NewMap.NewMap:PersistentLevel' has LevelScriptBlueprint '/Game/NewMap.NewMap:PersistentLevel.NewMap' with GeneratedClass '/Game/NewMap.NewMap_C' with ClassGeneratedBy '/Game/NewMap.NewMap:PersistentLevel.NewMap'
[2019.06.04-13.01.15:207][246]LogSlate: Updating window title bar state: overlay mode, drag disabled, window buttons hidden, title bar hidden
[2019.06.04-13.01.15:211][246]LogUObjectHash: Compacting FUObjectHashTables data took   1.39ms
[2019.06.04-13.01.15:241][247]LogPlayLevel: Display: Destroying online subsystem :Context_6
[2019.06.04-13.01.15:288][248]Cmd: SELECT NONE
[2019.06.04-13.01.44:341][876]LogSlate: FSceneViewport::OnFocusLost() reason 0
[2019.06.04-13.02.33:018][415]LogInit: XAudio2 using 'Headphones (Bluetooth Hands-free Audio)' : 2 channels at 48 kHz using 16 bits per sample (channel mask 0x3)
[2019.06.04-13.02.33:241][424]LogInit: XAudio2 using 'Headphones (Bluetooth Hands-free Audio)' : 2 channels at 48 kHz using 16 bits per sample (channel mask 0x3)
