Log file open, 02/23/19 18:19:12
LogWindows: Failed to load 'aqProf.dll' (GetLastError=126)
LogWindows: File 'aqProf.dll' does not exist
LogWindows: Failed to load 'VtuneApi.dll' (GetLastError=126)
LogWindows: File 'VtuneApi.dll' does not exist
LogWindows: Failed to load 'VtuneApi32e.dll' (GetLastError=126)
LogWindows: File 'VtuneApi32e.dll' does not exist
LogConsoleResponse: Display: Failed to find resolution value strings in scalability ini. Falling back to default.
LogInit: Display: Running engine for game: BuildingEscape
LogPakFile: Registered encryption key '00000000000000000000000000000000': 0 pak files mounted, 0 remain pending
LogPlatformFile: Not using cached read wrapper
LogTaskGraph: Started task graph with 5 named threads and 23 total threads with 3 sets of task threads.
LogStats: Stats thread started at 4.619785
LogD3D11RHI: Loaded GFSDK_Aftermath_Lib.x64.dll
LogICUInternationalization: ICU TimeZone Detection - Raw Offset: +0:00, Platform Override: ''
LogPluginManager: Mounting plugin Paper2D
LogPluginManager: Mounting plugin AISupport
LogPluginManager: Mounting plugin LightPropagationVolume
LogPluginManager: Mounting plugin ActorLayerUtilities
LogPluginManager: Mounting plugin CLionSourceCodeAccess
LogPluginManager: Mounting plugin CodeLiteSourceCodeAccess
LogPluginManager: Mounting plugin GitSourceControl
LogPluginManager: Mounting plugin KDevelopSourceCodeAccess
LogPluginManager: Mounting plugin NullSourceCodeAccess
LogPluginManager: Mounting plugin PerforceSourceControl
LogPluginManager: Mounting plugin SubversionSourceControl
LogPluginManager: Mounting plugin UObjectPlugin
LogPluginManager: Mounting plugin VisualStudioCodeSourceCodeAccess
LogPluginManager: Mounting plugin VisualStudioSourceCodeAccess
LogPluginManager: Mounting plugin XCodeSourceCodeAccess
LogPluginManager: Mounting plugin AssetManagerEditor
LogPluginManager: Mounting plugin CryptoKeys
LogPluginManager: Mounting plugin DataValidation
LogPluginManager: Mounting plugin FacialAnimation
LogPluginManager: Mounting plugin GameplayTagsEditor
LogPluginManager: Mounting plugin MacGraphicsSwitching
LogPluginManager: Mounting plugin MeshEditor
LogPluginManager: Mounting plugin MobileLauncherProfileWizard
LogPluginManager: Mounting plugin PluginBrowser
LogPluginManager: Mounting plugin SpeedTreeImporter
LogPluginManager: Mounting plugin DatasmithContent
LogPluginManager: Mounting plugin VariantManagerContent
LogPluginManager: Mounting plugin AlembicImporter
LogPluginManager: Mounting plugin AppleImageUtils
LogPluginManager: Mounting plugin AppleVision
LogPluginManager: Mounting plugin BackChannel
LogPluginManager: Mounting plugin CharacterAI
LogPluginManager: Mounting plugin GeometryCache
LogPluginManager: Mounting plugin HTML5Networking
LogPluginManager: Mounting plugin ProxyLODPlugin
LogPluginManager: Mounting plugin MagicLeap
LogPluginManager: Mounting plugin MagicLeapMedia
LogPluginManager: Mounting plugin AndroidMedia
LogPluginManager: Mounting plugin AvfMedia
LogPluginManager: Mounting plugin ImgMedia
LogPluginManager: Mounting plugin LinearTimecode
LogPluginManager: Mounting plugin MediaCompositing
LogPluginManager: Mounting plugin MediaPlayerEditor
LogPluginManager: Mounting plugin WebMMedia
LogPluginManager: Mounting plugin WmfMedia
LogPluginManager: Mounting plugin TcpMessaging
LogPluginManager: Mounting plugin UdpMessaging
LogPluginManager: Mounting plugin ActorSequence
LogPluginManager: Mounting plugin LevelSequenceEditor
LogPluginManager: Mounting plugin MatineeToLevelSequence
LogPluginManager: Mounting plugin NetcodeUnitTest
LogPluginManager: Mounting plugin NUTUnrealEngine4
LogPluginManager: Mounting plugin OnlineSubsystemGooglePlay
LogPluginManager: Mounting plugin OnlineSubsystemIOS
LogPluginManager: Mounting plugin OnlineSubsystem
LogPluginManager: Mounting plugin OnlineSubsystemNull
LogPluginManager: Mounting plugin OnlineSubsystemUtils
LogPluginManager: Mounting plugin LauncherChunkInstaller
LogPluginManager: Mounting plugin AndroidDeviceProfileSelector
LogPluginManager: Mounting plugin AndroidMoviePlayer
LogPluginManager: Mounting plugin AndroidPermission
LogPluginManager: Mounting plugin AppleMoviePlayer
LogPluginManager: Mounting plugin ArchVisCharacter
LogPluginManager: Mounting plugin AudioCapture
LogPluginManager: Mounting plugin CableComponent
LogPluginManager: Mounting plugin CustomMeshComponent
LogPluginManager: Mounting plugin EditableMesh
LogPluginManager: Mounting plugin ExampleDeviceProfileSelector
LogPluginManager: Mounting plugin Firebase
LogPluginManager: Mounting plugin GoogleCloudMessaging
LogPluginManager: Mounting plugin IOSDeviceProfileSelector
LogPluginManager: Mounting plugin LinuxDeviceProfileSelector
LogPluginManager: Mounting plugin LocationServicesBPLibrary
LogPluginManager: Mounting plugin MobilePatchingUtils
LogPluginManager: Mounting plugin OculusVR
LogPluginManager: Mounting plugin PhysXVehicles
LogPluginManager: Mounting plugin ProceduralMeshComponent
LogPluginManager: Mounting plugin RuntimePhysXCooking
LogPluginManager: Mounting plugin SteamVR
LogPluginManager: Mounting plugin WebMMoviePlayer
LogPluginManager: Mounting plugin WindowsMoviePlayer
LogStreaming: Display: Took  0.629s to configure plugins.
LogInit: Using libcurl 7.55.1-DEV
LogInit:  - built for x86_64-pc-win32
LogInit:  - supports SSL with OpenSSL/1.0.2h
LogInit:  - supports HTTP deflate (compression) using libz 1.2.8
LogInit:  - other features:
LogInit:      CURL_VERSION_SSL
LogInit:      CURL_VERSION_LIBZ
LogInit:      CURL_VERSION_IPV6
LogInit:      CURL_VERSION_ASYNCHDNS
LogInit:      CURL_VERSION_LARGEFILE
LogInit:      CURL_VERSION_IDN
LogInit:  CurlRequestOptions (configurable via config and command line):
LogInit:  - bVerifyPeer = true  - Libcurl will verify peer certificate
LogInit:  - bUseHttpProxy = false  - Libcurl will NOT use HTTP proxy
LogInit:  - bDontReuseConnections = false  - Libcurl will reuse connections
LogInit:  - MaxHostConnections = 16  - Libcurl will limit the number of connections to a host
LogInit:  - LocalHostAddr = Default
LogInit:  - BufferSize = 65536
LogInit: WinSock: version 1.1 (2.2), MaxSocks=32767, MaxUdp=65467
LogInit: Build: ++UE4+Release-4.21-CL-4753647
LogInit: Engine Version: 4.21.2-4753647+++UE4+Release-4.21
LogInit: Compatible Engine Version: 4.21.0-4541578+++UE4+Release-4.21
LogInit: Net CL: 4541578
LogInit: OS: Windows 10 (), CPU: AMD Ryzen 5 2500U with Radeon Vega Mobile Gfx  , GPU: AMD Radeon(TM) Vega 8 Graphics
LogInit: Compiled (64-bit): Jan 19 2019 02:07:31
LogInit: Compiled with Visual C++: 19.13.26129.00
LogInit: Build Configuration: Development
LogInit: Branch Name: ++UE4+Release-4.21
LogInit: Command Line: 
LogInit: Base Directory: D:/applications/unreal engine/UE_4.21/Engine/Binaries/Win64/
LogInit: Installed Engine Build: 1
LogDevObjectVersion: Number of dev versions registered: 22
LogDevObjectVersion:   Dev-Blueprints (B0D832E4-1F89-4F0D-ACCF-7EB736FD4AA2): 10
LogDevObjectVersion:   Dev-Build (E1C64328-A22C-4D53-A36C-8E866417BD8C): 0
LogDevObjectVersion:   Dev-Core (375EC13C-06E4-48FB-B500-84F0262A717E): 2
LogDevObjectVersion:   Dev-Editor (E4B068ED-F494-42E9-A231-DA0B2E46BB41): 26
LogDevObjectVersion:   Dev-Framework (CFFC743F-43B0-4480-9391-14DF171D2073): 34
LogDevObjectVersion:   Dev-Mobile (B02B49B5-BB20-44E9-A304-32B752E40360): 2
LogDevObjectVersion:   Dev-Networking (A4E4105C-59A1-49B5-A7C5-40C4547EDFEE): 0
LogDevObjectVersion:   Dev-Online (39C831C9-5AE6-47DC-9A44-9C173E1C8E7C): 0
LogDevObjectVersion:   Dev-Physics (78F01B33-EBEA-4F98-B9B4-84EACCB95AA2): 0
LogDevObjectVersion:   Dev-Platform (6631380F-2D4D-43E0-8009-CF276956A95A): 0
LogDevObjectVersion:   Dev-Rendering (12F88B9F-8875-4AFC-A67C-D90C383ABD29): 27
LogDevObjectVersion:   Dev-Sequencer (7B5AE74C-D270-4C10-A958-57980B212A5A): 9
LogDevObjectVersion:   Dev-VR (D7296918-1DD6-4BDD-9DE2-64A83CC13884): 2
LogDevObjectVersion:   Dev-LoadTimes (C2A15278-BFE7-4AFE-6C17-90FF531DF755): 1
LogDevObjectVersion:   Private-Geometry (6EACA3D4-40EC-4CC1-B786-8BED09428FC5): 3
LogDevObjectVersion:   Dev-AnimPhys (29E575DD-E0A3-4627-9D10-D276232CDCEA): 17
LogDevObjectVersion:   Dev-Anim (AF43A65D-7FD3-4947-9873-3E8ED9C1BB05): 2
LogDevObjectVersion:   Dev-ReflectionCapture (6B266CEC-1EC7-4B8F-A30B-E4D90942FC07): 1
LogDevObjectVersion:   Dev-Automation (0DF73D61-A23F-47EA-B727-89E90C41499A): 1
LogDevObjectVersion:   FortniteMain (601D1886-AC64-4F84-AA16-D3DE0DEAC7D6): 17
LogDevObjectVersion:   Dev-Enterprise (9DFFBCD6-494F-0158-E221-12823C92A888): 4
LogDevObjectVersion:   Dev-Niagara (F2AED0AC-9AFE-416F-8664-AA7FFA26D6FC): 1
LogStreaming: Display: Took  0.586s to delete old logs.
LogInit: Presizing for max 8388607 objects, including 0 objects not considered by GC, pre-allocating 0 bytes for permanent pool.
LogInit: Object subsystem initialized
LogConfig: Setting CVar [[con.DebugEarlyDefault:1]]
LogConfig: Setting CVar [[r.setres:1280x720]]
[2019.02.23-18.19.22:518][  0]LogConfig: Setting CVar [[r.VSync:0]]
[2019.02.23-18.19.22:518][  0]LogConfig: Setting CVar [[r.RHICmdBypass:0]]
[2019.02.23-18.19.22:520][  0]LogConfig: Applying CVar settings from Section [/Script/Engine.RendererSettings] File [D:/local code repos/unreal/unreal_udemy_course/03_building_escape/BuildingEscape/Saved/Config/Windows/Engine.ini]
[2019.02.23-18.19.22:520][  0]LogConfig: Setting CVar [[r.GPUCrashDebugging:0]]
[2019.02.23-18.19.22:520][  0]LogConfig: Applying CVar settings from Section [/Script/Engine.RendererOverrideSettings] File [D:/local code repos/unreal/unreal_udemy_course/03_building_escape/BuildingEscape/Saved/Config/Windows/Engine.ini]
[2019.02.23-18.19.22:520][  0]LogConfig: Applying CVar settings from Section [/Script/Engine.StreamingSettings] File [D:/local code repos/unreal/unreal_udemy_course/03_building_escape/BuildingEscape/Saved/Config/Windows/Engine.ini]
[2019.02.23-18.19.22:520][  0]LogConfig: Setting CVar [[s.MinBulkDataSizeForAsyncLoading:131072]]
[2019.02.23-18.19.22:520][  0]LogConfig: Setting CVar [[s.AsyncLoadingThreadEnabled:0]]
[2019.02.23-18.19.22:520][  0]LogConfig: Setting CVar [[s.EventDrivenLoaderEnabled:1]]
[2019.02.23-18.19.22:520][  0]LogConfig: Setting CVar [[s.WarnIfTimeLimitExceeded:0]]
[2019.02.23-18.19.22:520][  0]LogConfig: Setting CVar [[s.TimeLimitExceededMultiplier:1.5]]
[2019.02.23-18.19.22:520][  0]LogConfig: Setting CVar [[s.TimeLimitExceededMinTime:0.005]]
[2019.02.23-18.19.22:520][  0]LogConfig: Setting CVar [[s.UseBackgroundLevelStreaming:1]]
[2019.02.23-18.19.22:520][  0]LogConfig: Setting CVar [[s.PriorityAsyncLoadingExtraTime:15.0]]
[2019.02.23-18.19.22:520][  0]LogConfig: Setting CVar [[s.LevelStreamingActorsUpdateTimeLimit:5.0]]
[2019.02.23-18.19.22:520][  0]LogConfig: Setting CVar [[s.PriorityLevelStreamingActorsUpdateExtraTime:5.0]]
[2019.02.23-18.19.22:520][  0]LogConfig: Setting CVar [[s.LevelStreamingComponentsRegistrationGranularity:10]]
[2019.02.23-18.19.22:520][  0]LogConfig: Setting CVar [[s.UnregisterComponentsTimeLimit:1.0]]
[2019.02.23-18.19.22:520][  0]LogConfig: Setting CVar [[s.LevelStreamingComponentsUnregistrationGranularity:5]]
[2019.02.23-18.19.22:521][  0]LogConfig: Applying CVar settings from Section [/Script/Engine.GarbageCollectionSettings] File [D:/local code repos/unreal/unreal_udemy_course/03_building_escape/BuildingEscape/Saved/Config/Windows/Engine.ini]
[2019.02.23-18.19.22:521][  0]LogConfig: Setting CVar [[gc.MaxObjectsNotConsideredByGC:1]]
[2019.02.23-18.19.22:521][  0]LogConfig: Setting CVar [[gc.SizeOfPermanentObjectPool:0]]
[2019.02.23-18.19.22:521][  0]LogConfig: Setting CVar [[gc.FlushStreamingOnGC:0]]
[2019.02.23-18.19.22:521][  0]LogConfig: Setting CVar [[gc.NumRetriesBeforeForcingGC:10]]
[2019.02.23-18.19.22:521][  0]LogConfig: Setting CVar [[gc.AllowParallelGC:1]]
[2019.02.23-18.19.22:521][  0]LogConfig: Setting CVar [[gc.TimeBetweenPurgingPendingKillObjects:61.1]]
[2019.02.23-18.19.22:521][  0]LogConfig: Setting CVar [[gc.MaxObjectsInEditor:8388607]]
[2019.02.23-18.19.22:521][  0]LogConfig: Setting CVar [[gc.IncrementalBeginDestroyEnabled:1]]
[2019.02.23-18.19.22:521][  0]LogConfig: Setting CVar [[gc.CreateGCClusters:1]]
[2019.02.23-18.19.22:521][  0]LogConfig: Setting CVar [[gc.MergeGCClusters:0]]
[2019.02.23-18.19.22:521][  0]LogConfig: Setting CVar [[gc.MinGCClusterSize:5]]
[2019.02.23-18.19.22:521][  0]LogConfig: Setting CVar [[gc.ActorClusteringEnabled:0]]
[2019.02.23-18.19.22:521][  0]LogConfig: Setting CVar [[gc.BlueprintClusteringEnabled:0]]
[2019.02.23-18.19.22:521][  0]LogConfig: Setting CVar [[gc.UseDisregardForGCOnDedicatedServers:0]]
[2019.02.23-18.19.22:521][  0]LogConfig: Applying CVar settings from Section [/Script/Engine.NetworkSettings] File [D:/local code repos/unreal/unreal_udemy_course/03_building_escape/BuildingEscape/Saved/Config/Windows/Engine.ini]
[2019.02.23-18.19.22:521][  0]LogConfig: Applying CVar settings from Section [/Script/UnrealEd.CookerSettings] File [D:/local code repos/unreal/unreal_udemy_course/03_building_escape/BuildingEscape/Saved/Config/Windows/Engine.ini]
[2019.02.23-18.19.22:733][  0]LogConfig: Applying CVar settings from Section [ViewDistanceQuality@3] File [D:/local code repos/unreal/unreal_udemy_course/03_building_escape/BuildingEscape/Saved/Config/Windows/Scalability.ini]
[2019.02.23-18.19.22:733][  0]LogConfig: Setting CVar [[r.SkeletalMeshLODBias:0]]
[2019.02.23-18.19.22:733][  0]LogConfig: Setting CVar [[r.ViewDistanceScale:1.0]]
[2019.02.23-18.19.22:733][  0]LogConfig: Applying CVar settings from Section [AntiAliasingQuality@3] File [D:/local code repos/unreal/unreal_udemy_course/03_building_escape/BuildingEscape/Saved/Config/Windows/Scalability.ini]
[2019.02.23-18.19.22:733][  0]LogConfig: Setting CVar [[r.PostProcessAAQuality:4]]
[2019.02.23-18.19.22:733][  0]LogConfig: Applying CVar settings from Section [ShadowQuality@3] File [D:/local code repos/unreal/unreal_udemy_course/03_building_escape/BuildingEscape/Saved/Config/Windows/Scalability.ini]
[2019.02.23-18.19.22:733][  0]LogConfig: Setting CVar [[r.LightFunctionQuality:1]]
[2019.02.23-18.19.22:733][  0]LogConfig: Setting CVar [[r.ShadowQuality:5]]
[2019.02.23-18.19.22:733][  0]LogConfig: Setting CVar [[r.Shadow.CSM.MaxCascades:10]]
[2019.02.23-18.19.22:733][  0]LogConfig: Setting CVar [[r.Shadow.MaxResolution:2048]]
[2019.02.23-18.19.22:733][  0]LogConfig: Setting CVar [[r.Shadow.MaxCSMResolution:2048]]
[2019.02.23-18.19.22:733][  0]LogConfig: Setting CVar [[r.Shadow.RadiusThreshold:0.01]]
[2019.02.23-18.19.22:733][  0]LogConfig: Setting CVar [[r.Shadow.DistanceScale:1.0]]
[2019.02.23-18.19.22:733][  0]LogConfig: Setting CVar [[r.Shadow.CSM.TransitionScale:1.0]]
[2019.02.23-18.19.22:733][  0]LogConfig: Setting CVar [[r.Shadow.PreShadowResolutionFactor:1.0]]
[2019.02.23-18.19.22:733][  0]LogConfig: Setting CVar [[r.DistanceFieldShadowing:1]]
[2019.02.23-18.19.22:733][  0]LogConfig: Setting CVar [[r.DistanceFieldAO:1]]
[2019.02.23-18.19.22:733][  0]LogConfig: Setting CVar [[r.AOQuality:2]]
[2019.02.23-18.19.22:733][  0]LogConfig: Setting CVar [[r.VolumetricFog:1]]
[2019.02.23-18.19.22:733][  0]LogConfig: Setting CVar [[r.VolumetricFog.GridPixelSize:8]]
[2019.02.23-18.19.22:734][  0]LogConfig: Setting CVar [[r.VolumetricFog.GridSizeZ:128]]
[2019.02.23-18.19.22:734][  0]LogConfig: Setting CVar [[r.VolumetricFog.HistoryMissSupersampleCount:4]]
[2019.02.23-18.19.22:734][  0]LogConfig: Setting CVar [[r.LightMaxDrawDistanceScale:1]]
[2019.02.23-18.19.22:734][  0]LogConfig: Setting CVar [[r.CapsuleShadows:1]]
[2019.02.23-18.19.22:734][  0]LogConfig: Applying CVar settings from Section [PostProcessQuality@3] File [D:/local code repos/unreal/unreal_udemy_course/03_building_escape/BuildingEscape/Saved/Config/Windows/Scalability.ini]
[2019.02.23-18.19.22:734][  0]LogConfig: Setting CVar [[r.MotionBlurQuality:4]]
[2019.02.23-18.19.22:734][  0]LogConfig: Setting CVar [[r.AmbientOcclusionMipLevelFactor:0.4]]
[2019.02.23-18.19.22:734][  0]LogConfig: Setting CVar [[r.AmbientOcclusionMaxQuality:100]]
[2019.02.23-18.19.22:734][  0]LogConfig: Setting CVar [[r.AmbientOcclusionLevels:-1]]
[2019.02.23-18.19.22:734][  0]LogConfig: Setting CVar [[r.AmbientOcclusionRadiusScale:1.0]]
[2019.02.23-18.19.22:734][  0]LogConfig: Setting CVar [[r.DepthOfFieldQuality:2]]
[2019.02.23-18.19.22:734][  0]LogConfig: Setting CVar [[r.RenderTargetPoolMin:400]]
[2019.02.23-18.19.22:734][  0]LogConfig: Setting CVar [[r.LensFlareQuality:2]]
[2019.02.23-18.19.22:734][  0]LogConfig: Setting CVar [[r.SceneColorFringeQuality:1]]
[2019.02.23-18.19.22:734][  0]LogConfig: Setting CVar [[r.EyeAdaptationQuality:2]]
[2019.02.23-18.19.22:734][  0]LogConfig: Setting CVar [[r.BloomQuality:5]]
[2019.02.23-18.19.22:734][  0]LogConfig: Setting CVar [[r.FastBlurThreshold:100]]
[2019.02.23-18.19.22:734][  0]LogConfig: Setting CVar [[r.Upscale.Quality:3]]
[2019.02.23-18.19.22:734][  0]LogConfig: Setting CVar [[r.Tonemapper.GrainQuantization:1]]
[2019.02.23-18.19.22:734][  0]LogConfig: Setting CVar [[r.LightShaftQuality:1]]
[2019.02.23-18.19.22:734][  0]LogConfig: Setting CVar [[r.Filter.SizeScale:1]]
[2019.02.23-18.19.22:734][  0]LogConfig: Setting CVar [[r.Tonemapper.Quality:5]]
[2019.02.23-18.19.22:734][  0]LogConfig: Setting CVar [[r.DOF.Gather.AccumulatorQuality:1        ; higher gathering accumulator quality]]
[2019.02.23-18.19.22:734][  0]LogConfig: Setting CVar [[r.DOF.Gather.PostfilterMethod:1          ; Median3x3 postfilering method]]
[2019.02.23-18.19.22:734][  0]LogConfig: Setting CVar [[r.DOF.Gather.EnableBokehSettings:0       ; no bokeh simulation when gathering]]
[2019.02.23-18.19.22:734][  0]LogConfig: Setting CVar [[r.DOF.Gather.RingCount:4                 ; medium number of samples when gathering]]
[2019.02.23-18.19.22:734][  0]LogConfig: Setting CVar [[r.DOF.Scatter.ForegroundCompositing:1    ; additive foreground scattering]]
[2019.02.23-18.19.22:734][  0]LogConfig: Setting CVar [[r.DOF.Scatter.BackgroundCompositing:2    ; additive background scattering]]
[2019.02.23-18.19.22:734][  0]LogConfig: Setting CVar [[r.DOF.Scatter.EnableBokehSettings:1      ; bokeh simulation when scattering]]
[2019.02.23-18.19.22:734][  0]LogConfig: Setting CVar [[r.DOF.Scatter.MaxSpriteRatio:0.1         ; only a maximum of 10% of scattered bokeh]]
[2019.02.23-18.19.22:734][  0]LogConfig: Setting CVar [[r.DOF.Recombine.Quality:1                ; cheap slight out of focus]]
[2019.02.23-18.19.22:734][  0]LogConfig: Setting CVar [[r.DOF.Recombine.EnableBokehSettings:0    ; no bokeh simulation on slight out of focus]]
[2019.02.23-18.19.22:734][  0]LogConfig: Setting CVar [[r.DOF.TemporalAAQuality:1                ; more stable temporal accumulation]]
[2019.02.23-18.19.22:734][  0]LogConfig: Setting CVar [[r.DOF.Kernel.MaxForegroundRadius:0.025]]
[2019.02.23-18.19.22:734][  0]LogConfig: Setting CVar [[r.DOF.Kernel.MaxBackgroundRadius:0.025]]
[2019.02.23-18.19.22:735][  0]LogConfig: Applying CVar settings from Section [TextureQuality@3] File [D:/local code repos/unreal/unreal_udemy_course/03_building_escape/BuildingEscape/Saved/Config/Windows/Scalability.ini]
[2019.02.23-18.19.22:735][  0]LogConfig: Setting CVar [[r.Streaming.MipBias:0]]
[2019.02.23-18.19.22:735][  0]LogConfig: Setting CVar [[r.Streaming.AmortizeCPUToGPUCopy:0]]
[2019.02.23-18.19.22:735][  0]LogConfig: Setting CVar [[r.Streaming.MaxNumTexturesToStreamPerFrame:0]]
[2019.02.23-18.19.22:735][  0]LogConfig: Setting CVar [[r.Streaming.Boost:1]]
[2019.02.23-18.19.22:735][  0]LogConfig: Setting CVar [[r.MaxAnisotropy:8]]
[2019.02.23-18.19.22:735][  0]LogConfig: Setting CVar [[r.Streaming.LimitPoolSizeToVRAM:0]]
[2019.02.23-18.19.22:735][  0]LogConfig: Setting CVar [[r.Streaming.PoolSize:1000]]
[2019.02.23-18.19.22:735][  0]LogConfig: Setting CVar [[r.Streaming.MaxEffectiveScreenSize:0]]
[2019.02.23-18.19.22:735][  0]LogConfig: Applying CVar settings from Section [EffectsQuality@3] File [D:/local code repos/unreal/unreal_udemy_course/03_building_escape/BuildingEscape/Saved/Config/Windows/Scalability.ini]
[2019.02.23-18.19.22:735][  0]LogConfig: Setting CVar [[r.TranslucencyLightingVolumeDim:64]]
[2019.02.23-18.19.22:735][  0]LogConfig: Setting CVar [[r.RefractionQuality:2]]
[2019.02.23-18.19.22:735][  0]LogConfig: Setting CVar [[r.SSR.Quality:3]]
[2019.02.23-18.19.22:735][  0]LogConfig: Setting CVar [[r.SceneColorFormat:4]]
[2019.02.23-18.19.22:735][  0]LogConfig: Setting CVar [[r.DetailMode:2]]
[2019.02.23-18.19.22:735][  0]LogConfig: Setting CVar [[r.TranslucencyVolumeBlur:1]]
[2019.02.23-18.19.22:735][  0]LogConfig: Setting CVar [[r.MaterialQualityLevel:1 ; High quality]]
[2019.02.23-18.19.22:735][  0]LogConfig: Setting CVar [[r.SSS.Scale:1]]
[2019.02.23-18.19.22:735][  0]LogConfig: Setting CVar [[r.SSS.SampleSet:2]]
[2019.02.23-18.19.22:735][  0]LogConfig: Setting CVar [[r.SSS.Quality:1]]
[2019.02.23-18.19.22:735][  0]LogConfig: Setting CVar [[r.SSS.HalfRes:1]]
[2019.02.23-18.19.22:735][  0]LogConfig: Setting CVar [[r.EmitterSpawnRateScale:1.0]]
[2019.02.23-18.19.22:735][  0]LogConfig: Setting CVar [[r.ParticleLightQuality:2]]
[2019.02.23-18.19.22:735][  0]LogConfig: Applying CVar settings from Section [FoliageQuality@3] File [D:/local code repos/unreal/unreal_udemy_course/03_building_escape/BuildingEscape/Saved/Config/Windows/Scalability.ini]
[2019.02.23-18.19.22:735][  0]LogConfig: Setting CVar [[foliage.DensityScale:1.0]]
[2019.02.23-18.19.22:735][  0]LogConfig: Setting CVar [[grass.DensityScale:1.0]]
[2019.02.23-18.19.22:796][  0]LogInit: Selected Device Profile: [Windows]
[2019.02.23-18.19.22:798][  0]LogInit: Applying CVar settings loaded from the selected device profile: [Windows]
[2019.02.23-18.19.23:022][  0]LogHAL: Display: Platform has ~ 6 GB [6396116992 / 8589934592 / 6], which maps to Smaller [LargestMinGB=32, LargerMinGB=12, DefaultMinGB=8, SmallerMinGB=6, SmallestMinGB=0)
[2019.02.23-18.19.23:101][  0]LogConfig: Setting CVar [[r.Vulkan.UseRealUBs:1]]
[2019.02.23-18.19.23:101][  0]LogInit: Going up to parent DeviceProfile []
[2019.02.23-18.19.23:140][  0]LogConfig: Applying CVar settings from Section [ViewDistanceQuality@3] File [D:/local code repos/unreal/unreal_udemy_course/03_building_escape/BuildingEscape/Saved/Config/Windows/Scalability.ini]
[2019.02.23-18.19.23:140][  0]LogConfig: Setting CVar [[r.SkeletalMeshLODBias:0]]
[2019.02.23-18.19.23:140][  0]LogConfig: Setting CVar [[r.ViewDistanceScale:1.0]]
[2019.02.23-18.19.23:141][  0]LogConfig: Applying CVar settings from Section [AntiAliasingQuality@3] File [D:/local code repos/unreal/unreal_udemy_course/03_building_escape/BuildingEscape/Saved/Config/Windows/Scalability.ini]
[2019.02.23-18.19.23:141][  0]LogConfig: Setting CVar [[r.PostProcessAAQuality:4]]
[2019.02.23-18.19.23:141][  0]LogConfig: Applying CVar settings from Section [ShadowQuality@3] File [D:/local code repos/unreal/unreal_udemy_course/03_building_escape/BuildingEscape/Saved/Config/Windows/Scalability.ini]
[2019.02.23-18.19.23:141][  0]LogConfig: Setting CVar [[r.LightFunctionQuality:1]]
[2019.02.23-18.19.23:141][  0]LogConfig: Setting CVar [[r.ShadowQuality:5]]
[2019.02.23-18.19.23:141][  0]LogConfig: Setting CVar [[r.Shadow.CSM.MaxCascades:10]]
[2019.02.23-18.19.23:141][  0]LogConfig: Setting CVar [[r.Shadow.MaxResolution:2048]]
[2019.02.23-18.19.23:141][  0]LogConfig: Setting CVar [[r.Shadow.MaxCSMResolution:2048]]
[2019.02.23-18.19.23:141][  0]LogConfig: Setting CVar [[r.Shadow.RadiusThreshold:0.01]]
[2019.02.23-18.19.23:141][  0]LogConfig: Setting CVar [[r.Shadow.DistanceScale:1.0]]
[2019.02.23-18.19.23:141][  0]LogConfig: Setting CVar [[r.Shadow.CSM.TransitionScale:1.0]]
[2019.02.23-18.19.23:141][  0]LogConfig: Setting CVar [[r.Shadow.PreShadowResolutionFactor:1.0]]
[2019.02.23-18.19.23:141][  0]LogConfig: Setting CVar [[r.DistanceFieldShadowing:1]]
[2019.02.23-18.19.23:141][  0]LogConfig: Setting CVar [[r.DistanceFieldAO:1]]
[2019.02.23-18.19.23:141][  0]LogConfig: Setting CVar [[r.AOQuality:2]]
[2019.02.23-18.19.23:141][  0]LogConfig: Setting CVar [[r.VolumetricFog:1]]
[2019.02.23-18.19.23:141][  0]LogConfig: Setting CVar [[r.VolumetricFog.GridPixelSize:8]]
[2019.02.23-18.19.23:141][  0]LogConfig: Setting CVar [[r.VolumetricFog.GridSizeZ:128]]
[2019.02.23-18.19.23:141][  0]LogConfig: Setting CVar [[r.VolumetricFog.HistoryMissSupersampleCount:4]]
[2019.02.23-18.19.23:141][  0]LogConfig: Setting CVar [[r.LightMaxDrawDistanceScale:1]]
[2019.02.23-18.19.23:141][  0]LogConfig: Setting CVar [[r.CapsuleShadows:1]]
[2019.02.23-18.19.23:141][  0]LogConfig: Applying CVar settings from Section [PostProcessQuality@3] File [D:/local code repos/unreal/unreal_udemy_course/03_building_escape/BuildingEscape/Saved/Config/Windows/Scalability.ini]
[2019.02.23-18.19.23:141][  0]LogConfig: Setting CVar [[r.MotionBlurQuality:4]]
[2019.02.23-18.19.23:141][  0]LogConfig: Setting CVar [[r.AmbientOcclusionMipLevelFactor:0.4]]
[2019.02.23-18.19.23:141][  0]LogConfig: Setting CVar [[r.AmbientOcclusionMaxQuality:100]]
[2019.02.23-18.19.23:141][  0]LogConfig: Setting CVar [[r.AmbientOcclusionLevels:-1]]
[2019.02.23-18.19.23:141][  0]LogConfig: Setting CVar [[r.AmbientOcclusionRadiusScale:1.0]]
[2019.02.23-18.19.23:141][  0]LogConfig: Setting CVar [[r.DepthOfFieldQuality:2]]
[2019.02.23-18.19.23:141][  0]LogConfig: Setting CVar [[r.RenderTargetPoolMin:400]]
[2019.02.23-18.19.23:141][  0]LogConfig: Setting CVar [[r.LensFlareQuality:2]]
[2019.02.23-18.19.23:141][  0]LogConfig: Setting CVar [[r.SceneColorFringeQuality:1]]
[2019.02.23-18.19.23:141][  0]LogConfig: Setting CVar [[r.EyeAdaptationQuality:2]]
[2019.02.23-18.19.23:141][  0]LogConfig: Setting CVar [[r.BloomQuality:5]]
[2019.02.23-18.19.23:141][  0]LogConfig: Setting CVar [[r.FastBlurThreshold:100]]
[2019.02.23-18.19.23:141][  0]LogConfig: Setting CVar [[r.Upscale.Quality:3]]
[2019.02.23-18.19.23:142][  0]LogConfig: Setting CVar [[r.Tonemapper.GrainQuantization:1]]
[2019.02.23-18.19.23:142][  0]LogConfig: Setting CVar [[r.LightShaftQuality:1]]
[2019.02.23-18.19.23:142][  0]LogConfig: Setting CVar [[r.Filter.SizeScale:1]]
[2019.02.23-18.19.23:142][  0]LogConfig: Setting CVar [[r.Tonemapper.Quality:5]]
[2019.02.23-18.19.23:142][  0]LogConfig: Setting CVar [[r.DOF.Gather.AccumulatorQuality:1        ; higher gathering accumulator quality]]
[2019.02.23-18.19.23:142][  0]LogConfig: Setting CVar [[r.DOF.Gather.PostfilterMethod:1          ; Median3x3 postfilering method]]
[2019.02.23-18.19.23:142][  0]LogConfig: Setting CVar [[r.DOF.Gather.EnableBokehSettings:0       ; no bokeh simulation when gathering]]
[2019.02.23-18.19.23:142][  0]LogConfig: Setting CVar [[r.DOF.Gather.RingCount:4                 ; medium number of samples when gathering]]
[2019.02.23-18.19.23:142][  0]LogConfig: Setting CVar [[r.DOF.Scatter.ForegroundCompositing:1    ; additive foreground scattering]]
[2019.02.23-18.19.23:142][  0]LogConfig: Setting CVar [[r.DOF.Scatter.BackgroundCompositing:2    ; additive background scattering]]
[2019.02.23-18.19.23:142][  0]LogConfig: Setting CVar [[r.DOF.Scatter.EnableBokehSettings:1      ; bokeh simulation when scattering]]
[2019.02.23-18.19.23:142][  0]LogConfig: Setting CVar [[r.DOF.Scatter.MaxSpriteRatio:0.1         ; only a maximum of 10% of scattered bokeh]]
[2019.02.23-18.19.23:142][  0]LogConfig: Setting CVar [[r.DOF.Recombine.Quality:1                ; cheap slight out of focus]]
[2019.02.23-18.19.23:142][  0]LogConfig: Setting CVar [[r.DOF.Recombine.EnableBokehSettings:0    ; no bokeh simulation on slight out of focus]]
[2019.02.23-18.19.23:142][  0]LogConfig: Setting CVar [[r.DOF.TemporalAAQuality:1                ; more stable temporal accumulation]]
[2019.02.23-18.19.23:142][  0]LogConfig: Setting CVar [[r.DOF.Kernel.MaxForegroundRadius:0.025]]
[2019.02.23-18.19.23:142][  0]LogConfig: Setting CVar [[r.DOF.Kernel.MaxBackgroundRadius:0.025]]
[2019.02.23-18.19.23:142][  0]LogConfig: Applying CVar settings from Section [TextureQuality@3] File [D:/local code repos/unreal/unreal_udemy_course/03_building_escape/BuildingEscape/Saved/Config/Windows/Scalability.ini]
[2019.02.23-18.19.23:142][  0]LogConfig: Setting CVar [[r.Streaming.MipBias:0]]
[2019.02.23-18.19.23:142][  0]LogConfig: Setting CVar [[r.Streaming.AmortizeCPUToGPUCopy:0]]
[2019.02.23-18.19.23:142][  0]LogConfig: Setting CVar [[r.Streaming.MaxNumTexturesToStreamPerFrame:0]]
[2019.02.23-18.19.23:142][  0]LogConfig: Setting CVar [[r.Streaming.Boost:1]]
[2019.02.23-18.19.23:142][  0]LogConfig: Setting CVar [[r.MaxAnisotropy:8]]
[2019.02.23-18.19.23:142][  0]LogConfig: Setting CVar [[r.Streaming.LimitPoolSizeToVRAM:0]]
[2019.02.23-18.19.23:142][  0]LogConfig: Setting CVar [[r.Streaming.PoolSize:1000]]
[2019.02.23-18.19.23:142][  0]LogConfig: Setting CVar [[r.Streaming.MaxEffectiveScreenSize:0]]
[2019.02.23-18.19.23:142][  0]LogConfig: Applying CVar settings from Section [EffectsQuality@3] File [D:/local code repos/unreal/unreal_udemy_course/03_building_escape/BuildingEscape/Saved/Config/Windows/Scalability.ini]
[2019.02.23-18.19.23:142][  0]LogConfig: Setting CVar [[r.TranslucencyLightingVolumeDim:64]]
[2019.02.23-18.19.23:142][  0]LogConfig: Setting CVar [[r.RefractionQuality:2]]
[2019.02.23-18.19.23:142][  0]LogConfig: Setting CVar [[r.SSR.Quality:3]]
[2019.02.23-18.19.23:142][  0]LogConfig: Setting CVar [[r.SceneColorFormat:4]]
[2019.02.23-18.19.23:142][  0]LogConfig: Setting CVar [[r.DetailMode:2]]
[2019.02.23-18.19.23:142][  0]LogConfig: Setting CVar [[r.TranslucencyVolumeBlur:1]]
[2019.02.23-18.19.23:142][  0]LogConfig: Setting CVar [[r.MaterialQualityLevel:1 ; High quality]]
[2019.02.23-18.19.23:142][  0]LogConfig: Setting CVar [[r.SSS.Scale:1]]
[2019.02.23-18.19.23:142][  0]LogConfig: Setting CVar [[r.SSS.SampleSet:2]]
[2019.02.23-18.19.23:142][  0]LogConfig: Setting CVar [[r.SSS.Quality:1]]
[2019.02.23-18.19.23:143][  0]LogConfig: Setting CVar [[r.SSS.HalfRes:1]]
[2019.02.23-18.19.23:143][  0]LogConfig: Setting CVar [[r.EmitterSpawnRateScale:1.0]]
[2019.02.23-18.19.23:143][  0]LogConfig: Setting CVar [[r.ParticleLightQuality:2]]
[2019.02.23-18.19.23:143][  0]LogConfig: Applying CVar settings from Section [FoliageQuality@3] File [D:/local code repos/unreal/unreal_udemy_course/03_building_escape/BuildingEscape/Saved/Config/Windows/Scalability.ini]
[2019.02.23-18.19.23:143][  0]LogConfig: Setting CVar [[foliage.DensityScale:1.0]]
[2019.02.23-18.19.23:143][  0]LogConfig: Setting CVar [[grass.DensityScale:1.0]]
[2019.02.23-18.19.23:143][  0]LogConfig: Applying CVar settings from Section [Startup] File [../../../Engine/Config/ConsoleVariables.ini]
[2019.02.23-18.19.23:185][  0]LogConfig: Setting CVar [[net.UseAdaptiveNetUpdateFrequency:0]]
[2019.02.23-18.19.23:185][  0]LogConfig: Applying CVar settings from Section [ConsoleVariables] File [D:/local code repos/unreal/unreal_udemy_course/03_building_escape/BuildingEscape/Saved/Config/Windows/Engine.ini]
[2019.02.23-18.19.23:278][  0]LogInit: Computer: DESKTOP-R8IGI29
[2019.02.23-18.19.23:278][  0]LogInit: User: abruc
[2019.02.23-18.19.23:278][  0]LogInit: CPU Page size=4096, Cores=4
[2019.02.23-18.19.23:278][  0]LogInit: High frequency timer resolution =10.000000 MHz
[2019.02.23-18.19.23:279][  0]LogMemory: Memory total: Physical=6.0GB (6GB approx)
[2019.02.23-18.19.23:279][  0]LogMemory: Platform Memory Stats for Windows
[2019.02.23-18.19.23:279][  0]LogMemory: Process Physical Memory: 102.30 MB used, 102.30 MB peak
[2019.02.23-18.19.23:279][  0]LogMemory: Process Virtual Memory: 91.47 MB used, 91.47 MB peak
[2019.02.23-18.19.23:279][  0]LogMemory: Physical Memory: 4742.67 MB used,  1357.14 MB free, 6099.81 MB total
[2019.02.23-18.19.23:279][  0]LogMemory: Virtual Memory: 4648.34 MB used,  134213080.00 MB free, 134217728.00 MB total
[2019.02.23-18.19.25:837][  0]LogInit: Using OS detected language (en-GB).
[2019.02.23-18.19.25:837][  0]LogInit: Using OS detected locale (en-GB).
[2019.02.23-18.19.26:030][  0]LogTextLocalizationManager: No specific localization for 'en-GB' exists, so the 'en' localization will be used.
[2019.02.23-18.19.28:801][  0]LogStreaming: Display: Took  3.008s to InitEngineTextLocalization.
[2019.02.23-18.19.28:849][  0]LogInit: Setting process to per monitor DPI aware
[2019.02.23-18.19.30:656][  0]LogSlate: New Slate User Created.  User Index 0, Is Virtual User: 0
[2019.02.23-18.19.30:656][  0]LogSlate: Slate User Registered.  User Index 0, Is Virtual User: 0
[2019.02.23-18.19.39:576][  0]LogHMD: Failed to initialize OpenVR with code 110
[2019.02.23-18.19.39:576][  0]LogD3D11RHI: D3D11 adapters:
[2019.02.23-18.19.39:672][  0]LogD3D11RHI:    0. 'AMD Radeon(TM) Vega 8 Graphics' (Feature Level 11_0)
[2019.02.23-18.19.39:672][  0]LogD3D11RHI:       2033/0/3049 MB DedicatedVideo/DedicatedSystem/SharedSystem, Outputs:2, VendorId:0x1002
[2019.02.23-18.19.39:677][  0]LogD3D11RHI:    1. 'Microsoft Basic Render Driver' (Feature Level 11_0)
[2019.02.23-18.19.39:677][  0]LogD3D11RHI:       0/0/3049 MB DedicatedVideo/DedicatedSystem/SharedSystem, Outputs:0, VendorId:0x1414
[2019.02.23-18.19.39:682][  0]LogD3D11RHI:    2. 'Microsoft Basic Render Driver' (Feature Level 11_0)
[2019.02.23-18.19.39:682][  0]LogD3D11RHI:       0/0/3049 MB DedicatedVideo/DedicatedSystem/SharedSystem, Outputs:0, VendorId:0x1414
[2019.02.23-18.19.39:682][  0]LogD3D11RHI: Chosen D3D11 Adapter: 0
[2019.02.23-18.19.39:701][  0]LogD3D11RHI: Creating new Direct3DDevice
[2019.02.23-18.19.39:701][  0]LogD3D11RHI:     GPU DeviceId: 0x15dd (for the marketing name, search the web for "GPU Device Id")
[2019.02.23-18.19.39:701][  0]LogWindows: EnumDisplayDevices:
[2019.02.23-18.19.39:702][  0]LogWindows:    0. 'AMD Radeon(TM) Vega 8 Graphics' (P:1 D:1)
[2019.02.23-18.19.39:721][  0]LogWindows:    1. 'AMD Radeon(TM) Vega 8 Graphics' (P:0 D:0)
[2019.02.23-18.19.39:722][  0]LogWindows:    2. 'AMD Radeon(TM) Vega 8 Graphics' (P:0 D:0)
[2019.02.23-18.19.39:722][  0]LogWindows:    3. 'AMD Radeon(TM) Vega 8 Graphics' (P:0 D:0)
[2019.02.23-18.19.39:723][  0]LogWindows:    4. 'Miracast display port driver V3' (P:0 D:1)
[2019.02.23-18.19.39:723][  0]LogWindows: DebugString: GetVideoDriverDetailsInvalid PrimaryIsNotTheChoosenAdapter FoundDriverCount:4 
[2019.02.23-18.19.39:723][  0]LogD3D11RHI:     Adapter Name: AMD Radeon(TM) Vega 8 Graphics
[2019.02.23-18.19.39:723][  0]LogD3D11RHI:   Driver Version: Crimson ReLive 17.7 (internal:23.20.821.2560, unified:23.20.821.2560)
[2019.02.23-18.19.39:723][  0]LogD3D11RHI:      Driver Date: 7-26-2018
[2019.02.23-18.19.39:724][  0]LogRHI: Texture pool is 1423 MB (70% of 2033 MB)
[2019.02.23-18.19.39:807][  0]LogD3D11RHI: Async texture creation enabled
[2019.02.23-18.19.40:852][  0]LogD3D11RHI: GPU Timing Frequency: 25.000000 (Debug: 2 1)
[2019.02.23-18.19.43:258][  0]LogTemp: Display: Loaded TP AllDesktopTargetPlatform
[2019.02.23-18.19.43:345][  0]LogTemp: Display: Loaded TP MacClientTargetPlatform
[2019.02.23-18.19.43:441][  0]LogTemp: Display: Loaded TP MacNoEditorTargetPlatform
[2019.02.23-18.19.43:513][  0]LogTemp: Display: Loaded TP MacServerTargetPlatform
[2019.02.23-18.19.43:623][  0]LogTemp: Display: Loaded TP MacTargetPlatform
[2019.02.23-18.19.43:720][  0]LogTemp: Display: Loaded TP WindowsClientTargetPlatform
[2019.02.23-18.19.43:776][  0]LogTemp: Display: Loaded TP WindowsNoEditorTargetPlatform
[2019.02.23-18.19.43:835][  0]LogTemp: Display: Loaded TP WindowsServerTargetPlatform
[2019.02.23-18.19.43:915][  0]LogTemp: Display: Loaded TP WindowsTargetPlatform
[2019.02.23-18.19.44:184][  0]LogTemp: Display: Loaded TP AndroidTargetPlatform
[2019.02.23-18.19.44:184][  0]LogTemp: Display: Loaded TP AndroidTargetPlatform
[2019.02.23-18.19.44:184][  0]LogTemp: Display: Loaded TP AndroidTargetPlatform
[2019.02.23-18.19.44:184][  0]LogTemp: Display: Loaded TP AndroidTargetPlatform
[2019.02.23-18.19.44:184][  0]LogTemp: Display: Loaded TP AndroidTargetPlatform
[2019.02.23-18.19.44:184][  0]LogTemp: Display: Loaded TP AndroidTargetPlatform
[2019.02.23-18.19.44:184][  0]LogTemp: Display: Loaded TP AndroidTargetPlatform
[2019.02.23-18.19.44:184][  0]LogTemp: Display: Loaded TP AndroidTargetPlatform
[2019.02.23-18.19.44:184][  0]LogTemp: Display: Loaded TP AndroidTargetPlatform
[2019.02.23-18.19.44:184][  0]LogTemp: Display: Loaded TP AndroidTargetPlatform
[2019.02.23-18.19.44:184][  0]LogTemp: Display: Loaded TP AndroidTargetPlatform
[2019.02.23-18.19.44:184][  0]LogTemp: Display: Loaded TP AndroidTargetPlatform
[2019.02.23-18.19.44:184][  0]LogTemp: Display: Loaded TP AndroidTargetPlatform
[2019.02.23-18.19.44:184][  0]LogTemp: Display: Loaded TP AndroidTargetPlatform
[2019.02.23-18.19.44:184][  0]LogTemp: Display: Loaded TP AndroidTargetPlatform
[2019.02.23-18.19.44:184][  0]LogTemp: Display: Loaded TP AndroidTargetPlatform
[2019.02.23-18.19.44:184][  0]LogTemp: Display: Loaded TP AndroidTargetPlatform
[2019.02.23-18.19.44:184][  0]LogTemp: Display: Loaded TP AndroidTargetPlatform
[2019.02.23-18.19.44:229][  0]LogTemp: Display: Loaded TP HTML5TargetPlatform
[2019.02.23-18.19.44:659][  0]LogTemp: Display: Loaded TP IOSTargetPlatform
[2019.02.23-18.19.44:659][  0]LogTemp: Display: Loaded TP IOSTargetPlatform
[2019.02.23-18.19.44:757][  0]LogTemp: Display: Loaded TP TVOSTargetPlatform
[2019.02.23-18.19.44:757][  0]LogTemp: Display: Loaded TP TVOSTargetPlatform
[2019.02.23-18.19.44:867][  0]LogTemp: Display: Loaded TP LinuxClientTargetPlatform
[2019.02.23-18.19.44:959][  0]LogTemp: Display: Loaded TP LinuxNoEditorTargetPlatform
[2019.02.23-18.19.45:020][  0]LogTemp: Display: Loaded TP LinuxServerTargetPlatform
[2019.02.23-18.19.45:130][  0]LogTemp: Display: Loaded TP LinuxTargetPlatform
[2019.02.23-18.19.45:274][  0]LogTemp: Display: Loaded TP LuminTargetPlatform
[2019.02.23-18.19.45:275][  0]LogTemp: Display: Loaded TP LuminTargetPlatform
[2019.02.23-18.19.45:275][  0]LogTargetPlatformManager: Display: Building Assets For Windows
[2019.02.23-18.19.47:390][  0]LogShaderCompilers: Guid format shader working directory is -50 characters bigger than the processId version (../../../../../../local code repos/unreal/unreal_udemy_course/03_building_escape/BuildingEscape/Intermediate/Shaders/WorkingDirectory/12924/).
[2019.02.23-18.19.47:391][  0]LogShaderCompilers: Cleaned the shader compiler working directory 'C:/Users/abruc/AppData/Local/Temp/UnrealShaderWorkingDir/478B7FDC45C474592226CEBA1C4500A1/'.
[2019.02.23-18.19.47:469][  0]LogXGEController: Cleaning working directory: C:/Users/abruc/AppData/Local/Temp/UnrealXGEWorkingDir/
[2019.02.23-18.19.47:477][  0]LogXGEController: Cannot use XGE Controller as Incredibuild is not installed on this machine.
[2019.02.23-18.19.47:477][  0]LogShaderCompilers: Cannot use XGE Shader Compiler as Incredibuild is not installed on this machine.
[2019.02.23-18.19.47:477][  0]LogShaderCompilers: Display: Using Local Shader Compiler.
[2019.02.23-18.19.56:205][  0]LogDerivedDataCache: Display: Max Cache Size: 512 MB
[2019.02.23-18.19.56:775][  0]LogDerivedDataCache: Loaded boot cache 0.57s 71MB C:/Users/abruc/AppData/Local/UnrealEngine/4.21/DerivedDataCache/Boot.ddc.
[2019.02.23-18.19.56:775][  0]LogDerivedDataCache: Display: Loaded Boot cache: C:/Users/abruc/AppData/Local/UnrealEngine/4.21/DerivedDataCache/Boot.ddc
[2019.02.23-18.19.56:775][  0]LogDerivedDataCache: FDerivedDataBackendGraph:  Pak pak cache file ../../../../../../local code repos/unreal/unreal_udemy_course/03_building_escape/BuildingEscape/DerivedDataCache/DDC.ddp not found, will not use a pak cache.
[2019.02.23-18.19.56:775][  0]LogDerivedDataCache: Unable to find inner node Pak for hierarchical cache Hierarchy.
[2019.02.23-18.19.56:775][  0]LogDerivedDataCache: FDerivedDataBackendGraph:  CompressedPak pak cache file ../../../../../../local code repos/unreal/unreal_udemy_course/03_building_escape/BuildingEscape/DerivedDataCache/Compressed.ddp not found, will not use a pak cache.
[2019.02.23-18.19.56:775][  0]LogDerivedDataCache: Unable to find inner node CompressedPak for hierarchical cache Hierarchy.
[2019.02.23-18.19.56:917][  0]LogDerivedDataCache: Display: Pak cache opened for reading ../../../Engine/DerivedDataCache/Compressed.ddp.
[2019.02.23-18.19.56:917][  0]LogDerivedDataCache: FDerivedDataBackendGraph:  EnterprisePak pak cache file ../../../Enterprise/DerivedDataCache/Compressed.ddp not found, will not use a pak cache.
[2019.02.23-18.19.56:917][  0]LogDerivedDataCache: Unable to find inner node EnterprisePak for hierarchical cache Hierarchy.
[2019.02.23-18.19.56:934][  0]LogDerivedDataCache: Using Local data cache path C:/Users/abruc/AppData/Local/UnrealEngine/Common/DerivedDataCache: Writable
[2019.02.23-18.19.56:934][  0]LogDerivedDataCache: Shared data cache path not found in *engine.ini, will not use an Shared cache.
[2019.02.23-18.19.56:934][  0]LogDerivedDataCache: Unable to find inner node Shared for hierarchical cache Hierarchy.
[2019.02.23-18.19.57:054][  0]LogMaterial: Verifying Global Shaders for PCD3D_SM5
[2019.02.23-18.19.57:150][  0]LogSlate: Using FreeType 2.6.0
[2019.02.23-18.19.57:315][  0]LogSlate: SlateFontServices - WITH_FREETYPE: 1, WITH_HARFBUZZ: 1
[2019.02.23-18.19.59:524][  0]LogAssetRegistry: FAssetRegistry took 0.1098 seconds to start up
[2019.02.23-18.20.07:483][  0]LogInit: Selected Device Profile: [Windows]
[2019.02.23-18.20.11:624][  0]LogSimplygon: Simplygon DLL not present - disabling.
[2019.02.23-18.20.11:835][  0]LogMeshReduction: Using SimplygonSwarm for distributed automatic mesh merging
[2019.02.23-18.20.11:835][  0]LogMeshReduction: Using ProxyLODMeshReduction for automatic mesh merging
[2019.02.23-18.20.11:876][  0]LogMeshReduction: Using QuadricMeshReduction for automatic static mesh reduction
[2019.02.23-18.20.11:876][  0]LogMeshReduction: No automatic skeletal mesh reduction module available
[2019.02.23-18.20.12:956][  0]LogNetVersion: BuildingEscape 1.0.0, NetCL: 4541578, EngineNetVer: 5, GameNetVer: 0 (Checksum: 3852057107)
[2019.02.23-18.20.39:415][  0]LogPackageLocalizationCache: Processed 11 localized package path(s) for 2 prioritized culture(s) in 0.618532 seconds
[2019.02.23-18.20.39:467][  0]LogUObjectArray: 39775 objects as part of root set at end of initial load.
[2019.02.23-18.20.39:467][  0]LogUObjectAllocator: 6914656 out of 0 bytes used by permanent object pool.
[2019.02.23-18.20.39:467][  0]LogUObjectArray: CloseDisregardForGC: 0/0 objects in disregard for GC pool
[2019.02.23-18.21.26:883][  0]LogTcpMessaging: Initializing TcpMessaging bridge
[2019.02.23-18.21.27:085][  0]LogUdpMessaging: Initializing bridge on interface 0.0.0.0:0 to multicast group 230.0.0.1:6666.
[2019.02.23-18.21.32:480][  0]SourceControl: Source control is disabled
[2019.02.23-18.21.32:485][  0]SourceControl: Source control is disabled
[2019.02.23-18.21.32:691][  0]SourceControl: Source control is disabled
[2019.02.23-18.21.32:758][  0]SourceControl: Source control is disabled
[2019.02.23-18.21.40:786][  0]LogAndroidPermission: UAndroidPermissionCallbackProxy::GetInstance
[2019.02.23-18.21.41:504][  0]LogOcInput: OculusInput pre-init called
[2019.02.23-18.21.44:842][  0]LogAutomationTest: Warning: Smoke tests took > 2s to run: 2.18s
[2019.02.23-18.21.45:021][  0]LogEngine: Initializing Engine...
[2019.02.23-18.21.45:111][  0]LogHMD: Failed to initialize OpenVR with code 110
[2019.02.23-18.21.45:172][  0]LogStats: UGameplayTagsManager::ConstructGameplayTagTree: ImportINI prefixes -  0.001 s
[2019.02.23-18.21.45:172][  0]LogStats: UGameplayTagsManager::ConstructGameplayTagTree: Construct from data asset -  0.000 s
[2019.02.23-18.21.45:174][  0]LogStats: UGameplayTagsManager::ConstructGameplayTagTree: ImportINI -  0.001 s
[2019.02.23-18.21.45:174][  0]LogStats: UGameplayTagsManager::ConstructGameplayTagTree: GameplayTagTreeChangedEvent.Broadcast -  0.000 s
[2019.02.23-18.21.47:316][  0]LogInit: Initializing FReadOnlyCVARCache
[2019.02.23-18.21.48:926][  0]LogAIModule: Creating AISystem for world Untitled
[2019.02.23-18.21.49:421][  0]LogInit: XAudio2 using 'Digital Output ()' : 2 channels at 48 kHz using 16 bits per sample (channel mask 0x3)
[2019.02.23-18.21.49:453][  0]LogInit: FAudioDevice initialized.
[2019.02.23-18.21.49:454][  0]LogNetVersion: Set ProjectVersion to 1.0.0.0. Version Checksum will be recalculated on next use.
[2019.02.23-18.21.49:769][  0]LogDerivedDataCache: Saved boot cache 0.31s 71MB C:/Users/abruc/AppData/Local/UnrealEngine/4.21/DerivedDataCache/Boot.ddc.
[2019.02.23-18.21.49:799][  0]LogInit: Texture streaming: Enabled
[2019.02.23-18.21.50:422][  0]LogEngineSessionManager: EngineSessionManager initialized
[2019.02.23-18.21.52:309][  0]LogInit: Transaction tracking system initialized
[2019.02.23-18.21.53:120][  0]BlueprintLog: New page: Editor Load
[2019.02.23-18.21.58:292][  0]LocalizationService: Localization service is disabled
[2019.02.23-18.22.05:931][  0]LogFileCache: Scanning file cache for directory 'D:/local code repos/unreal/unreal_udemy_course/03_building_escape/BuildingEscape/Content/' took 0.06s
[2019.02.23-18.22.05:931][  0]LogCook: Display: Max memory allowance for cook 16384mb min free memory 0mb
[2019.02.23-18.22.05:948][  0]LogCook: Display: Mobile HDR setting 1
[2019.02.23-18.22.05:981][  0]LogGameplayTags: Display: UGameplayTagsManager::DoneAddingNativeTags. DelegateIsBound: 0
[2019.02.23-18.22.05:982][  0]LogStats: UGameplayTagsManager::ConstructGameplayTagTree: ImportINI prefixes -  0.000 s
[2019.02.23-18.22.05:982][  0]LogStats: UGameplayTagsManager::ConstructGameplayTagTree: Construct from data asset -  0.000 s
[2019.02.23-18.22.05:983][  0]LogStats: UGameplayTagsManager::ConstructGameplayTagTree: ImportINI -  0.001 s
[2019.02.23-18.22.05:983][  0]LogStats: UGameplayTagsManager::ConstructGameplayTagTree: GameplayTagTreeChangedEvent.Broadcast -  0.000 s
[2019.02.23-18.22.14:285][  0]SourceControl: Source control is disabled
[2019.02.23-18.22.14:334][  0]Cmd: MAP LOAD FILE="../../../../../../local code repos/unreal/unreal_udemy_course/03_building_escape/BuildingEscape/Content/NewMap.umap" TEMPLATE=0 SHOWPROGRESS=1 FEATURELEVEL=3
[2019.02.23-18.22.14:365][  0]LightingResults: New page: Lighting Build
[2019.02.23-18.22.15:233][  0]MapCheck: New page: Map Check
[2019.02.23-18.22.15:233][  0]LightingResults: New page: Lighting Build
[2019.02.23-18.22.25:966][  0]LogAIModule: Creating AISystem for world NewMap
[2019.02.23-18.22.29:987][  0]LogEditorServer: Finished looking for orphan Actors (0.002 secs)
[2019.02.23-18.22.31:159][  0]Cmd: MAP CHECKDEP NOCLEARLOG
[2019.02.23-18.22.31:185][  0]MapCheck: Map check complete: 0 Error(s), 0 Warning(s), took 1.154ms to complete.
[2019.02.23-18.22.31:230][  0]LogFileHelpers: Loading map 'NewMap' took 16.918
[2019.02.23-18.22.37:374][  0]LogCollectionManager: Loaded 0 collections in 0.003102 seconds
[2019.02.23-18.22.37:715][  0]LogFileCache: Scanning file cache for directory 'D:/local code repos/unreal/unreal_udemy_course/03_building_escape/BuildingEscape/Saved/Collections/' took 0.01s
[2019.02.23-18.22.37:715][  0]LogFileCache: Scanning file cache for directory 'D:/local code repos/unreal/unreal_udemy_course/03_building_escape/BuildingEscape/Content/Developers/abruc/Collections/' took 0.01s
[2019.02.23-18.22.37:715][  0]LogFileCache: Scanning file cache for directory 'D:/local code repos/unreal/unreal_udemy_course/03_building_escape/BuildingEscape/Content/Collections/' took 0.01s
[2019.02.23-18.22.37:715][  0]LogCollectionManager: Rebuilt the GUID cache for 0 collections in 0.000001 seconds
[2019.02.23-18.22.37:830][  0]LogContentBrowser: Native class hierarchy populated in 0.1109 seconds. Added 2655 classes and 624 folders.
[2019.02.23-18.22.38:139][  0]LogContentBrowser: Native class hierarchy updated for 'WidgetCarousel' in 0.0018 seconds. Added 0 classes and 0 folders.
[2019.02.23-18.22.38:297][  0]LogPakFile: Registered encryption key '00000000000000000000000000000000': 0 pak files mounted, 0 remain pending
[2019.02.23-18.22.38:425][  0]LogPakFile: Registered encryption key '00000000000000000000000000000000': 0 pak files mounted, 0 remain pending
[2019.02.23-18.22.38:504][  0]LogPakFile: Registered encryption key '00000000000000000000000000000000': 0 pak files mounted, 0 remain pending
[2019.02.23-18.22.38:610][  0]LogPakFile: Registered encryption key '00000000000000000000000000000000': 0 pak files mounted, 0 remain pending
[2019.02.23-18.22.38:683][  0]LogPakFile: Registered encryption key '00000000000000000000000000000000': 0 pak files mounted, 0 remain pending
[2019.02.23-18.22.38:722][  0]LogPakFile: Registered encryption key '00000000000000000000000000000000': 0 pak files mounted, 0 remain pending
[2019.02.23-18.22.38:755][  0]LogPakFile: Registered encryption key '00000000000000000000000000000000': 0 pak files mounted, 0 remain pending
[2019.02.23-18.22.38:834][  0]LogPakFile: Registered encryption key '00000000000000000000000000000000': 0 pak files mounted, 0 remain pending
[2019.02.23-18.22.38:866][  0]LogPakFile: Registered encryption key '00000000000000000000000000000000': 0 pak files mounted, 0 remain pending
[2019.02.23-18.22.38:897][  0]LogPakFile: Registered encryption key '00000000000000000000000000000000': 0 pak files mounted, 0 remain pending
[2019.02.23-18.22.38:955][  0]LogPakFile: Registered encryption key '00000000000000000000000000000000': 0 pak files mounted, 0 remain pending
[2019.02.23-18.22.39:013][  0]LogPakFile: Registered encryption key '00000000000000000000000000000000': 0 pak files mounted, 0 remain pending
[2019.02.23-18.22.39:053][  0]LogPakFile: Registered encryption key '00000000000000000000000000000000': 0 pak files mounted, 0 remain pending
[2019.02.23-18.22.39:090][  0]LogPakFile: Registered encryption key '00000000000000000000000000000000': 0 pak files mounted, 0 remain pending
[2019.02.23-18.22.39:116][  0]LogPakFile: Registered encryption key '00000000000000000000000000000000': 0 pak files mounted, 0 remain pending
[2019.02.23-18.22.39:168][  0]LogPakFile: Registered encryption key '00000000000000000000000000000000': 0 pak files mounted, 0 remain pending
[2019.02.23-18.22.39:266][  0]LogPakFile: Registered encryption key '00000000000000000000000000000000': 0 pak files mounted, 0 remain pending
[2019.02.23-18.22.39:336][  0]LogPakFile: Registered encryption key '00000000000000000000000000000000': 0 pak files mounted, 0 remain pending
[2019.02.23-18.22.39:367][  0]LogPakFile: Registered encryption key '00000000000000000000000000000000': 0 pak files mounted, 0 remain pending
[2019.02.23-18.22.39:405][  0]LogPakFile: Registered encryption key '00000000000000000000000000000000': 0 pak files mounted, 0 remain pending
[2019.02.23-18.22.39:540][  0]LogPakFile: Registered encryption key '00000000000000000000000000000000': 0 pak files mounted, 0 remain pending
[2019.02.23-18.22.39:604][  0]LogPakFile: Registered encryption key '00000000000000000000000000000000': 0 pak files mounted, 0 remain pending
[2019.02.23-18.22.39:652][  0]LogPakFile: Registered encryption key '00000000000000000000000000000000': 0 pak files mounted, 0 remain pending
[2019.02.23-18.22.39:698][  0]LogPakFile: Registered encryption key '00000000000000000000000000000000': 0 pak files mounted, 0 remain pending
[2019.02.23-18.22.39:739][  0]LogPakFile: Registered encryption key '00000000000000000000000000000000': 0 pak files mounted, 0 remain pending
[2019.02.23-18.22.39:776][  0]LogPakFile: Registered encryption key '00000000000000000000000000000000': 0 pak files mounted, 0 remain pending
[2019.02.23-18.22.44:356][  0]LogContentBrowser: Native class hierarchy updated for 'AddContentDialog' in 0.0012 seconds. Added 0 classes and 0 folders.
[2019.02.23-18.22.46:645][  0]LogSlate: Updating window title bar state: overlay mode, drag disabled, window buttons hidden, title bar hidden
[2019.02.23-18.22.46:706][  0]LogSlate: Updating window title bar state: overlay mode, drag disabled, window buttons hidden, title bar hidden
[2019.02.23-18.22.46:728][  0]LogSlate: Updating window title bar state: overlay mode, drag disabled, window buttons hidden, title bar hidden
[2019.02.23-18.22.46:748][  0]LogSlate: Updating window title bar state: overlay mode, drag disabled, window buttons hidden, title bar hidden
[2019.02.23-18.22.47:359][  0]LogSlate: Took 0.055672 seconds to synchronously load lazily loaded font '../../../Engine/Content/Slate/Fonts/Roboto-Regular.ttf' (155K)
[2019.02.23-18.22.47:469][  0]LogSlate: Took 0.046359 seconds to synchronously load lazily loaded font '../../../Engine/Content/Editor/Slate/Fonts/FontAwesome.ttf' (139K)
[2019.02.23-18.22.47:563][  0]LogSlate: Took 0.091073 seconds to synchronously load lazily loaded font '../../../Engine/Content/Slate/Fonts/Roboto-Bold.ttf' (160K)
[2019.02.23-18.22.48:712][  0]LogSlate: Took 0.035419 seconds to synchronously load lazily loaded font '../../../Engine/Content/Slate/Fonts/Roboto-Light.ttf' (167K)
[2019.02.23-18.22.49:613][  0]LogRenderer: Reallocating scene render targets to support 1200x712 Format 10 NumSamples 1 (Frame:1).
[2019.02.23-18.22.52:382][  0]LogContentBrowser: Native class hierarchy updated for 'HierarchicalLODOutliner' in 0.0015 seconds. Added 0 classes and 0 folders.
[2019.02.23-18.22.52:382][  0]LogLoad: (Engine Initialization) Total time: 261.03 seconds
[2019.02.23-18.22.52:382][  0]LogLoad: (Engine Initialization) Total Blueprint compile time: 0.00 seconds
[2019.02.23-18.22.54:441][  0]LogContentStreaming: Texture pool size now 1000 MB
[2019.02.23-18.22.56:415][  6]LogAssetRegistry: Asset discovery search completed in 176.9181 seconds
[2019.02.23-18.22.56:448][  6]LogCollectionManager: Rebuilt the object cache for 0 collections in 0.000002 seconds (found 0 objects)
[2019.02.23-18.22.56:449][  6]LogCollectionManager: Fixed up redirectors for 0 collections in 0.023942 seconds (updated 0 objects)
[2019.02.23-18.27.55:114][321]LogEditorViewport: Clicking on Actor (LMB): Brush (Linear Stair Brush)
[2019.02.23-18.28.06:129][525]LogSlate: Took 0.000600 seconds to synchronously load lazily loaded font '../../../Engine/Content/Slate/Fonts/Roboto-Light.ttf' (167K)
[2019.02.23-18.28.06:295][525]LogSlate: FSceneViewport::OnFocusLost() reason 2
[2019.02.23-18.28.06:757][525]LogSlate: FSceneViewport::OnFocusLost() reason 2
[2019.02.23-18.28.19:437][853]LogEditorViewport: Clicking on Actor (LMB): PointLight (PointLight10)
[2019.02.23-18.28.22:599][875]Cmd: DELETE
[2019.02.23-18.28.22:599][875]Cmd: ACTOR DELETE
[2019.02.23-18.28.24:042][875]LogEditorActor: Deleted Actor: PointLight
[2019.02.23-18.28.24:253][875]LogEditorActor: Deleted 1 Actors (0.548 secs)
[2019.02.23-18.33.04:210][631]LogEditorViewport: Clicking on Actor (LMB): StaticMeshActor (SM_Chair)
[2019.02.23-18.33.09:845][704]LogSlate: FSceneViewport::OnFocusLost() reason 0
[2019.02.23-18.33.11:753][722]LogSlate: Took 0.051577 seconds to synchronously load lazily loaded font '../../../Engine/Content/Slate/Fonts/Roboto-Italic.ttf' (157K)
[2019.02.23-18.33.51:661][345]LogSlate: FSceneViewport::OnFocusLost() reason 0
[2019.02.23-18.34.07:038][724]LogSlate: FSceneViewport::OnFocusLost() reason 2
[2019.02.23-18.34.09:418][724]LogSavePackage: Moving '../../../../../../local code repos/unreal/unreal_udemy_course/03_building_escape/BuildingEscape/Saved/NewMap_Auto1CE242ECA42A534386D04E5B59D880736.tmp' to '../../../../../../local code repos/unreal/unreal_udemy_course/03_building_escape/BuildingEscape/Saved/Autosaves/Game/NewMap_Auto1.umap'
[2019.02.23-18.34.09:508][724]LogFileHelpers: Editor autosave (incl. sublevels) for '/Game/NewMap' took 2.415
[2019.02.23-18.34.09:508][724]LogFileHelpers: Editor autosave (incl. sublevels) for all levels took 2.415
[2019.02.23-18.35.29:749][489]LogEditorViewport: Clicking on Actor (LMB): StaticMeshActor (Floor_400x404)
[2019.02.23-18.35.30:730][506]LogEditorViewport: Clicking on Actor (LMB): StaticMeshActor (Floor_400x404)
[2019.02.23-18.35.46:035][817]LogEditorViewport: Clicking on Actor (LMB): Brush (Linear Stair Brush)
[2019.02.23-18.35.51:626][938]LogSlate: FSceneViewport::OnFocusLost() reason 0
[2019.02.23-18.36.35:553][843]LogSlate: FSceneViewport::OnFocusLost() reason 0
[2019.02.23-18.36.55:166][149]LogSlate: FSceneViewport::OnFocusLost() reason 0
[2019.02.23-18.37.24:303][552]LogSlate: FSceneViewport::OnFocusLost() reason 0
[2019.02.23-18.43.47:044][ 73]LogEditorViewport: Clicking on Actor (LMB): StaticMeshActor (Wall_400x314)
[2019.02.23-18.43.57:545][296]LogEditorViewport: Clicking on Actor (LMB): PointLight (PointLight)
[2019.02.23-18.43.58:439][315]Cmd: DELETE
[2019.02.23-18.43.58:439][315]Cmd: ACTOR DELETE
[2019.02.23-18.43.58:481][315]LogEditorActor: Deleted Actor: PointLight
[2019.02.23-18.43.58:535][315]LogEditorActor: Deleted 1 Actors (0.096 secs)
[2019.02.23-18.44.40:990][292]LogSlate: FSceneViewport::OnFocusLost() reason 2
[2019.02.23-18.44.58:225][ 14]LogEditorViewport: Clicking on Actor (LMB): StaticMeshActor (Wall_Window_400x301)
[2019.02.23-18.45.01:402][ 75]LogSlate: FSceneViewport::OnFocusLost() reason 0
[2019.02.23-18.45.01:500][ 79]LogTemp: Repeating last play command: Selected Viewport
[2019.02.23-18.45.01:669][ 79]LogBlueprintUserMessages: Early PlayInEditor Detection: Level '/Game/NewMap.NewMap:PersistentLevel' has LevelScriptBlueprint '/Game/NewMap.NewMap:PersistentLevel.NewMap' with GeneratedClass '/Game/NewMap.NewMap_C' with ClassGeneratedBy '/Game/NewMap.NewMap:PersistentLevel.NewMap'
[2019.02.23-18.45.01:714][ 79]LogPlayLevel: PlayLevel: No blueprints needed recompiling
[2019.02.23-18.45.01:761][ 79]PIE: New page: PIE session: NewMap (23 Feb 2019 18:45:01)
[2019.02.23-18.45.01:872][ 79]LogPlayLevel: Creating play world package: /Game/UEDPIE_0_NewMap
[2019.02.23-18.45.01:955][ 79]LogPlayLevel: PIE: StaticDuplicateObject took: (0.081721s)
[2019.02.23-18.45.01:957][ 79]LogAIModule: Creating AISystem for world NewMap
[2019.02.23-18.45.01:969][ 79]LogPlayLevel: PIE: World Init took: (0.013262s)
[2019.02.23-18.45.01:969][ 79]LogPlayLevel: PIE: Created PIE world by copying editor world from /Game/NewMap.NewMap to /Game/UEDPIE_0_NewMap.NewMap (0.097153s)
[2019.02.23-18.45.02:117][ 79]LogInit: XAudio2 using 'Digital Output ()' : 2 channels at 48 kHz using 16 bits per sample (channel mask 0x3)
[2019.02.23-18.45.02:136][ 79]LogInit: FAudioDevice initialized.
[2019.02.23-18.45.02:219][ 79]LogUObjectGlobals: Warning: Failed to find object 'Class /Script/BuildingEscape.BuildingEscapeGameMode'
[2019.02.23-18.45.02:219][ 79]LogLoad: Game class is 'GameModeBase'
[2019.02.23-18.45.02:358][ 79]LogWorld: Bringing World /Game/UEDPIE_0_NewMap.NewMap up for play (max tick rate 0) at 2019.02.23-18.45.02
[2019.02.23-18.45.02:411][ 79]LogWorld: Bringing up level for play took: 0.062431
[2019.02.23-18.45.02:606][ 79]LogContentBrowser: Native class hierarchy updated for 'MovieSceneCapture' in 0.0022 seconds. Added 20 classes and 0 folders.
[2019.02.23-18.45.02:631][ 79]LogTemp: Warning: SM_Chair_2 is at X=7.570 Y=-139.871 Z=20.063
[2019.02.23-18.45.02:632][ 79]LogTemp: Warning: SM_TableRound_6 is at X=110.000 Y=-140.000 Z=20.000
[2019.02.23-18.45.02:632][ 79]LogTemp: Warning: SM_Chair2_10 is at X=150.000 Y=-230.000 Z=20.000
[2019.02.23-18.45.02:655][ 79]PIE: Play in editor start time for /Game/UEDPIE_0_NewMap 1.563
[2019.02.23-18.45.02:656][ 79]LogBlueprintUserMessages: Late PlayInEditor Detection: Level '/Game/NewMap.NewMap:PersistentLevel' has LevelScriptBlueprint '/Game/NewMap.NewMap:PersistentLevel.NewMap' with GeneratedClass '/Game/NewMap.NewMap_C' with ClassGeneratedBy '/Game/NewMap.NewMap:PersistentLevel.NewMap'
[2019.02.23-18.45.30:569][267]LogEditorViewport: Clicking on Actor (LMB): DefaultPawn (DefaultPawn)
[2019.02.23-18.45.45:381][358]LogSlate: FSceneViewport::OnFocusLost() reason 2
[2019.02.23-18.46.14:732][541]LogSlate: Window 'Select Path' being destroyed
[2019.02.23-18.46.15:203][541]LogAssetEditorManager: Opening Asset editor for Blueprint /Game/DefaultPawn_Blueprint.DefaultPawn_Blueprint
[2019.02.23-18.46.18:497][541]LogContentBrowser: Native class hierarchy updated for 'BlueprintGraph' in 0.0039 seconds. Added 117 classes and 0 folders.
[2019.02.23-18.46.30:548][646]LogSlate: Window 'DefaultPawn_Blueprint*' being destroyed
[2019.02.23-18.46.30:571][646]LogSlate: Window 'DefaultPawn_Blueprint*' being destroyed
[2019.02.23-18.46.34:401][696]LogSlate: FSceneViewport::OnFocusLost() reason 0
[2019.02.23-18.46.36:468][717]LogBlueprintUserMessages: Early EndPlayMap Detection: Level '/Game/NewMap.NewMap:PersistentLevel' has LevelScriptBlueprint '/Game/NewMap.NewMap:PersistentLevel.NewMap' with GeneratedClass '/Game/NewMap.NewMap_C' with ClassGeneratedBy '/Game/NewMap.NewMap:PersistentLevel.NewMap'
[2019.02.23-18.46.36:948][717]LogSlate: Updating window title bar state: overlay mode, drag disabled, window buttons hidden, title bar hidden
[2019.02.23-18.46.37:047][717]LogPlayLevel: Display: Shutting down PIE online subsystems
[2019.02.23-18.46.37:060][717]LogBlueprintUserMessages: Late EndPlayMap Detection: Level '/Game/NewMap.NewMap:PersistentLevel' has LevelScriptBlueprint '/Game/NewMap.NewMap:PersistentLevel.NewMap' with GeneratedClass '/Game/NewMap.NewMap_C' with ClassGeneratedBy '/Game/NewMap.NewMap:PersistentLevel.NewMap'
[2019.02.23-18.46.37:177][717]LogSlate: Updating window title bar state: overlay mode, drag disabled, window buttons hidden, title bar hidden
[2019.02.23-18.46.37:385][718]LogPlayLevel: Display: Destroying online subsystem :Context_4
[2019.02.23-18.46.43:651][817]LogEditorViewport: Clicking on Actor (LMB): DefaultPawn_Blueprint_C (DefaultPawn_Blueprint)
[2019.02.23-18.46.49:966][936]LogEditorViewport: Clicking on Actor (LMB): DefaultPawn_Blueprint_C (DefaultPawn_Blueprint)
[2019.02.23-18.46.50:127][936]LogEditorViewport: Clicking on Component (LMB): StaticMeshComponent (MeshComponent0)
[2019.02.23-18.47.39:605][308]LogSavePackage: Moving '../../../../../../local code repos/unreal/unreal_udemy_course/03_building_escape/BuildingEscape/Saved/NewMap_Auto24C029CD4440826817D72ADBE0D2BB668.tmp' to '../../../../../../local code repos/unreal/unreal_udemy_course/03_building_escape/BuildingEscape/Saved/Autosaves/Game/NewMap_Auto2.umap'
[2019.02.23-18.47.39:614][308]LogFileHelpers: Editor autosave (incl. sublevels) for '/Game/NewMap' took 0.872
[2019.02.23-18.47.39:614][308]LogFileHelpers: Editor autosave (incl. sublevels) for all levels took 0.872
[2019.02.23-18.47.39:618][308]OBJ SavePackage: Generating thumbnails for [1] asset(s) in package [/Game/DefaultPawn_Blueprint] ([1] browsable assets)...
[2019.02.23-18.47.39:720][308]OBJ SavePackage:     Rendered thumbnail for [Blueprint /Game/DefaultPawn_Blueprint.DefaultPawn_Blueprint]
[2019.02.23-18.47.39:720][308]OBJ SavePackage: Finished generating thumbnails for package [/Game/DefaultPawn_Blueprint]
[2019.02.23-18.47.39:794][308]LogSavePackage: Moving '../../../../../../local code repos/unreal/unreal_udemy_course/03_building_escape/BuildingEscape/Saved/DefaultPawn_Blueprint_Auto241C5827F4FD8FB29061332B3A9C55298.tmp' to '../../../../../../local code repos/unreal/unreal_udemy_course/03_building_escape/BuildingEscape/Saved/Autosaves/Game/DefaultPawn_Blueprint_Auto2.uasset'
[2019.02.23-18.47.39:796][308]LogFileHelpers: Auto-saving content packages took 0.181
[2019.02.23-18.48.45:577][509]LogEditorViewport: Clicking on Component (LMB): StaticMeshComponent (MeshComponent0)
[2019.02.23-18.48.45:737][509]LogEditorViewport: Clicking on Actor (double click): DefaultPawn_Blueprint_C (DefaultPawn_Blueprint)
[2019.02.23-18.48.53:444][658]LogSlate: FSceneViewport::OnFocusLost() reason 2
[2019.02.23-18.48.54:175][706]LogEditorViewport: Clicking on Actor (context menu): DefaultPawn_Blueprint_C (DefaultPawn_Blueprint)
[2019.02.23-18.48.54:906][706]LogSlate: FSceneViewport::OnFocusLost() reason 2
[2019.02.23-18.49.02:168][155]LogSlate: FSceneViewport::OnFocusLost() reason 5
[2019.02.23-18.49.02:190][155]LogAssetEditorManager: Opening Asset editor for Blueprint /Game/DefaultPawn_Blueprint.DefaultPawn_Blueprint
[2019.02.23-18.49.05:779][202]LogSlate: Window 'DefaultPawn_Blueprint*' being destroyed
[2019.02.23-18.49.06:019][202]LogSlate: FSceneViewport::OnFocusLost() reason 2
[2019.02.23-18.49.06:030][202]LogAssetEditorManager: Opening Asset editor for Blueprint /Game/DefaultPawn_Blueprint.DefaultPawn_Blueprint
[2019.02.23-18.49.06:841][202]LogSlate: Took 0.150133 seconds to synchronously load lazily loaded font '../../../Engine/Content/Slate/Fonts/Roboto-BoldCondensed.ttf' (158K)
[2019.02.23-18.50.06:753][940]LogSlate: FSceneViewport::OnFocusLost() reason 0
[2019.02.23-18.50.07:350][942]LogSavePackage: Moving '../../../../../../local code repos/unreal/unreal_udemy_course/03_building_escape/BuildingEscape/Saved/DefaultPawn_BlueprintA851A84A49CCF6D232900686E3033CC5.tmp' to '../../../../../../local code repos/unreal/unreal_udemy_course/03_building_escape/BuildingEscape/Content/DefaultPawn_Blueprint.uasset'
[2019.02.23-18.50.16:442][ 74]LogSlate: FSceneViewport::OnFocusLost() reason 0
[2019.02.23-18.50.16:655][ 76]LogSavePackage: Moving '../../../../../../local code repos/unreal/unreal_udemy_course/03_building_escape/BuildingEscape/Saved/DefaultPawn_BlueprintB179ABA44FD095F5B0B5ABB608AC9FC8.tmp' to '../../../../../../local code repos/unreal/unreal_udemy_course/03_building_escape/BuildingEscape/Content/DefaultPawn_Blueprint.uasset'
[2019.02.23-18.50.19:400][114]LogSlate: FSceneViewport::OnFocusLost() reason 0
[2019.02.23-18.50.19:561][119]LogSlate: Window 'DefaultPawn_Blueprint' being destroyed
[2019.02.23-18.50.19:577][119]LogSlate: Window 'DefaultPawn_Blueprint' being destroyed
[2019.02.23-18.50.54:278][810]LogSlate: FSceneViewport::OnFocusLost() reason 0
[2019.02.23-18.50.57:907][892]Cmd: DELETE
[2019.02.23-18.50.57:907][892]Cmd: ACTOR DELETE
[2019.02.23-18.50.58:115][892]LogEditorActor: Deleted Actor: DefaultPawn_Blueprint_C
[2019.02.23-18.50.58:190][892]LogEditorActor: Deleted 1 Actors (0.118 secs)
[2019.02.23-18.51.15:547][251]LogEditorViewport: Clicking on Actor (LMB): DefaultPawn_Blueprint_C (DefaultPawn_Blueprint)
[2019.02.23-18.52.12:867][470]LogSlate: FSceneViewport::OnFocusLost() reason 0
[2019.02.23-18.52.15:330][648]LogAssetEditorManager: Opening Asset editor for Blueprint /Game/DefaultPawn_Blueprint.DefaultPawn_Blueprint
[2019.02.23-18.52.25:430][772]LogSlate: FSceneViewport::OnFocusLost() reason 0
[2019.02.23-18.52.25:661][773]LogSavePackage: Moving '../../../../../../local code repos/unreal/unreal_udemy_course/03_building_escape/BuildingEscape/Saved/DefaultPawn_Blueprint9E15DA9146648898FF57A8AD0F7E7BF7.tmp' to '../../../../../../local code repos/unreal/unreal_udemy_course/03_building_escape/BuildingEscape/Content/DefaultPawn_Blueprint.uasset'
[2019.02.23-18.52.26:428][786]BlueprintLog: New page: Compile DefaultPawn_Blueprint
[2019.02.23-18.52.32:073][822]LogSlate: Window 'DefaultPawn_Blueprint' being destroyed
[2019.02.23-18.52.32:092][822]LogSlate: Window 'DefaultPawn_Blueprint' being destroyed
[2019.02.23-18.53.01:137][182]Running D:/applications/unreal engine/UE_4.21/Engine/Binaries/DotNET/UnrealBuildTool.exe Win64 Development -TargetType=Editor -Project="D:/local code repos/unreal/unreal_udemy_course/03_building_escape/BuildingEscape/BuildingEscape.uproject" -invalidatemakefilesonly
[2019.02.23-18.53.10:068][182]Invalidating makefiles only in this run.
[2019.02.23-18.53.10:302][182]Candidate modules for hot reload:
[2019.02.23-18.53.10:302][182]  BuildingEscape
[2019.02.23-18.53.10:316][182]Launching UnrealBuildTool... [D:/applications/unreal engine/UE_4.21/Engine/Binaries/DotNET/UnrealBuildTool.exe  -ModuleWithSuffix=BuildingEscape,2886 Win64 Development -TargetType=Editor -Project="../../../../../../local code repos/unreal/unreal_udemy_course/03_building_escape/BuildingEscape/BuildingEscape.uproject" -canskiplink "D:/local code repos/unreal/unreal_udemy_course/03_building_escape/BuildingEscape/BuildingEscape.uproject" ]
[2019.02.23-18.55.57:208][182]CompilerResultsLog: New page: Compilation - 23 Feb 2019 18:55:57
[2019.02.23-18.55.57:225][182]CompilerResultsLog: Performing full C++ include scan (hot reloading a new target)
[2019.02.23-18.55.57:225][182]CompilerResultsLog: Using 'git status' to determine working set for adaptive non-unity build (D:\local code repos\unreal\unreal_udemy_course\03_building_escape).
[2019.02.23-18.55.57:225][182]CompilerResultsLog: Creating makefile for hot reloading BuildingEscapeEditor (no existing makefile)
[2019.02.23-18.55.57:225][182]CompilerResultsLog: Compiling game modules for hot reload
[2019.02.23-18.55.57:225][182]CompilerResultsLog: Using Visual Studio 2017 14.16.27023 toolchain (C:\Program Files (x86)\Microsoft Visual Studio\2017\Community\VC\Tools\MSVC\14.16.27023) and Windows 10.0.17763.0 SDK (C:\Program Files (x86)\Windows Kits\10).
[2019.02.23-18.55.57:225][182]CompilerResultsLog: Parsing headers for BuildingEscapeEditor
[2019.02.23-18.55.57:225][182]CompilerResultsLog:   Running UnrealHeaderTool "D:\local code repos\unreal\unreal_udemy_course\03_building_escape\BuildingEscape\BuildingEscape.uproject" "D:\local code repos\unreal\unreal_udemy_course\03_building_escape\BuildingEscape\Intermediate\Build\Win64\BuildingEscapeEditor\Development\BuildingEscapeEditor.uhtmanifest" -LogCmds="loginit warning, logexit warning, logdatabase error" -Unattended -WarningsAsErrors -installed
[2019.02.23-18.55.57:225][182]CompilerResultsLog: Reflection code generated for BuildingEscapeEditor in 35.5803117 seconds
[2019.02.23-18.55.57:225][182]CompilerResultsLog: Error: D:\local code repos\unreal\unreal_udemy_course\03_building_escape\BuildingEscape\Source\BuildingEscape\OpenDoor.cpp(1) : error: Expected OpenDoor.h to be first header included.
[2019.02.23-18.55.57:225][182]CompilerResultsLog: ERROR: Build canceled.
[2019.02.23-18.55.57:230][182]LogMainFrame: MainFrame: Module compiling took 166.943 seconds
[2019.02.23-18.55.57:239][182]Warning: HotReload failed, recompile failed
[2019.02.23-18.55.57:251][182]Warning: RebindPackages failed because compilation failed.
[2019.02.23-18.56.11:647][182]LogSlate: Window 'Message' being destroyed
[2019.02.23-18.56.11:664][182]LogSlate: Window 'Add C++ Component' being destroyed
[2019.02.23-18.56.11:771][183]LogUnrealEdMisc: Warning: Heartbeat event firing too frequently (0.000 sec). This should never happen. Something is wrong with the timer delegate!
[2019.02.23-18.56.11:771][183]LogUnrealEdMisc: Warning: Heartbeat event firing too frequently (0.000 sec). This should never happen. Something is wrong with the timer delegate!
[2019.02.23-18.56.11:771][183]LogUnrealEdMisc: Warning: Heartbeat event firing too frequently (0.000 sec). This should never happen. Something is wrong with the timer delegate!
[2019.02.23-18.56.15:020][240]Candidate modules for hot reload:
[2019.02.23-18.56.15:020][240]  BuildingEscape
[2019.02.23-18.56.15:020][240]Launching UnrealBuildTool... [D:/applications/unreal engine/UE_4.21/Engine/Binaries/DotNET/UnrealBuildTool.exe  -ModuleWithSuffix=BuildingEscape,4872 Win64 Development -TargetType=Editor -Project="../../../../../../local code repos/unreal/unreal_udemy_course/03_building_escape/BuildingEscape/BuildingEscape.uproject" -canskiplink "D:/local code repos/unreal/unreal_udemy_course/03_building_escape/BuildingEscape/BuildingEscape.uproject" ]
[2019.02.23-18.56.15:028][240]Warning: Starting HotReload took  0.3s.
[2019.02.23-18.56.52:524][685]LogUnrealEdMisc: Warning: Heartbeat event firing too frequently (40.753 sec). This should never happen. Something is wrong with the timer delegate!
[2019.02.23-18.56.56:306][721]CompilerResultsLog: New page: Compilation - 23 Feb 2019 18:56:56
[2019.02.23-18.56.56:306][721]CompilerResultsLog: Using 'git status' to determine working set for adaptive non-unity build (D:\local code repos\unreal\unreal_udemy_course\03_building_escape).
[2019.02.23-18.56.56:306][721]CompilerResultsLog: Creating makefile for hot reloading BuildingEscapeEditor (no existing makefile)
[2019.02.23-18.56.56:306][721]CompilerResultsLog: Compiling game modules for hot reload
[2019.02.23-18.56.56:306][721]CompilerResultsLog: Using Visual Studio 2017 14.16.27023 toolchain (C:\Program Files (x86)\Microsoft Visual Studio\2017\Community\VC\Tools\MSVC\14.16.27023) and Windows 10.0.17763.0 SDK (C:\Program Files (x86)\Windows Kits\10).
[2019.02.23-18.56.56:306][721]CompilerResultsLog: Error: D:\local code repos\unreal\unreal_udemy_course\03_building_escape\BuildingEscape\Source\BuildingEscape\OpenDoor.cpp(1) : error: Expected OpenDoor.h to be first header included.
[2019.02.23-18.56.56:306][721]CompilerResultsLog: ERROR: Build canceled.
[2019.02.23-18.56.56:306][721]LogMainFrame: MainFrame: Module compiling took 41.293 seconds
[2019.02.23-18.56.56:306][721]Warning: HotReload failed, recompile failed
[2019.02.23-18.57.45:142][121]LogSlate: Window 'Message Log' being destroyed
[2019.02.23-18.57.45:148][121]LogSlate: Window 'Message Log' being destroyed
[2019.02.23-18.57.46:849][142]Candidate modules for hot reload:
[2019.02.23-18.57.46:849][142]  BuildingEscape
[2019.02.23-18.57.46:850][142]Launching UnrealBuildTool... [D:/applications/unreal engine/UE_4.21/Engine/Binaries/DotNET/UnrealBuildTool.exe  -ModuleWithSuffix=BuildingEscape,1953 Win64 Development -TargetType=Editor -Project="../../../../../../local code repos/unreal/unreal_udemy_course/03_building_escape/BuildingEscape/BuildingEscape.uproject" -canskiplink "D:/local code repos/unreal/unreal_udemy_course/03_building_escape/BuildingEscape/BuildingEscape.uproject" ]
[2019.02.23-18.57.46:863][142]Warning: Starting HotReload took  0.0s.
[2019.02.23-18.57.50:209][213]LogSavePackage: Moving '../../../../../../local code repos/unreal/unreal_udemy_course/03_building_escape/BuildingEscape/Saved/NewMap_Auto38FA1CB7C427642491D8B23A037DE898C.tmp' to '../../../../../../local code repos/unreal/unreal_udemy_course/03_building_escape/BuildingEscape/Saved/Autosaves/Game/NewMap_Auto3.umap'
[2019.02.23-18.57.50:356][213]LogFileHelpers: Editor autosave (incl. sublevels) for '/Game/NewMap' took 2.170
[2019.02.23-18.57.50:356][213]LogFileHelpers: Editor autosave (incl. sublevels) for all levels took 2.170
[2019.02.23-18.59.42:861][746]LogEditorViewport: Clicking on Actor (context menu): DefaultPawn_Blueprint_C (DefaultPawn_Blueprint)
[2019.02.23-18.59.43:123][746]LogSlate: FSceneViewport::OnFocusLost() reason 2
[2019.02.23-18.59.46:297][925]LogEditorViewport: Clicking on Actor (LMB): DefaultPawn_Blueprint_C (DefaultPawn_Blueprint)
[2019.02.23-18.59.54:093][977]LogEditorViewport: Clicking on Actor (context menu): DefaultPawn_Blueprint_C (DefaultPawn_Blueprint)
[2019.02.23-18.59.54:234][977]LogSlate: FSceneViewport::OnFocusLost() reason 2
[2019.02.23-19.00.15:164][120]LogAssetEditorManager: Opening Asset editor for Class /Script/Engine.FloatingPawnMovement
[2019.02.23-19.00.58:422][120]LogVSAccessor: Warning: Couldn't goto line number '1' in 'D:/applications/unreal engine/UE_4.21/Engine/Source/Runtime/Engine/Classes/GameFramework/FloatingPawnMovement.h'
[2019.02.23-19.01.23:236][193]CompilerResultsLog: New page: Compilation - 23 Feb 2019 19:01:23
[2019.02.23-19.01.23:236][193]CompilerResultsLog: Using 'git status' to determine working set for adaptive non-unity build (D:\local code repos\unreal\unreal_udemy_course\03_building_escape).
[2019.02.23-19.01.23:238][193]CompilerResultsLog: Creating makefile for hot reloading BuildingEscapeEditor (no existing makefile)
[2019.02.23-19.01.23:238][193]CompilerResultsLog: Compiling game modules for hot reload
[2019.02.23-19.01.23:239][193]CompilerResultsLog: Using Visual Studio 2017 14.16.27023 toolchain (C:\Program Files (x86)\Microsoft Visual Studio\2017\Community\VC\Tools\MSVC\14.16.27023) and Windows 10.0.17763.0 SDK (C:\Program Files (x86)\Windows Kits\10).
[2019.02.23-19.01.23:239][193]CompilerResultsLog: Building 14 actions with 8 processes...
[2019.02.23-19.01.23:239][193]CompilerResultsLog:   [1/14] PCLaunch.rc
[2019.02.23-19.01.23:239][193]CompilerResultsLog:   [2/14] SharedPCH.Engine.cpp
[2019.02.23-19.01.23:239][193]CompilerResultsLog:   [3/14] Grabber.cpp
[2019.02.23-19.01.23:239][193]CompilerResultsLog:   [4/14] BuildingEscapeGameModeBase.cpp
[2019.02.23-19.01.23:239][193]CompilerResultsLog:   [5/14] OpenDoor.cpp
[2019.02.23-19.01.23:239][193]CompilerResultsLog:   [6/14] BuildingEscape.init.gen.cpp
[2019.02.23-19.01.23:239][193]CompilerResultsLog:   [7/14] PositionReport.cpp
[2019.02.23-19.01.23:239][193]CompilerResultsLog:   [8/14] Grabber.gen.cpp
[2019.02.23-19.01.23:239][193]CompilerResultsLog:   [9/14] BuildingEscapeGameModeBase.gen.cpp
[2019.02.23-19.01.23:239][193]CompilerResultsLog:   [10/14] OpenDoor.gen.cpp
[2019.02.23-19.01.23:239][193]CompilerResultsLog:   [11/14] BuildingEscape.cpp
[2019.02.23-19.01.23:239][193]CompilerResultsLog:   [12/14] PositionReport.gen.cpp
[2019.02.23-19.01.23:239][193]CompilerResultsLog:   [13/14] UE4Editor-BuildingEscape-1953.lib
[2019.02.23-19.01.23:239][193]CompilerResultsLog:      Creating library D:\local code repos\unreal\unreal_udemy_course\03_building_escape\BuildingEscape\Intermediate\Build\Win64\UE4Editor\Development\BuildingEscape\UE4Editor-BuildingEscape-1953.lib and object D:\local code repos\unreal\unreal_udemy_course\03_building_escape\BuildingEscape\Intermediate\Build\Win64\UE4Editor\Development\BuildingEscape\UE4Editor-BuildingEscape-1953.exp
[2019.02.23-19.01.23:239][193]CompilerResultsLog:   [14/14] UE4Editor-BuildingEscape-1953.dll
[2019.02.23-19.01.23:239][193]CompilerResultsLog:      Creating library D:\local code repos\unreal\unreal_udemy_course\03_building_escape\BuildingEscape\Intermediate\Build\Win64\UE4Editor\Development\BuildingEscape\UE4Editor-BuildingEscape-1953.suppressed.lib and object D:\local code repos\unreal\unreal_udemy_course\03_building_escape\BuildingEscape\Intermediate\Build\Win64\UE4Editor\Development\BuildingEscape\UE4Editor-BuildingEscape-1953.suppressed.exp
[2019.02.23-19.01.23:239][193]CompilerResultsLog: Total build time: 215.17 seconds (Parallel executor: 200.51 seconds)
[2019.02.23-19.01.23:239][193]LogMainFrame: MainFrame: Module compiling took 216.396 seconds
[2019.02.23-19.01.23:865][193]LogClass: Could not find existing class Grabber in package /Script/BuildingEscape for HotReload, assuming new class
[2019.02.23-19.01.23:917][193]LogContentBrowser: Native class hierarchy updated for 'BuildingEscape' in 0.0013 seconds. Added 4 classes and 2 folders.
[2019.02.23-19.01.23:929][193]Display: HotReload successful (0 functions remapped  0 scriptstructs remapped)
[2019.02.23-19.01.25:216][193]LogContentBrowser: Native class hierarchy populated in 0.0336 seconds. Added 2656 classes and 624 folders.
[2019.02.23-19.01.25:325][193]Display: HotReload took 218.5s.
[2019.02.23-19.01.52:589][274]LogUnrealEdMisc: Warning: Heartbeat event firing too frequently (53.640 sec). This should never happen. Something is wrong with the timer delegate!
[2019.02.23-19.06.17:715][625]LogAssetEditorManager: Opening Asset editor for Blueprint /Game/DefaultPawn_Blueprint.DefaultPawn_Blueprint
[2019.02.23-19.06.48:992][344]BlueprintLog: New page: Compile DefaultPawn_Blueprint
[2019.02.23-19.06.54:979][433]LogSlate: Window 'DefaultPawn_Blueprint*' being destroyed
[2019.02.23-19.06.55:000][433]LogSlate: Window 'DefaultPawn_Blueprint*' being destroyed
[2019.02.23-19.07.04:871][581]LogEditorViewport: Clicking on Component (LMB): StaticMeshComponent (MeshComponent0)
[2019.02.23-19.07.10:221][683]LogSlate: FSceneViewport::OnFocusLost() reason 0
[2019.02.23-19.07.16:466][791]LogAssetEditorManager: Opening Asset editor for Blueprint /Game/DefaultPawn_Blueprint.DefaultPawn_Blueprint
[2019.02.23-19.07.23:656][889]BlueprintLog: New page: Compile DefaultPawn_Blueprint
[2019.02.23-19.07.26:732][900]LogSavePackage: Moving '../../../../../../local code repos/unreal/unreal_udemy_course/03_building_escape/BuildingEscape/Saved/DefaultPawn_BlueprintC8D3E54543E394ECFEA227BA1B27E0EF.tmp' to '../../../../../../local code repos/unreal/unreal_udemy_course/03_building_escape/BuildingEscape/Content/DefaultPawn_Blueprint.uasset'
[2019.02.23-19.07.28:877][934]LogSlate: Window 'DefaultPawn_Blueprint' being destroyed
[2019.02.23-19.07.28:892][934]LogSlate: Window 'DefaultPawn_Blueprint' being destroyed
[2019.02.23-19.07.34:063][ 34]Candidate modules for hot reload:
[2019.02.23-19.07.34:063][ 34]  BuildingEscape
[2019.02.23-19.07.34:063][ 34]Launching UnrealBuildTool... [D:/applications/unreal engine/UE_4.21/Engine/Binaries/DotNET/UnrealBuildTool.exe  -ModuleWithSuffix=BuildingEscape,4283 Win64 Development -TargetType=Editor -Project="../../../../../../local code repos/unreal/unreal_udemy_course/03_building_escape/BuildingEscape/BuildingEscape.uproject" -canskiplink "D:/local code repos/unreal/unreal_udemy_course/03_building_escape/BuildingEscape/BuildingEscape.uproject" ]
[2019.02.23-19.07.34:320][ 34]Warning: Starting HotReload took  0.3s.
[2019.02.23-19.07.50:299][243]LogSlate: FSceneViewport::OnFocusLost() reason 0
[2019.02.23-19.07.53:118][269]LogEditorViewport: Clicking on Actor (LMB): DefaultPawn_Blueprint_C (DefaultPawn_Blueprint)
[2019.02.23-19.07.54:959][285]LogEditorViewport: Clicking on Actor (LMB): DefaultPawn_Blueprint_C (DefaultPawn_Blueprint2)
[2019.02.23-19.07.55:984][294]Cmd: DELETE
[2019.02.23-19.07.55:985][294]Cmd: ACTOR DELETE
[2019.02.23-19.07.56:021][294]LogEditorActor: Deleted Actor: DefaultPawn_Blueprint_C
[2019.02.23-19.07.56:094][294]LogEditorActor: Deleted 1 Actors (0.109 secs)
[2019.02.23-19.07.56:204][296]CompilerResultsLog: New page: Compilation - 23 Feb 2019 19:07:56
[2019.02.23-19.07.56:204][296]CompilerResultsLog: Using 'git status' to determine working set for adaptive non-unity build (D:\local code repos\unreal\unreal_udemy_course\03_building_escape).
[2019.02.23-19.07.56:204][296]CompilerResultsLog: Compiling game modules for hot reload
[2019.02.23-19.07.56:205][296]CompilerResultsLog: Target is up to date
[2019.02.23-19.07.56:205][296]CompilerResultsLog: Total build time: 15.47 seconds (NoActionsToExecute executor: 0.00 seconds)
[2019.02.23-19.07.56:205][296]LogMainFrame: MainFrame: Module compiling took 22.150 seconds
[2019.02.23-19.07.56:969][296]LogContentBrowser: Native class hierarchy populated in 0.0254 seconds. Added 2656 classes and 624 folders.
[2019.02.23-19.07.56:969][296]Display: HotReload took 22.9s.
[2019.02.23-19.07.57:408][301]LogEditorViewport: Clicking on Actor (LMB): DefaultPawn_Blueprint_C (DefaultPawn_Blueprint)
[2019.02.23-19.09.06:875][523]LogSavePackage: Moving '../../../../../../local code repos/unreal/unreal_udemy_course/03_building_escape/BuildingEscape/Saved/NewMap_Auto4298F974543EDEE8EDD523B817E78FDBA.tmp' to '../../../../../../local code repos/unreal/unreal_udemy_course/03_building_escape/BuildingEscape/Saved/Autosaves/Game/NewMap_Auto4.umap'
[2019.02.23-19.09.06:891][523]LogFileHelpers: Editor autosave (incl. sublevels) for '/Game/NewMap' took 1.116
[2019.02.23-19.09.06:891][523]LogFileHelpers: Editor autosave (incl. sublevels) for all levels took 1.116
[2019.02.23-19.11.00:044][863]LogSlate: FSceneViewport::OnFocusLost() reason 0
[2019.02.23-19.12.35:286][452]LogAssetEditorManager: Opening Asset editor for Blueprint /Game/MyBuildingEscapeGameModeBase_BP.MyBuildingEscapeGameModeBase_BP
[2019.02.23-19.12.36:059][452]LogSlate: Window 'Add Blueprint Class' being destroyed
[2019.02.23-19.12.51:906][615]LogSlate: Window 'MyBuildingEscapeGameModeBase_BP*' being destroyed
[2019.02.23-19.12.52:038][615]LogSlate: Window 'MyBuildingEscapeGameModeBase_BP*' being destroyed
[2019.02.23-19.13.24:818][407]LogTemp: Executing iPhonePackager certificates Engine -bundlename com.YourCompany.BuildingEscape
[2019.02.23-19.13.24:832][407]LogTemp: CWD: D:\applications\unreal engine\UE_4.21\Engine\Binaries\DotNET\IOS
[2019.02.23-19.13.24:832][407]LogTemp: Initial Dir: D:\applications\unreal engine\UE_4.21
[2019.02.23-19.13.24:832][407]LogTemp: Env CWD: D:\applications\unreal engine\UE_4.21\Engine\Binaries\DotNET\IOS
[2019.02.23-19.13.24:832][407]LogSlate: Only BGRA pngs, bmps or icos are supported in by External Image Picker
[2019.02.23-19.13.25:124][408]LogTemp: BranchPath = DESKTOP-R8IGI29/D/applications/unreal engine/UE_4.21/Engine/Binaries --- GameBranchPath = DESKTOP-R8IGI29/D/applications/unreal engine/UE_4.21/Engine/Binaries
[2019.02.23-19.13.25:124][408]LogTemp: IPP ERROR: Could not find provision directory 'C:\Users\abruc\AppData\Local/Apple Computer/MobileDevice/Provisioning Profiles/'.
[2019.02.23-19.13.38:898][535]LogSlate: Prevented a slow task dialog from being summoned while a context menu was open
[2019.02.23-19.13.57:785][159]LogSlate: Window 'Project Settings' being destroyed
[2019.02.23-19.13.57:807][159]LogSlate: Window 'Project Settings' being destroyed
[2019.02.23-19.14.01:759][188]LogSavePackage: Moving '../../../../../../local code repos/unreal/unreal_udemy_course/03_building_escape/BuildingEscape/Saved/NewMap1AB01B3A484D3DAAA411D6B8D2DC028D.tmp' to '../../../../../../local code repos/unreal/unreal_udemy_course/03_building_escape/BuildingEscape/Content/NewMap.umap'
[2019.02.23-19.14.01:910][188]Cmd: OBJ SAVEPACKAGE PACKAGE="/Game/NewMap_BuiltData" FILE="../../../../../../local code repos/unreal/unreal_udemy_course/03_building_escape/BuildingEscape/Content/NewMap_BuiltData.uasset" SILENT=true
[2019.02.23-19.14.03:170][188]LogSavePackage: Moving '../../../../../../local code repos/unreal/unreal_udemy_course/03_building_escape/BuildingEscape/Saved/NewMap_BuiltData02C36298464D6B41CA48E59B57E24E43.tmp' to '../../../../../../local code repos/unreal/unreal_udemy_course/03_building_escape/BuildingEscape/Content/NewMap_BuiltData.uasset'
[2019.02.23-19.14.06:044][216]LogTemp: Repeating last play command: Selected Viewport
[2019.02.23-19.14.06:120][216]LogBlueprintUserMessages: Early PlayInEditor Detection: Level '/Game/NewMap.NewMap:PersistentLevel' has LevelScriptBlueprint '/Game/NewMap.NewMap:PersistentLevel.NewMap' with GeneratedClass '/Game/NewMap.NewMap_C' with ClassGeneratedBy '/Game/NewMap.NewMap:PersistentLevel.NewMap'
[2019.02.23-19.14.06:120][216]LogPlayLevel: PlayLevel: No blueprints needed recompiling
[2019.02.23-19.14.06:120][216]PIE: New page: PIE session: NewMap (23 Feb 2019 19:14:06)
[2019.02.23-19.14.06:121][216]LogPlayLevel: Creating play world package: /Game/UEDPIE_0_NewMap
[2019.02.23-19.14.06:225][216]LogPlayLevel: PIE: StaticDuplicateObject took: (0.103945s)
[2019.02.23-19.14.06:227][216]LogAIModule: Creating AISystem for world NewMap
[2019.02.23-19.14.06:227][216]LogPlayLevel: PIE: World Init took: (0.002474s)
[2019.02.23-19.14.06:228][216]LogPlayLevel: PIE: Created PIE world by copying editor world from /Game/NewMap.NewMap to /Game/UEDPIE_0_NewMap.NewMap (0.106997s)
[2019.02.23-19.14.06:369][216]LogInit: XAudio2 using 'Digital Output ()' : 2 channels at 48 kHz using 16 bits per sample (channel mask 0x3)
[2019.02.23-19.14.06:385][216]LogInit: FAudioDevice initialized.
[2019.02.23-19.14.06:443][216]LogLoad: Game class is 'MyBuildingEscapeGameModeBase_BP_C'
[2019.02.23-19.14.06:452][216]LogWorld: Bringing World /Game/UEDPIE_0_NewMap.NewMap up for play (max tick rate 60) at 2019.02.23-19.14.06
[2019.02.23-19.14.06:667][216]LogWorld: Bringing up level for play took: 0.221767
[2019.02.23-19.14.06:684][216]LogTemp: Warning: SM_Chair_2 is at X=7.570 Y=-139.871 Z=20.063
[2019.02.23-19.14.06:685][216]LogTemp: Warning: SM_TableRound_6 is at X=110.000 Y=-140.000 Z=20.000
[2019.02.23-19.14.06:686][216]LogTemp: Warning: SM_Chair2_10 is at X=150.000 Y=-230.000 Z=20.000
[2019.02.23-19.14.06:687][216]PIE: Play in editor start time for /Game/UEDPIE_0_NewMap -0.405
[2019.02.23-19.14.06:687][216]LogBlueprintUserMessages: Late PlayInEditor Detection: Level '/Game/NewMap.NewMap:PersistentLevel' has LevelScriptBlueprint '/Game/NewMap.NewMap:PersistentLevel.NewMap' with GeneratedClass '/Game/NewMap.NewMap_C' with ClassGeneratedBy '/Game/NewMap.NewMap:PersistentLevel.NewMap'
[2019.02.23-19.14.11:043][261]LogBlueprintUserMessages: Early EndPlayMap Detection: Level '/Game/NewMap.NewMap:PersistentLevel' has LevelScriptBlueprint '/Game/NewMap.NewMap:PersistentLevel.NewMap' with GeneratedClass '/Game/NewMap.NewMap_C' with ClassGeneratedBy '/Game/NewMap.NewMap:PersistentLevel.NewMap'
[2019.02.23-19.14.11:044][261]LogSlate: Updating window title bar state: overlay mode, drag disabled, window buttons hidden, title bar hidden
[2019.02.23-19.14.11:361][261]LogPlayLevel: Display: Shutting down PIE online subsystems
[2019.02.23-19.14.11:362][261]LogBlueprintUserMessages: Late EndPlayMap Detection: Level '/Game/NewMap.NewMap:PersistentLevel' has LevelScriptBlueprint '/Game/NewMap.NewMap:PersistentLevel.NewMap' with GeneratedClass '/Game/NewMap.NewMap_C' with ClassGeneratedBy '/Game/NewMap.NewMap:PersistentLevel.NewMap'
[2019.02.23-19.14.11:420][261]LogSlate: Updating window title bar state: overlay mode, drag disabled, window buttons hidden, title bar hidden
[2019.02.23-19.14.11:527][262]LogPlayLevel: Display: Destroying online subsystem :Context_14
[2019.02.23-19.14.12:669][273]LogSlate: FSceneViewport::OnFocusLost() reason 0
[2019.02.23-19.14.12:780][274]LogTemp: Repeating last play command: Selected Viewport
[2019.02.23-19.14.12:823][274]LogBlueprintUserMessages: Early PlayInEditor Detection: Level '/Game/NewMap.NewMap:PersistentLevel' has LevelScriptBlueprint '/Game/NewMap.NewMap:PersistentLevel.NewMap' with GeneratedClass '/Game/NewMap.NewMap_C' with ClassGeneratedBy '/Game/NewMap.NewMap:PersistentLevel.NewMap'
[2019.02.23-19.14.12:824][274]LogPlayLevel: PlayLevel: No blueprints needed recompiling
[2019.02.23-19.14.12:824][274]PIE: New page: PIE session: NewMap (23 Feb 2019 19:14:12)
[2019.02.23-19.14.12:824][274]LogPlayLevel: Creating play world package: /Game/UEDPIE_0_NewMap
[2019.02.23-19.14.12:902][274]LogPlayLevel: PIE: StaticDuplicateObject took: (0.078140s)
[2019.02.23-19.14.12:904][274]LogAIModule: Creating AISystem for world NewMap
[2019.02.23-19.14.12:905][274]LogPlayLevel: PIE: World Init took: (0.002512s)
[2019.02.23-19.14.12:905][274]LogPlayLevel: PIE: Created PIE world by copying editor world from /Game/NewMap.NewMap to /Game/UEDPIE_0_NewMap.NewMap (0.081026s)
[2019.02.23-19.14.13:027][274]LogInit: XAudio2 using 'Digital Output ()' : 2 channels at 48 kHz using 16 bits per sample (channel mask 0x3)
[2019.02.23-19.14.13:041][274]LogInit: FAudioDevice initialized.
[2019.02.23-19.14.13:089][274]LogLoad: Game class is 'MyBuildingEscapeGameModeBase_BP_C'
[2019.02.23-19.14.13:098][274]LogWorld: Bringing World /Game/UEDPIE_0_NewMap.NewMap up for play (max tick rate 60) at 2019.02.23-19.14.13
[2019.02.23-19.14.13:100][274]LogWorld: Bringing up level for play took: 0.008078
[2019.02.23-19.14.13:116][274]LogTemp: Warning: SM_Chair_2 is at X=7.570 Y=-139.871 Z=20.063
[2019.02.23-19.14.13:116][274]LogTemp: Warning: SM_TableRound_6 is at X=110.000 Y=-140.000 Z=20.000
[2019.02.23-19.14.13:116][274]LogTemp: Warning: SM_Chair2_10 is at X=150.000 Y=-230.000 Z=20.000
[2019.02.23-19.14.13:117][274]PIE: Play in editor start time for /Game/UEDPIE_0_NewMap 0.025
[2019.02.23-19.14.13:118][274]LogBlueprintUserMessages: Late PlayInEditor Detection: Level '/Game/NewMap.NewMap:PersistentLevel' has LevelScriptBlueprint '/Game/NewMap.NewMap:PersistentLevel.NewMap' with GeneratedClass '/Game/NewMap.NewMap_C' with ClassGeneratedBy '/Game/NewMap.NewMap:PersistentLevel.NewMap'
[2019.02.23-19.14.21:509][357]LogEditorViewport: Clicking on Actor (LMB): DefaultPawn_Blueprint_C (DefaultPawn_Blueprint)
[2019.02.23-19.14.23:639][377]LogSlate: FSceneViewport::OnFocusLost() reason 0
[2019.02.23-19.14.23:838][379]LogBlueprintUserMessages: Early EndPlayMap Detection: Level '/Game/NewMap.NewMap:PersistentLevel' has LevelScriptBlueprint '/Game/NewMap.NewMap:PersistentLevel.NewMap' with GeneratedClass '/Game/NewMap.NewMap_C' with ClassGeneratedBy '/Game/NewMap.NewMap:PersistentLevel.NewMap'
[2019.02.23-19.14.23:840][379]LogSlate: Updating window title bar state: overlay mode, drag disabled, window buttons hidden, title bar hidden
[2019.02.23-19.14.23:897][379]LogPlayLevel: Display: Shutting down PIE online subsystems
[2019.02.23-19.14.23:898][379]LogBlueprintUserMessages: Late EndPlayMap Detection: Level '/Game/NewMap.NewMap:PersistentLevel' has LevelScriptBlueprint '/Game/NewMap.NewMap:PersistentLevel.NewMap' with GeneratedClass '/Game/NewMap.NewMap_C' with ClassGeneratedBy '/Game/NewMap.NewMap:PersistentLevel.NewMap'
[2019.02.23-19.14.23:955][379]LogSlate: Updating window title bar state: overlay mode, drag disabled, window buttons hidden, title bar hidden
[2019.02.23-19.14.23:983][380]LogPlayLevel: Display: Destroying online subsystem :Context_15
[2019.02.23-19.15.03:146][521]LogAssetEditorManager: Opening Asset editor for Blueprint /Game/MyBuildingEscapeGameModeBase_BP.MyBuildingEscapeGameModeBase_BP
[2019.02.23-19.15.03:674][521]LogTabManager: Warning: Cannot spawn tab because no spawner is registered for 'CompilerResults'
[2019.02.23-19.15.06:995][574]LogSlate: Window 'CompilerResults' being destroyed
[2019.02.23-19.15.07:020][574]LogSlate: Window 'CompilerResults' being destroyed
[2019.02.23-19.15.20:576][713]LogSlate: Window 'MyBuildingEscapeGameModeBase_BP*' being destroyed
[2019.02.23-19.15.20:592][713]LogSlate: Window 'MyBuildingEscapeGameModeBase_BP*' being destroyed
[2019.02.23-19.15.24:132][879]LogAssetEditorManager: Opening Asset editor for Blueprint /Game/MyBuildingEscapeGameModeBase_BP.MyBuildingEscapeGameModeBase_BP
[2019.02.23-19.15.24:675][879]LogTabManager: Warning: Cannot spawn tab because no spawner is registered for 'CompilerResults'
[2019.02.23-19.15.27:932][937]LogSlate: Window 'CompilerResults' being destroyed
[2019.02.23-19.15.27:947][937]LogSlate: Window 'CompilerResults' being destroyed
[2019.02.23-19.15.29:264][964]LogSlate: Window 'MyBuildingEscapeGameModeBase_BP*' being destroyed
[2019.02.23-19.15.29:413][964]LogAssetEditorManager: Opening Asset editor for Blueprint /Game/MyBuildingEscapeGameModeBase_BP.MyBuildingEscapeGameModeBase_BP
[2019.02.23-19.15.32:495][  9]LogSlate: Prevented a slow task dialog from being summoned while a context menu was open
[2019.02.23-19.15.36:861][193]LogSlate: Window 'MyBuildingEscapeGameModeBase_BP*' being destroyed
[2019.02.23-19.15.36:880][193]LogSlate: Window 'MyBuildingEscapeGameModeBase_BP*' being destroyed
[2019.02.23-19.15.45:919][326]LogSlate: Only BGRA pngs, bmps or icos are supported in by External Image Picker
[2019.02.23-19.15.46:052][328]LogTemp: Executing iPhonePackager certificates Engine -bundlename com.YourCompany.BuildingEscape
[2019.02.23-19.15.46:052][328]LogTemp: CWD: D:\applications\unreal engine\UE_4.21\Engine\Binaries\DotNET\IOS
[2019.02.23-19.15.46:052][328]LogTemp: Initial Dir: D:\applications\unreal engine\UE_4.21
[2019.02.23-19.15.46:052][328]LogTemp: Env CWD: D:\applications\unreal engine\UE_4.21\Engine\Binaries\DotNET\IOS
[2019.02.23-19.15.46:052][328]LogTemp: BranchPath = DESKTOP-R8IGI29/D/applications/unreal engine/UE_4.21/Engine/Binaries --- GameBranchPath = DESKTOP-R8IGI29/D/applications/unreal engine/UE_4.21/Engine/Binaries
[2019.02.23-19.15.46:070][328]LogTemp: IPP ERROR: Could not find provision directory 'C:\Users\abruc\AppData\Local/Apple Computer/MobileDevice/Provisioning Profiles/'.
[2019.02.23-19.16.02:139][590]LogSlate: Window 'Project Settings' being destroyed
[2019.02.23-19.16.02:159][590]LogSlate: Window 'Project Settings' being destroyed
[2019.02.23-19.16.03:362][612]LogEditorViewport: Clicking on Actor (LMB): DefaultPawn_Blueprint_C (DefaultPawn_Blueprint)
[2019.02.23-19.16.04:015][623]Cmd: DELETE
[2019.02.23-19.16.04:019][623]Cmd: ACTOR DELETE
[2019.02.23-19.16.04:059][623]LogEditorActor: Deleted Actor: DefaultPawn_Blueprint_C
[2019.02.23-19.16.04:130][623]LogEditorActor: Deleted 1 Actors (0.110 secs)
[2019.02.23-19.16.05:807][656]LogSlate: FSceneViewport::OnFocusLost() reason 0
[2019.02.23-19.16.05:878][658]LogTemp: Repeating last play command: Selected Viewport
[2019.02.23-19.16.05:952][658]LogBlueprintUserMessages: Early PlayInEditor Detection: Level '/Game/NewMap.NewMap:PersistentLevel' has LevelScriptBlueprint '/Game/NewMap.NewMap:PersistentLevel.NewMap' with GeneratedClass '/Game/NewMap.NewMap_C' with ClassGeneratedBy '/Game/NewMap.NewMap:PersistentLevel.NewMap'
[2019.02.23-19.16.05:953][658]LogPlayLevel: PlayLevel: No blueprints needed recompiling
[2019.02.23-19.16.05:953][658]PIE: New page: PIE session: NewMap (23 Feb 2019 19:16:05)
[2019.02.23-19.16.05:954][658]LogPlayLevel: Creating play world package: /Game/UEDPIE_0_NewMap
[2019.02.23-19.16.06:027][658]LogPlayLevel: PIE: StaticDuplicateObject took: (0.073018s)
[2019.02.23-19.16.06:028][658]LogAIModule: Creating AISystem for world NewMap
[2019.02.23-19.16.06:029][658]LogPlayLevel: PIE: World Init took: (0.001677s)
[2019.02.23-19.16.06:029][658]LogPlayLevel: PIE: Created PIE world by copying editor world from /Game/NewMap.NewMap to /Game/UEDPIE_0_NewMap.NewMap (0.075080s)
[2019.02.23-19.16.06:131][658]LogInit: XAudio2 using 'Digital Output ()' : 2 channels at 48 kHz using 16 bits per sample (channel mask 0x3)
[2019.02.23-19.16.06:148][658]LogInit: FAudioDevice initialized.
[2019.02.23-19.16.06:196][658]LogLoad: Game class is 'MyBuildingEscapeGameModeBase_BP_C'
[2019.02.23-19.16.06:201][658]LogWorld: Bringing World /Game/UEDPIE_0_NewMap.NewMap up for play (max tick rate 60) at 2019.02.23-19.16.06
[2019.02.23-19.16.06:202][658]LogWorld: Bringing up level for play took: 0.004476
[2019.02.23-19.16.06:221][658]LogTemp: Warning: SM_Chair_2 is at X=7.570 Y=-139.871 Z=20.063
[2019.02.23-19.16.06:221][658]LogTemp: Warning: SM_TableRound_6 is at X=110.000 Y=-140.000 Z=20.000
[2019.02.23-19.16.06:221][658]LogTemp: Warning: SM_Chair2_10 is at X=150.000 Y=-230.000 Z=20.000
[2019.02.23-19.16.06:222][658]PIE: Play in editor start time for /Game/UEDPIE_0_NewMap 1.13
[2019.02.23-19.16.06:222][658]LogBlueprintUserMessages: Late PlayInEditor Detection: Level '/Game/NewMap.NewMap:PersistentLevel' has LevelScriptBlueprint '/Game/NewMap.NewMap:PersistentLevel.NewMap' with GeneratedClass '/Game/NewMap.NewMap_C' with ClassGeneratedBy '/Game/NewMap.NewMap:PersistentLevel.NewMap'
[2019.02.23-19.16.10:987][742]LogEditorViewport: Clicking on Actor (LMB): DefaultPawn_Blueprint_C (DefaultPawn_Blueprint)
[2019.02.23-19.16.12:334][765]LogSlate: FSceneViewport::OnFocusLost() reason 0
[2019.02.23-19.16.14:442][799]LogBlueprintUserMessages: Early EndPlayMap Detection: Level '/Game/NewMap.NewMap:PersistentLevel' has LevelScriptBlueprint '/Game/NewMap.NewMap:PersistentLevel.NewMap' with GeneratedClass '/Game/NewMap.NewMap_C' with ClassGeneratedBy '/Game/NewMap.NewMap:PersistentLevel.NewMap'
[2019.02.23-19.16.14:444][799]LogSlate: Updating window title bar state: overlay mode, drag disabled, window buttons hidden, title bar hidden
[2019.02.23-19.16.14:504][799]LogPlayLevel: Display: Shutting down PIE online subsystems
[2019.02.23-19.16.14:504][799]LogBlueprintUserMessages: Late EndPlayMap Detection: Level '/Game/NewMap.NewMap:PersistentLevel' has LevelScriptBlueprint '/Game/NewMap.NewMap:PersistentLevel.NewMap' with GeneratedClass '/Game/NewMap.NewMap_C' with ClassGeneratedBy '/Game/NewMap.NewMap:PersistentLevel.NewMap'
[2019.02.23-19.16.14:571][799]LogSlate: Updating window title bar state: overlay mode, drag disabled, window buttons hidden, title bar hidden
[2019.02.23-19.16.14:657][800]LogPlayLevel: Display: Destroying online subsystem :Context_19
[2019.02.23-19.18.47:607][279]LogSavePackage: Moving '../../../../../../local code repos/unreal/unreal_udemy_course/03_building_escape/BuildingEscape/Saved/NewMap2EEA1CFB42B070B32656F684CD7ABF97.tmp' to '../../../../../../local code repos/unreal/unreal_udemy_course/03_building_escape/BuildingEscape/Content/NewMap.umap'
[2019.02.23-19.18.47:667][279]Cmd: OBJ SAVEPACKAGE PACKAGE="/Game/NewMap_BuiltData" FILE="../../../../../../local code repos/unreal/unreal_udemy_course/03_building_escape/BuildingEscape/Content/NewMap_BuiltData.uasset" SILENT=true
[2019.02.23-19.18.48:031][279]LogSavePackage: Moving '../../../../../../local code repos/unreal/unreal_udemy_course/03_building_escape/BuildingEscape/Saved/NewMap_BuiltData3FB778CB49A4F7C7429EFA995EB51090.tmp' to '../../../../../../local code repos/unreal/unreal_udemy_course/03_building_escape/BuildingEscape/Content/NewMap_BuiltData.uasset'
